This file contains any messages produced by compilers while
running configure, to aid debugging if configure makes a mistake.

It was created by Kerberos 5 configure 1.7.1, which was
generated by GNU Autoconf 2.59.  Invocation command line was

  $ ./configure --prefix=/home/roy/DNS-345_GPL/packages/krb5-1.7.1/src/_install --build=i386-linux --host=arm-mv5sft-linux-gnueabi --prefix=/home/roy/DNS-345_GPL/packages/krb5-1.7.1/src/_install CFLAGS=-DUSE_LINKER_FINI_OPTION --cache-file=linux-cache CC=arm-mv5sft-linux-gnueabi-gcc CXX=arm-mv5sft-linux-gnueabi-g++ LD=arm-mv5sft-linux-gnueabi-ld build_alias=i386-linux host_alias=arm-mv5sft-linux-gnueabi --cache-file=../../linux-cache --srcdir=.

## --------- ##
## Platform. ##
## --------- ##

hostname = fedora-14
uname -m = i686
uname -r = 2.6.35.6-45.fc14.i686
uname -s = Linux
uname -v = #1 SMP Mon Oct 18 23:56:17 UTC 2010

/usr/bin/uname -p = unknown
/bin/uname -X     = unknown

/bin/arch              = i686
/usr/bin/arch -k       = unknown
/usr/convex/getsysinfo = unknown
hostinfo               = unknown
/bin/machine           = unknown
/usr/bin/oslevel       = unknown
/bin/universe          = unknown

PATH: /opt_gccarm/arm-mv5sft-linux-gnueabi/bin
PATH: /usr/lib/qt-3.3/bin
PATH: /usr/lib/ccache
PATH: /usr/local/bin
PATH: /bin
PATH: /usr/bin
PATH: /usr/local/sbin
PATH: /usr/sbin
PATH: /sbin
PATH: /home/roy/bin


## ----------- ##
## Core tests. ##
## ----------- ##

configure:1281: loading cache ../../linux-cache
configure:1436: checking for arm-mv5sft-linux-gnueabi-gcc
configure:1462: result: arm-mv5sft-linux-gnueabi-gcc
configure:1744: checking for C compiler version
configure:1747: arm-mv5sft-linux-gnueabi-gcc --version </dev/null >&5
arm-mv5sft-linux-gnueabi-gcc (sdk3.2rc1-ct-ng-1.4.1) 4.3.2
Copyright (C) 2008 Free Software Foundation, Inc.
This is free software; see the source for copying conditions.  There is NO
warranty; not even for MERCHANTABILITY or FITNESS FOR A PARTICULAR PURPOSE.

configure:1750: $? = 0
configure:1752: arm-mv5sft-linux-gnueabi-gcc -v </dev/null >&5
Using built-in specs.
Target: arm-mv5sft-linux-gnueabi
Configured with: /home/seugene/sdk/targets/src/gcc-4.3.2/configure --build=i486-build_pc-linux-gnu --host=i486-build_pc-linux-gnu --target=arm-mv5sft-linux-gnueabi --prefix=/home/seugene/sdk/targets/arm-mv5sft-linux-gnueabi/cross --with-sysroot=/home/seugene/sdk/targets/arm-mv5sft-linux-gnueabi/cross/arm-mv5sft-linux-gnueabi//sys-root --enable-languages=c,c++,fortran,java --disable-multilib --with-arch=armv5te --with-float=soft --with-gmp=/home/seugene/sdk/targets/arm-mv5sft-linux-gnueabi/cross --with-mpfr=/home/seugene/sdk/targets/arm-mv5sft-linux-gnueabi/cross --with-pkgversion=sdk3.2rc1-ct-ng-1.4.1 --disable-sjlj-exceptions --enable-__cxa_atexit --with-local-prefix=/home/seugene/sdk/targets/arm-mv5sft-linux-gnueabi/cross/arm-mv5sft-linux-gnueabi//sys-root --disable-nls --enable-threads=posix --enable-symvers=gnu --enable-c99 --enable-long-long --enable-target-optspace
Thread model: posix
gcc version 4.3.2 (sdk3.2rc1-ct-ng-1.4.1) 
configure:1755: $? = 0
configure:1757: arm-mv5sft-linux-gnueabi-gcc -V </dev/null >&5
arm-mv5sft-linux-gnueabi-gcc: '-V' option must have argument
configure:1760: $? = 1
configure:1783: checking for C compiler default output file name
configure:1786: arm-mv5sft-linux-gnueabi-gcc -DUSE_LINKER_FINI_OPTION   conftest.c  >&5
configure:1789: $? = 0
configure:1835: result: a.out
configure:1840: checking whether the C compiler works
configure:1866: result: yes
configure:1873: checking whether we are cross compiling
configure:1875: result: yes
configure:1878: checking for suffix of executables
configure:1880: arm-mv5sft-linux-gnueabi-gcc -o conftest -DUSE_LINKER_FINI_OPTION   conftest.c  >&5
configure:1883: $? = 0
configure:1908: result: 
configure:1914: checking for suffix of object files
configure:1960: result: o
configure:1964: checking whether we are using the GNU C compiler
configure:2020: result: yes
configure:2026: checking whether arm-mv5sft-linux-gnueabi-gcc accepts -g
configure:2077: result: yes
configure:2094: checking for arm-mv5sft-linux-gnueabi-gcc option to accept ANSI C
configure:2201: result: none needed
configure:2219: arm-mv5sft-linux-gnueabi-gcc -c -DUSE_LINKER_FINI_OPTION  conftest.c >&5
conftest.c:2: error: expected '=', ',', ';', 'asm' or '__attribute__' before 'me'
configure:2225: $? = 1
configure: failed program was:
| #ifndef __cplusplus
|   choke me
| #endif
configure:2368: checking for arm-mv5sft-linux-gnueabi-g++
configure:2394: result: arm-mv5sft-linux-gnueabi-g++
configure:2452: checking for C++ compiler version
configure:2455: arm-mv5sft-linux-gnueabi-g++ --version </dev/null >&5
arm-mv5sft-linux-gnueabi-g++ (sdk3.2rc1-ct-ng-1.4.1) 4.3.2
Copyright (C) 2008 Free Software Foundation, Inc.
This is free software; see the source for copying conditions.  There is NO
warranty; not even for MERCHANTABILITY or FITNESS FOR A PARTICULAR PURPOSE.

configure:2458: $? = 0
configure:2460: arm-mv5sft-linux-gnueabi-g++ -v </dev/null >&5
Using built-in specs.
Target: arm-mv5sft-linux-gnueabi
Configured with: /home/seugene/sdk/targets/src/gcc-4.3.2/configure --build=i486-build_pc-linux-gnu --host=i486-build_pc-linux-gnu --target=arm-mv5sft-linux-gnueabi --prefix=/home/seugene/sdk/targets/arm-mv5sft-linux-gnueabi/cross --with-sysroot=/home/seugene/sdk/targets/arm-mv5sft-linux-gnueabi/cross/arm-mv5sft-linux-gnueabi//sys-root --enable-languages=c,c++,fortran,java --disable-multilib --with-arch=armv5te --with-float=soft --with-gmp=/home/seugene/sdk/targets/arm-mv5sft-linux-gnueabi/cross --with-mpfr=/home/seugene/sdk/targets/arm-mv5sft-linux-gnueabi/cross --with-pkgversion=sdk3.2rc1-ct-ng-1.4.1 --disable-sjlj-exceptions --enable-__cxa_atexit --with-local-prefix=/home/seugene/sdk/targets/arm-mv5sft-linux-gnueabi/cross/arm-mv5sft-linux-gnueabi//sys-root --disable-nls --enable-threads=posix --enable-symvers=gnu --enable-c99 --enable-long-long --enable-target-optspace
Thread model: posix
gcc version 4.3.2 (sdk3.2rc1-ct-ng-1.4.1) 
configure:2463: $? = 0
configure:2465: arm-mv5sft-linux-gnueabi-g++ -V </dev/null >&5
arm-mv5sft-linux-gnueabi-g++: '-V' option must have argument
configure:2468: $? = 1
configure:2471: checking whether we are using the GNU C++ compiler
configure:2527: result: yes
configure:2533: checking whether arm-mv5sft-linux-gnueabi-g++ accepts -g
configure:2584: result: yes
configure:2626: arm-mv5sft-linux-gnueabi-g++ -c -g -O2  conftest.cc >&5
configure:2632: $? = 0
configure:2636: test -z 
			 || test ! -s conftest.err
configure:2639: $? = 0
configure:2642: test -s conftest.o
configure:2645: $? = 0
configure:2671: arm-mv5sft-linux-gnueabi-g++ -c -g -O2  conftest.cc >&5
conftest.cc: In function 'int main()':
conftest.cc:13: error: 'exit' was not declared in this scope
configure:2677: $? = 1
configure: failed program was:
| /* confdefs.h.  */
| 
| #define PACKAGE_NAME "Kerberos 5"
| #define PACKAGE_TARNAME "krb5"
| #define PACKAGE_VERSION "1.7.1"
| #define PACKAGE_STRING "Kerberos 5 1.7.1"
| #define PACKAGE_BUGREPORT "krb5-bugs@mit.edu"
| /* end confdefs.h.  */
| 
| int
| main ()
| {
| exit (42);
|   ;
|   return 0;
| }
configure:2626: arm-mv5sft-linux-gnueabi-g++ -c -g -O2  conftest.cc >&5
conftest.cc:9: error: 'void std::exit(int)' should have been declared inside 'std'
configure:2632: $? = 1
configure: failed program was:
| /* confdefs.h.  */
| 
| #define PACKAGE_NAME "Kerberos 5"
| #define PACKAGE_TARNAME "krb5"
| #define PACKAGE_VERSION "1.7.1"
| #define PACKAGE_STRING "Kerberos 5 1.7.1"
| #define PACKAGE_BUGREPORT "krb5-bugs@mit.edu"
| /* end confdefs.h.  */
| extern "C" void std::exit (int) throw (); using std::exit;
| #include <stdlib.h>
| int
| main ()
| {
| exit (42);
|   ;
|   return 0;
| }
configure:2626: arm-mv5sft-linux-gnueabi-g++ -c -g -O2  conftest.cc >&5
conftest.cc:9: error: 'void std::exit(int)' should have been declared inside 'std'
In file included from conftest.cc:10:
/opt_gccarm/arm-mv5sft-linux-gnueabi/bin/../arm-mv5sft-linux-gnueabi//sys-root/usr/include/stdlib.h:531: error: declaration of 'void std::exit(int) throw ()' throws different exceptions
conftest.cc:9: error: from previous declaration 'void std::exit(int)'
configure:2632: $? = 1
configure: failed program was:
| /* confdefs.h.  */
| 
| #define PACKAGE_NAME "Kerberos 5"
| #define PACKAGE_TARNAME "krb5"
| #define PACKAGE_VERSION "1.7.1"
| #define PACKAGE_STRING "Kerberos 5 1.7.1"
| #define PACKAGE_BUGREPORT "krb5-bugs@mit.edu"
| /* end confdefs.h.  */
| extern "C" void std::exit (int); using std::exit;
| #include <stdlib.h>
| int
| main ()
| {
| exit (42);
|   ;
|   return 0;
| }
configure:2626: arm-mv5sft-linux-gnueabi-g++ -c -g -O2  conftest.cc >&5
configure:2632: $? = 0
configure:2636: test -z 
			 || test ! -s conftest.err
configure:2639: $? = 0
configure:2642: test -s conftest.o
configure:2645: $? = 0
configure:2671: arm-mv5sft-linux-gnueabi-g++ -c -g -O2  conftest.cc >&5
configure:2677: $? = 0
configure:2681: test -z 
			 || test ! -s conftest.err
configure:2684: $? = 0
configure:2687: test -s conftest.o
configure:2690: $? = 0
configure:2719: checking how to run the C preprocessor
configure:2837: result: arm-mv5sft-linux-gnueabi-gcc -E
configure:2861: arm-mv5sft-linux-gnueabi-gcc -E  conftest.c
configure:2867: $? = 0
configure:2899: arm-mv5sft-linux-gnueabi-gcc -E  conftest.c
conftest.c:12:28: error: ac_nonexistent.h: No such file or directory
configure:2905: $? = 1
configure: failed program was:
| /* confdefs.h.  */
| 
| #define PACKAGE_NAME "Kerberos 5"
| #define PACKAGE_TARNAME "krb5"
| #define PACKAGE_VERSION "1.7.1"
| #define PACKAGE_STRING "Kerberos 5 1.7.1"
| #define PACKAGE_BUGREPORT "krb5-bugs@mit.edu"
| #ifdef __cplusplus
| extern "C" void exit (int) throw ();
| #endif
| /* end confdefs.h.  */
| #include <ac_nonexistent.h>
configure:2955: checking build system type
configure:2973: result: i386-pc-linux-gnu
configure:2981: checking host system type
configure:2995: result: arm-mv5sft-linux-gnueabi
configure:3003: checking for egrep
configure:3013: result: grep -E
configure:3018: checking for ANSI C header files
configure:3174: result: yes
configure:3198: checking for sys/types.h
configure:3244: result: yes
configure:3198: checking for sys/stat.h
configure:3244: result: yes
configure:3198: checking for stdlib.h
configure:3244: result: yes
configure:3198: checking for string.h
configure:3244: result: yes
configure:3198: checking for memory.h
configure:3244: result: yes
configure:3198: checking for strings.h
configure:3244: result: yes
configure:3198: checking for inttypes.h
configure:3244: result: yes
configure:3198: checking for stdint.h
configure:3244: result: yes
configure:3198: checking for unistd.h
configure:3244: result: yes
configure:3263: checking for GNU linker
configure:3280: result: yes
configure:3315: adding extra warning flags for gcc
configure:3322: skipping pedantic warnings on Linux
configure:3332: adding extra warning flags for g++
configure:3339: checking if C compiler supports -Wno-format-zero-length
configure:3440: result: yes
configure:3451: checking if C compiler supports -Woverflow
configure:3552: result: yes
configure:3451: checking if C compiler supports -Wstrict-overflow
configure:3552: result: yes
configure:3451: checking if C compiler supports -Wmissing-format-attribute
configure:3552: result: yes
configure:3451: checking if C compiler supports -Wmissing-prototypes
configure:3552: result: yes
configure:3451: checking if C compiler supports -Wreturn-type
configure:3552: result: yes
configure:3451: checking if C compiler supports -Wmissing-braces
configure:3552: result: yes
configure:3451: checking if C compiler supports -Wparentheses
configure:3552: result: yes
configure:3451: checking if C compiler supports -Wswitch
configure:3552: result: yes
configure:3451: checking if C compiler supports -Wunused-function
configure:3552: result: yes
configure:3451: checking if C compiler supports -Wunused-label
configure:3552: result: yes
configure:3451: checking if C compiler supports -Wunused-variable
configure:3552: result: yes
configure:3451: checking if C compiler supports -Wunused-value
configure:3552: result: yes
configure:3451: checking if C compiler supports -Wunknown-pragmas
configure:3552: result: yes
configure:3451: checking if C compiler supports -Wsign-compare
configure:3552: result: yes
configure:3451: checking if C compiler supports -Wnewline-eof
configure:3552: result: no
configure:3575: checking if C compiler supports -Werror=declaration-after-statement
configure:3676: result: yes
configure:3575: checking if C compiler supports -Werror=variadic-macros
configure:3676: result: yes
configure:3869: checking which version of com_err to use
configure:3877: result: krb5
configure:4154: checking which version of subsystem package to use
configure:4221: result: krb5
configure:4271: checking for an ANSI C-conforming const
configure:4368: result: yes
configure:4395: checking for gethostbyname
configure:4483: result: yes
configure:4788: checking for socket
configure:4876: result: yes
configure:5061: checking for main in -lresolv
configure:5117: result: yes
configure:5143: checking for res_ninit
configure:5201: result: yes
configure:5143: checking for res_nclose
configure:5201: result: yes
configure:5143: checking for res_ndestroy
configure:5201: result: no
configure:5143: checking for res_nsearch
configure:5201: result: yes
configure:5143: checking for ns_initparse
configure:5201: result: no
configure:5143: checking for ns_name_uncompress
configure:5201: result: no
configure:5143: checking for dn_skipname
configure:5201: result: yes
configure:5143: checking for res_search
configure:5201: result: yes
configure:5454: checking whether pragma weak references are supported
configure:5507: result: yes
configure:5591: checking for constructor/destructor attribute support
configure:5666: result: yes
configure:5715: enabling thread support
configure:5916: checking for the pthreads library -lpthreads
configure:5954: arm-mv5sft-linux-gnueabi-gcc -o conftest -DUSE_LINKER_FINI_OPTION    conftest.c -lpthreads -lresolv  >&5
/opt_gccarm/arm-mv5sft-linux-gnueabi/bin/../lib/gcc/arm-mv5sft-linux-gnueabi/4.3.2/../../../../arm-mv5sft-linux-gnueabi/bin/ld: cannot find -lpthreads
collect2: ld returned 1 exit status
configure:5960: $? = 1
configure: failed program was:
| /* confdefs.h.  */
| 
| #define PACKAGE_NAME "Kerberos 5"
| #define PACKAGE_TARNAME "krb5"
| #define PACKAGE_VERSION "1.7.1"
| #define PACKAGE_STRING "Kerberos 5 1.7.1"
| #define PACKAGE_BUGREPORT "krb5-bugs@mit.edu"
| #ifdef __cplusplus
| extern "C" void exit (int) throw ();
| #endif
| #define STDC_HEADERS 1
| #define HAVE_SYS_TYPES_H 1
| #define HAVE_SYS_STAT_H 1
| #define HAVE_STDLIB_H 1
| #define HAVE_STRING_H 1
| #define HAVE_MEMORY_H 1
| #define HAVE_STRINGS_H 1
| #define HAVE_INTTYPES_H 1
| #define HAVE_STDINT_H 1
| #define HAVE_UNISTD_H 1
| #define HAVE_BT_RSEQ 1
| #define KRB5_DNS_LOOKUP_KDC 1
| #define KRB5_DNS_LOOKUP 1
| #define HAVE_LIBRESOLV 1
| #define HAVE_RES_NINIT 1
| #define HAVE_RES_NCLOSE 1
| #define HAVE_RES_NSEARCH 1
| #define HAVE_DN_SKIPNAME 1
| #define HAVE_RES_SEARCH 1
| #define HAVE_PRAGMA_WEAK_REF 1
| #define DELAY_INITIALIZER 1
| #define ENABLE_THREADS 1
| /* end confdefs.h.  */
| #include <pthread.h>
| int
| main ()
| {
| pthread_t th; pthread_join(th, 0);
|                      pthread_attr_init(0); pthread_cleanup_push(0, 0);
|                      pthread_create(0,0,0,0); pthread_cleanup_pop(0);
|   ;
|   return 0;
| }
configure:5987: result: no
configure:5863: checking whether pthreads work without any flags
configure:5954: arm-mv5sft-linux-gnueabi-gcc -o conftest -DUSE_LINKER_FINI_OPTION    conftest.c  -lresolv  >&5
/tmp/ccWHkWDJ.o: In function `main':
conftest.c:(.text+0x14): undefined reference to `pthread_join'
conftest.c:(.text+0x74): undefined reference to `__pthread_register_cancel'
conftest.c:(.text+0x88): undefined reference to `pthread_create'
conftest.c:(.text+0x94): undefined reference to `__pthread_unregister_cancel'
collect2: ld returned 1 exit status
configure:5960: $? = 1
configure: failed program was:
| /* confdefs.h.  */
| 
| #define PACKAGE_NAME "Kerberos 5"
| #define PACKAGE_TARNAME "krb5"
| #define PACKAGE_VERSION "1.7.1"
| #define PACKAGE_STRING "Kerberos 5 1.7.1"
| #define PACKAGE_BUGREPORT "krb5-bugs@mit.edu"
| #ifdef __cplusplus
| extern "C" void exit (int) throw ();
| #endif
| #define STDC_HEADERS 1
| #define HAVE_SYS_TYPES_H 1
| #define HAVE_SYS_STAT_H 1
| #define HAVE_STDLIB_H 1
| #define HAVE_STRING_H 1
| #define HAVE_MEMORY_H 1
| #define HAVE_STRINGS_H 1
| #define HAVE_INTTYPES_H 1
| #define HAVE_STDINT_H 1
| #define HAVE_UNISTD_H 1
| #define HAVE_BT_RSEQ 1
| #define KRB5_DNS_LOOKUP_KDC 1
| #define KRB5_DNS_LOOKUP 1
| #define HAVE_LIBRESOLV 1
| #define HAVE_RES_NINIT 1
| #define HAVE_RES_NCLOSE 1
| #define HAVE_RES_NSEARCH 1
| #define HAVE_DN_SKIPNAME 1
| #define HAVE_RES_SEARCH 1
| #define HAVE_PRAGMA_WEAK_REF 1
| #define DELAY_INITIALIZER 1
| #define ENABLE_THREADS 1
| /* end confdefs.h.  */
| #include <pthread.h>
| int
| main ()
| {
| pthread_t th; pthread_join(th, 0);
|                      pthread_attr_init(0); pthread_cleanup_push(0, 0);
|                      pthread_create(0,0,0,0); pthread_cleanup_pop(0);
|   ;
|   return 0;
| }
configure:5987: result: no
configure:5868: checking whether pthreads work with -Kthread
configure:5954: arm-mv5sft-linux-gnueabi-gcc -o conftest -DUSE_LINKER_FINI_OPTION -Kthread   conftest.c  -lresolv  >&5
arm-mv5sft-linux-gnueabi-gcc: unrecognized option '-Kthread'
/tmp/ccQFLNrT.o: In function `main':
conftest.c:(.text+0x14): undefined reference to `pthread_join'
conftest.c:(.text+0x74): undefined reference to `__pthread_register_cancel'
conftest.c:(.text+0x88): undefined reference to `pthread_create'
conftest.c:(.text+0x94): undefined reference to `__pthread_unregister_cancel'
collect2: ld returned 1 exit status
configure:5960: $? = 1
configure: failed program was:
| /* confdefs.h.  */
| 
| #define PACKAGE_NAME "Kerberos 5"
| #define PACKAGE_TARNAME "krb5"
| #define PACKAGE_VERSION "1.7.1"
| #define PACKAGE_STRING "Kerberos 5 1.7.1"
| #define PACKAGE_BUGREPORT "krb5-bugs@mit.edu"
| #ifdef __cplusplus
| extern "C" void exit (int) throw ();
| #endif
| #define STDC_HEADERS 1
| #define HAVE_SYS_TYPES_H 1
| #define HAVE_SYS_STAT_H 1
| #define HAVE_STDLIB_H 1
| #define HAVE_STRING_H 1
| #define HAVE_MEMORY_H 1
| #define HAVE_STRINGS_H 1
| #define HAVE_INTTYPES_H 1
| #define HAVE_STDINT_H 1
| #define HAVE_UNISTD_H 1
| #define HAVE_BT_RSEQ 1
| #define KRB5_DNS_LOOKUP_KDC 1
| #define KRB5_DNS_LOOKUP 1
| #define HAVE_LIBRESOLV 1
| #define HAVE_RES_NINIT 1
| #define HAVE_RES_NCLOSE 1
| #define HAVE_RES_NSEARCH 1
| #define HAVE_DN_SKIPNAME 1
| #define HAVE_RES_SEARCH 1
| #define HAVE_PRAGMA_WEAK_REF 1
| #define DELAY_INITIALIZER 1
| #define ENABLE_THREADS 1
| /* end confdefs.h.  */
| #include <pthread.h>
| int
| main ()
| {
| pthread_t th; pthread_join(th, 0);
|                      pthread_attr_init(0); pthread_cleanup_push(0, 0);
|                      pthread_create(0,0,0,0); pthread_cleanup_pop(0);
|   ;
|   return 0;
| }
configure:5987: result: no
configure:5868: checking whether pthreads work with -kthread
configure:5954: arm-mv5sft-linux-gnueabi-gcc -o conftest -DUSE_LINKER_FINI_OPTION -kthread   conftest.c  -lresolv  >&5
arm-mv5sft-linux-gnueabi-gcc: unrecognized option '-kthread'
/tmp/ccswhxP2.o: In function `main':
conftest.c:(.text+0x14): undefined reference to `pthread_join'
conftest.c:(.text+0x74): undefined reference to `__pthread_register_cancel'
conftest.c:(.text+0x88): undefined reference to `pthread_create'
conftest.c:(.text+0x94): undefined reference to `__pthread_unregister_cancel'
collect2: ld returned 1 exit status
configure:5960: $? = 1
configure: failed program was:
| /* confdefs.h.  */
| 
| #define PACKAGE_NAME "Kerberos 5"
| #define PACKAGE_TARNAME "krb5"
| #define PACKAGE_VERSION "1.7.1"
| #define PACKAGE_STRING "Kerberos 5 1.7.1"
| #define PACKAGE_BUGREPORT "krb5-bugs@mit.edu"
| #ifdef __cplusplus
| extern "C" void exit (int) throw ();
| #endif
| #define STDC_HEADERS 1
| #define HAVE_SYS_TYPES_H 1
| #define HAVE_SYS_STAT_H 1
| #define HAVE_STDLIB_H 1
| #define HAVE_STRING_H 1
| #define HAVE_MEMORY_H 1
| #define HAVE_STRINGS_H 1
| #define HAVE_INTTYPES_H 1
| #define HAVE_STDINT_H 1
| #define HAVE_UNISTD_H 1
| #define HAVE_BT_RSEQ 1
| #define KRB5_DNS_LOOKUP_KDC 1
| #define KRB5_DNS_LOOKUP 1
| #define HAVE_LIBRESOLV 1
| #define HAVE_RES_NINIT 1
| #define HAVE_RES_NCLOSE 1
| #define HAVE_RES_NSEARCH 1
| #define HAVE_DN_SKIPNAME 1
| #define HAVE_RES_SEARCH 1
| #define HAVE_PRAGMA_WEAK_REF 1
| #define DELAY_INITIALIZER 1
| #define ENABLE_THREADS 1
| /* end confdefs.h.  */
| #include <pthread.h>
| int
| main ()
| {
| pthread_t th; pthread_join(th, 0);
|                      pthread_attr_init(0); pthread_cleanup_push(0, 0);
|                      pthread_create(0,0,0,0); pthread_cleanup_pop(0);
|   ;
|   return 0;
| }
configure:5987: result: no
configure:5916: checking for the pthreads library -llthread
configure:5954: arm-mv5sft-linux-gnueabi-gcc -o conftest -DUSE_LINKER_FINI_OPTION    conftest.c -llthread -lresolv  >&5
/opt_gccarm/arm-mv5sft-linux-gnueabi/bin/../lib/gcc/arm-mv5sft-linux-gnueabi/4.3.2/../../../../arm-mv5sft-linux-gnueabi/bin/ld: cannot find -llthread
collect2: ld returned 1 exit status
configure:5960: $? = 1
configure: failed program was:
| /* confdefs.h.  */
| 
| #define PACKAGE_NAME "Kerberos 5"
| #define PACKAGE_TARNAME "krb5"
| #define PACKAGE_VERSION "1.7.1"
| #define PACKAGE_STRING "Kerberos 5 1.7.1"
| #define PACKAGE_BUGREPORT "krb5-bugs@mit.edu"
| #ifdef __cplusplus
| extern "C" void exit (int) throw ();
| #endif
| #define STDC_HEADERS 1
| #define HAVE_SYS_TYPES_H 1
| #define HAVE_SYS_STAT_H 1
| #define HAVE_STDLIB_H 1
| #define HAVE_STRING_H 1
| #define HAVE_MEMORY_H 1
| #define HAVE_STRINGS_H 1
| #define HAVE_INTTYPES_H 1
| #define HAVE_STDINT_H 1
| #define HAVE_UNISTD_H 1
| #define HAVE_BT_RSEQ 1
| #define KRB5_DNS_LOOKUP_KDC 1
| #define KRB5_DNS_LOOKUP 1
| #define HAVE_LIBRESOLV 1
| #define HAVE_RES_NINIT 1
| #define HAVE_RES_NCLOSE 1
| #define HAVE_RES_NSEARCH 1
| #define HAVE_DN_SKIPNAME 1
| #define HAVE_RES_SEARCH 1
| #define HAVE_PRAGMA_WEAK_REF 1
| #define DELAY_INITIALIZER 1
| #define ENABLE_THREADS 1
| /* end confdefs.h.  */
| #include <pthread.h>
| int
| main ()
| {
| pthread_t th; pthread_join(th, 0);
|                      pthread_attr_init(0); pthread_cleanup_push(0, 0);
|                      pthread_create(0,0,0,0); pthread_cleanup_pop(0);
|   ;
|   return 0;
| }
configure:5987: result: no
configure:5868: checking whether pthreads work with -pthread
configure:5954: arm-mv5sft-linux-gnueabi-gcc -o conftest -DUSE_LINKER_FINI_OPTION -pthread   conftest.c  -lresolv  >&5
configure:5960: $? = 0
configure:5964: test -z 
			 || test ! -s conftest.err
configure:5967: $? = 0
configure:5970: test -s conftest
configure:5973: $? = 0
configure:5987: result: yes
configure:6007: checking for joinable pthread attribute
configure:6025: arm-mv5sft-linux-gnueabi-gcc -o conftest -DUSE_LINKER_FINI_OPTION -pthread   conftest.c  -lresolv  >&5
configure:6031: $? = 0
configure:6035: test -z 
			 || test ! -s conftest.err
configure:6038: $? = 0
configure:6041: test -s conftest
configure:6044: $? = 0
configure:6110: result: PTHREAD_CREATE_JOINABLE
configure:6117: checking if more special flags are required for pthreads
configure:6124: result: no
configure:6136: checking for cc_r
configure:6163: result: arm-mv5sft-linux-gnueabi-gcc
configure:6199: PTHREAD_CC = arm-mv5sft-linux-gnueabi-gcc
configure:6201: PTHREAD_CFLAGS = -pthread
configure:6203: PTHREAD_LIBS = 
configure:6256: checking for pthread_once
configure:6344: result: no
configure:6256: checking for pthread_rwlock_init
configure:6344: result: no
configure:6362: rechecking with PTHREAD_... options
configure:6364: checking for pthread_rwlock_init in -lc
configure:6426: result: yes
configure:6443: checking for library containing dlopen
configure:6562: result: -ldl
configure:6586: checking for keyutils.h
configure:6591: result: no
configure:6806: checking for an ANSI C-conforming const
configure:6903: result: yes
configure:6926: checking for a BSD-compatible install
configure:6981: result: /usr/bin/install -c
configure:6996: checking for bison
configure:7022: result: bison -y
configure:7034: checking POSIX signal handlers
configure:7091: result: yes
configure:7113: checking for sigprocmask
configure:7201: result: yes
configure:7204: checking for sigset_t and POSIX_SIGNALS
configure:7256: result: yes
configure:7269: checking for use of sigprocmask
configure:7367: result: yes
configure:7378: checking for sigsetjmp
configure:7466: result: no
configure:7534: checking if argument to wait is int *
configure:7636: result: no
configure:7646: checking for sys_errlist declaration
configure:7698: result: yes
configure:7788: checking for stdarg.h
configure:7847: result: yes
configure:7933: checking for termios.h
configure:7938: result: yes
configure:8070: checking for cfsetispeed
configure:8158: result: yes
configure:8181: checking for unistd.h
configure:8186: result: yes
configure:8181: checking for stdlib.h
configure:8186: result: yes
configure:8181: checking for string.h
configure:8186: result: yes
configure:8181: checking for sys/select.h
configure:8186: result: yes
configure:8181: checking for sys/sockio.h
configure:8186: result: no
configure:8181: checking for paths.h
configure:8186: result: yes
configure:8327: checking for struct utmp.ut_pid
configure:8430: result: yes
configure:8440: checking for struct utmp.ut_type
configure:8543: result: yes
configure:8553: checking for struct utmp.ut_host
configure:8656: result: yes
configure:8666: checking for struct utmp.ut_exit
configure:8769: result: yes
configure:8818: checking for setutent
configure:8906: result: yes
configure:8818: checking for setutxent
configure:8906: result: yes
configure:8818: checking for updwtmp
configure:8906: result: yes
configure:8818: checking for updwtmpx
configure:8906: result: yes
configure:8917: checking for sys_errlist declaration
configure:8969: result: yes
configure:9061: checking for getdtablesize
configure:9149: result: yes
configure:9180: checking for getcwd
configure:9268: result: yes
configure:9180: checking for getdtablesize
configure:9268: result: yes
configure:9180: checking for getusershell
configure:9268: result: yes
configure:9180: checking for seteuid
configure:9268: result: yes
configure:9180: checking for setreuid
configure:9268: result: yes
configure:9180: checking for setresuid
configure:9268: result: yes
configure:9180: checking for strerror
configure:9268: result: yes
configure:9180: checking for getenv
configure:9268: result: yes
configure:9279: checking for crypt in -lcrypt
configure:9341: result: yes
configure:9351: checking for main in -lutil
configure:9407: result: yes
configure:9419: checking setenv
configure:9472: result: yes
configure:9485: checking shadow password support
configure:9540: result: yes
configure:9687: using shared libraries
configure:9731: checking for working regcomp
configure:9779: result: yes
configure:10102: creating ./config.status

## ---------------------- ##
## Running config.status. ##
## ---------------------- ##

This file was extended by Kerberos 5 config.status 1.7.1, which was
generated by GNU Autoconf 2.59.  Invocation command line was

  CONFIG_FILES    = 
  CONFIG_HEADERS  = 
  CONFIG_LINKS    = 
  CONFIG_COMMANDS = 
  $ ./config.status 

on fedora-14

config.status:703: creating ./Makefile
config.status:703: creating ftp/Makefile
config.status:703: creating ftpd/Makefile

## ---------------- ##
## Cache variables. ##
## ---------------- ##

ac_cv_build=i386-pc-linux-gnu
ac_cv_build_alias=i386-linux
ac_cv_c_compiler_gnu=yes
ac_cv_c_const=yes
ac_cv_c_inline=inline
ac_cv_cxx_compiler_gnu=yes
ac_cv_env_CC_set=set
ac_cv_env_CC_value=arm-mv5sft-linux-gnueabi-gcc
ac_cv_env_CFLAGS_set=set
ac_cv_env_CFLAGS_value=-DUSE_LINKER_FINI_OPTION
ac_cv_env_CPPFLAGS_set=
ac_cv_env_CPPFLAGS_value=
ac_cv_env_CPP_set=
ac_cv_env_CPP_value=
ac_cv_env_CXXFLAGS_set=
ac_cv_env_CXXFLAGS_value=
ac_cv_env_CXX_set=set
ac_cv_env_CXX_value=arm-mv5sft-linux-gnueabi-g++
ac_cv_env_DB_HEADER_set=
ac_cv_env_DB_HEADER_value=
ac_cv_env_DB_LIB_set=
ac_cv_env_DB_LIB_value=
ac_cv_env_LDFLAGS_set=
ac_cv_env_LDFLAGS_value=
ac_cv_env_LD_set=set
ac_cv_env_LD_value=arm-mv5sft-linux-gnueabi-ld
ac_cv_env_SS_LIB_set=
ac_cv_env_SS_LIB_value=
ac_cv_env_build_alias_set=set
ac_cv_env_build_alias_value=i386-linux
ac_cv_env_host_alias_set=set
ac_cv_env_host_alias_value=arm-mv5sft-linux-gnueabi
ac_cv_env_target_alias_set=
ac_cv_env_target_alias_value=
ac_cv_exeext=
ac_cv_file__etc_TIMEZONE=yes
ac_cv_file__etc_environment=yes
ac_cv_func__getpty=no
ac_cv_func_access=yes
ac_cv_func_bswap16=no
ac_cv_func_bswap64=no
ac_cv_func_cfsetispeed=yes
ac_cv_func_chmod=yes
ac_cv_func_closelog=yes
ac_cv_func_daemon=yes
ac_cv_func_fchmod=yes
ac_cv_func_fchown=yes
ac_cv_func_flock=yes
ac_cv_func_fork=yes
ac_cv_func_fork_works=yes
ac_cv_func_ftime=yes
ac_cv_func_getaddrinfo=yes
ac_cv_func_getcwd=yes
ac_cv_func_getdtablesize=yes
ac_cv_func_getenv=yes
ac_cv_func_geteuid=yes
ac_cv_func_gethostbyaddr_r=yes
ac_cv_func_gethostbyname=yes
ac_cv_func_gethostbyname2=yes
ac_cv_func_gethostbyname_r=yes
ac_cv_func_getifaddrs=yes
ac_cv_func_getnameinfo=yes
ac_cv_func_getpwnam_r=yes
ac_cv_func_getpwuid_r=yes
ac_cv_func_getservbyname_r=yes
ac_cv_func_getservbyport_r=yes
ac_cv_func_gettosbyname=no
ac_cv_func_getusershell=yes
ac_cv_func_getutmp=yes
ac_cv_func_getutmpx=yes
ac_cv_func_gmtime_r=yes
ac_cv_func_grantpt=yes
ac_cv_func_inet_aton=yes
ac_cv_func_inet_ntoa=yes
ac_cv_func_inet_ntop=yes
ac_cv_func_inet_pton=yes
ac_cv_func_initgroups=yes
ac_cv_func_isatty=yes
ac_cv_func_killpg=yes
ac_cv_func_line_push=no
ac_cv_func_localtime_r=yes
ac_cv_func_logwtmp=yes
ac_cv_func_lstat=yes
ac_cv_func_memmove=yes
ac_cv_func_mkstemp=yes
ac_cv_func_openlog=yes
ac_cv_func_openpty=yes
ac_cv_func_pthread_mutex_lock=yes
ac_cv_func_pthread_once=no
ac_cv_func_pthread_rwlock_init=no
ac_cv_func_ptsname=yes
ac_cv_func_re_comp=yes
ac_cv_func_re_exec=yes
ac_cv_func_regcomp=yes
ac_cv_func_regexec=yes
ac_cv_func_revoke=no
ac_cv_func_rmufile=no
ac_cv_func_rresvport_af=yes
ac_cv_func_sched_yield=yes
ac_cv_func_sem_init=no
ac_cv_func_sem_trywait=no
ac_cv_func_setegid=yes
ac_cv_func_setenv=yes
ac_cv_func_seteuid=yes
ac_cv_func_setlogin=no
ac_cv_func_setpgid=yes
ac_cv_func_setpriority=yes
ac_cv_func_setregid=yes
ac_cv_func_setresgid=yes
ac_cv_func_setresuid=yes
ac_cv_func_setreuid=yes
ac_cv_func_setsid=yes
ac_cv_func_setutent=yes
ac_cv_func_setutsent=no
ac_cv_func_setutxent=yes
ac_cv_func_setvbuf=yes
ac_cv_func_sigprocmask=yes
ac_cv_func_sigsetjmp=no
ac_cv_func_socket=yes
ac_cv_func_srand=yes
ac_cv_func_srand48=yes
ac_cv_func_srandom=yes
ac_cv_func_stat=yes
ac_cv_func_strchr=yes
ac_cv_func_strdup=yes
ac_cv_func_strerror=yes
ac_cv_func_strerror_r=yes
ac_cv_func_strftime=yes
ac_cv_func_strlcpy=no
ac_cv_func_strptime=yes
ac_cv_func_strsave=no
ac_cv_func_strstr=yes
ac_cv_func_syslog=yes
ac_cv_func_tcgetpgrp=yes
ac_cv_func_tcsetattr=yes
ac_cv_func_tcsetpgrp=yes
ac_cv_func_timezone=yes
ac_cv_func_ttyname=yes
ac_cv_func_umask=yes
ac_cv_func_unsetenv=yes
ac_cv_func_updwtmp=yes
ac_cv_func_updwtmpx=yes
ac_cv_func_utimes=yes
ac_cv_func_utmpname=yes
ac_cv_func_utmpxname=yes
ac_cv_func_vasprintf=yes
ac_cv_func_vfork=yes
ac_cv_func_vfork_works=yes
ac_cv_func_vhangup=yes
ac_cv_func_vsnprintf=yes
ac_cv_func_vsprintf=yes
ac_cv_func_waitpid=yes
ac_cv_header_Python_h=no
ac_cv_header_alloca_h=yes
ac_cv_header_arpa_inet_h=yes
ac_cv_header_arpa_nameser_h=yes
ac_cv_header_byteswap_h=yes
ac_cv_header_dirent_dirent_h=yes
ac_cv_header_dirent_h=yes
ac_cv_header_dlfcn_h=yes
ac_cv_header_endian_h=yes
ac_cv_header_errno_h=yes
ac_cv_header_fcntl_h=yes
ac_cv_header_ifaddrs_h=yes
ac_cv_header_inttypes_h=yes
ac_cv_header_kdc_h=no
ac_cv_header_keyutils_h=no
ac_cv_header_krb_db_h=no
ac_cv_header_lastlog_h=yes
ac_cv_header_libutil_h=no
ac_cv_header_limits_h=yes
ac_cv_header_machine_byte_order_h=no
ac_cv_header_machine_endian_h=no
ac_cv_header_memory_h=yes
ac_cv_header_netdb_h=yes
ac_cv_header_netinet_in_h=yes
ac_cv_header_paths_h=yes
ac_cv_header_pthread_h=yes
ac_cv_header_pty_h=yes
ac_cv_header_pwd_h=yes
ac_cv_header_python2_3_Python_h=no
ac_cv_header_python2_5_Python_h=no
ac_cv_header_regex_h=yes
ac_cv_header_regexp_h=no
ac_cv_header_regexpr_h=no
ac_cv_header_sched_h=yes
ac_cv_header_semaphore_h=yes
ac_cv_header_stdarg_h=yes
ac_cv_header_stdc=yes
ac_cv_header_stddef_h=yes
ac_cv_header_stdint_h=yes
ac_cv_header_stdlib_h=yes
ac_cv_header_string_h=yes
ac_cv_header_strings_h=yes
ac_cv_header_sys_bswap_h=no
ac_cv_header_sys_file_h=yes
ac_cv_header_sys_filio_h=no
ac_cv_header_sys_ioctl_compat_h=no
ac_cv_header_sys_label_h=no
ac_cv_header_sys_param_h=yes
ac_cv_header_sys_ptyvar_h=no
ac_cv_header_sys_select_h=yes
ac_cv_header_sys_socket_h=yes
ac_cv_header_sys_sockio_h=no
ac_cv_header_sys_stat_h=yes
ac_cv_header_sys_stream_h=no
ac_cv_header_sys_time_h=yes
ac_cv_header_sys_tty_h=no
ac_cv_header_sys_types_h=yes
ac_cv_header_sys_uio_h=yes
ac_cv_header_sys_wait_h=yes
ac_cv_header_syslog_h=yes
ac_cv_header_termios_h=yes
ac_cv_header_time=yes
ac_cv_header_time_h=yes
ac_cv_header_ttyent_h=yes
ac_cv_header_unistd_h=yes
ac_cv_header_util_h=no
ac_cv_header_utmp_h=yes
ac_cv_header_utmpx_h=yes
ac_cv_header_vfork_h=no
ac_cv_header_xom_h=no
ac_cv_host=arm-mv5sft-linux-gnueabi
ac_cv_host_alias=arm-mv5sft-linux-gnueabi
ac_cv_lib_c_pthread_rwlock_init=yes
ac_cv_lib_crypt_crypt=yes
ac_cv_lib_crypto_PKCS7_get_signer_info=no
ac_cv_lib_fl_yywrap=yes
ac_cv_lib_odm_main=no
ac_cv_lib_python2_3_main=no
ac_cv_lib_python2_5_main=no
ac_cv_lib_resolv_main=yes
ac_cv_lib_util_main=yes
ac_cv_lib_util_openpty=yes
ac_cv_member_struct_sockaddr_in_sin_len=no
ac_cv_member_struct_sockaddr_sa_len=no
ac_cv_member_struct_stat_st_mtim_tv_nsec=yes
ac_cv_member_struct_stat_st_mtimensec=no
ac_cv_member_struct_stat_st_mtimespec_tv_nsec=no
ac_cv_member_struct_utmp_ut_exit=yes
ac_cv_member_struct_utmp_ut_host=yes
ac_cv_member_struct_utmp_ut_pid=yes
ac_cv_member_struct_utmp_ut_type=yes
ac_cv_objext=o
ac_cv_path_BASH=/bin/sh
ac_cv_path_PERL_PATH=/usr/bin/perl
ac_cv_path_SH=/bin/sh
ac_cv_path_SH5=false
ac_cv_path_UCB_RCP=/usr/bin/rcp
ac_cv_path_UCB_RLOGIN=/usr/bin/rlogin
ac_cv_path_UCB_RSH=/usr/bin/rsh
ac_cv_path_install='/usr/bin/install -c'
ac_cv_prog_AR=ar
ac_cv_prog_ARADD='ar cruv'
ac_cv_prog_ARCHIVE='ar cqv'
ac_cv_prog_AWK=gawk
ac_cv_prog_CC=arm-mv5sft-linux-gnueabi-gcc
ac_cv_prog_CPP='arm-mv5sft-linux-gnueabi-gcc -E'
ac_cv_prog_CXX=arm-mv5sft-linux-gnueabi-g++
ac_cv_prog_LEX=flex
ac_cv_prog_PERL=perl
ac_cv_prog_PTHREAD_CC=arm-mv5sft-linux-gnueabi-gcc
ac_cv_prog_RANLIB=arm-mv5sft-linux-gnueabi-ranlib
ac_cv_prog_YACC='bison -y'
ac_cv_prog_cc_g=yes
ac_cv_prog_cc_stdc=
ac_cv_prog_cxx_g=yes
ac_cv_prog_egrep='grep -E'
ac_cv_prog_have_PERL=perl
ac_cv_prog_lex_root=lex.yy
ac_cv_prog_lex_yytext_pointer=yes
ac_cv_search_dlopen=-ldl
ac_cv_search_opendir='none required'
ac_cv_type_getgroups=gid_t
ac_cv_type_int16_t=yes
ac_cv_type_int32_t=yes
ac_cv_type_int64_t=yes
ac_cv_type_int8_t=yes
ac_cv_type_long_long=yes
ac_cv_type_mode_t=yes
ac_cv_type_off_t=yes
ac_cv_type_pid_t=yes
ac_cv_type_signal=void
ac_cv_type_ssize_t=yes
ac_cv_type_struct_cmsghdr=yes
ac_cv_type_struct_in6_pktinfo=no
ac_cv_type_struct_in_pktinfo=yes
ac_cv_type_struct_rt_msghdr=no
ac_cv_type_struct_sockaddr_storage=yes
ac_cv_type_time_t=yes
ac_cv_type_u_char=yes
ac_cv_type_u_int=yes
ac_cv_type_u_int16_t=yes
ac_cv_type_u_int32_t=yes
ac_cv_type_u_int8_t=yes
ac_cv_type_u_long=yes
ac_cv_type_uid_t=yes
ac_cv_type_uint32_t=yes
ac_cv_type_uint64_t=yes
ac_cv_type_uint_least32_t=yes
ac_cv_type_uintmax_t=yes
ac_cv_type_uintptr_t=yes
k5_cv_openssl_version_okay=no
k5_cv_type_endrpcent=void
k5_cv_type_setrpcent=void
krb5_cv_attr_constructor_destructor=yes
krb5_cv_bswap_16=yes
krb5_cv_bswap_64=yes
krb5_cv_cc_flag__Werror_declaration_after_statement=yes
krb5_cv_cc_flag__Werror_variadic_macros=yes
krb5_cv_cc_flag__Wmissing_braces=yes
krb5_cv_cc_flag__Wmissing_format_attribute=yes
krb5_cv_cc_flag__Wmissing_prototypes=yes
krb5_cv_cc_flag__Wnewline_eof=no
krb5_cv_cc_flag__Wno_format_zero_length=yes
krb5_cv_cc_flag__Woverflow=yes
krb5_cv_cc_flag__Wparentheses=yes
krb5_cv_cc_flag__Wreturn_type=yes
krb5_cv_cc_flag__Wsign_compare=yes
krb5_cv_cc_flag__Wstrict_overflow=yes
krb5_cv_cc_flag__Wswitch=yes
krb5_cv_cc_flag__Wunknown_pragmas=yes
krb5_cv_cc_flag__Wunused_function=yes
krb5_cv_cc_flag__Wunused_label=yes
krb5_cv_cc_flag__Wunused_value=yes
krb5_cv_cc_flag__Wunused_variable=yes
krb5_cv_decl_perror=no
krb5_cv_decl_sys_errlist=yes
krb5_cv_f_setown=yes
krb5_cv_func_daemon_noproto=no
krb5_cv_func_dn_skipname=yes
krb5_cv_func_getutmp_noproto=yes
krb5_cv_func_isblank_noproto=yes
krb5_cv_func_logwtmp_noproto=no
krb5_cv_func_ns_initparse=no
krb5_cv_func_ns_name_uncompress=no
krb5_cv_func_res_nclose=yes
krb5_cv_func_res_ndestroy=no
krb5_cv_func_res_ninit=yes
krb5_cv_func_res_nsearch=yes
krb5_cv_func_res_search=yes
krb5_cv_func_sigprocmask_use=yes
krb5_cv_func_strptime_noproto=yes
krb5_cv_func_swab_noproto=yes
krb5_cv_func_vasprintf_noproto=yes
krb5_cv_gethostbyname_r_returns_int=yes
krb5_cv_gethostbyname_r_returns_ptr=no
krb5_cv_getpgrp_args=void
krb5_cv_getpwnam_r_args=5
krb5_cv_getpwnam_r_return_type=int
krb5_cv_getservbyname_r_returns_int=yes
krb5_cv_getservbyname_r_returns_ptr=no
krb5_cv_getsockname_proto_struct_sockaddr_p_size_t_p=yes
krb5_cv_gmtime_r_returns_int=no
krb5_cv_has_ansi_stdio=yes
krb5_cv_has_posix_signals=yes
krb5_cv_has_streams=no
krb5_cv_has_struct_if_laddrconf=no
krb5_cv_has_struct_lifconf=no
krb5_cv_has_type_socklen_t=yes
krb5_cv_header_inttypes_h_uint32_t=yes
krb5_cv_header_netdb_h_h_errno=yes
krb5_cv_header_netdb_h_maxhostnamelen=no
krb5_cv_header_stdint_h_uint32_t=yes
krb5_cv_header_sys_param_h_maxhostnamelen=yes
krb5_cv_header_sys_types_h_uint32_t=no
krb5_cv_host=arm-mv5sft-linux-gnueabi
krb5_cv_inet6=yes
krb5_cv_pragma_weak_ref=yes
krb5_cv_priocntl_hack=no
krb5_cv_prog_gnu_ld=yes
krb5_cv_setenv=yes
krb5_cv_setpgrp_args=void
krb5_cv_shadow_pwd=yes
krb5_cv_struct_utmp_ut_addr=yes
krb5_cv_struct_utmp_ut_exit=yes
krb5_cv_struct_utmp_ut_exit___e_exit=no
krb5_cv_struct_utmp_ut_exit_e_exit=yes
krb5_cv_struct_utmp_ut_exit_ut_e_exit=no
krb5_cv_struct_utmp_ut_exit_ut_exit=no
krb5_cv_struct_utmp_ut_host=yes
krb5_cv_struct_utmp_ut_id=yes
krb5_cv_struct_utmp_ut_pid=yes
krb5_cv_struct_utmp_ut_syslen=no
krb5_cv_struct_utmp_ut_type=yes
krb5_cv_struct_utmpx_ut_addr=no
krb5_cv_struct_utmpx_ut_exit=yes
krb5_cv_struct_utmpx_ut_exit___e_exit=yes
krb5_cv_struct_utmpx_ut_exit_e_exit=no
krb5_cv_struct_utmpx_ut_exit_ut_e_exit=no
krb5_cv_struct_utmpx_ut_exit_ut_exit=no
krb5_cv_struct_utmpx_ut_host=yes
krb5_cv_struct_utmpx_ut_id=yes
krb5_cv_struct_utmpx_ut_pid=yes
krb5_cv_struct_utmpx_ut_syslen=no
krb5_cv_struct_utmpx_ut_type=yes
krb5_cv_struct_wait=no
krb5_cv_sys_rcdir=/var/tmp
krb5_cv_type_bsdaliases=yes
krb5_cv_type_sigset_t=yes
krb5_cv_type_yylineno=yes
krb5_cv_va_copy=yes
krb5_cv_va_simple_copy=yes
krb5_cv_var_in6addr_any=yes

## ----------------- ##
## Output variables. ##
## ----------------- ##

CC='arm-mv5sft-linux-gnueabi-gcc'
CC_LINK='$(CC) $(PROG_LIBPATH) $(PROG_RPATH_FLAGS) $(CFLAGS) $(LDFLAGS)'
CFLAGS='-DUSE_LINKER_FINI_OPTION'
COM_ERR_VERSION='k5'
CONFIG_RELTOPDIR='../..'
CPP='arm-mv5sft-linux-gnueabi-gcc -E'
CPPFLAGS=''
CXX='arm-mv5sft-linux-gnueabi-g++'
CXXFLAGS='-g -O2'
CXX_LINK='$(CXX) $(PROG_LIBPATH) $(PROG_RPATH_FLAGS) $(CXXFLAGS) $(LDFLAGS)'
DB_HEADER='db.h'
DB_HEADER_VERSION='k5'
DB_LIB='-ldb'
DB_VERSION='k5'
DEFS='-DPACKAGE_NAME=\"Kerberos\ 5\" -DPACKAGE_TARNAME=\"krb5\" -DPACKAGE_VERSION=\"1.7.1\" -DPACKAGE_STRING=\"Kerberos\ 5\ 1.7.1\" -DPACKAGE_BUGREPORT=\"krb5-bugs@mit.edu\" -DSTDC_HEADERS=1 -DHAVE_SYS_TYPES_H=1 -DHAVE_SYS_STAT_H=1 -DHAVE_STDLIB_H=1 -DHAVE_STRING_H=1 -DHAVE_MEMORY_H=1 -DHAVE_STRINGS_H=1 -DHAVE_INTTYPES_H=1 -DHAVE_STDINT_H=1 -DHAVE_UNISTD_H=1 -DHAVE_BT_RSEQ=1 -DKRB5_DNS_LOOKUP_KDC=1 -DKRB5_DNS_LOOKUP=1 -DHAVE_LIBRESOLV=1 -DHAVE_RES_NINIT=1 -DHAVE_RES_NCLOSE=1 -DHAVE_RES_NSEARCH=1 -DHAVE_DN_SKIPNAME=1 -DHAVE_RES_SEARCH=1 -DHAVE_PRAGMA_WEAK_REF=1 -DDELAY_INITIALIZER=1 -DENABLE_THREADS=1 -DHAVE_PTHREAD=1 -DHAVE_PTHREAD_RWLOCK_INIT_IN_THREAD_LIB=1 -DUSE_DLOPEN=1 -DPOSIX_SIGTYPE=1 -Dkrb5_sigtype=void -DPOSIX_SIGNALS=1 -DUSE_SIGPROCMASK=1 -DWAIT_USES_INT=1 -DSYS_ERRLIST_DECLARED=1 -DHAVE_SYS_ERRLIST=1 -DHAVE_STDARG_H=1 -DPOSIX_TERMIOS=1 -DHAVE_UNISTD_H=1 -DHAVE_STDLIB_H=1 -DHAVE_STRING_H=1 -DHAVE_SYS_SELECT_H=1 -DHAVE_PATHS_H=1 -DHAVE_STRUCT_UTMP_UT_PID=1 -DHAVE_STRUCT_UTMP_UT_TYPE=1 -DHAVE_STRUCT_UTMP_UT_HOST=1 -DHAVE_STRUCT_UTMP_UT_EXIT=1 -DHAVE_SETUTENT=1 -DHAVE_SETUTXENT=1 -DHAVE_UPDWTMP=1 -DHAVE_UPDWTMPX=1 -DSYS_ERRLIST_DECLARED=1 -DHAVE_SYS_ERRLIST=1 -DHAVE_GETDTABLESIZE=1 -DHAVE_GETCWD=1 -DHAVE_GETDTABLESIZE=1 -DHAVE_GETUSERSHELL=1 -DHAVE_SETEUID=1 -DHAVE_SETREUID=1 -DHAVE_SETRESUID=1 -DHAVE_STRERROR=1 -DHAVE_GETENV=1 -DHAVE_LIBCRYPT=1 -DHAVE_LIBUTIL=1 -DHAVE_SHADOW=1 -DHAVE_REGCOMP=1 '
DEPLIBEXT='.so'
DL_LIB='-ldl'
ECHO_C=''
ECHO_N='-n'
ECHO_T=''
EGREP='grep -E'
EXEEXT=''
EXTRA_FILES=''
FTPD_LIBS=''
GEN_LIB=''
HAVE_GCC='yes'
HESIOD_DEFS=''
HESIOD_LIBS=''
INSTALL_DATA='${INSTALL} -m 644'
INSTALL_PROGRAM='${INSTALL}'
INSTALL_SCRIPT='${INSTALL}'
KDB5_DB_LIB=''
LD='arm-mv5sft-linux-gnueabi-ld'
LDFLAGS=''
LIBOBJS=''
LIBS='-lcrypt -lresolv '
LTLIBOBJS=''
MAINT='#'
MAINTAINER_MODE_FALSE=''
MAINTAINER_MODE_TRUE='#'
OBJEXT='o'
PACKAGE_BUGREPORT='krb5-bugs@mit.edu'
PACKAGE_NAME='Kerberos 5'
PACKAGE_STRING='Kerberos 5 1.7.1'
PACKAGE_TARNAME='krb5'
PACKAGE_VERSION='1.7.1'
PATH_SEPARATOR=':'
PROG_RPATH_FLAGS='$(RPATH_FLAG)$(PROG_RPATH)'
PTHREAD_CC='arm-mv5sft-linux-gnueabi-gcc'
PTHREAD_CFLAGS='-pthread'
PTHREAD_LIBS=''
RPATH_FLAG='-Wl,-rpath -Wl,'
SETENVOBJ=''
SETENVSRC=''
SHELL='/bin/sh'
SHLIB_HAVE_MINOR_VERS='yes'
SS_LIB=''
SS_VERSION='k5'
THREAD_SUPPORT='1'
UTIL_LIB='-lutil'
WARN_CFLAGS=' -Wall -Wcast-qual -Wcast-align -Wshadow -Wmissing-prototypes -Wno-format-zero-length -Woverflow -Wstrict-overflow -Wmissing-format-attribute -Wmissing-prototypes -Wreturn-type -Wmissing-braces -Wparentheses -Wswitch -Wunused-function -Wunused-label -Wunused-variable -Wunused-value -Wunknown-pragmas -Wsign-compare -Werror=declaration-after-statement -Werror=variadic-macros'
WARN_CXXFLAGS=' -Wall -Wcast-qual -Wcast-align -Wshadow'
YACC='bison -y'
ac_ct_CC=''
ac_ct_CXX=''
acx_pthread_config=''
bindir='${exec_prefix}/bin'
build='i386-pc-linux-gnu'
build_alias='i386-linux'
build_cpu='i386'
build_os='linux-gnu'
build_vendor='pc'
compile_et=''
datadir='${prefix}/share'
exec_prefix='${prefix}'
host='arm-mv5sft-linux-gnueabi'
host_alias='arm-mv5sft-linux-gnueabi'
host_cpu='arm'
host_os='linux-gnueabi'
host_vendor='mv5sft'
includedir='${prefix}/include'
infodir='${prefix}/info'
krb5_cv_host='arm-mv5sft-linux-gnueabi'
libdir='${exec_prefix}/lib'
libexecdir='${exec_prefix}/libexec'
localstatedir='${prefix}/var'
mandir='${prefix}/man'
oldincludedir='/usr/include'
prefix='/home/roy/DNS-345_GPL/packages/krb5-1.7.1/src/_install'
program_transform_name='s,x,x,'
sbindir='${exec_prefix}/sbin'
sharedstatedir='${prefix}/com'
sysconfdir='${prefix}/etc'
target_alias=''

## ------------- ##
## Output files. ##
## ------------- ##

lib_frag='./../../config/lib.in'
libnodeps_frag='./../../config/libnodeps.in'
libnover_frag='./../../config/libnover.in'
libobj_frag='./../../config/libobj.in'
libpriv_frag='./../../config/libpriv.in'

## ----------- ##
## confdefs.h. ##
## ----------- ##

#define DELAY_INITIALIZER 1
#define ENABLE_THREADS 1
#define HAVE_BT_RSEQ 1
#define HAVE_DN_SKIPNAME 1
#define HAVE_GETCWD 1
#define HAVE_GETDTABLESIZE 1
#define HAVE_GETDTABLESIZE 1
#define HAVE_GETENV 1
#define HAVE_GETUSERSHELL 1
#define HAVE_INTTYPES_H 1
#define HAVE_LIBCRYPT 1
#define HAVE_LIBRESOLV 1
#define HAVE_LIBUTIL 1
#define HAVE_MEMORY_H 1
#define HAVE_PATHS_H 1
#define HAVE_PRAGMA_WEAK_REF 1
#define HAVE_PTHREAD 1
#define HAVE_PTHREAD_RWLOCK_INIT_IN_THREAD_LIB 1
#define HAVE_REGCOMP 1
#define HAVE_RES_NCLOSE 1
#define HAVE_RES_NINIT 1
#define HAVE_RES_NSEARCH 1
#define HAVE_RES_SEARCH 1
#define HAVE_SETEUID 1
#define HAVE_SETRESUID 1
#define HAVE_SETREUID 1
#define HAVE_SETUTENT 1
#define HAVE_SETUTXENT 1
#define HAVE_SHADOW 1
#define HAVE_STDARG_H 1
#define HAVE_STDINT_H 1
#define HAVE_STDLIB_H 1
#define HAVE_STDLIB_H 1
#define HAVE_STRERROR 1
#define HAVE_STRINGS_H 1
#define HAVE_STRING_H 1
#define HAVE_STRING_H 1
#define HAVE_STRUCT_UTMP_UT_EXIT 1
#define HAVE_STRUCT_UTMP_UT_HOST 1
#define HAVE_STRUCT_UTMP_UT_PID 1
#define HAVE_STRUCT_UTMP_UT_TYPE 1
#define HAVE_SYS_ERRLIST 1
#define HAVE_SYS_ERRLIST 1
#define HAVE_SYS_SELECT_H 1
#define HAVE_SYS_STAT_H 1
#define HAVE_SYS_TYPES_H 1
#define HAVE_UNISTD_H 1
#define HAVE_UNISTD_H 1
#define HAVE_UPDWTMP 1
#define HAVE_UPDWTMPX 1
#define KRB5_DNS_LOOKUP 1
#define KRB5_DNS_LOOKUP_KDC 1
#define PACKAGE_BUGREPORT "krb5-bugs@mit.edu"
#define PACKAGE_NAME "Kerberos 5"
#define PACKAGE_STRING "Kerberos 5 1.7.1"
#define PACKAGE_TARNAME "krb5"
#define PACKAGE_VERSION "1.7.1"
#define POSIX_SIGNALS 1
#define POSIX_SIGTYPE 1
#define POSIX_TERMIOS 1
#define STDC_HEADERS 1
#define SYS_ERRLIST_DECLARED 1
#define SYS_ERRLIST_DECLARED 1
#define USE_DLOPEN 1
#define USE_SIGPROCMASK 1
#define WAIT_USES_INT 1
#define krb5_sigtype void
#endif
#ifdef __cplusplus
extern "C" void exit (int) throw ();

configure: exit 0
