This file contains any messages produced by compilers while
running configure, to aid debugging if configure makes a mistake.

It was created by configure, which was
generated by GNU Autoconf 2.59.  Invocation command line was

  $ ./configure --host=arm-mv5sft-linux-gnueabi --prefix=/usr/local/firefly --enable-sqlite3 --enable-iconv ac_cv_func_setpgrp_void=yes LDFLAGS=-L/home/ibuki/cvmod/unic/unic/module/lib/DNS-345 -lmipc -liconv CPPFLAGS=-I/home/ibuki/cvmod/unic/unic/module/include

## --------- ##
## Platform. ##
## --------- ##

hostname = swtest4
uname -m = i686
uname -r = 2.6.35.6-45.fc14.i686
uname -s = Linux
uname -v = #1 SMP Mon Oct 18 23:56:17 UTC 2010

/usr/bin/uname -p = unknown
/bin/uname -X     = unknown

/bin/arch              = i686
/usr/bin/arch -k       = unknown
/usr/convex/getsysinfo = unknown
hostinfo               = unknown
/bin/machine           = unknown
/usr/bin/oslevel       = unknown
/bin/universe          = unknown

PATH: /opt_gccarm/arm-mv5sft-linux-gnueabi/bin
PATH: /usr/local/bin
PATH: /bin
PATH: /usr/bin
PATH: /usr/local/sbin
PATH: /usr/sbin
PATH: /sbin
PATH: /home/ibuki/bin


## ----------- ##
## Core tests. ##
## ----------- ##

configure:1587: checking for a BSD-compatible install
configure:1642: result: /usr/bin/install -c
configure:1653: checking whether build environment is sane
configure:1696: result: yes
configure:1761: checking for gawk
configure:1777: found /bin/gawk
configure:1787: result: gawk
configure:1797: checking whether make sets $(MAKE)
configure:1817: result: yes
configure:1893: checking for arm-mv5sft-linux-gnueabi-strip
configure:1919: result: arm-mv5sft-linux-gnueabi-strip
configure:2006: checking for style of include used by make
configure:2034: result: GNU
configure:2067: checking for arm-mv5sft-linux-gnueabi-gcc
configure:2093: result: arm-mv5sft-linux-gnueabi-gcc
configure:2375: checking for C compiler version
configure:2378: arm-mv5sft-linux-gnueabi-gcc --version </dev/null >&5
arm-mv5sft-linux-gnueabi-gcc (sdk3.3-ct-ng-1.4.1) 4.3.2
Copyright (C) 2008 Free Software Foundation, Inc.
This is free software; see the source for copying conditions.  There is NO
warranty; not even for MERCHANTABILITY or FITNESS FOR A PARTICULAR PURPOSE.

configure:2381: $? = 0
configure:2383: arm-mv5sft-linux-gnueabi-gcc -v </dev/null >&5
Using built-in specs.
Target: arm-mv5sft-linux-gnueabi
Configured with: /home/seugene/sdk/targets/src/gcc-4.3.2/configure --build=i486-build_pc-linux-gnu --host=i486-build_pc-linux-gnu --target=arm-mv5sft-linux-gnueabi --prefix=/home/seugene/sdk/targets/arm-mv5sft-linux-gnueabi/cross --with-sysroot=/home/seugene/sdk/targets/arm-mv5sft-linux-gnueabi/cross/arm-mv5sft-linux-gnueabi//sys-root --enable-languages=c,c++,fortran,java --disable-multilib --with-arch=armv5te --with-float=soft --with-gmp=/home/seugene/sdk/targets/arm-mv5sft-linux-gnueabi/cross --with-mpfr=/home/seugene/sdk/targets/arm-mv5sft-linux-gnueabi/cross --with-pkgversion=sdk3.3-ct-ng-1.4.1 --disable-sjlj-exceptions --enable-__cxa_atexit --with-local-prefix=/home/seugene/sdk/targets/arm-mv5sft-linux-gnueabi/cross/arm-mv5sft-linux-gnueabi//sys-root --disable-nls --enable-threads=posix --enable-symvers=gnu --enable-c99 --enable-long-long --enable-target-optspace
Thread model: posix
gcc version 4.3.2 (sdk3.3-ct-ng-1.4.1) 
configure:2386: $? = 0
configure:2388: arm-mv5sft-linux-gnueabi-gcc -V </dev/null >&5
arm-mv5sft-linux-gnueabi-gcc: '-V' option must have argument
configure:2391: $? = 1
configure:2414: checking for C compiler default output file name
configure:2417: arm-mv5sft-linux-gnueabi-gcc  -I/home/ibuki/cvmod/unic/unic/module/include -L/home/ibuki/cvmod/unic/unic/module/lib/DNS-345 -lmipc -liconv conftest.c  >&5
configure:2420: $? = 0
configure:2466: result: a.out
configure:2471: checking whether the C compiler works
configure:2477: ./a.out
./configure: line 2478: ./a.out: cannot execute binary file
configure:2480: $? = 126
configure:2497: result: yes
configure:2504: checking whether we are cross compiling
configure:2506: result: yes
configure:2509: checking for suffix of executables
configure:2511: arm-mv5sft-linux-gnueabi-gcc -o conftest  -I/home/ibuki/cvmod/unic/unic/module/include -L/home/ibuki/cvmod/unic/unic/module/lib/DNS-345 -lmipc -liconv conftest.c  >&5
configure:2514: $? = 0
configure:2539: result: 
configure:2545: checking for suffix of object files
configure:2566: arm-mv5sft-linux-gnueabi-gcc -c  -I/home/ibuki/cvmod/unic/unic/module/include conftest.c >&5
configure:2569: $? = 0
configure:2591: result: o
configure:2595: checking whether we are using the GNU C compiler
configure:2619: arm-mv5sft-linux-gnueabi-gcc -c  -I/home/ibuki/cvmod/unic/unic/module/include conftest.c >&5
configure:2625: $? = 0
configure:2628: test -z 			 || test ! -s conftest.err
configure:2631: $? = 0
configure:2634: test -s conftest.o
configure:2637: $? = 0
configure:2650: result: yes
configure:2656: checking whether arm-mv5sft-linux-gnueabi-gcc accepts -g
configure:2677: arm-mv5sft-linux-gnueabi-gcc -c -g -I/home/ibuki/cvmod/unic/unic/module/include conftest.c >&5
configure:2683: $? = 0
configure:2686: test -z 			 || test ! -s conftest.err
configure:2689: $? = 0
configure:2692: test -s conftest.o
configure:2695: $? = 0
configure:2706: result: yes
configure:2723: checking for arm-mv5sft-linux-gnueabi-gcc option to accept ANSI C
configure:2793: arm-mv5sft-linux-gnueabi-gcc  -c -g -O2 -I/home/ibuki/cvmod/unic/unic/module/include conftest.c >&5
configure:2799: $? = 0
configure:2802: test -z 			 || test ! -s conftest.err
configure:2805: $? = 0
configure:2808: test -s conftest.o
configure:2811: $? = 0
configure:2829: result: none needed
configure:2847: arm-mv5sft-linux-gnueabi-gcc -c -g -O2 -I/home/ibuki/cvmod/unic/unic/module/include conftest.c >&5
conftest.c:2: error: expected '=', ',', ';', 'asm' or '__attribute__' before 'me'
configure:2853: $? = 1
configure: failed program was:
| #ifndef __cplusplus
|   choke me
| #endif
configure:2985: checking dependency style of arm-mv5sft-linux-gnueabi-gcc
configure:3075: result: gcc3
configure:3098: checking how to run the C preprocessor
configure:3133: arm-mv5sft-linux-gnueabi-gcc -E -I/home/ibuki/cvmod/unic/unic/module/include conftest.c
configure:3139: $? = 0
configure:3171: arm-mv5sft-linux-gnueabi-gcc -E -I/home/ibuki/cvmod/unic/unic/module/include conftest.c
conftest.c:12:28: error: ac_nonexistent.h: No such file or directory
configure:3177: $? = 1
configure: failed program was:
| /* confdefs.h.  */
| 
| #define PACKAGE_NAME ""
| #define PACKAGE_TARNAME ""
| #define PACKAGE_VERSION ""
| #define PACKAGE_STRING ""
| #define PACKAGE_BUGREPORT ""
| #define PACKAGE "mt-daapd"
| #define VERSION "svn-1696"
| #define _GNU_SOURCE 1
| /* end confdefs.h.  */
| #include <ac_nonexistent.h>
configure:3216: result: arm-mv5sft-linux-gnueabi-gcc -E
configure:3240: arm-mv5sft-linux-gnueabi-gcc -E -I/home/ibuki/cvmod/unic/unic/module/include conftest.c
configure:3246: $? = 0
configure:3278: arm-mv5sft-linux-gnueabi-gcc -E -I/home/ibuki/cvmod/unic/unic/module/include conftest.c
conftest.c:12:28: error: ac_nonexistent.h: No such file or directory
configure:3284: $? = 1
configure: failed program was:
| /* confdefs.h.  */
| 
| #define PACKAGE_NAME ""
| #define PACKAGE_TARNAME ""
| #define PACKAGE_VERSION ""
| #define PACKAGE_STRING ""
| #define PACKAGE_BUGREPORT ""
| #define PACKAGE "mt-daapd"
| #define VERSION "svn-1696"
| #define _GNU_SOURCE 1
| /* end confdefs.h.  */
| #include <ac_nonexistent.h>
configure:3328: checking for egrep
configure:3338: result: grep -E
configure:3344: checking for AIX
configure:3366: result: no
configure:3372: checking for ANSI C header files
configure:3397: arm-mv5sft-linux-gnueabi-gcc -c -g -O2 -I/home/ibuki/cvmod/unic/unic/module/include conftest.c >&5
configure:3403: $? = 0
configure:3406: test -z 			 || test ! -s conftest.err
configure:3409: $? = 0
configure:3412: test -s conftest.o
configure:3415: $? = 0
configure:3527: result: yes
configure:3551: checking for sys/types.h
configure:3567: arm-mv5sft-linux-gnueabi-gcc -c -g -O2 -I/home/ibuki/cvmod/unic/unic/module/include conftest.c >&5
configure:3573: $? = 0
configure:3576: test -z 			 || test ! -s conftest.err
configure:3579: $? = 0
configure:3582: test -s conftest.o
configure:3585: $? = 0
configure:3596: result: yes
configure:3551: checking for sys/stat.h
configure:3567: arm-mv5sft-linux-gnueabi-gcc -c -g -O2 -I/home/ibuki/cvmod/unic/unic/module/include conftest.c >&5
configure:3573: $? = 0
configure:3576: test -z 			 || test ! -s conftest.err
configure:3579: $? = 0
configure:3582: test -s conftest.o
configure:3585: $? = 0
configure:3596: result: yes
configure:3551: checking for stdlib.h
configure:3567: arm-mv5sft-linux-gnueabi-gcc -c -g -O2 -I/home/ibuki/cvmod/unic/unic/module/include conftest.c >&5
configure:3573: $? = 0
configure:3576: test -z 			 || test ! -s conftest.err
configure:3579: $? = 0
configure:3582: test -s conftest.o
configure:3585: $? = 0
configure:3596: result: yes
configure:3551: checking for string.h
configure:3567: arm-mv5sft-linux-gnueabi-gcc -c -g -O2 -I/home/ibuki/cvmod/unic/unic/module/include conftest.c >&5
configure:3573: $? = 0
configure:3576: test -z 			 || test ! -s conftest.err
configure:3579: $? = 0
configure:3582: test -s conftest.o
configure:3585: $? = 0
configure:3596: result: yes
configure:3551: checking for memory.h
configure:3567: arm-mv5sft-linux-gnueabi-gcc -c -g -O2 -I/home/ibuki/cvmod/unic/unic/module/include conftest.c >&5
configure:3573: $? = 0
configure:3576: test -z 			 || test ! -s conftest.err
configure:3579: $? = 0
configure:3582: test -s conftest.o
configure:3585: $? = 0
configure:3596: result: yes
configure:3551: checking for strings.h
configure:3567: arm-mv5sft-linux-gnueabi-gcc -c -g -O2 -I/home/ibuki/cvmod/unic/unic/module/include conftest.c >&5
configure:3573: $? = 0
configure:3576: test -z 			 || test ! -s conftest.err
configure:3579: $? = 0
configure:3582: test -s conftest.o
configure:3585: $? = 0
configure:3596: result: yes
configure:3551: checking for inttypes.h
configure:3567: arm-mv5sft-linux-gnueabi-gcc -c -g -O2 -I/home/ibuki/cvmod/unic/unic/module/include conftest.c >&5
configure:3573: $? = 0
configure:3576: test -z 			 || test ! -s conftest.err
configure:3579: $? = 0
configure:3582: test -s conftest.o
configure:3585: $? = 0
configure:3596: result: yes
configure:3551: checking for stdint.h
configure:3567: arm-mv5sft-linux-gnueabi-gcc -c -g -O2 -I/home/ibuki/cvmod/unic/unic/module/include conftest.c >&5
configure:3573: $? = 0
configure:3576: test -z 			 || test ! -s conftest.err
configure:3579: $? = 0
configure:3582: test -s conftest.o
configure:3585: $? = 0
configure:3596: result: yes
configure:3551: checking for unistd.h
configure:3567: arm-mv5sft-linux-gnueabi-gcc -c -g -O2 -I/home/ibuki/cvmod/unic/unic/module/include conftest.c >&5
configure:3573: $? = 0
configure:3576: test -z 			 || test ! -s conftest.err
configure:3579: $? = 0
configure:3582: test -s conftest.o
configure:3585: $? = 0
configure:3596: result: yes
configure:3618: checking minix/config.h usability
configure:3630: arm-mv5sft-linux-gnueabi-gcc -c -g -O2 -I/home/ibuki/cvmod/unic/unic/module/include conftest.c >&5
conftest.c:56:26: error: minix/config.h: No such file or directory
configure:3636: $? = 1
configure: failed program was:
| /* confdefs.h.  */
| 
| #define PACKAGE_NAME ""
| #define PACKAGE_TARNAME ""
| #define PACKAGE_VERSION ""
| #define PACKAGE_STRING ""
| #define PACKAGE_BUGREPORT ""
| #define PACKAGE "mt-daapd"
| #define VERSION "svn-1696"
| #define _GNU_SOURCE 1
| #define STDC_HEADERS 1
| #define HAVE_SYS_TYPES_H 1
| #define HAVE_SYS_STAT_H 1
| #define HAVE_STDLIB_H 1
| #define HAVE_STRING_H 1
| #define HAVE_MEMORY_H 1
| #define HAVE_STRINGS_H 1
| #define HAVE_INTTYPES_H 1
| #define HAVE_STDINT_H 1
| #define HAVE_UNISTD_H 1
| /* end confdefs.h.  */
| #include <stdio.h>
| #if HAVE_SYS_TYPES_H
| # include <sys/types.h>
| #endif
| #if HAVE_SYS_STAT_H
| # include <sys/stat.h>
| #endif
| #if STDC_HEADERS
| # include <stdlib.h>
| # include <stddef.h>
| #else
| # if HAVE_STDLIB_H
| #  include <stdlib.h>
| # endif
| #endif
| #if HAVE_STRING_H
| # if !STDC_HEADERS && HAVE_MEMORY_H
| #  include <memory.h>
| # endif
| # include <string.h>
| #endif
| #if HAVE_STRINGS_H
| # include <strings.h>
| #endif
| #if HAVE_INTTYPES_H
| # include <inttypes.h>
| #else
| # if HAVE_STDINT_H
| #  include <stdint.h>
| # endif
| #endif
| #if HAVE_UNISTD_H
| # include <unistd.h>
| #endif
| #include <minix/config.h>
configure:3658: result: no
configure:3662: checking minix/config.h presence
configure:3672: arm-mv5sft-linux-gnueabi-gcc -E -I/home/ibuki/cvmod/unic/unic/module/include conftest.c
conftest.c:22:26: error: minix/config.h: No such file or directory
configure:3678: $? = 1
configure: failed program was:
| /* confdefs.h.  */
| 
| #define PACKAGE_NAME ""
| #define PACKAGE_TARNAME ""
| #define PACKAGE_VERSION ""
| #define PACKAGE_STRING ""
| #define PACKAGE_BUGREPORT ""
| #define PACKAGE "mt-daapd"
| #define VERSION "svn-1696"
| #define _GNU_SOURCE 1
| #define STDC_HEADERS 1
| #define HAVE_SYS_TYPES_H 1
| #define HAVE_SYS_STAT_H 1
| #define HAVE_STDLIB_H 1
| #define HAVE_STRING_H 1
| #define HAVE_MEMORY_H 1
| #define HAVE_STRINGS_H 1
| #define HAVE_INTTYPES_H 1
| #define HAVE_STDINT_H 1
| #define HAVE_UNISTD_H 1
| /* end confdefs.h.  */
| #include <minix/config.h>
configure:3698: result: no
configure:3733: checking for minix/config.h
configure:3740: result: no
configure:3779: checking whether it is safe to define __EXTENSIONS__
configure:3802: arm-mv5sft-linux-gnueabi-gcc -c -g -O2 -I/home/ibuki/cvmod/unic/unic/module/include conftest.c >&5
configure:3808: $? = 0
configure:3811: test -z 			 || test ! -s conftest.err
configure:3814: $? = 0
configure:3817: test -s conftest.o
configure:3820: $? = 0
configure:3831: result: yes
configure:3856: checking for arm-mv5sft-linux-gnueabi-gcc
configure:3882: result: arm-mv5sft-linux-gnueabi-gcc
configure:4164: checking for C compiler version
configure:4167: arm-mv5sft-linux-gnueabi-gcc --version </dev/null >&5
arm-mv5sft-linux-gnueabi-gcc (sdk3.3-ct-ng-1.4.1) 4.3.2
Copyright (C) 2008 Free Software Foundation, Inc.
This is free software; see the source for copying conditions.  There is NO
warranty; not even for MERCHANTABILITY or FITNESS FOR A PARTICULAR PURPOSE.

configure:4170: $? = 0
configure:4172: arm-mv5sft-linux-gnueabi-gcc -v </dev/null >&5
Using built-in specs.
Target: arm-mv5sft-linux-gnueabi
Configured with: /home/seugene/sdk/targets/src/gcc-4.3.2/configure --build=i486-build_pc-linux-gnu --host=i486-build_pc-linux-gnu --target=arm-mv5sft-linux-gnueabi --prefix=/home/seugene/sdk/targets/arm-mv5sft-linux-gnueabi/cross --with-sysroot=/home/seugene/sdk/targets/arm-mv5sft-linux-gnueabi/cross/arm-mv5sft-linux-gnueabi//sys-root --enable-languages=c,c++,fortran,java --disable-multilib --with-arch=armv5te --with-float=soft --with-gmp=/home/seugene/sdk/targets/arm-mv5sft-linux-gnueabi/cross --with-mpfr=/home/seugene/sdk/targets/arm-mv5sft-linux-gnueabi/cross --with-pkgversion=sdk3.3-ct-ng-1.4.1 --disable-sjlj-exceptions --enable-__cxa_atexit --with-local-prefix=/home/seugene/sdk/targets/arm-mv5sft-linux-gnueabi/cross/arm-mv5sft-linux-gnueabi//sys-root --disable-nls --enable-threads=posix --enable-symvers=gnu --enable-c99 --enable-long-long --enable-target-optspace
Thread model: posix
gcc version 4.3.2 (sdk3.3-ct-ng-1.4.1) 
configure:4175: $? = 0
configure:4177: arm-mv5sft-linux-gnueabi-gcc -V </dev/null >&5
arm-mv5sft-linux-gnueabi-gcc: '-V' option must have argument
configure:4180: $? = 1
configure:4183: checking whether we are using the GNU C compiler
configure:4238: result: yes
configure:4244: checking whether arm-mv5sft-linux-gnueabi-gcc accepts -g
configure:4294: result: yes
configure:4311: checking for arm-mv5sft-linux-gnueabi-gcc option to accept ANSI C
configure:4417: result: none needed
configure:4435: arm-mv5sft-linux-gnueabi-gcc -c -g -O2 -I/home/ibuki/cvmod/unic/unic/module/include conftest.c >&5
conftest.c:2: error: expected '=', ',', ';', 'asm' or '__attribute__' before 'me'
configure:4441: $? = 1
configure: failed program was:
| #ifndef __cplusplus
|   choke me
| #endif
configure:4573: checking dependency style of arm-mv5sft-linux-gnueabi-gcc
configure:4663: result: gcc3
configure:4758: checking build system type
configure:4776: result: i686-pc-linux-gnu
configure:4784: checking host system type
configure:4798: result: arm-mv5sft-linux-gnueabi
configure:4806: checking for a sed that does not truncate output
configure:4860: result: /bin/sed
configure:4874: checking for ld used by arm-mv5sft-linux-gnueabi-gcc
configure:4941: result: arm-mv5sft-linux-gnueabi-ld
configure:4950: checking if the linker (arm-mv5sft-linux-gnueabi-ld) is GNU ld
configure:4965: result: yes
configure:4970: checking for arm-mv5sft-linux-gnueabi-ld option to reload object files
configure:4977: result: -r
configure:4986: checking for BSD-compatible nm
configure:5028: result: arm-mv5sft-linux-gnueabi-nm
configure:5032: checking whether ln -s works
configure:5036: result: yes
configure:5043: checking how to recognise dependent libraries
configure:5217: result: pass_all
configure:5438: checking dlfcn.h usability
configure:5450: arm-mv5sft-linux-gnueabi-gcc -c -g -O2 -I/home/ibuki/cvmod/unic/unic/module/include conftest.c >&5
configure:5456: $? = 0
configure:5459: test -z 			 || test ! -s conftest.err
configure:5462: $? = 0
configure:5465: test -s conftest.o
configure:5468: $? = 0
configure:5478: result: yes
configure:5482: checking dlfcn.h presence
configure:5492: arm-mv5sft-linux-gnueabi-gcc -E -I/home/ibuki/cvmod/unic/unic/module/include conftest.c
configure:5498: $? = 0
configure:5518: result: yes
configure:5553: checking for dlfcn.h
configure:5560: result: yes
configure:5583: checking for arm-mv5sft-linux-gnueabi-g++
configure:5609: result: arm-mv5sft-linux-gnueabi-g++
configure:5667: checking for C++ compiler version
configure:5670: arm-mv5sft-linux-gnueabi-g++ --version </dev/null >&5
arm-mv5sft-linux-gnueabi-g++ (sdk3.3-ct-ng-1.4.1) 4.3.2
Copyright (C) 2008 Free Software Foundation, Inc.
This is free software; see the source for copying conditions.  There is NO
warranty; not even for MERCHANTABILITY or FITNESS FOR A PARTICULAR PURPOSE.

configure:5673: $? = 0
configure:5675: arm-mv5sft-linux-gnueabi-g++ -v </dev/null >&5
Using built-in specs.
Target: arm-mv5sft-linux-gnueabi
Configured with: /home/seugene/sdk/targets/src/gcc-4.3.2/configure --build=i486-build_pc-linux-gnu --host=i486-build_pc-linux-gnu --target=arm-mv5sft-linux-gnueabi --prefix=/home/seugene/sdk/targets/arm-mv5sft-linux-gnueabi/cross --with-sysroot=/home/seugene/sdk/targets/arm-mv5sft-linux-gnueabi/cross/arm-mv5sft-linux-gnueabi//sys-root --enable-languages=c,c++,fortran,java --disable-multilib --with-arch=armv5te --with-float=soft --with-gmp=/home/seugene/sdk/targets/arm-mv5sft-linux-gnueabi/cross --with-mpfr=/home/seugene/sdk/targets/arm-mv5sft-linux-gnueabi/cross --with-pkgversion=sdk3.3-ct-ng-1.4.1 --disable-sjlj-exceptions --enable-__cxa_atexit --with-local-prefix=/home/seugene/sdk/targets/arm-mv5sft-linux-gnueabi/cross/arm-mv5sft-linux-gnueabi//sys-root --disable-nls --enable-threads=posix --enable-symvers=gnu --enable-c99 --enable-long-long --enable-target-optspace
Thread model: posix
gcc version 4.3.2 (sdk3.3-ct-ng-1.4.1) 
configure:5678: $? = 0
configure:5680: arm-mv5sft-linux-gnueabi-g++ -V </dev/null >&5
arm-mv5sft-linux-gnueabi-g++: '-V' option must have argument
configure:5683: $? = 1
configure:5686: checking whether we are using the GNU C++ compiler
configure:5710: arm-mv5sft-linux-gnueabi-g++ -c -DPROJECT_NAME=\"DNS-345\" -DPROJECT_DNS_345=1 -DDNS_345=1 -I/home/ibuki/cvmod/unic/unic/module/include -DPROJECT_FEATURE_BAYS=4 -DPROJECT_FEATURE_BAYS_4=1 -DPROJECT_FEATURE_VOLUME_ENCRYPTION=1 -DPROJECT_FEATURE_IPV6=1 -DPROJECT_FEATURE_BONDING=1 -DPROJECT_FEATURE_OLED=1 -DPROJECT_FEATURE_SNMP=1 -I/home/ibuki/cvmod/unic/unic/module/include conftest.cc >&5
<command-line>: warning: missing terminating " character
configure:5716: $? = 0
configure:5719: test -z 			 || test ! -s conftest.err
configure:5722: $? = 0
configure:5725: test -s conftest.o
configure:5728: $? = 0
configure:5741: result: yes
configure:5747: checking whether arm-mv5sft-linux-gnueabi-g++ accepts -g
configure:5768: arm-mv5sft-linux-gnueabi-g++ -c -g -I/home/ibuki/cvmod/unic/unic/module/include conftest.cc >&5
configure:5774: $? = 0
configure:5777: test -z 			 || test ! -s conftest.err
configure:5780: $? = 0
configure:5783: test -s conftest.o
configure:5786: $? = 0
configure:5797: result: yes
configure:5839: arm-mv5sft-linux-gnueabi-g++ -c -DPROJECT_NAME=\"DNS-345\" -DPROJECT_DNS_345=1 -DDNS_345=1 -I/home/ibuki/cvmod/unic/unic/module/include -DPROJECT_FEATURE_BAYS=4 -DPROJECT_FEATURE_BAYS_4=1 -DPROJECT_FEATURE_VOLUME_ENCRYPTION=1 -DPROJECT_FEATURE_IPV6=1 -DPROJECT_FEATURE_BONDING=1 -DPROJECT_FEATURE_OLED=1 -DPROJECT_FEATURE_SNMP=1 -I/home/ibuki/cvmod/unic/unic/module/include conftest.cc >&5
<command-line>: warning: missing terminating " character
configure:5845: $? = 0
configure:5848: test -z 			 || test ! -s conftest.err
configure:5851: $? = 0
configure:5854: test -s conftest.o
configure:5857: $? = 0
configure:5883: arm-mv5sft-linux-gnueabi-g++ -c -DPROJECT_NAME=\"DNS-345\" -DPROJECT_DNS_345=1 -DDNS_345=1 -I/home/ibuki/cvmod/unic/unic/module/include -DPROJECT_FEATURE_BAYS=4 -DPROJECT_FEATURE_BAYS_4=1 -DPROJECT_FEATURE_VOLUME_ENCRYPTION=1 -DPROJECT_FEATURE_IPV6=1 -DPROJECT_FEATURE_BONDING=1 -DPROJECT_FEATURE_OLED=1 -DPROJECT_FEATURE_SNMP=1 -I/home/ibuki/cvmod/unic/unic/module/include conftest.cc >&5
<command-line>: warning: missing terminating " character
conftest.cc: In function 'int main()':
conftest.cc:30: error: 'exit' was not declared in this scope
configure:5889: $? = 1
configure: failed program was:
| /* confdefs.h.  */
| 
| #define PACKAGE_NAME ""
| #define PACKAGE_TARNAME ""
| #define PACKAGE_VERSION ""
| #define PACKAGE_STRING ""
| #define PACKAGE_BUGREPORT ""
| #define PACKAGE "mt-daapd"
| #define VERSION "svn-1696"
| #define _GNU_SOURCE 1
| #define STDC_HEADERS 1
| #define HAVE_SYS_TYPES_H 1
| #define HAVE_SYS_STAT_H 1
| #define HAVE_STDLIB_H 1
| #define HAVE_STRING_H 1
| #define HAVE_MEMORY_H 1
| #define HAVE_STRINGS_H 1
| #define HAVE_INTTYPES_H 1
| #define HAVE_STDINT_H 1
| #define HAVE_UNISTD_H 1
| #define __EXTENSIONS__ 1
| #define _POSIX_PTHREAD_SEMANTICS 1
| #define _TANDEM_SOURCE 1
| #define HAVE_DLFCN_H 1
| /* end confdefs.h.  */
| 
| int
| main ()
| {
| exit (42);
|   ;
|   return 0;
| }
configure:5839: arm-mv5sft-linux-gnueabi-g++ -c -DPROJECT_NAME=\"DNS-345\" -DPROJECT_DNS_345=1 -DDNS_345=1 -I/home/ibuki/cvmod/unic/unic/module/include -DPROJECT_FEATURE_BAYS=4 -DPROJECT_FEATURE_BAYS_4=1 -DPROJECT_FEATURE_VOLUME_ENCRYPTION=1 -DPROJECT_FEATURE_IPV6=1 -DPROJECT_FEATURE_BONDING=1 -DPROJECT_FEATURE_OLED=1 -DPROJECT_FEATURE_SNMP=1 -I/home/ibuki/cvmod/unic/unic/module/include conftest.cc >&5
<command-line>: warning: missing terminating " character
conftest.cc:26: error: 'void std::exit(int)' should have been declared inside 'std'
configure:5845: $? = 1
configure: failed program was:
| /* confdefs.h.  */
| 
| #define PACKAGE_NAME ""
| #define PACKAGE_TARNAME ""
| #define PACKAGE_VERSION ""
| #define PACKAGE_STRING ""
| #define PACKAGE_BUGREPORT ""
| #define PACKAGE "mt-daapd"
| #define VERSION "svn-1696"
| #define _GNU_SOURCE 1
| #define STDC_HEADERS 1
| #define HAVE_SYS_TYPES_H 1
| #define HAVE_SYS_STAT_H 1
| #define HAVE_STDLIB_H 1
| #define HAVE_STRING_H 1
| #define HAVE_MEMORY_H 1
| #define HAVE_STRINGS_H 1
| #define HAVE_INTTYPES_H 1
| #define HAVE_STDINT_H 1
| #define HAVE_UNISTD_H 1
| #define __EXTENSIONS__ 1
| #define _POSIX_PTHREAD_SEMANTICS 1
| #define _TANDEM_SOURCE 1
| #define HAVE_DLFCN_H 1
| /* end confdefs.h.  */
| extern "C" void std::exit (int) throw (); using std::exit;
| #include <stdlib.h>
| int
| main ()
| {
| exit (42);
|   ;
|   return 0;
| }
configure:5839: arm-mv5sft-linux-gnueabi-g++ -c -DPROJECT_NAME=\"DNS-345\" -DPROJECT_DNS_345=1 -DDNS_345=1 -I/home/ibuki/cvmod/unic/unic/module/include -DPROJECT_FEATURE_BAYS=4 -DPROJECT_FEATURE_BAYS_4=1 -DPROJECT_FEATURE_VOLUME_ENCRYPTION=1 -DPROJECT_FEATURE_IPV6=1 -DPROJECT_FEATURE_BONDING=1 -DPROJECT_FEATURE_OLED=1 -DPROJECT_FEATURE_SNMP=1 -I/home/ibuki/cvmod/unic/unic/module/include conftest.cc >&5
<command-line>: warning: missing terminating " character
conftest.cc:26: error: 'void std::exit(int)' should have been declared inside 'std'
In file included from conftest.cc:27:
/opt_gccarm/arm-mv5sft-linux-gnueabi/bin/../arm-mv5sft-linux-gnueabi//sys-root/usr/include/stdlib.h:531: error: declaration of 'void std::exit(int) throw ()' throws different exceptions
conftest.cc:26: error: from previous declaration 'void std::exit(int)'
configure:5845: $? = 1
configure: failed program was:
| /* confdefs.h.  */
| 
| #define PACKAGE_NAME ""
| #define PACKAGE_TARNAME ""
| #define PACKAGE_VERSION ""
| #define PACKAGE_STRING ""
| #define PACKAGE_BUGREPORT ""
| #define PACKAGE "mt-daapd"
| #define VERSION "svn-1696"
| #define _GNU_SOURCE 1
| #define STDC_HEADERS 1
| #define HAVE_SYS_TYPES_H 1
| #define HAVE_SYS_STAT_H 1
| #define HAVE_STDLIB_H 1
| #define HAVE_STRING_H 1
| #define HAVE_MEMORY_H 1
| #define HAVE_STRINGS_H 1
| #define HAVE_INTTYPES_H 1
| #define HAVE_STDINT_H 1
| #define HAVE_UNISTD_H 1
| #define __EXTENSIONS__ 1
| #define _POSIX_PTHREAD_SEMANTICS 1
| #define _TANDEM_SOURCE 1
| #define HAVE_DLFCN_H 1
| /* end confdefs.h.  */
| extern "C" void std::exit (int); using std::exit;
| #include <stdlib.h>
| int
| main ()
| {
| exit (42);
|   ;
|   return 0;
| }
configure:5839: arm-mv5sft-linux-gnueabi-g++ -c -DPROJECT_NAME=\"DNS-345\" -DPROJECT_DNS_345=1 -DDNS_345=1 -I/home/ibuki/cvmod/unic/unic/module/include -DPROJECT_FEATURE_BAYS=4 -DPROJECT_FEATURE_BAYS_4=1 -DPROJECT_FEATURE_VOLUME_ENCRYPTION=1 -DPROJECT_FEATURE_IPV6=1 -DPROJECT_FEATURE_BONDING=1 -DPROJECT_FEATURE_OLED=1 -DPROJECT_FEATURE_SNMP=1 -I/home/ibuki/cvmod/unic/unic/module/include conftest.cc >&5
<command-line>: warning: missing terminating " character
configure:5845: $? = 0
configure:5848: test -z 			 || test ! -s conftest.err
configure:5851: $? = 0
configure:5854: test -s conftest.o
configure:5857: $? = 0
configure:5883: arm-mv5sft-linux-gnueabi-g++ -c -DPROJECT_NAME=\"DNS-345\" -DPROJECT_DNS_345=1 -DDNS_345=1 -I/home/ibuki/cvmod/unic/unic/module/include -DPROJECT_FEATURE_BAYS=4 -DPROJECT_FEATURE_BAYS_4=1 -DPROJECT_FEATURE_VOLUME_ENCRYPTION=1 -DPROJECT_FEATURE_IPV6=1 -DPROJECT_FEATURE_BONDING=1 -DPROJECT_FEATURE_OLED=1 -DPROJECT_FEATURE_SNMP=1 -I/home/ibuki/cvmod/unic/unic/module/include conftest.cc >&5
<command-line>: warning: missing terminating " character
configure:5889: $? = 0
configure:5892: test -z 			 || test ! -s conftest.err
configure:5895: $? = 0
configure:5898: test -s conftest.o
configure:5901: $? = 0
configure:5926: checking dependency style of arm-mv5sft-linux-gnueabi-g++
configure:6016: result: gcc3
configure:6038: checking how to run the C++ preprocessor
configure:6069: arm-mv5sft-linux-gnueabi-g++ -E -I/home/ibuki/cvmod/unic/unic/module/include conftest.cc
configure:6075: $? = 0
configure:6107: arm-mv5sft-linux-gnueabi-g++ -E -I/home/ibuki/cvmod/unic/unic/module/include conftest.cc
conftest.cc:29:28: error: ac_nonexistent.h: No such file or directory
configure:6113: $? = 1
configure: failed program was:
| /* confdefs.h.  */
| 
| #define PACKAGE_NAME ""
| #define PACKAGE_TARNAME ""
| #define PACKAGE_VERSION ""
| #define PACKAGE_STRING ""
| #define PACKAGE_BUGREPORT ""
| #define PACKAGE "mt-daapd"
| #define VERSION "svn-1696"
| #define _GNU_SOURCE 1
| #define STDC_HEADERS 1
| #define HAVE_SYS_TYPES_H 1
| #define HAVE_SYS_STAT_H 1
| #define HAVE_STDLIB_H 1
| #define HAVE_STRING_H 1
| #define HAVE_MEMORY_H 1
| #define HAVE_STRINGS_H 1
| #define HAVE_INTTYPES_H 1
| #define HAVE_STDINT_H 1
| #define HAVE_UNISTD_H 1
| #define __EXTENSIONS__ 1
| #define _POSIX_PTHREAD_SEMANTICS 1
| #define _TANDEM_SOURCE 1
| #define HAVE_DLFCN_H 1
| #ifdef __cplusplus
| extern "C" void exit (int) throw ();
| #endif
| /* end confdefs.h.  */
| #include <ac_nonexistent.h>
configure:6152: result: arm-mv5sft-linux-gnueabi-g++ -E
configure:6176: arm-mv5sft-linux-gnueabi-g++ -E -I/home/ibuki/cvmod/unic/unic/module/include conftest.cc
configure:6182: $? = 0
configure:6214: arm-mv5sft-linux-gnueabi-g++ -E -I/home/ibuki/cvmod/unic/unic/module/include conftest.cc
conftest.cc:29:28: error: ac_nonexistent.h: No such file or directory
configure:6220: $? = 1
configure: failed program was:
| /* confdefs.h.  */
| 
| #define PACKAGE_NAME ""
| #define PACKAGE_TARNAME ""
| #define PACKAGE_VERSION ""
| #define PACKAGE_STRING ""
| #define PACKAGE_BUGREPORT ""
| #define PACKAGE "mt-daapd"
| #define VERSION "svn-1696"
| #define _GNU_SOURCE 1
| #define STDC_HEADERS 1
| #define HAVE_SYS_TYPES_H 1
| #define HAVE_SYS_STAT_H 1
| #define HAVE_STDLIB_H 1
| #define HAVE_STRING_H 1
| #define HAVE_MEMORY_H 1
| #define HAVE_STRINGS_H 1
| #define HAVE_INTTYPES_H 1
| #define HAVE_STDINT_H 1
| #define HAVE_UNISTD_H 1
| #define __EXTENSIONS__ 1
| #define _POSIX_PTHREAD_SEMANTICS 1
| #define _TANDEM_SOURCE 1
| #define HAVE_DLFCN_H 1
| #ifdef __cplusplus
| extern "C" void exit (int) throw ();
| #endif
| /* end confdefs.h.  */
| #include <ac_nonexistent.h>
configure:6273: checking for arm-mv5sft-linux-gnueabi-g77
configure:6302: result: no
configure:6273: checking for arm-mv5sft-linux-gnueabi-f77
configure:6302: result: no
configure:6273: checking for arm-mv5sft-linux-gnueabi-xlf
configure:6302: result: no
configure:6273: checking for arm-mv5sft-linux-gnueabi-frt
configure:6302: result: no
configure:6273: checking for arm-mv5sft-linux-gnueabi-pgf77
configure:6302: result: no
configure:6273: checking for arm-mv5sft-linux-gnueabi-fort77
configure:6302: result: no
configure:6273: checking for arm-mv5sft-linux-gnueabi-fl32
configure:6302: result: no
configure:6273: checking for arm-mv5sft-linux-gnueabi-af77
configure:6302: result: no
configure:6273: checking for arm-mv5sft-linux-gnueabi-f90
configure:6302: result: no
configure:6273: checking for arm-mv5sft-linux-gnueabi-xlf90
configure:6302: result: no
configure:6273: checking for arm-mv5sft-linux-gnueabi-pgf90
configure:6302: result: no
configure:6273: checking for arm-mv5sft-linux-gnueabi-epcf90
configure:6302: result: no
configure:6273: checking for arm-mv5sft-linux-gnueabi-f95
configure:6302: result: no
configure:6273: checking for arm-mv5sft-linux-gnueabi-fort
configure:6302: result: no
configure:6273: checking for arm-mv5sft-linux-gnueabi-xlf95
configure:6302: result: no
configure:6273: checking for arm-mv5sft-linux-gnueabi-ifc
configure:6302: result: no
configure:6273: checking for arm-mv5sft-linux-gnueabi-efc
configure:6302: result: no
configure:6273: checking for arm-mv5sft-linux-gnueabi-pgf95
configure:6302: result: no
configure:6273: checking for arm-mv5sft-linux-gnueabi-lf95
configure:6302: result: no
configure:6273: checking for arm-mv5sft-linux-gnueabi-gfortran
configure:6289: found /opt_gccarm/arm-mv5sft-linux-gnueabi/bin/arm-mv5sft-linux-gnueabi-gfortran
configure:6299: result: arm-mv5sft-linux-gnueabi-gfortran
configure:6356: checking for Fortran 77 compiler version
configure:6359: arm-mv5sft-linux-gnueabi-gfortran --version </dev/null >&5
GNU Fortran (sdk3.3-ct-ng-1.4.1) 4.3.2
Copyright (C) 2008 Free Software Foundation, Inc.

GNU Fortran comes with NO WARRANTY, to the extent permitted by law.
You may redistribute copies of GNU Fortran
under the terms of the GNU General Public License.
For more information about these matters, see the file named COPYING

configure:6362: $? = 0
configure:6364: arm-mv5sft-linux-gnueabi-gfortran -v </dev/null >&5
Using built-in specs.
Target: arm-mv5sft-linux-gnueabi
Configured with: /home/seugene/sdk/targets/src/gcc-4.3.2/configure --build=i486-build_pc-linux-gnu --host=i486-build_pc-linux-gnu --target=arm-mv5sft-linux-gnueabi --prefix=/home/seugene/sdk/targets/arm-mv5sft-linux-gnueabi/cross --with-sysroot=/home/seugene/sdk/targets/arm-mv5sft-linux-gnueabi/cross/arm-mv5sft-linux-gnueabi//sys-root --enable-languages=c,c++,fortran,java --disable-multilib --with-arch=armv5te --with-float=soft --with-gmp=/home/seugene/sdk/targets/arm-mv5sft-linux-gnueabi/cross --with-mpfr=/home/seugene/sdk/targets/arm-mv5sft-linux-gnueabi/cross --with-pkgversion=sdk3.3-ct-ng-1.4.1 --disable-sjlj-exceptions --enable-__cxa_atexit --with-local-prefix=/home/seugene/sdk/targets/arm-mv5sft-linux-gnueabi/cross/arm-mv5sft-linux-gnueabi//sys-root --disable-nls --enable-threads=posix --enable-symvers=gnu --enable-c99 --enable-long-long --enable-target-optspace
Thread model: posix
gcc version 4.3.2 (sdk3.3-ct-ng-1.4.1) 
configure:6367: $? = 0
configure:6369: arm-mv5sft-linux-gnueabi-gfortran -V </dev/null >&5
arm-mv5sft-linux-gnueabi-gfortran: '-V' option must have argument
configure:6372: $? = 1
configure:6380: checking whether we are using the GNU Fortran 77 compiler
configure:6394: arm-mv5sft-linux-gnueabi-gfortran -c  conftest.F >&5
configure:6400: $? = 0
configure:6403: test -z 			 || test ! -s conftest.err
configure:6406: $? = 0
configure:6409: test -s conftest.o
configure:6412: $? = 0
configure:6425: result: yes
configure:6431: checking whether arm-mv5sft-linux-gnueabi-gfortran accepts -g
configure:6443: arm-mv5sft-linux-gnueabi-gfortran -c -g conftest.f >&5
configure:6449: $? = 0
configure:6452: test -z 			 || test ! -s conftest.err
configure:6455: $? = 0
configure:6458: test -s conftest.o
configure:6461: $? = 0
configure:6473: result: yes
configure:6503: checking the maximum length of command line arguments
configure:6568: result: 32768
configure:6579: checking command to parse arm-mv5sft-linux-gnueabi-nm output from arm-mv5sft-linux-gnueabi-gcc object
configure:6668: arm-mv5sft-linux-gnueabi-gcc -c -g -O2 -I/home/ibuki/cvmod/unic/unic/module/include conftest.c >&5
configure:6671: $? = 0
configure:6675: arm-mv5sft-linux-gnueabi-nm conftest.o \| sed -n -e 's/^.*[ 	]\([ABCDGIRSTW][ABCDGIRSTW]*\)[ 	][ 	]*\(\)\([_A-Za-z][_A-Za-z0-9]*\)$/\1 \2\3 \3/p' \> conftest.nm
configure:6678: $? = 0
configure:6730: arm-mv5sft-linux-gnueabi-gcc -o conftest -g -O2 -I/home/ibuki/cvmod/unic/unic/module/include -L/home/ibuki/cvmod/unic/unic/module/lib/DNS-345 -lmipc -liconv conftest.c conftstm.o >&5
configure:6733: $? = 0
configure:6771: result: ok
configure:6775: checking for objdir
configure:6790: result: .libs
configure:6842: checking for arm-mv5sft-linux-gnueabi-ar
configure:6868: result: arm-mv5sft-linux-gnueabi-ar
configure:6922: checking for arm-mv5sft-linux-gnueabi-ranlib
configure:6948: result: arm-mv5sft-linux-gnueabi-ranlib
configure:7002: checking for arm-mv5sft-linux-gnueabi-strip
configure:7028: result: arm-mv5sft-linux-gnueabi-strip
configure:7329: checking if arm-mv5sft-linux-gnueabi-gcc static flag  works
configure:7352: result: yes
configure:7370: checking if arm-mv5sft-linux-gnueabi-gcc supports -fno-rtti -fno-exceptions
configure:7388: arm-mv5sft-linux-gnueabi-gcc -c -g -O2 -I/home/ibuki/cvmod/unic/unic/module/include -fno-rtti -fno-exceptions conftest.c >&5
cc1: warning: command line option "-fno-rtti" is valid for C++/ObjC++ but not for C
configure:7392: $? = 0
configure:7403: result: no
configure:7418: checking for arm-mv5sft-linux-gnueabi-gcc option to produce PIC
configure:7595: result: -fPIC
configure:7603: checking if arm-mv5sft-linux-gnueabi-gcc PIC flag -fPIC works
configure:7621: arm-mv5sft-linux-gnueabi-gcc -c -g -O2 -I/home/ibuki/cvmod/unic/unic/module/include -fPIC -DPIC conftest.c >&5
configure:7625: $? = 0
configure:7636: result: yes
configure:7660: checking if arm-mv5sft-linux-gnueabi-gcc supports -c -o file.o
configure:7681: arm-mv5sft-linux-gnueabi-gcc -c -g -O2 -I/home/ibuki/cvmod/unic/unic/module/include -o out/conftest2.o conftest.c >&5
configure:7685: $? = 0
configure:7705: result: yes
configure:7731: checking whether the arm-mv5sft-linux-gnueabi-gcc linker (arm-mv5sft-linux-gnueabi-ld) supports shared libraries
configure:8578: result: yes
configure:8604: checking whether -lc should be explicitly linked in
configure:8609: arm-mv5sft-linux-gnueabi-gcc -c -g -O2 -I/home/ibuki/cvmod/unic/unic/module/include conftest.c >&5
configure:8612: $? = 0
configure:8626: arm-mv5sft-linux-gnueabi-gcc -shared conftest.o  -v -Wl,-soname -Wl,conftest -o conftest 2\>\&1 \| grep  -lc  \>/dev/null 2\>\&1
configure:8629: $? = 0
configure:8641: result: no
configure:8649: checking dynamic linker characteristics
configure:9201: result: GNU/Linux ld.so
configure:9205: checking how to hardcode library paths into programs
configure:9230: result: immediate
configure:9244: checking whether stripping libraries is possible
configure:9249: result: yes
configure:10072: checking if libtool supports shared libraries
configure:10074: result: yes
configure:10077: checking whether to build shared libraries
configure:10135: result: yes
configure:10138: checking whether to build static libraries
configure:10142: result: yes
configure:10234: creating libtool
configure:10781: checking for ld used by arm-mv5sft-linux-gnueabi-g++
configure:10848: result: arm-mv5sft-linux-gnueabi-ld
configure:10857: checking if the linker (arm-mv5sft-linux-gnueabi-ld) is GNU ld
configure:10872: result: yes
configure:10923: checking whether the arm-mv5sft-linux-gnueabi-g++ linker (arm-mv5sft-linux-gnueabi-ld) supports shared libraries
configure:11749: result: yes
configure:11767: arm-mv5sft-linux-gnueabi-g++ -c -DPROJECT_NAME=\"DNS-345\" -DPROJECT_DNS_345=1 -DDNS_345=1 -I/home/ibuki/cvmod/unic/unic/module/include -DPROJECT_FEATURE_BAYS=4 -DPROJECT_FEATURE_BAYS_4=1 -DPROJECT_FEATURE_VOLUME_ENCRYPTION=1 -DPROJECT_FEATURE_IPV6=1 -DPROJECT_FEATURE_BONDING=1 -DPROJECT_FEATURE_OLED=1 -DPROJECT_FEATURE_SNMP=1 -I/home/ibuki/cvmod/unic/unic/module/include conftest.cc >&5
<command-line>: warning: missing terminating " character
configure:11770: $? = 0
configure:11866: checking for arm-mv5sft-linux-gnueabi-g++ option to produce PIC
configure:12118: result: -fPIC
configure:12126: checking if arm-mv5sft-linux-gnueabi-g++ PIC flag -fPIC works
configure:12144: arm-mv5sft-linux-gnueabi-g++ -c -DPROJECT_NAME=\"DNS-345\" -DPROJECT_DNS_345=1 -DDNS_345=1 -I/home/ibuki/cvmod/unic/unic/module/include -DPROJECT_FEATURE_BAYS=4 -DPROJECT_FEATURE_BAYS_4=1 -DPROJECT_FEATURE_VOLUME_ENCRYPTION=1 -DPROJECT_FEATURE_IPV6=1 -DPROJECT_FEATURE_BONDING=1 -DPROJECT_FEATURE_OLED=1 -DPROJECT_FEATURE_SNMP=1 -I/home/ibuki/cvmod/unic/unic/module/include -fPIC -DPIC conftest.cc >&5
<command-line>: warning: missing terminating " character
configure:12148: $? = 0
configure:12159: result: no
configure:12183: checking if arm-mv5sft-linux-gnueabi-g++ supports -c -o file.o
configure:12204: arm-mv5sft-linux-gnueabi-g++ -c -DPROJECT_NAME=\"DNS-345\" -DPROJECT_DNS_345=1 -DDNS_345=1 -I/home/ibuki/cvmod/unic/unic/module/include -DPROJECT_FEATURE_BAYS=4 -DPROJECT_FEATURE_BAYS_4=1 -DPROJECT_FEATURE_VOLUME_ENCRYPTION=1 -DPROJECT_FEATURE_IPV6=1 -DPROJECT_FEATURE_BONDING=1 -DPROJECT_FEATURE_OLED=1 -DPROJECT_FEATURE_SNMP=1 -I/home/ibuki/cvmod/unic/unic/module/include -o out/conftest2.o conftest.cc >&5
<command-line>: warning: missing terminating " character
configure:12208: $? = 0
configure:12228: result: no
configure:12254: checking whether the arm-mv5sft-linux-gnueabi-g++ linker (arm-mv5sft-linux-gnueabi-ld) supports shared libraries
configure:12282: result: yes
configure:12353: checking dynamic linker characteristics
configure:12905: result: GNU/Linux ld.so
configure:12909: checking how to hardcode library paths into programs
configure:12934: result: immediate
configure:12948: checking whether stripping libraries is possible
configure:12953: result: yes
configure:14253: checking if libtool supports shared libraries
configure:14255: result: yes
configure:14258: checking whether to build shared libraries
configure:14276: result: yes
configure:14279: checking whether to build static libraries
configure:14283: result: yes
configure:14295: checking for arm-mv5sft-linux-gnueabi-gfortran option to produce PIC
configure:14472: result: -fPIC
configure:14480: checking if arm-mv5sft-linux-gnueabi-gfortran PIC flag -fPIC works
configure:14498: arm-mv5sft-linux-gnueabi-gfortran -c -g -O2 -fPIC conftest.f >&5
configure:14502: $? = 0
configure:14513: result: yes
configure:14537: checking if arm-mv5sft-linux-gnueabi-gfortran supports -c -o file.o
configure:14558: arm-mv5sft-linux-gnueabi-gfortran -c -g -O2 -o out/conftest2.o conftest.f >&5
configure:14562: $? = 0
configure:14582: result: yes
configure:14608: checking whether the arm-mv5sft-linux-gnueabi-gfortran linker (arm-mv5sft-linux-gnueabi-ld) supports shared libraries
configure:15435: result: yes
configure:15506: checking dynamic linker characteristics
configure:16058: result: GNU/Linux ld.so
configure:16062: checking how to hardcode library paths into programs
configure:16087: result: immediate
configure:16101: checking whether stripping libraries is possible
configure:16106: result: yes
configure:20211: checking sys/wait.h usability
configure:20223: arm-mv5sft-linux-gnueabi-gcc -c -g -O2 -I/home/ibuki/cvmod/unic/unic/module/include conftest.c >&5
configure:20229: $? = 0
configure:20232: test -z 			 || test ! -s conftest.err
configure:20235: $? = 0
configure:20238: test -s conftest.o
configure:20241: $? = 0
configure:20251: result: yes
configure:20255: checking sys/wait.h presence
configure:20265: arm-mv5sft-linux-gnueabi-gcc -E -I/home/ibuki/cvmod/unic/unic/module/include conftest.c
configure:20271: $? = 0
configure:20291: result: yes
configure:20326: checking for sys/wait.h
configure:20333: result: yes
configure:20360: checking sys/param.h usability
configure:20372: arm-mv5sft-linux-gnueabi-gcc -c -g -O2 -I/home/ibuki/cvmod/unic/unic/module/include conftest.c >&5
configure:20378: $? = 0
configure:20381: test -z 			 || test ! -s conftest.err
configure:20384: $? = 0
configure:20387: test -s conftest.o
configure:20390: $? = 0
configure:20400: result: yes
configure:20404: checking sys/param.h presence
configure:20414: arm-mv5sft-linux-gnueabi-gcc -E -I/home/ibuki/cvmod/unic/unic/module/include conftest.c
configure:20420: $? = 0
configure:20440: result: yes
configure:20475: checking for sys/param.h
configure:20482: result: yes
configure:20509: checking sys/select.h usability
configure:20521: arm-mv5sft-linux-gnueabi-gcc -c -g -O2 -I/home/ibuki/cvmod/unic/unic/module/include conftest.c >&5
configure:20527: $? = 0
configure:20530: test -z 			 || test ! -s conftest.err
configure:20533: $? = 0
configure:20536: test -s conftest.o
configure:20539: $? = 0
configure:20549: result: yes
configure:20553: checking sys/select.h presence
configure:20563: arm-mv5sft-linux-gnueabi-gcc -E -I/home/ibuki/cvmod/unic/unic/module/include conftest.c
configure:20569: $? = 0
configure:20589: result: yes
configure:20624: checking for sys/select.h
configure:20631: result: yes
configure:20658: checking dirent.h usability
configure:20670: arm-mv5sft-linux-gnueabi-gcc -c -g -O2 -I/home/ibuki/cvmod/unic/unic/module/include conftest.c >&5
configure:20676: $? = 0
configure:20679: test -z 			 || test ! -s conftest.err
configure:20682: $? = 0
configure:20685: test -s conftest.o
configure:20688: $? = 0
configure:20698: result: yes
configure:20702: checking dirent.h presence
configure:20712: arm-mv5sft-linux-gnueabi-gcc -E -I/home/ibuki/cvmod/unic/unic/module/include conftest.c
configure:20718: $? = 0
configure:20738: result: yes
configure:20773: checking for dirent.h
configure:20780: result: yes
configure:20797: checking for strptime
configure:20854: arm-mv5sft-linux-gnueabi-gcc -o conftest -g -O2 -I/home/ibuki/cvmod/unic/unic/module/include -L/home/ibuki/cvmod/unic/unic/module/lib/DNS-345 -lmipc -liconv conftest.c  >&5
configure:20860: $? = 0
configure:20863: test -z 			 || test ! -s conftest.err
configure:20866: $? = 0
configure:20869: test -s conftest
configure:20872: $? = 0
configure:20884: result: yes
configure:20898: checking for strtok_r
configure:20955: arm-mv5sft-linux-gnueabi-gcc -o conftest -g -O2 -I/home/ibuki/cvmod/unic/unic/module/include -L/home/ibuki/cvmod/unic/unic/module/lib/DNS-345 -lmipc -liconv conftest.c  >&5
configure:20961: $? = 0
configure:20964: test -z 			 || test ! -s conftest.err
configure:20967: $? = 0
configure:20970: test -s conftest
configure:20973: $? = 0
configure:20985: result: yes
configure:20999: checking for timegm
configure:21056: arm-mv5sft-linux-gnueabi-gcc -o conftest -g -O2 -I/home/ibuki/cvmod/unic/unic/module/include -L/home/ibuki/cvmod/unic/unic/module/lib/DNS-345 -lmipc -liconv conftest.c  >&5
configure:21062: $? = 0
configure:21065: test -z 			 || test ! -s conftest.err
configure:21068: $? = 0
configure:21071: test -s conftest
configure:21074: $? = 0
configure:21086: result: yes
configure:21100: checking for va_copy
configure:21157: arm-mv5sft-linux-gnueabi-gcc -o conftest -g -O2 -I/home/ibuki/cvmod/unic/unic/module/include -L/home/ibuki/cvmod/unic/unic/module/lib/DNS-345 -lmipc -liconv conftest.c  >&5
/tmp/cck4VMsd.o: In function `main':
/home/ibuki/cvmod/unic/unic-gpl/iTunes_server/built_in/mt-daapd-svn-1696/conftest.c:79: undefined reference to `va_copy'
/tmp/cck4VMsd.o:(.data+0x0): undefined reference to `va_copy'
collect2: ld returned 1 exit status
configure:21163: $? = 1
configure: failed program was:
| /* confdefs.h.  */
| 
| #define PACKAGE_NAME ""
| #define PACKAGE_TARNAME ""
| #define PACKAGE_VERSION ""
| #define PACKAGE_STRING ""
| #define PACKAGE_BUGREPORT ""
| #define PACKAGE "mt-daapd"
| #define VERSION "svn-1696"
| #define _GNU_SOURCE 1
| #define STDC_HEADERS 1
| #define HAVE_SYS_TYPES_H 1
| #define HAVE_SYS_STAT_H 1
| #define HAVE_STDLIB_H 1
| #define HAVE_STRING_H 1
| #define HAVE_MEMORY_H 1
| #define HAVE_STRINGS_H 1
| #define HAVE_INTTYPES_H 1
| #define HAVE_STDINT_H 1
| #define HAVE_UNISTD_H 1
| #define __EXTENSIONS__ 1
| #define _POSIX_PTHREAD_SEMANTICS 1
| #define _TANDEM_SOURCE 1
| #define HAVE_DLFCN_H 1
| #ifdef __cplusplus
| extern "C" void exit (int) throw ();
| #endif
| #define HAVE_SYS_WAIT_H 1
| #define HAVE_SYS_PARAM_H 1
| #define HAVE_SYS_SELECT_H 1
| #define HAVE_DIRENT_H 1
| #define HAVE_STRPTIME 1
| #define HAVE_STRTOK_R 1
| #define HAVE_TIMEGM 1
| /* end confdefs.h.  */
| /* Define va_copy to an innocuous variant, in case <limits.h> declares va_copy.
|    For example, HP-UX 11i <limits.h> declares gettimeofday.  */
| #define va_copy innocuous_va_copy
| 
| /* System header to define __stub macros and hopefully few prototypes,
|     which can conflict with char va_copy (); below.
|     Prefer <limits.h> to <assert.h> if __STDC__ is defined, since
|     <limits.h> exists even on freestanding compilers.  */
| 
| #ifdef __STDC__
| # include <limits.h>
| #else
| # include <assert.h>
| #endif
| 
| #undef va_copy
| 
| /* Override any gcc2 internal prototype to avoid an error.  */
| #ifdef __cplusplus
| extern "C"
| {
| #endif
| /* We use char because int might match the return type of a gcc2
|    builtin and then its argument prototype would still apply.  */
| char va_copy ();
| /* The GNU C library defines this for functions which it implements
|     to always fail with ENOSYS.  Some functions are actually named
|     something starting with __ and the normal name is an alias.  */
| #if defined (__stub_va_copy) || defined (__stub___va_copy)
| choke me
| #else
| char (*f) () = va_copy;
| #endif
| #ifdef __cplusplus
| }
| #endif
| 
| int
| main ()
| {
| return f != va_copy;
|   ;
|   return 0;
| }
configure:21187: result: no
configure:21201: checking for __va_copy
configure:21258: arm-mv5sft-linux-gnueabi-gcc -o conftest -g -O2 -I/home/ibuki/cvmod/unic/unic/module/include -L/home/ibuki/cvmod/unic/unic/module/lib/DNS-345 -lmipc -liconv conftest.c  >&5
/tmp/ccM6NHFx.o: In function `main':
/home/ibuki/cvmod/unic/unic-gpl/iTunes_server/built_in/mt-daapd-svn-1696/conftest.c:79: undefined reference to `__va_copy'
/tmp/ccM6NHFx.o:(.data+0x0): undefined reference to `__va_copy'
collect2: ld returned 1 exit status
configure:21264: $? = 1
configure: failed program was:
| /* confdefs.h.  */
| 
| #define PACKAGE_NAME ""
| #define PACKAGE_TARNAME ""
| #define PACKAGE_VERSION ""
| #define PACKAGE_STRING ""
| #define PACKAGE_BUGREPORT ""
| #define PACKAGE "mt-daapd"
| #define VERSION "svn-1696"
| #define _GNU_SOURCE 1
| #define STDC_HEADERS 1
| #define HAVE_SYS_TYPES_H 1
| #define HAVE_SYS_STAT_H 1
| #define HAVE_STDLIB_H 1
| #define HAVE_STRING_H 1
| #define HAVE_MEMORY_H 1
| #define HAVE_STRINGS_H 1
| #define HAVE_INTTYPES_H 1
| #define HAVE_STDINT_H 1
| #define HAVE_UNISTD_H 1
| #define __EXTENSIONS__ 1
| #define _POSIX_PTHREAD_SEMANTICS 1
| #define _TANDEM_SOURCE 1
| #define HAVE_DLFCN_H 1
| #ifdef __cplusplus
| extern "C" void exit (int) throw ();
| #endif
| #define HAVE_SYS_WAIT_H 1
| #define HAVE_SYS_PARAM_H 1
| #define HAVE_SYS_SELECT_H 1
| #define HAVE_DIRENT_H 1
| #define HAVE_STRPTIME 1
| #define HAVE_STRTOK_R 1
| #define HAVE_TIMEGM 1
| /* end confdefs.h.  */
| /* Define __va_copy to an innocuous variant, in case <limits.h> declares __va_copy.
|    For example, HP-UX 11i <limits.h> declares gettimeofday.  */
| #define __va_copy innocuous___va_copy
| 
| /* System header to define __stub macros and hopefully few prototypes,
|     which can conflict with char __va_copy (); below.
|     Prefer <limits.h> to <assert.h> if __STDC__ is defined, since
|     <limits.h> exists even on freestanding compilers.  */
| 
| #ifdef __STDC__
| # include <limits.h>
| #else
| # include <assert.h>
| #endif
| 
| #undef __va_copy
| 
| /* Override any gcc2 internal prototype to avoid an error.  */
| #ifdef __cplusplus
| extern "C"
| {
| #endif
| /* We use char because int might match the return type of a gcc2
|    builtin and then its argument prototype would still apply.  */
| char __va_copy ();
| /* The GNU C library defines this for functions which it implements
|     to always fail with ENOSYS.  Some functions are actually named
|     something starting with __ and the normal name is an alias.  */
| #if defined (__stub___va_copy) || defined (__stub_____va_copy)
| choke me
| #else
| char (*f) () = __va_copy;
| #endif
| #ifdef __cplusplus
| }
| #endif
| 
| int
| main ()
| {
| return f != __va_copy;
|   ;
|   return 0;
| }
configure:21288: result: no
configure:21310: checking whether setpgrp takes no argument
configure:21365: result: yes
configure:21406: checking for pthread_creat in -lc_r
configure:21436: arm-mv5sft-linux-gnueabi-gcc -o conftest -g -O2 -I/home/ibuki/cvmod/unic/unic/module/include -g -Wall -L/home/ibuki/cvmod/unic/unic/module/lib/DNS-345 -lmipc -liconv conftest.c -lc_r   >&5
/opt_gccarm/arm-mv5sft-linux-gnueabi/bin/../lib/gcc/arm-mv5sft-linux-gnueabi/4.3.2/../../../../arm-mv5sft-linux-gnueabi/bin/ld: cannot find -lc_r
collect2: ld returned 1 exit status
configure:21442: $? = 1
configure: failed program was:
| /* confdefs.h.  */
| 
| #define PACKAGE_NAME ""
| #define PACKAGE_TARNAME ""
| #define PACKAGE_VERSION ""
| #define PACKAGE_STRING ""
| #define PACKAGE_BUGREPORT ""
| #define PACKAGE "mt-daapd"
| #define VERSION "svn-1696"
| #define _GNU_SOURCE 1
| #define STDC_HEADERS 1
| #define HAVE_SYS_TYPES_H 1
| #define HAVE_SYS_STAT_H 1
| #define HAVE_STDLIB_H 1
| #define HAVE_STRING_H 1
| #define HAVE_MEMORY_H 1
| #define HAVE_STRINGS_H 1
| #define HAVE_INTTYPES_H 1
| #define HAVE_STDINT_H 1
| #define HAVE_UNISTD_H 1
| #define __EXTENSIONS__ 1
| #define _POSIX_PTHREAD_SEMANTICS 1
| #define _TANDEM_SOURCE 1
| #define HAVE_DLFCN_H 1
| #ifdef __cplusplus
| extern "C" void exit (int) throw ();
| #endif
| #define HAVE_SYS_WAIT_H 1
| #define HAVE_SYS_PARAM_H 1
| #define HAVE_SYS_SELECT_H 1
| #define HAVE_DIRENT_H 1
| #define HAVE_STRPTIME 1
| #define HAVE_STRTOK_R 1
| #define HAVE_TIMEGM 1
| #define SETPGRP_VOID 1
| #define CONFFILE "/etc/mt-daapd.conf"
| /* end confdefs.h.  */
| 
| /* Override any gcc2 internal prototype to avoid an error.  */
| #ifdef __cplusplus
| extern "C"
| #endif
| /* We use char because int might match the return type of a gcc2
|    builtin and then its argument prototype would still apply.  */
| char pthread_creat ();
| int
| main ()
| {
| pthread_creat ();
|   ;
|   return 0;
| }
configure:21467: result: no
configure:21473: checking for pthread_create in -lpthread
configure:21503: arm-mv5sft-linux-gnueabi-gcc -o conftest -g -O2 -I/home/ibuki/cvmod/unic/unic/module/include -g -Wall -L/home/ibuki/cvmod/unic/unic/module/lib/DNS-345 -lmipc -liconv conftest.c -lpthread   >&5
configure:21509: $? = 0
configure:21512: test -z 			 || test ! -s conftest.err
configure:21515: $? = 0
configure:21518: test -s conftest
configure:21521: $? = 0
configure:21534: result: yes
configure:21603: checking for arm-mv5sft-linux-gnueabi-pkg-config
configure:21636: result: no
configure:21645: checking for pkg-config
configure:21663: found /usr/bin/pkg-config
configure:21675: result: /usr/bin/pkg-config
configure:21690: checking pkg-config is at least version 0.9.0
configure:21693: result: yes
configure:22010: checking for strcasestr
configure:22067: arm-mv5sft-linux-gnueabi-gcc -o conftest -g -O2 -I/home/ibuki/cvmod/unic/unic/module/include -g -Wall -L/home/ibuki/cvmod/unic/unic/module/lib/DNS-345 -lmipc -liconv conftest.c  -lpthread >&5
configure:22073: $? = 0
configure:22076: test -z 			 || test ! -s conftest.err
configure:22079: $? = 0
configure:22082: test -s conftest
configure:22085: $? = 0
configure:22097: result: yes
configure:22010: checking for strsep
configure:22067: arm-mv5sft-linux-gnueabi-gcc -o conftest -g -O2 -I/home/ibuki/cvmod/unic/unic/module/include -g -Wall -L/home/ibuki/cvmod/unic/unic/module/lib/DNS-345 -lmipc -liconv conftest.c  -lpthread >&5
configure:22073: $? = 0
configure:22076: test -z 			 || test ! -s conftest.err
configure:22079: $? = 0
configure:22082: test -s conftest
configure:22085: $? = 0
configure:22097: result: yes
configure:22371: checking getopt.h usability
configure:22383: arm-mv5sft-linux-gnueabi-gcc -c -g -O2 -I/home/ibuki/cvmod/unic/unic/module/include -g -Wall -DHAVE_SQL -DHOST='"arm-mv5sft-linux-gnueabi"' -DNOT_HAVE_SA_LEN -DUSES_NETLINK -DHAVE_LINUX conftest.c >&5
configure:22389: $? = 0
configure:22392: test -z 			 || test ! -s conftest.err
configure:22395: $? = 0
configure:22398: test -s conftest.o
configure:22401: $? = 0
configure:22411: result: yes
configure:22415: checking getopt.h presence
configure:22425: arm-mv5sft-linux-gnueabi-gcc -E -I/home/ibuki/cvmod/unic/unic/module/include -g -Wall -DHAVE_SQL -DHOST='"arm-mv5sft-linux-gnueabi"' -DNOT_HAVE_SA_LEN -DUSES_NETLINK -DHAVE_LINUX conftest.c
configure:22431: $? = 0
configure:22451: result: yes
configure:22486: checking for getopt.h
configure:22493: result: yes
configure:22511: checking for stdint.h
configure:22516: result: yes
configure:22670: checking id3tag.h usability
configure:22682: arm-mv5sft-linux-gnueabi-gcc -c -g -O2 -I/home/ibuki/cvmod/unic/unic/module/include -g -Wall -DHAVE_SQL -DHOST='"arm-mv5sft-linux-gnueabi"' -DNOT_HAVE_SA_LEN -DUSES_NETLINK -DHAVE_LINUX conftest.c >&5
configure:22688: $? = 0
configure:22691: test -z 			 || test ! -s conftest.err
configure:22694: $? = 0
configure:22697: test -s conftest.o
configure:22700: $? = 0
configure:22710: result: yes
configure:22714: checking id3tag.h presence
configure:22724: arm-mv5sft-linux-gnueabi-gcc -E -I/home/ibuki/cvmod/unic/unic/module/include -g -Wall -DHAVE_SQL -DHOST='"arm-mv5sft-linux-gnueabi"' -DNOT_HAVE_SA_LEN -DUSES_NETLINK -DHAVE_LINUX conftest.c
configure:22730: $? = 0
configure:22750: result: yes
configure:22785: checking for id3tag.h
configure:22792: result: yes
configure:22816: checking for id3_file_open in -lid3tag
configure:22846: arm-mv5sft-linux-gnueabi-gcc -o conftest -g -O2 -lz -I/home/ibuki/cvmod/unic/unic/module/include -g -Wall -DHAVE_SQL -DHOST='"arm-mv5sft-linux-gnueabi"' -DNOT_HAVE_SA_LEN -DUSES_NETLINK -DHAVE_LINUX -L/home/ibuki/cvmod/unic/unic/module/lib/DNS-345 -lmipc -liconv -Wl,--export-dynamic conftest.c -lid3tag   -lpthread >&5
configure:22852: $? = 0
configure:22855: test -z 			 || test ! -s conftest.err
configure:22858: $? = 0
configure:22861: test -s conftest
configure:22864: $? = 0
configure:22877: result: yes
configure:23631: checking sqlite3.h usability
configure:23643: arm-mv5sft-linux-gnueabi-gcc -c -g -O2 -I/home/ibuki/cvmod/unic/unic/module/include -g -Wall -DHAVE_SQL -DHOST='"arm-mv5sft-linux-gnueabi"' -DNOT_HAVE_SA_LEN -DUSES_NETLINK -DHAVE_LINUX conftest.c >&5
configure:23649: $? = 0
configure:23652: test -z 			 || test ! -s conftest.err
configure:23655: $? = 0
configure:23658: test -s conftest.o
configure:23661: $? = 0
configure:23671: result: yes
configure:23675: checking sqlite3.h presence
configure:23685: arm-mv5sft-linux-gnueabi-gcc -E -I/home/ibuki/cvmod/unic/unic/module/include -g -Wall -DHAVE_SQL -DHOST='"arm-mv5sft-linux-gnueabi"' -DNOT_HAVE_SA_LEN -DUSES_NETLINK -DHAVE_LINUX conftest.c
configure:23691: $? = 0
configure:23711: result: yes
configure:23746: checking for sqlite3.h
configure:23753: result: yes
configure:23772: checking for sqlite3_open in -lsqlite3
configure:23802: arm-mv5sft-linux-gnueabi-gcc -o conftest -g -O2 -I/home/ibuki/cvmod/unic/unic/module/include -g -Wall -DHAVE_SQL -DHOST='"arm-mv5sft-linux-gnueabi"' -DNOT_HAVE_SA_LEN -DUSES_NETLINK -DHAVE_LINUX -L/home/ibuki/cvmod/unic/unic/module/lib/DNS-345 -lmipc -liconv -Wl,--export-dynamic conftest.c -lsqlite3   -lpthread -lid3tag -lz >&5
configure:23808: $? = 0
configure:23811: test -z 			 || test ! -s conftest.err
configure:23814: $? = 0
configure:23817: test -s conftest
configure:23820: $? = 0
configure:23833: result: yes
configure:25023: checking for strcasestr
configure:25110: result: yes
configure:25134: checking for strsep
configure:25221: result: yes
configure:25245: checking for atoll
configure:25302: arm-mv5sft-linux-gnueabi-gcc -o conftest -g -O2 -I/home/ibuki/cvmod/unic/unic/module/include -g -Wall -DHAVE_SQL -DHOST='"arm-mv5sft-linux-gnueabi"' -DNOT_HAVE_SA_LEN -DUSES_NETLINK -DHAVE_LINUX -L/home/ibuki/cvmod/unic/unic/module/lib/DNS-345 -lmipc -liconv -Wl,--export-dynamic conftest.c  -lpthread -lid3tag -lz -lsqlite3 >&5
configure:25308: $? = 0
configure:25311: test -z 			 || test ! -s conftest.err
configure:25314: $? = 0
configure:25317: test -s conftest
configure:25320: $? = 0
configure:25332: result: yes
configure:25343: checking for ANSI C header files
configure:25498: result: yes
configure:25508: checking for sys/wait.h that is POSIX.1 compatible
configure:25568: result: yes
configure:25599: checking fcntl.h usability
configure:25611: arm-mv5sft-linux-gnueabi-gcc -c -g -O2 -I/home/ibuki/cvmod/unic/unic/module/include -g -Wall -DHAVE_SQL -DHOST='"arm-mv5sft-linux-gnueabi"' -DNOT_HAVE_SA_LEN -DUSES_NETLINK -DHAVE_LINUX conftest.c >&5
configure:25617: $? = 0
configure:25620: test -z 			 || test ! -s conftest.err
configure:25623: $? = 0
configure:25626: test -s conftest.o
configure:25629: $? = 0
configure:25639: result: yes
configure:25643: checking fcntl.h presence
configure:25653: arm-mv5sft-linux-gnueabi-gcc -E -I/home/ibuki/cvmod/unic/unic/module/include -g -Wall -DHAVE_SQL -DHOST='"arm-mv5sft-linux-gnueabi"' -DNOT_HAVE_SA_LEN -DUSES_NETLINK -DHAVE_LINUX conftest.c
configure:25659: $? = 0
configure:25679: result: yes
configure:25714: checking for fcntl.h
configure:25721: result: yes
configure:25599: checking sys/ioctl.h usability
configure:25611: arm-mv5sft-linux-gnueabi-gcc -c -g -O2 -I/home/ibuki/cvmod/unic/unic/module/include -g -Wall -DHAVE_SQL -DHOST='"arm-mv5sft-linux-gnueabi"' -DNOT_HAVE_SA_LEN -DUSES_NETLINK -DHAVE_LINUX conftest.c >&5
configure:25617: $? = 0
configure:25620: test -z 			 || test ! -s conftest.err
configure:25623: $? = 0
configure:25626: test -s conftest.o
configure:25629: $? = 0
configure:25639: result: yes
configure:25643: checking sys/ioctl.h presence
configure:25653: arm-mv5sft-linux-gnueabi-gcc -E -I/home/ibuki/cvmod/unic/unic/module/include -g -Wall -DHAVE_SQL -DHOST='"arm-mv5sft-linux-gnueabi"' -DNOT_HAVE_SA_LEN -DUSES_NETLINK -DHAVE_LINUX conftest.c
configure:25659: $? = 0
configure:25679: result: yes
configure:25714: checking for sys/ioctl.h
configure:25721: result: yes
configure:25599: checking sys/time.h usability
configure:25611: arm-mv5sft-linux-gnueabi-gcc -c -g -O2 -I/home/ibuki/cvmod/unic/unic/module/include -g -Wall -DHAVE_SQL -DHOST='"arm-mv5sft-linux-gnueabi"' -DNOT_HAVE_SA_LEN -DUSES_NETLINK -DHAVE_LINUX conftest.c >&5
configure:25617: $? = 0
configure:25620: test -z 			 || test ! -s conftest.err
configure:25623: $? = 0
configure:25626: test -s conftest.o
configure:25629: $? = 0
configure:25639: result: yes
configure:25643: checking sys/time.h presence
configure:25653: arm-mv5sft-linux-gnueabi-gcc -E -I/home/ibuki/cvmod/unic/unic/module/include -g -Wall -DHAVE_SQL -DHOST='"arm-mv5sft-linux-gnueabi"' -DNOT_HAVE_SA_LEN -DUSES_NETLINK -DHAVE_LINUX conftest.c
configure:25659: $? = 0
configure:25679: result: yes
configure:25714: checking for sys/time.h
configure:25721: result: yes
configure:25599: checking syslog.h usability
configure:25611: arm-mv5sft-linux-gnueabi-gcc -c -g -O2 -I/home/ibuki/cvmod/unic/unic/module/include -g -Wall -DHAVE_SQL -DHOST='"arm-mv5sft-linux-gnueabi"' -DNOT_HAVE_SA_LEN -DUSES_NETLINK -DHAVE_LINUX conftest.c >&5
configure:25617: $? = 0
configure:25620: test -z 			 || test ! -s conftest.err
configure:25623: $? = 0
configure:25626: test -s conftest.o
configure:25629: $? = 0
configure:25639: result: yes
configure:25643: checking syslog.h presence
configure:25653: arm-mv5sft-linux-gnueabi-gcc -E -I/home/ibuki/cvmod/unic/unic/module/include -g -Wall -DHAVE_SQL -DHOST='"arm-mv5sft-linux-gnueabi"' -DNOT_HAVE_SA_LEN -DUSES_NETLINK -DHAVE_LINUX conftest.c
configure:25659: $? = 0
configure:25679: result: yes
configure:25714: checking for syslog.h
configure:25721: result: yes
configure:25590: checking for unistd.h
configure:25595: result: yes
configure:25599: checking sys/filio.h usability
configure:25611: arm-mv5sft-linux-gnueabi-gcc -c -g -O2 -I/home/ibuki/cvmod/unic/unic/module/include -g -Wall -DHAVE_SQL -DHOST='"arm-mv5sft-linux-gnueabi"' -DNOT_HAVE_SA_LEN -DUSES_NETLINK -DHAVE_LINUX conftest.c >&5
conftest.c:90:23: error: sys/filio.h: No such file or directory
configure:25617: $? = 1
configure: failed program was:
| /* confdefs.h.  */
| 
| #define PACKAGE_NAME ""
| #define PACKAGE_TARNAME ""
| #define PACKAGE_VERSION ""
| #define PACKAGE_STRING ""
| #define PACKAGE_BUGREPORT ""
| #define PACKAGE "mt-daapd"
| #define VERSION "svn-1696"
| #define _GNU_SOURCE 1
| #define STDC_HEADERS 1
| #define HAVE_SYS_TYPES_H 1
| #define HAVE_SYS_STAT_H 1
| #define HAVE_STDLIB_H 1
| #define HAVE_STRING_H 1
| #define HAVE_MEMORY_H 1
| #define HAVE_STRINGS_H 1
| #define HAVE_INTTYPES_H 1
| #define HAVE_STDINT_H 1
| #define HAVE_UNISTD_H 1
| #define __EXTENSIONS__ 1
| #define _POSIX_PTHREAD_SEMANTICS 1
| #define _TANDEM_SOURCE 1
| #define HAVE_DLFCN_H 1
| #ifdef __cplusplus
| extern "C" void exit (int) throw ();
| #endif
| #define HAVE_SYS_WAIT_H 1
| #define HAVE_SYS_PARAM_H 1
| #define HAVE_SYS_SELECT_H 1
| #define HAVE_DIRENT_H 1
| #define HAVE_STRPTIME 1
| #define HAVE_STRTOK_R 1
| #define HAVE_TIMEGM 1
| #define SETPGRP_VOID 1
| #define CONFFILE "/etc/mt-daapd.conf"
| #define HAVE_STRCASESTR 1
| #define HAVE_STRSEP 1
| #define HAVE_GETOPT_H 1
| #define HAVE_STDINT_H 1
| #define HAVE_ID3TAG_H 1
| #define HAVE_LIBID3TAG 1
| #define HAVE_SQLITE3_H 1
| #define HAVE_LIBSQLITE3 1
| #define HAVE_STRCASESTR 1
| #define HAVE_STRSEP 1
| #define HAVE_ATOLL 1
| #define STDC_HEADERS 1
| #define HAVE_SYS_WAIT_H 1
| #define HAVE_FCNTL_H 1
| #define HAVE_SYS_IOCTL_H 1
| #define HAVE_SYS_TIME_H 1
| #define HAVE_SYSLOG_H 1
| #define HAVE_UNISTD_H 1
| /* end confdefs.h.  */
| #include <stdio.h>
| #if HAVE_SYS_TYPES_H
| # include <sys/types.h>
| #endif
| #if HAVE_SYS_STAT_H
| # include <sys/stat.h>
| #endif
| #if STDC_HEADERS
| # include <stdlib.h>
| # include <stddef.h>
| #else
| # if HAVE_STDLIB_H
| #  include <stdlib.h>
| # endif
| #endif
| #if HAVE_STRING_H
| # if !STDC_HEADERS && HAVE_MEMORY_H
| #  include <memory.h>
| # endif
| # include <string.h>
| #endif
| #if HAVE_STRINGS_H
| # include <strings.h>
| #endif
| #if HAVE_INTTYPES_H
| # include <inttypes.h>
| #else
| # if HAVE_STDINT_H
| #  include <stdint.h>
| # endif
| #endif
| #if HAVE_UNISTD_H
| # include <unistd.h>
| #endif
| #include <sys/filio.h>
configure:25639: result: no
configure:25643: checking sys/filio.h presence
configure:25653: arm-mv5sft-linux-gnueabi-gcc -E -I/home/ibuki/cvmod/unic/unic/module/include -g -Wall -DHAVE_SQL -DHOST='"arm-mv5sft-linux-gnueabi"' -DNOT_HAVE_SA_LEN -DUSES_NETLINK -DHAVE_LINUX conftest.c
conftest.c:56:23: error: sys/filio.h: No such file or directory
configure:25659: $? = 1
configure: failed program was:
| /* confdefs.h.  */
| 
| #define PACKAGE_NAME ""
| #define PACKAGE_TARNAME ""
| #define PACKAGE_VERSION ""
| #define PACKAGE_STRING ""
| #define PACKAGE_BUGREPORT ""
| #define PACKAGE "mt-daapd"
| #define VERSION "svn-1696"
| #define _GNU_SOURCE 1
| #define STDC_HEADERS 1
| #define HAVE_SYS_TYPES_H 1
| #define HAVE_SYS_STAT_H 1
| #define HAVE_STDLIB_H 1
| #define HAVE_STRING_H 1
| #define HAVE_MEMORY_H 1
| #define HAVE_STRINGS_H 1
| #define HAVE_INTTYPES_H 1
| #define HAVE_STDINT_H 1
| #define HAVE_UNISTD_H 1
| #define __EXTENSIONS__ 1
| #define _POSIX_PTHREAD_SEMANTICS 1
| #define _TANDEM_SOURCE 1
| #define HAVE_DLFCN_H 1
| #ifdef __cplusplus
| extern "C" void exit (int) throw ();
| #endif
| #define HAVE_SYS_WAIT_H 1
| #define HAVE_SYS_PARAM_H 1
| #define HAVE_SYS_SELECT_H 1
| #define HAVE_DIRENT_H 1
| #define HAVE_STRPTIME 1
| #define HAVE_STRTOK_R 1
| #define HAVE_TIMEGM 1
| #define SETPGRP_VOID 1
| #define CONFFILE "/etc/mt-daapd.conf"
| #define HAVE_STRCASESTR 1
| #define HAVE_STRSEP 1
| #define HAVE_GETOPT_H 1
| #define HAVE_STDINT_H 1
| #define HAVE_ID3TAG_H 1
| #define HAVE_LIBID3TAG 1
| #define HAVE_SQLITE3_H 1
| #define HAVE_LIBSQLITE3 1
| #define HAVE_STRCASESTR 1
| #define HAVE_STRSEP 1
| #define HAVE_ATOLL 1
| #define STDC_HEADERS 1
| #define HAVE_SYS_WAIT_H 1
| #define HAVE_FCNTL_H 1
| #define HAVE_SYS_IOCTL_H 1
| #define HAVE_SYS_TIME_H 1
| #define HAVE_SYSLOG_H 1
| #define HAVE_UNISTD_H 1
| /* end confdefs.h.  */
| #include <sys/filio.h>
configure:25679: result: no
configure:25714: checking for sys/filio.h
configure:25721: result: no
configure:25599: checking termio.h usability
configure:25611: arm-mv5sft-linux-gnueabi-gcc -c -g -O2 -I/home/ibuki/cvmod/unic/unic/module/include -g -Wall -DHAVE_SQL -DHOST='"arm-mv5sft-linux-gnueabi"' -DNOT_HAVE_SA_LEN -DUSES_NETLINK -DHAVE_LINUX conftest.c >&5
configure:25617: $? = 0
configure:25620: test -z 			 || test ! -s conftest.err
configure:25623: $? = 0
configure:25626: test -s conftest.o
configure:25629: $? = 0
configure:25639: result: yes
configure:25643: checking termio.h presence
configure:25653: arm-mv5sft-linux-gnueabi-gcc -E -I/home/ibuki/cvmod/unic/unic/module/include -g -Wall -DHAVE_SQL -DHOST='"arm-mv5sft-linux-gnueabi"' -DNOT_HAVE_SA_LEN -DUSES_NETLINK -DHAVE_LINUX conftest.c
configure:25659: $? = 0
configure:25679: result: yes
configure:25714: checking for termio.h
configure:25721: result: yes
configure:25735: checking whether time.h and sys/time.h may both be included
configure:25760: arm-mv5sft-linux-gnueabi-gcc -c -g -O2 -I/home/ibuki/cvmod/unic/unic/module/include -g -Wall -DHAVE_SQL -DHOST='"arm-mv5sft-linux-gnueabi"' -DNOT_HAVE_SA_LEN -DUSES_NETLINK -DHAVE_LINUX conftest.c >&5
configure:25766: $? = 0
configure:25769: test -z 			 || test ! -s conftest.err
configure:25772: $? = 0
configure:25775: test -s conftest.o
configure:25778: $? = 0
configure:25789: result: yes
configure:25801: checking whether arm-mv5sft-linux-gnueabi-gcc needs -traditional
configure:25843: result: no
configure:25850: checking return type of signal handlers
configure:25881: arm-mv5sft-linux-gnueabi-gcc -c -g -O2 -I/home/ibuki/cvmod/unic/unic/module/include -g -Wall -DHAVE_SQL -DHOST='"arm-mv5sft-linux-gnueabi"' -DNOT_HAVE_SA_LEN -DUSES_NETLINK -DHAVE_LINUX conftest.c >&5
conftest.c: In function 'main':
conftest.c:72: warning: unused variable 'i'
configure:25887: $? = 0
configure:25890: test -z 			 || test ! -s conftest.err
configure:25893: $? = 0
configure:25896: test -s conftest.o
configure:25899: $? = 0
configure:25910: result: void
configure:25925: checking for select
configure:25982: arm-mv5sft-linux-gnueabi-gcc -o conftest -g -O2 -I/home/ibuki/cvmod/unic/unic/module/include -g -Wall -DHAVE_SQL -DHOST='"arm-mv5sft-linux-gnueabi"' -DNOT_HAVE_SA_LEN -DUSES_NETLINK -DHAVE_LINUX -L/home/ibuki/cvmod/unic/unic/module/lib/DNS-345 -lmipc -liconv -Wl,--export-dynamic conftest.c  -lpthread -lid3tag -lz -lsqlite3 >&5
configure:25988: $? = 0
configure:25991: test -z 			 || test ! -s conftest.err
configure:25994: $? = 0
configure:25997: test -s conftest
configure:26000: $? = 0
configure:26012: result: yes
configure:25925: checking for socket
configure:25982: arm-mv5sft-linux-gnueabi-gcc -o conftest -g -O2 -I/home/ibuki/cvmod/unic/unic/module/include -g -Wall -DHAVE_SQL -DHOST='"arm-mv5sft-linux-gnueabi"' -DNOT_HAVE_SA_LEN -DUSES_NETLINK -DHAVE_LINUX -L/home/ibuki/cvmod/unic/unic/module/lib/DNS-345 -lmipc -liconv -Wl,--export-dynamic conftest.c  -lpthread -lid3tag -lz -lsqlite3 >&5
configure:25988: $? = 0
configure:25991: test -z 			 || test ! -s conftest.err
configure:25994: $? = 0
configure:25997: test -s conftest
configure:26000: $? = 0
configure:26012: result: yes
configure:25925: checking for strdup
configure:25982: arm-mv5sft-linux-gnueabi-gcc -o conftest -g -O2 -I/home/ibuki/cvmod/unic/unic/module/include -g -Wall -DHAVE_SQL -DHOST='"arm-mv5sft-linux-gnueabi"' -DNOT_HAVE_SA_LEN -DUSES_NETLINK -DHAVE_LINUX -L/home/ibuki/cvmod/unic/unic/module/lib/DNS-345 -lmipc -liconv -Wl,--export-dynamic conftest.c  -lpthread -lid3tag -lz -lsqlite3 >&5
conftest.c:85: warning: conflicting types for built-in function 'strdup'
configure:25988: $? = 0
configure:25991: test -z 			 || test ! -s conftest.err
configure:25994: $? = 0
configure:25997: test -s conftest
configure:26000: $? = 0
configure:26012: result: yes
configure:25925: checking for strerror
configure:25982: arm-mv5sft-linux-gnueabi-gcc -o conftest -g -O2 -I/home/ibuki/cvmod/unic/unic/module/include -g -Wall -DHAVE_SQL -DHOST='"arm-mv5sft-linux-gnueabi"' -DNOT_HAVE_SA_LEN -DUSES_NETLINK -DHAVE_LINUX -L/home/ibuki/cvmod/unic/unic/module/lib/DNS-345 -lmipc -liconv -Wl,--export-dynamic conftest.c  -lpthread -lid3tag -lz -lsqlite3 >&5
configure:25988: $? = 0
configure:25991: test -z 			 || test ! -s conftest.err
configure:25994: $? = 0
configure:25997: test -s conftest
configure:26000: $? = 0
configure:26012: result: yes
configure:26025: checking for dlsym in -ldl
configure:26055: arm-mv5sft-linux-gnueabi-gcc -o conftest -g -O2 -I/home/ibuki/cvmod/unic/unic/module/include -g -Wall -DHAVE_SQL -DHOST='"arm-mv5sft-linux-gnueabi"' -DNOT_HAVE_SA_LEN -DUSES_NETLINK -DHAVE_LINUX -L/home/ibuki/cvmod/unic/unic/module/lib/DNS-345 -lmipc -liconv -Wl,--export-dynamic conftest.c -ldl   -lpthread -lid3tag -lz -lsqlite3 >&5
configure:26061: $? = 0
configure:26064: test -z 			 || test ! -s conftest.err
configure:26067: $? = 0
configure:26070: test -s conftest
configure:26073: $? = 0
configure:26086: result: yes
configure:26099: checking for socket in -lsocket
configure:26129: arm-mv5sft-linux-gnueabi-gcc -o conftest -g -O2 -I/home/ibuki/cvmod/unic/unic/module/include -g -Wall -DHAVE_SQL -DHOST='"arm-mv5sft-linux-gnueabi"' -DNOT_HAVE_SA_LEN -DUSES_NETLINK -DHAVE_LINUX -L/home/ibuki/cvmod/unic/unic/module/lib/DNS-345 -lmipc -liconv -Wl,--export-dynamic conftest.c -lsocket  -ldl  -lpthread -lid3tag -lz -lsqlite3 >&5
/opt_gccarm/arm-mv5sft-linux-gnueabi/bin/../lib/gcc/arm-mv5sft-linux-gnueabi/4.3.2/../../../../arm-mv5sft-linux-gnueabi/bin/ld: cannot find -lsocket
collect2: ld returned 1 exit status
configure:26135: $? = 1
configure: failed program was:
| /* confdefs.h.  */
| 
| #define PACKAGE_NAME ""
| #define PACKAGE_TARNAME ""
| #define PACKAGE_VERSION ""
| #define PACKAGE_STRING ""
| #define PACKAGE_BUGREPORT ""
| #define PACKAGE "mt-daapd"
| #define VERSION "svn-1696"
| #define _GNU_SOURCE 1
| #define STDC_HEADERS 1
| #define HAVE_SYS_TYPES_H 1
| #define HAVE_SYS_STAT_H 1
| #define HAVE_STDLIB_H 1
| #define HAVE_STRING_H 1
| #define HAVE_MEMORY_H 1
| #define HAVE_STRINGS_H 1
| #define HAVE_INTTYPES_H 1
| #define HAVE_STDINT_H 1
| #define HAVE_UNISTD_H 1
| #define __EXTENSIONS__ 1
| #define _POSIX_PTHREAD_SEMANTICS 1
| #define _TANDEM_SOURCE 1
| #define HAVE_DLFCN_H 1
| #ifdef __cplusplus
| extern "C" void exit (int) throw ();
| #endif
| #define HAVE_SYS_WAIT_H 1
| #define HAVE_SYS_PARAM_H 1
| #define HAVE_SYS_SELECT_H 1
| #define HAVE_DIRENT_H 1
| #define HAVE_STRPTIME 1
| #define HAVE_STRTOK_R 1
| #define HAVE_TIMEGM 1
| #define SETPGRP_VOID 1
| #define CONFFILE "/etc/mt-daapd.conf"
| #define HAVE_STRCASESTR 1
| #define HAVE_STRSEP 1
| #define HAVE_GETOPT_H 1
| #define HAVE_STDINT_H 1
| #define HAVE_ID3TAG_H 1
| #define HAVE_LIBID3TAG 1
| #define HAVE_SQLITE3_H 1
| #define HAVE_LIBSQLITE3 1
| #define HAVE_STRCASESTR 1
| #define HAVE_STRSEP 1
| #define HAVE_ATOLL 1
| #define STDC_HEADERS 1
| #define HAVE_SYS_WAIT_H 1
| #define HAVE_FCNTL_H 1
| #define HAVE_SYS_IOCTL_H 1
| #define HAVE_SYS_TIME_H 1
| #define HAVE_SYSLOG_H 1
| #define HAVE_UNISTD_H 1
| #define HAVE_TERMIO_H 1
| #define TIME_WITH_SYS_TIME 1
| #define RETSIGTYPE void
| #define HAVE_SELECT 1
| #define HAVE_SOCKET 1
| #define HAVE_STRDUP 1
| #define HAVE_STRERROR 1
| #define HAVE_LIBDL 1
| /* end confdefs.h.  */
| 
| /* Override any gcc2 internal prototype to avoid an error.  */
| #ifdef __cplusplus
| extern "C"
| #endif
| /* We use char because int might match the return type of a gcc2
|    builtin and then its argument prototype would still apply.  */
| char socket ();
| int
| main ()
| {
| socket ();
|   ;
|   return 0;
| }
configure:26160: result: no
configure:26211: checking for ld used by GCC
configure:26275: result: arm-mv5sft-linux-gnueabi-ld
configure:26284: checking if the linker (arm-mv5sft-linux-gnueabi-ld) is GNU ld
configure:26297: result: yes
configure:26304: checking for shared library run path origin
configure:26317: result: done
configure:26747: checking for iconv
configure:26774: arm-mv5sft-linux-gnueabi-gcc -o conftest -g -O2 -I/home/ibuki/cvmod/unic/unic/module/include -g -Wall -DHAVE_SQL -DHOST='"arm-mv5sft-linux-gnueabi"' -DNOT_HAVE_SA_LEN -DUSES_NETLINK -DHAVE_LINUX -L/home/ibuki/cvmod/unic/unic/module/lib/DNS-345 -lmipc -liconv -Wl,--export-dynamic conftest.c -ldl  -lpthread -lid3tag -lz -lsqlite3 >&5
configure:26780: $? = 0
configure:26783: test -z 			 || test ! -s conftest.err
configure:26786: $? = 0
configure:26789: test -s conftest
configure:26792: $? = 0
configure:26857: result: yes
configure:26880: checking for iconv declaration
configure:26914: arm-mv5sft-linux-gnueabi-gcc -c -g -O2 -I/home/ibuki/cvmod/unic/unic/module/include -g -Wall -DHAVE_SQL -DHOST='"arm-mv5sft-linux-gnueabi"' -DNOT_HAVE_SA_LEN -DUSES_NETLINK -DHAVE_LINUX conftest.c >&5
configure:26920: $? = 0
configure:26923: test -z 			 || test ! -s conftest.err
configure:26926: $? = 0
configure:26929: test -s conftest.o
configure:26932: $? = 0
configure:26947: result: 
         extern size_t iconv (iconv_t cd, char * *inbuf, size_t *inbytesleft, char * *outbuf, size_t *outbytesleft);
configure:27203: creating ./config.status

## ---------------------- ##
## Running config.status. ##
## ---------------------- ##

This file was extended by config.status, which was
generated by GNU Autoconf 2.59.  Invocation command line was

  CONFIG_FILES    = 
  CONFIG_HEADERS  = 
  CONFIG_LINKS    = 
  CONFIG_COMMANDS = 
  $ ./config.status 

on swtest4

config.status:797: creating src/Makefile
config.status:797: creating src/plugins/Makefile
config.status:797: creating admin-root/Makefile
config.status:797: creating admin-root/lib-js/Makefile
config.status:797: creating admin-root/lib-js/script.aculo.us/Makefile
config.status:797: creating contrib/Makefile
config.status:797: creating contrib/init.d/Makefile
config.status:797: creating src/mdns/Makefile
config.status:797: creating Makefile
config.status:863: creating config.h
config.status:1071: config.h is unchanged
config.status:1251: executing depfiles commands

## ---------------- ##
## Cache variables. ##
## ---------------- ##

ac_cv_build=i686-pc-linux-gnu
ac_cv_build_alias=i686-pc-linux-gnu
ac_cv_c_compiler_gnu=yes
ac_cv_cxx_compiler_gnu=yes
ac_cv_env_AVAHI_CFLAGS_set=
ac_cv_env_AVAHI_CFLAGS_value=
ac_cv_env_AVAHI_LIBS_set=
ac_cv_env_AVAHI_LIBS_value=
ac_cv_env_CC_set=set
ac_cv_env_CC_value=arm-mv5sft-linux-gnueabi-gcc
ac_cv_env_CFLAGS_set=
ac_cv_env_CFLAGS_value=
ac_cv_env_CPPFLAGS_set=set
ac_cv_env_CPPFLAGS_value=-I/home/ibuki/cvmod/unic/unic/module/include
ac_cv_env_CPP_set=
ac_cv_env_CPP_value=
ac_cv_env_CXXCPP_set=
ac_cv_env_CXXCPP_value=
ac_cv_env_CXXFLAGS_set=set
ac_cv_env_CXXFLAGS_value='-DPROJECT_NAME=\"DNS-345\" -DPROJECT_DNS_345=1 -DDNS_345=1 -I/home/ibuki/cvmod/unic/unic/module/include -DPROJECT_FEATURE_BAYS=4 -DPROJECT_FEATURE_BAYS_4=1 -DPROJECT_FEATURE_VOLUME_ENCRYPTION=1 -DPROJECT_FEATURE_IPV6=1 -DPROJECT_FEATURE_BONDING=1 -DPROJECT_FEATURE_OLED=1 -DPROJECT_FEATURE_SNMP=1'
ac_cv_env_CXX_set=set
ac_cv_env_CXX_value=arm-mv5sft-linux-gnueabi-g++
ac_cv_env_F77_set=
ac_cv_env_F77_value=
ac_cv_env_FFLAGS_set=
ac_cv_env_FFLAGS_value=
ac_cv_env_LDFLAGS_set=set
ac_cv_env_LDFLAGS_value='-L/home/ibuki/cvmod/unic/unic/module/lib/DNS-345 -lmipc -liconv'
ac_cv_env_PKG_CONFIG_set=
ac_cv_env_PKG_CONFIG_value=
ac_cv_env_build_alias_set=
ac_cv_env_build_alias_value=
ac_cv_env_host_alias_set=set
ac_cv_env_host_alias_value=arm-mv5sft-linux-gnueabi
ac_cv_env_target_alias_set=
ac_cv_env_target_alias_value=
ac_cv_exeext=
ac_cv_f77_compiler_gnu=yes
ac_cv_func___va_copy=no
ac_cv_func_atoll=yes
ac_cv_func_select=yes
ac_cv_func_setpgrp_void=yes
ac_cv_func_socket=yes
ac_cv_func_strcasestr=yes
ac_cv_func_strdup=yes
ac_cv_func_strerror=yes
ac_cv_func_strptime=yes
ac_cv_func_strsep=yes
ac_cv_func_strtok_r=yes
ac_cv_func_timegm=yes
ac_cv_func_va_copy=no
ac_cv_header_dirent_h=yes
ac_cv_header_dlfcn_h=yes
ac_cv_header_fcntl_h=yes
ac_cv_header_getopt_h=yes
ac_cv_header_id3tag_h=yes
ac_cv_header_inttypes_h=yes
ac_cv_header_memory_h=yes
ac_cv_header_minix_config_h=no
ac_cv_header_sqlite3_h=yes
ac_cv_header_stdc=yes
ac_cv_header_stdint_h=yes
ac_cv_header_stdlib_h=yes
ac_cv_header_string_h=yes
ac_cv_header_strings_h=yes
ac_cv_header_sys_filio_h=no
ac_cv_header_sys_ioctl_h=yes
ac_cv_header_sys_param_h=yes
ac_cv_header_sys_select_h=yes
ac_cv_header_sys_stat_h=yes
ac_cv_header_sys_time_h=yes
ac_cv_header_sys_types_h=yes
ac_cv_header_sys_wait_h=yes
ac_cv_header_syslog_h=yes
ac_cv_header_termio_h=yes
ac_cv_header_time=yes
ac_cv_header_unistd_h=yes
ac_cv_host=arm-mv5sft-linux-gnueabi
ac_cv_host_alias=arm-mv5sft-linux-gnueabi
ac_cv_lib_c_r_pthread_creat=no
ac_cv_lib_dl_dlsym=yes
ac_cv_lib_id3tag_id3_file_open=yes
ac_cv_lib_pthread_pthread_create=yes
ac_cv_lib_socket_socket=no
ac_cv_lib_sqlite3_sqlite3_open=yes
ac_cv_objext=o
ac_cv_path_ac_pt_PKG_CONFIG=/usr/bin/pkg-config
ac_cv_path_install='/usr/bin/install -c'
ac_cv_prog_AR=arm-mv5sft-linux-gnueabi-ar
ac_cv_prog_AWK=gawk
ac_cv_prog_CC=arm-mv5sft-linux-gnueabi-gcc
ac_cv_prog_CPP='arm-mv5sft-linux-gnueabi-gcc -E'
ac_cv_prog_CXX=arm-mv5sft-linux-gnueabi-g++
ac_cv_prog_CXXCPP='arm-mv5sft-linux-gnueabi-g++ -E'
ac_cv_prog_F77=arm-mv5sft-linux-gnueabi-gfortran
ac_cv_prog_RANLIB=arm-mv5sft-linux-gnueabi-ranlib
ac_cv_prog_STRIP=arm-mv5sft-linux-gnueabi-strip
ac_cv_prog_cc_g=yes
ac_cv_prog_cc_stdc=
ac_cv_prog_cxx_g=yes
ac_cv_prog_egrep='grep -E'
ac_cv_prog_f77_g=yes
ac_cv_prog_gcc_traditional=no
ac_cv_prog_make_make_set=yes
ac_cv_safe_to_define___extensions__=yes
ac_cv_type_signal=void
acl_cv_path_LD=arm-mv5sft-linux-gnueabi-ld
acl_cv_prog_gnu_ld=yes
acl_cv_rpath=done
am_cv_CC_dependencies_compiler_type=gcc3
am_cv_CXX_dependencies_compiler_type=gcc3
am_cv_func_iconv=yes
am_cv_lib_iconv=no
am_cv_proto_iconv='extern size_t iconv (iconv_t cd, char * *inbuf, size_t *inbytesleft, char * *outbuf, size_t *outbytesleft);'
am_cv_proto_iconv_arg1=
lt_cv_deplibs_check_method=pass_all
lt_cv_file_magic_cmd='$MAGIC_CMD'
lt_cv_file_magic_test_file=
lt_cv_ld_reload_flag=-r
lt_cv_objdir=.libs
lt_cv_path_LD=arm-mv5sft-linux-gnueabi-ld
lt_cv_path_LDCXX=arm-mv5sft-linux-gnueabi-ld
lt_cv_path_NM=arm-mv5sft-linux-gnueabi-nm
lt_cv_path_SED=/bin/sed
lt_cv_prog_compiler_c_o=yes
lt_cv_prog_compiler_c_o_CXX=no
lt_cv_prog_compiler_c_o_F77=yes
lt_cv_prog_compiler_rtti_exceptions=no
lt_cv_prog_gnu_ld=yes
lt_cv_prog_gnu_ldcxx=yes
lt_cv_sys_global_symbol_pipe='sed -n -e '\''s/^.*[ 	]\([ABCDGIRSTW][ABCDGIRSTW]*\)[ 	][ 	]*\(\)\([_A-Za-z][_A-Za-z0-9]*\)$/\1 \2\3 \3/p'\'''
lt_cv_sys_global_symbol_to_c_name_address='sed -n -e '\''s/^: \([^ ]*\) $/  {\"\1\", (lt_ptr) 0},/p'\'' -e '\''s/^[BCDEGRST] \([^ ]*\) \([^ ]*\)$/  {"\2", (lt_ptr) \&\2},/p'\'''
lt_cv_sys_global_symbol_to_cdecl='sed -n -e '\''s/^. .* \(.*\)$/extern int \1;/p'\'''
lt_cv_sys_max_cmd_len=32768
lt_lt_cv_prog_compiler_c_o='"yes"'
lt_lt_cv_prog_compiler_c_o_CXX='"no"'
lt_lt_cv_prog_compiler_c_o_F77='"yes"'
lt_lt_cv_sys_global_symbol_pipe='"sed -n -e '\''s/^.*[ 	]\\([ABCDGIRSTW][ABCDGIRSTW]*\\)[ 	][ 	]*\\(\\)\\([_A-Za-z][_A-Za-z0-9]*\\)\$/\\1 \\2\\3 \\3/p'\''"'
lt_lt_cv_sys_global_symbol_to_c_name_address='"sed -n -e '\''s/^: \\([^ ]*\\) \$/  {\\\"\\1\\\", (lt_ptr) 0},/p'\'' -e '\''s/^[BCDEGRST] \\([^ ]*\\) \\([^ ]*\\)\$/  {\"\\2\", (lt_ptr) \\&\\2},/p'\''"'
lt_lt_cv_sys_global_symbol_to_cdecl='"sed -n -e '\''s/^. .* \\(.*\\)\$/extern int \\1;/p'\''"'

## ----------------- ##
## Output variables. ##
## ----------------- ##

ACLOCAL='${SHELL} /home/ibuki/cvmod/unic/unic-gpl/iTunes_server/built_in/mt-daapd-svn-1696/missing --run aclocal-1.9 -I m4 '
AMDEPBACKSLASH='\'
AMDEP_FALSE='#'
AMDEP_TRUE=''
AMTAR='${SHELL} /home/ibuki/cvmod/unic/unic-gpl/iTunes_server/built_in/mt-daapd-svn-1696/missing --run tar'
AR='arm-mv5sft-linux-gnueabi-ar'
AUTOCONF='${SHELL} /home/ibuki/cvmod/unic/unic-gpl/iTunes_server/built_in/mt-daapd-svn-1696/missing --run autoconf'
AUTOHEADER='${SHELL} /home/ibuki/cvmod/unic/unic-gpl/iTunes_server/built_in/mt-daapd-svn-1696/missing --run autoheader'
AUTOMAKE='${SHELL} /home/ibuki/cvmod/unic/unic-gpl/iTunes_server/built_in/mt-daapd-svn-1696/missing --run automake-1.9'
AVAHI_CFLAGS=''
AVAHI_LIBS=''
AWK='gawk'
CC='arm-mv5sft-linux-gnueabi-gcc'
CCDEPMODE='depmode=gcc3'
CFLAGS='-g -O2'
COND_FFMPEG_FALSE=''
COND_FFMPEG_TRUE='#'
COND_FLAC_FALSE=''
COND_FLAC_TRUE='#'
COND_GDBM_FALSE=''
COND_GDBM_TRUE='#'
COND_MUSEPACK_FALSE=''
COND_MUSEPACK_TRUE='#'
COND_OGGVORBIS_FALSE=''
COND_OGGVORBIS_TRUE='#'
COND_REND_AVAHI_FALSE=''
COND_REND_AVAHI_TRUE='#'
COND_REND_HOWL_FALSE=''
COND_REND_HOWL_TRUE='#'
COND_REND_OSX_FALSE=''
COND_REND_OSX_TRUE='#'
COND_REND_POSIX_FALSE='#'
COND_REND_POSIX_TRUE=''
COND_SQLITE3_FALSE='#'
COND_SQLITE3_TRUE=''
COND_SQLITE_FALSE=''
COND_SQLITE_TRUE='#'
COND_SQL_FALSE='#'
COND_SQL_TRUE=''
COND_SSL_FALSE=''
COND_SSL_TRUE='#'
COND_UPNP_FALSE=''
COND_UPNP_TRUE='#'
CPP='arm-mv5sft-linux-gnueabi-gcc -E'
CPPFLAGS='-I/home/ibuki/cvmod/unic/unic/module/include -g -Wall -DHAVE_SQL -DHOST='"arm-mv5sft-linux-gnueabi"' -DNOT_HAVE_SA_LEN -DUSES_NETLINK -DHAVE_LINUX'
CXX='arm-mv5sft-linux-gnueabi-g++'
CXXCPP='arm-mv5sft-linux-gnueabi-g++ -E'
CXXDEPMODE='depmode=gcc3'
CXXFLAGS='-DPROJECT_NAME=\"DNS-345\" -DPROJECT_DNS_345=1 -DDNS_345=1 -I/home/ibuki/cvmod/unic/unic/module/include -DPROJECT_FEATURE_BAYS=4 -DPROJECT_FEATURE_BAYS_4=1 -DPROJECT_FEATURE_VOLUME_ENCRYPTION=1 -DPROJECT_FEATURE_IPV6=1 -DPROJECT_FEATURE_BONDING=1 -DPROJECT_FEATURE_OLED=1 -DPROJECT_FEATURE_SNMP=1'
CYGPATH_W='echo'
DEFS='-DHAVE_CONFIG_H'
DEPDIR='.deps'
ECHO='echo'
ECHO_C=''
ECHO_N='-n'
ECHO_T=''
EGREP='grep -E'
EXEEXT=''
F77='arm-mv5sft-linux-gnueabi-gfortran'
FFLAGS='-g -O2'
INSTALL_DATA='${INSTALL} -m 644'
INSTALL_PROGRAM='${INSTALL}'
INSTALL_SCRIPT='${INSTALL}'
INSTALL_STRIP_PROGRAM='${SHELL} $(install_sh) -c -s'
LDFLAGS='-L/home/ibuki/cvmod/unic/unic/module/lib/DNS-345 -lmipc -liconv -Wl,--export-dynamic '
LIBICONV=''
LIBOBJS=''
LIBS='-ldl  -lpthread -lid3tag -lz -lsqlite3'
LIBTOOL='$(SHELL) $(top_builddir)/libtool'
LN_S='ln -s'
LTLIBICONV=''
LTLIBOBJS=''
MAKEINFO='${SHELL} /home/ibuki/cvmod/unic/unic-gpl/iTunes_server/built_in/mt-daapd-svn-1696/missing --run makeinfo'
OBJEXT='o'
PACKAGE='mt-daapd'
PACKAGE_BUGREPORT=''
PACKAGE_NAME=''
PACKAGE_STRING=''
PACKAGE_TARNAME=''
PACKAGE_VERSION=''
PATH_SEPARATOR=':'
PKG_CONFIG='/usr/bin/pkg-config'
RANLIB='arm-mv5sft-linux-gnueabi-ranlib'
SET_MAKE=''
SHELL='/bin/sh'
STRIP='arm-mv5sft-linux-gnueabi-strip'
TAGLIB_CONFIG=''
VERSION='svn-1696'
V_NETLIBS=''
ac_ct_AR=''
ac_ct_CC=''
ac_ct_CXX=''
ac_ct_F77=''
ac_ct_RANLIB=''
ac_ct_STRIP=''
ac_pt_PKG_CONFIG='/usr/bin/pkg-config'
am__fastdepCC_FALSE='#'
am__fastdepCC_TRUE=''
am__fastdepCXX_FALSE='#'
am__fastdepCXX_TRUE=''
am__include='include'
am__leading_dot='.'
am__quote=''
am__tar='${AMTAR} chof - "$$tardir"'
am__untar='${AMTAR} xf -'
bindir='${exec_prefix}/bin'
build='i686-pc-linux-gnu'
build_alias=''
build_cpu='i686'
build_os='linux-gnu'
build_vendor='pc'
datadir='${prefix}/share'
exec_prefix='${prefix}'
host='arm-mv5sft-linux-gnueabi'
host_alias='arm-mv5sft-linux-gnueabi'
host_cpu='arm'
host_os='linux-gnueabi'
host_vendor='mv5sft'
includedir='${prefix}/include'
infodir='${prefix}/info'
install_sh='/home/ibuki/cvmod/unic/unic-gpl/iTunes_server/built_in/mt-daapd-svn-1696/install-sh'
libdir='${exec_prefix}/lib'
libexecdir='${exec_prefix}/libexec'
localstatedir='${prefix}/var'
mandir='${prefix}/man'
mkdir_p='mkdir -p --'
oldincludedir='/usr/include'
prefix='/usr/local/firefly'
program_transform_name='s,x,x,'
sbindir='${exec_prefix}/sbin'
sharedstatedir='${prefix}/com'
sysconfdir='${prefix}/etc'
target_alias=''

## ----------- ##
## confdefs.h. ##
## ----------- ##

#define CONFFILE "/etc/mt-daapd.conf"
#define HAVE_ATOLL 1
#define HAVE_DIRENT_H 1
#define HAVE_DLFCN_H 1
#define HAVE_FCNTL_H 1
#define HAVE_GETOPT_H 1
#define HAVE_ICONV 1
#define HAVE_ID3TAG_H 1
#define HAVE_INTTYPES_H 1
#define HAVE_LIBDL 1
#define HAVE_LIBID3TAG 1
#define HAVE_LIBSQLITE3 1
#define HAVE_MEMORY_H 1
#define HAVE_SELECT 1
#define HAVE_SOCKET 1
#define HAVE_SQLITE3_H 1
#define HAVE_STDINT_H 1
#define HAVE_STDINT_H 1
#define HAVE_STDLIB_H 1
#define HAVE_STRCASESTR 1
#define HAVE_STRCASESTR 1
#define HAVE_STRDUP 1
#define HAVE_STRERROR 1
#define HAVE_STRINGS_H 1
#define HAVE_STRING_H 1
#define HAVE_STRPTIME 1
#define HAVE_STRSEP 1
#define HAVE_STRSEP 1
#define HAVE_STRTOK_R 1
#define HAVE_SYSLOG_H 1
#define HAVE_SYS_IOCTL_H 1
#define HAVE_SYS_PARAM_H 1
#define HAVE_SYS_SELECT_H 1
#define HAVE_SYS_STAT_H 1
#define HAVE_SYS_TIME_H 1
#define HAVE_SYS_TYPES_H 1
#define HAVE_SYS_WAIT_H 1
#define HAVE_SYS_WAIT_H 1
#define HAVE_TERMIO_H 1
#define HAVE_TIMEGM 1
#define HAVE_UNISTD_H 1
#define HAVE_UNISTD_H 1
#define ICONV_CONST 
#define PACKAGE "mt-daapd"
#define PACKAGE_BUGREPORT ""
#define PACKAGE_NAME ""
#define PACKAGE_STRING ""
#define PACKAGE_TARNAME ""
#define PACKAGE_VERSION ""
#define RETSIGTYPE void
#define SETPGRP_VOID 1
#define STDC_HEADERS 1
#define STDC_HEADERS 1
#define TIME_WITH_SYS_TIME 1
#define VERSION "svn-1696"
#define _GNU_SOURCE 1
#define _POSIX_PTHREAD_SEMANTICS 1
#define _TANDEM_SOURCE 1
#define __EXTENSIONS__ 1
#endif
#ifdef __cplusplus
extern "C" void exit (int) throw ();

configure: exit 0
