This file contains any messages produced by compilers while
running configure, to aid debugging if configure makes a mistake.

It was created by configure, which was
generated by GNU Autoconf 2.61.  Invocation command line was

  $ ./configure --host=arm-mv5sft-linux-gnueabi prefix=/home/ibuki/cvmod/DNS345/DNS-345_GPL/quota-tools-3.17/tmp_install

## --------- ##
## Platform. ##
## --------- ##

hostname = swtest4
uname -m = i686
uname -r = 2.6.35.6-45.fc14.i686
uname -s = Linux
uname -v = #1 SMP Mon Oct 18 23:56:17 UTC 2010

/usr/bin/uname -p = unknown
/bin/uname -X     = unknown

/bin/arch              = i686
/usr/bin/arch -k       = unknown
/usr/convex/getsysinfo = unknown
/usr/bin/hostinfo      = unknown
/bin/machine           = unknown
/usr/bin/oslevel       = unknown
/bin/universe          = unknown

PATH: /opt_gccarm/arm-mv5sft-linux-gnueabi/bin
PATH: /usr/local/bin
PATH: /bin
PATH: /usr/bin
PATH: /usr/local/sbin
PATH: /usr/sbin
PATH: /sbin
PATH: /home/ibuki/bin


## ----------- ##
## Core tests. ##
## ----------- ##

configure:1718: checking for arm-mv5sft-linux-gnueabi-gcc
configure:1745: result: arm-mv5sft-linux-gnueabi-gcc
configure:2023: checking for C compiler version
configure:2030: arm-mv5sft-linux-gnueabi-gcc --version >&5
arm-mv5sft-linux-gnueabi-gcc (sdk3.3-ct-ng-1.4.1) 4.3.2
Copyright (C) 2008 Free Software Foundation, Inc.
This is free software; see the source for copying conditions.  There is NO
warranty; not even for MERCHANTABILITY or FITNESS FOR A PARTICULAR PURPOSE.

configure:2033: $? = 0
configure:2040: arm-mv5sft-linux-gnueabi-gcc -v >&5
Using built-in specs.
Target: arm-mv5sft-linux-gnueabi
Configured with: /home/seugene/sdk/targets/src/gcc-4.3.2/configure --build=i486-build_pc-linux-gnu --host=i486-build_pc-linux-gnu --target=arm-mv5sft-linux-gnueabi --prefix=/home/seugene/sdk/targets/arm-mv5sft-linux-gnueabi/cross --with-sysroot=/home/seugene/sdk/targets/arm-mv5sft-linux-gnueabi/cross/arm-mv5sft-linux-gnueabi//sys-root --enable-languages=c,c++,fortran,java --disable-multilib --with-arch=armv5te --with-float=soft --with-gmp=/home/seugene/sdk/targets/arm-mv5sft-linux-gnueabi/cross --with-mpfr=/home/seugene/sdk/targets/arm-mv5sft-linux-gnueabi/cross --with-pkgversion=sdk3.3-ct-ng-1.4.1 --disable-sjlj-exceptions --enable-__cxa_atexit --with-local-prefix=/home/seugene/sdk/targets/arm-mv5sft-linux-gnueabi/cross/arm-mv5sft-linux-gnueabi//sys-root --disable-nls --enable-threads=posix --enable-symvers=gnu --enable-c99 --enable-long-long --enable-target-optspace
Thread model: posix
gcc version 4.3.2 (sdk3.3-ct-ng-1.4.1) 
configure:2043: $? = 0
configure:2050: arm-mv5sft-linux-gnueabi-gcc -V >&5
arm-mv5sft-linux-gnueabi-gcc: '-V' option must have argument
configure:2053: $? = 1
configure:2076: checking for C compiler default output file name
configure:2103: arm-mv5sft-linux-gnueabi-gcc    conftest.c  >&5
configure:2106: $? = 0
configure:2144: result: a.out
configure:2161: checking whether the C compiler works
configure:2171: ./a.out
./configure: line 2172: ./a.out: cannot execute binary file
configure:2174: $? = 126
configure:2191: result: yes
configure:2198: checking whether we are cross compiling
configure:2200: result: yes
configure:2203: checking for suffix of executables
configure:2210: arm-mv5sft-linux-gnueabi-gcc -o conftest    conftest.c  >&5
configure:2213: $? = 0
configure:2237: result: 
configure:2243: checking for suffix of object files
configure:2269: arm-mv5sft-linux-gnueabi-gcc -c   conftest.c >&5
configure:2272: $? = 0
configure:2295: result: o
configure:2299: checking whether we are using the GNU C compiler
configure:2328: arm-mv5sft-linux-gnueabi-gcc -c   conftest.c >&5
configure:2334: $? = 0
configure:2351: result: yes
configure:2356: checking whether arm-mv5sft-linux-gnueabi-gcc accepts -g
configure:2386: arm-mv5sft-linux-gnueabi-gcc -c -g  conftest.c >&5
configure:2392: $? = 0
configure:2491: result: yes
configure:2508: checking for arm-mv5sft-linux-gnueabi-gcc option to accept ISO C89
configure:2582: arm-mv5sft-linux-gnueabi-gcc  -c -g -O2  conftest.c >&5
configure:2588: $? = 0
configure:2611: result: none needed
configure:2635: checking how to run the C preprocessor
configure:2675: arm-mv5sft-linux-gnueabi-gcc -E  conftest.c
configure:2681: $? = 0
configure:2712: arm-mv5sft-linux-gnueabi-gcc -E  conftest.c
conftest.c:8:28: error: ac_nonexistent.h: No such file or directory
configure:2718: $? = 1
configure: failed program was:
| /* confdefs.h.  */
| #define PACKAGE_NAME ""
| #define PACKAGE_TARNAME ""
| #define PACKAGE_VERSION ""
| #define PACKAGE_STRING ""
| #define PACKAGE_BUGREPORT ""
| /* end confdefs.h.  */
| #include <ac_nonexistent.h>
configure:2751: result: arm-mv5sft-linux-gnueabi-gcc -E
configure:2780: arm-mv5sft-linux-gnueabi-gcc -E  conftest.c
configure:2786: $? = 0
configure:2817: arm-mv5sft-linux-gnueabi-gcc -E  conftest.c
conftest.c:8:28: error: ac_nonexistent.h: No such file or directory
configure:2823: $? = 1
configure: failed program was:
| /* confdefs.h.  */
| #define PACKAGE_NAME ""
| #define PACKAGE_TARNAME ""
| #define PACKAGE_VERSION ""
| #define PACKAGE_STRING ""
| #define PACKAGE_BUGREPORT ""
| /* end confdefs.h.  */
| #include <ac_nonexistent.h>
configure:2861: checking for grep that handles long lines and -e
configure:2935: result: /bin/grep
configure:2940: checking for egrep
configure:3018: result: /bin/grep -E
configure:3023: checking for ANSI C header files
configure:3053: arm-mv5sft-linux-gnueabi-gcc -c -g -O2  conftest.c >&5
configure:3059: $? = 0
configure:3187: result: yes
configure:3241: checking for a BSD-compatible install
configure:3297: result: /usr/bin/install -c
configure:3309: checking whether compiler supports PIE
configure:3336: arm-mv5sft-linux-gnueabi-gcc -o conftest -g -O2 -fPIE   -pie conftest.c  >&5
configure:3342: $? = 0
configure:3364: result: yes
configure:3600: checking for sys/types.h
configure:3621: arm-mv5sft-linux-gnueabi-gcc -c -g -O2 -fPIE  conftest.c >&5
configure:3627: $? = 0
configure:3643: result: yes
configure:3600: checking for sys/stat.h
configure:3621: arm-mv5sft-linux-gnueabi-gcc -c -g -O2 -fPIE  conftest.c >&5
configure:3627: $? = 0
configure:3643: result: yes
configure:3600: checking for stdlib.h
configure:3621: arm-mv5sft-linux-gnueabi-gcc -c -g -O2 -fPIE  conftest.c >&5
configure:3627: $? = 0
configure:3643: result: yes
configure:3600: checking for string.h
configure:3621: arm-mv5sft-linux-gnueabi-gcc -c -g -O2 -fPIE  conftest.c >&5
configure:3627: $? = 0
configure:3643: result: yes
configure:3600: checking for memory.h
configure:3621: arm-mv5sft-linux-gnueabi-gcc -c -g -O2 -fPIE  conftest.c >&5
configure:3627: $? = 0
configure:3643: result: yes
configure:3600: checking for strings.h
configure:3621: arm-mv5sft-linux-gnueabi-gcc -c -g -O2 -fPIE  conftest.c >&5
configure:3627: $? = 0
configure:3643: result: yes
configure:3600: checking for inttypes.h
configure:3621: arm-mv5sft-linux-gnueabi-gcc -c -g -O2 -fPIE  conftest.c >&5
configure:3627: $? = 0
configure:3643: result: yes
configure:3600: checking for stdint.h
configure:3621: arm-mv5sft-linux-gnueabi-gcc -c -g -O2 -fPIE  conftest.c >&5
configure:3627: $? = 0
configure:3643: result: yes
configure:3600: checking for unistd.h
configure:3621: arm-mv5sft-linux-gnueabi-gcc -c -g -O2 -fPIE  conftest.c >&5
configure:3627: $? = 0
configure:3643: result: yes
configure:3665: checking ext2fs/ext2fs.h usability
configure:3682: arm-mv5sft-linux-gnueabi-gcc -c -g -O2 -fPIE  conftest.c >&5
conftest.c:51:27: error: ext2fs/ext2fs.h: No such file or directory
configure:3688: $? = 1
configure: failed program was:
| /* confdefs.h.  */
| #define PACKAGE_NAME ""
| #define PACKAGE_TARNAME ""
| #define PACKAGE_VERSION ""
| #define PACKAGE_STRING ""
| #define PACKAGE_BUGREPORT ""
| #define STDC_HEADERS 1
| #define HAVE_SYS_TYPES_H 1
| #define HAVE_SYS_STAT_H 1
| #define HAVE_STDLIB_H 1
| #define HAVE_STRING_H 1
| #define HAVE_MEMORY_H 1
| #define HAVE_STRINGS_H 1
| #define HAVE_INTTYPES_H 1
| #define HAVE_STDINT_H 1
| #define HAVE_UNISTD_H 1
| /* end confdefs.h.  */
| #include <stdio.h>
| #ifdef HAVE_SYS_TYPES_H
| # include <sys/types.h>
| #endif
| #ifdef HAVE_SYS_STAT_H
| # include <sys/stat.h>
| #endif
| #ifdef STDC_HEADERS
| # include <stdlib.h>
| # include <stddef.h>
| #else
| # ifdef HAVE_STDLIB_H
| #  include <stdlib.h>
| # endif
| #endif
| #ifdef HAVE_STRING_H
| # if !defined STDC_HEADERS && defined HAVE_MEMORY_H
| #  include <memory.h>
| # endif
| # include <string.h>
| #endif
| #ifdef HAVE_STRINGS_H
| # include <strings.h>
| #endif
| #ifdef HAVE_INTTYPES_H
| # include <inttypes.h>
| #endif
| #ifdef HAVE_STDINT_H
| # include <stdint.h>
| #endif
| #ifdef HAVE_UNISTD_H
| # include <unistd.h>
| #endif
| #include <ext2fs/ext2fs.h>
configure:3702: result: no
configure:3706: checking ext2fs/ext2fs.h presence
configure:3721: arm-mv5sft-linux-gnueabi-gcc -E  conftest.c
conftest.c:18:27: error: ext2fs/ext2fs.h: No such file or directory
configure:3727: $? = 1
configure: failed program was:
| /* confdefs.h.  */
| #define PACKAGE_NAME ""
| #define PACKAGE_TARNAME ""
| #define PACKAGE_VERSION ""
| #define PACKAGE_STRING ""
| #define PACKAGE_BUGREPORT ""
| #define STDC_HEADERS 1
| #define HAVE_SYS_TYPES_H 1
| #define HAVE_SYS_STAT_H 1
| #define HAVE_STDLIB_H 1
| #define HAVE_STRING_H 1
| #define HAVE_MEMORY_H 1
| #define HAVE_STRINGS_H 1
| #define HAVE_INTTYPES_H 1
| #define HAVE_STDINT_H 1
| #define HAVE_UNISTD_H 1
| /* end confdefs.h.  */
| #include <ext2fs/ext2fs.h>
configure:3741: result: no
configure:3769: checking for ext2fs/ext2fs.h
configure:3776: result: no
configure:3823: checking for com_err in -lcom_err
configure:3858: arm-mv5sft-linux-gnueabi-gcc -o conftest -g -O2 -fPIE   -pie conftest.c -lcom_err   >&5
configure:3864: $? = 0
configure:3882: result: yes
configure:3888: checking for ext2fs_initialize in -lext2fs
configure:3923: arm-mv5sft-linux-gnueabi-gcc -o conftest -g -O2 -fPIE   -pie conftest.c -lext2fs -lcom_err  >&5
/opt_gccarm/arm-mv5sft-linux-gnueabi/bin/../lib/gcc/arm-mv5sft-linux-gnueabi/4.3.2/../../../../arm-mv5sft-linux-gnueabi/bin/ld: cannot find -lext2fs
collect2: ld returned 1 exit status
configure:3929: $? = 1
configure: failed program was:
| /* confdefs.h.  */
| #define PACKAGE_NAME ""
| #define PACKAGE_TARNAME ""
| #define PACKAGE_VERSION ""
| #define PACKAGE_STRING ""
| #define PACKAGE_BUGREPORT ""
| #define STDC_HEADERS 1
| #define HAVE_SYS_TYPES_H 1
| #define HAVE_SYS_STAT_H 1
| #define HAVE_STDLIB_H 1
| #define HAVE_STRING_H 1
| #define HAVE_MEMORY_H 1
| #define HAVE_STRINGS_H 1
| #define HAVE_INTTYPES_H 1
| #define HAVE_STDINT_H 1
| #define HAVE_UNISTD_H 1
| /* end confdefs.h.  */
| 
| /* Override any GCC internal prototype to avoid an error.
|    Use char because int might match the return type of a GCC
|    builtin and then its argument prototype would still apply.  */
| #ifdef __cplusplus
| extern "C"
| #endif
| char ext2fs_initialize ();
| int
| main ()
| {
| return ext2fs_initialize ();
|   ;
|   return 0;
| }
configure:3947: result: no
configure:3959: WARNING: Ext2 direct support won't be compiled. Libraries not found.
configure:4335: checking for library containing gethostbyname
configure:4376: arm-mv5sft-linux-gnueabi-gcc -o conftest -g -O2 -fPIE   -pie conftest.c  >&5
configure:4382: $? = 0
configure:4410: result: none required
configure:4418: checking for host_access in -lwrap
configure:4453: arm-mv5sft-linux-gnueabi-gcc -o conftest -g -O2 -fPIE   -pie conftest.c  -lwrap >&5
conftest.c:23:19: error: tcpd.h: No such file or directory
configure:4459: $? = 1
configure: failed program was:
| /* confdefs.h.  */
| #define PACKAGE_NAME ""
| #define PACKAGE_TARNAME ""
| #define PACKAGE_VERSION ""
| #define PACKAGE_STRING ""
| #define PACKAGE_BUGREPORT ""
| #define STDC_HEADERS 1
| #define HAVE_SYS_TYPES_H 1
| #define HAVE_SYS_STAT_H 1
| #define HAVE_STDLIB_H 1
| #define HAVE_STRING_H 1
| #define HAVE_MEMORY_H 1
| #define HAVE_STRINGS_H 1
| #define HAVE_INTTYPES_H 1
| #define HAVE_STDINT_H 1
| #define HAVE_UNISTD_H 1
| /* end confdefs.h.  */
| 
| 	#include <stdio.h>
| 	#include <sys/types.h>
| 	#include <sys/socket.h>
| 	#include <netinet/in.h>
| 	#include <tcpd.h>
| 	struct request_info request;
| 	int deny_severity, allow_severity;
| int
| main ()
| {
| hosts_access(&request);
|   ;
|   return 0;
| }
configure:4471: result: no
configure:4623: checking for an ANSI C-conforming const
configure:4698: arm-mv5sft-linux-gnueabi-gcc -c -g -O2 -fPIE  conftest.c >&5
configure:4704: $? = 0
configure:4719: result: yes
configure:4729: checking for inline
configure:4755: arm-mv5sft-linux-gnueabi-gcc -c -g -O2 -fPIE  conftest.c >&5
configure:4761: $? = 0
configure:4779: result: inline
configure:5027: creating ./config.status

## ---------------------- ##
## Running config.status. ##
## ---------------------- ##

This file was extended by config.status, which was
generated by GNU Autoconf 2.61.  Invocation command line was

  CONFIG_FILES    = 
  CONFIG_HEADERS  = 
  CONFIG_LINKS    = 
  CONFIG_COMMANDS = 
  $ ./config.status 

on swtest4

config.status:591: creating Makefile
config.status:726: WARNING:  Makefile.in seems to ignore the --datarootdir setting

## ---------------- ##
## Cache variables. ##
## ---------------- ##

ac_cv_c_compiler_gnu=yes
ac_cv_c_const=yes
ac_cv_c_inline=inline
ac_cv_env_CC_set=set
ac_cv_env_CC_value=arm-mv5sft-linux-gnueabi-gcc
ac_cv_env_CFLAGS_set=
ac_cv_env_CFLAGS_value=
ac_cv_env_CPPFLAGS_set=
ac_cv_env_CPPFLAGS_value=
ac_cv_env_CPP_set=
ac_cv_env_CPP_value=
ac_cv_env_DBUS_CFLAGS_set=
ac_cv_env_DBUS_CFLAGS_value=
ac_cv_env_DBUS_LIBS_set=
ac_cv_env_DBUS_LIBS_value=
ac_cv_env_LDFLAGS_set=
ac_cv_env_LDFLAGS_value=
ac_cv_env_LIBS_set=
ac_cv_env_LIBS_value=
ac_cv_env_PKG_CONFIG_set=
ac_cv_env_PKG_CONFIG_value=
ac_cv_env_build_alias_set=
ac_cv_env_build_alias_value=
ac_cv_env_host_alias_set=set
ac_cv_env_host_alias_value=arm-mv5sft-linux-gnueabi
ac_cv_env_target_alias_set=
ac_cv_env_target_alias_value=
ac_cv_header_ext2fs_ext2fs_h=no
ac_cv_header_inttypes_h=yes
ac_cv_header_memory_h=yes
ac_cv_header_stdc=yes
ac_cv_header_stdint_h=yes
ac_cv_header_stdlib_h=yes
ac_cv_header_string_h=yes
ac_cv_header_strings_h=yes
ac_cv_header_sys_stat_h=yes
ac_cv_header_sys_types_h=yes
ac_cv_header_unistd_h=yes
ac_cv_lib_com_err_com_err=yes
ac_cv_lib_ext2fs_ext2fs_initialize=no
ac_cv_lib_wrap_main=no
ac_cv_objext=o
ac_cv_path_EGREP='/bin/grep -E'
ac_cv_path_GREP=/bin/grep
ac_cv_path_install='/usr/bin/install -c'
ac_cv_prog_CC=arm-mv5sft-linux-gnueabi-gcc
ac_cv_prog_CPP='arm-mv5sft-linux-gnueabi-gcc -E'
ac_cv_prog_cc_c89=
ac_cv_prog_cc_g=yes
ac_cv_search_gethostbyname='none required'

## ----------------- ##
## Output variables. ##
## ----------------- ##

CC='arm-mv5sft-linux-gnueabi-gcc'
CFLAGS='-D__GETTEXT__ -DBSD_BEHAVIOUR -DRPC -DALT_FORMAT -g -O2 -fPIE'
COMPILE_OPTS=' ALT_FORMAT RPC BSD_BEHAVIOUR'
CPP='arm-mv5sft-linux-gnueabi-gcc -E'
CPPFLAGS=''
DBUS_CFLAGS=''
DBUS_LIBS=''
DEFS='-DPACKAGE_NAME=\"\" -DPACKAGE_TARNAME=\"\" -DPACKAGE_VERSION=\"\" -DPACKAGE_STRING=\"\" -DPACKAGE_BUGREPORT=\"\" -DSTDC_HEADERS=1 -DHAVE_SYS_TYPES_H=1 -DHAVE_SYS_STAT_H=1 -DHAVE_STDLIB_H=1 -DHAVE_STRING_H=1 -DHAVE_MEMORY_H=1 -DHAVE_STRINGS_H=1 -DHAVE_INTTYPES_H=1 -DHAVE_STDINT_H=1 -DHAVE_UNISTD_H=1'
ECHO_C=''
ECHO_N='-n'
ECHO_T=''
EGREP='/bin/grep -E'
EXEEXT=''
EXT2LIBS=''
EXT2_DIRECT=''
GREP='/bin/grep'
HOSTS_ACCESS=''
INSTALL_DATA='${INSTALL} -m 644'
INSTALL_PROGRAM='${INSTALL}'
INSTALL_SCRIPT='${INSTALL}'
INSTMO='inst_mo'
LDAPLIBS=''
LDFLAGS=' -pie'
LIBMALLOC=''
LIBOBJS=''
LIBS=''
LTLIBOBJS=''
NETLINKLIBS=''
OBJEXT='o'
PACKAGE_BUGREPORT=''
PACKAGE_NAME=''
PACKAGE_STRING=''
PACKAGE_TARNAME=''
PACKAGE_VERSION=''
PATH_SEPARATOR=':'
PKG_CONFIG=''
QUOTA_NETLINK_PROG=''
ROOTSBIN='$(prefix)/sbin'
SHELL='/bin/sh'
ac_ct_CC=''
bindir='${exec_prefix}/bin'
build_alias=''
datadir='${datarootdir}'
datarootdir='${prefix}/share'
docdir='${datarootdir}/doc/${PACKAGE}'
dvidir='${docdir}'
exec_prefix='${prefix}'
host_alias='arm-mv5sft-linux-gnueabi'
htmldir='${docdir}'
includedir='${prefix}/include'
infodir='${datarootdir}/info'
libdir='${exec_prefix}/lib'
libexecdir='${exec_prefix}/libexec'
localedir='${datarootdir}/locale'
localstatedir='${prefix}/var'
mandir='${datarootdir}/man'
oldincludedir='/usr/include'
pdfdir='${docdir}'
prefix='/home/ibuki/cvmod/DNS345/DNS-345_GPL/quota-tools-3.17/tmp_install'
program_transform_name='s,x,x,'
psdir='${docdir}'
sbindir='${exec_prefix}/sbin'
sharedstatedir='${prefix}/com'
sysconfdir='${prefix}/etc'
target_alias=''

## ----------- ##
## confdefs.h. ##
## ----------- ##

#define PACKAGE_NAME ""
#define PACKAGE_TARNAME ""
#define PACKAGE_VERSION ""
#define PACKAGE_STRING ""
#define PACKAGE_BUGREPORT ""
#define STDC_HEADERS 1
#define HAVE_SYS_TYPES_H 1
#define HAVE_SYS_STAT_H 1
#define HAVE_STDLIB_H 1
#define HAVE_STRING_H 1
#define HAVE_MEMORY_H 1
#define HAVE_STRINGS_H 1
#define HAVE_INTTYPES_H 1
#define HAVE_STDINT_H 1
#define HAVE_UNISTD_H 1

configure: exit 0
