This file contains any messages produced by compilers while
running configure, to aid debugging if configure makes a mistake.

It was created by sg3_utils configure 1.28, which was
generated by GNU Autoconf 2.61.  Invocation command line was

  $ ./configure --build=i386-linux --host=arm-linux

## --------- ##
## Platform. ##
## --------- ##

hostname = fedora-14
uname -m = i686
uname -r = 2.6.35.6-45.fc14.i686
uname -s = Linux
uname -v = #1 SMP Mon Oct 18 23:56:17 UTC 2010

/usr/bin/uname -p = unknown
/bin/uname -X     = unknown

/bin/arch              = i686
/usr/bin/arch -k       = unknown
/usr/convex/getsysinfo = unknown
/usr/bin/hostinfo      = unknown
/bin/machine           = unknown
/usr/bin/oslevel       = unknown
/bin/universe          = unknown

PATH: /opt_gccarm/arm-mv5sft-linux-gnueabi/bin
PATH: /opt_gccarm/arm-mv5sft-linux-gnueabi/bin
PATH: /usr/lib/qt-3.3/bin
PATH: /usr/lib/ccache
PATH: /usr/local/bin
PATH: /bin
PATH: /usr/bin
PATH: /usr/local/sbin
PATH: /usr/sbin
PATH: /sbin
PATH: /home/bing/bin
PATH: /sbin
PATH: /usr/bin
PATH: /usr/sbin


## ----------- ##
## Core tests. ##
## ----------- ##

configure:1995: checking for a BSD-compatible install
configure:2051: result: /usr/bin/install -c
configure:2062: checking whether build environment is sane
configure:2105: result: yes
configure:2133: checking for a thread-safe mkdir -p
configure:2172: result: /bin/mkdir -p
configure:2185: checking for gawk
configure:2201: found /bin/gawk
configure:2212: result: gawk
configure:2223: checking whether make sets $(MAKE)
configure:2244: result: yes
configure:2324: checking for arm-linux-strip
configure:2351: result: arm-mv5sft-linux-gnueabi-strip
configure:2443: checking for arm-linux-gcc
configure:2470: result: arm-mv5sft-linux-gnueabi-gcc
configure:2748: checking for C compiler version
configure:2755: arm-mv5sft-linux-gnueabi-gcc --version >&5
arm-mv5sft-linux-gnueabi-gcc (sdk3.2rc1-ct-ng-1.4.1) 4.3.2
Copyright (C) 2008 Free Software Foundation, Inc.
This is free software; see the source for copying conditions.  There is NO
warranty; not even for MERCHANTABILITY or FITNESS FOR A PARTICULAR PURPOSE.

configure:2758: $? = 0
configure:2765: arm-mv5sft-linux-gnueabi-gcc -v >&5
Using built-in specs.
Target: arm-mv5sft-linux-gnueabi
Configured with: /home/seugene/sdk/targets/src/gcc-4.3.2/configure --build=i486-build_pc-linux-gnu --host=i486-build_pc-linux-gnu --target=arm-mv5sft-linux-gnueabi --prefix=/home/seugene/sdk/targets/arm-mv5sft-linux-gnueabi/cross --with-sysroot=/home/seugene/sdk/targets/arm-mv5sft-linux-gnueabi/cross/arm-mv5sft-linux-gnueabi//sys-root --enable-languages=c,c++,fortran,java --disable-multilib --with-arch=armv5te --with-float=soft --with-gmp=/home/seugene/sdk/targets/arm-mv5sft-linux-gnueabi/cross --with-mpfr=/home/seugene/sdk/targets/arm-mv5sft-linux-gnueabi/cross --with-pkgversion=sdk3.2rc1-ct-ng-1.4.1 --disable-sjlj-exceptions --enable-__cxa_atexit --with-local-prefix=/home/seugene/sdk/targets/arm-mv5sft-linux-gnueabi/cross/arm-mv5sft-linux-gnueabi//sys-root --disable-nls --enable-threads=posix --enable-symvers=gnu --enable-c99 --enable-long-long --enable-target-optspace
Thread model: posix
gcc version 4.3.2 (sdk3.2rc1-ct-ng-1.4.1) 
configure:2768: $? = 0
configure:2775: arm-mv5sft-linux-gnueabi-gcc -V >&5
arm-mv5sft-linux-gnueabi-gcc: '-V' option must have argument
configure:2778: $? = 1
configure:2801: checking for C compiler default output file name
configure:2828: arm-mv5sft-linux-gnueabi-gcc    conftest.c  >&5
configure:2831: $? = 0
configure:2869: result: a.out
configure:2886: checking whether the C compiler works
configure:2916: result: yes
configure:2923: checking whether we are cross compiling
configure:2925: result: yes
configure:2928: checking for suffix of executables
configure:2935: arm-mv5sft-linux-gnueabi-gcc -o conftest    conftest.c  >&5
configure:2938: $? = 0
configure:2962: result: 
configure:2968: checking for suffix of object files
configure:2994: arm-mv5sft-linux-gnueabi-gcc -c   conftest.c >&5
configure:2997: $? = 0
configure:3020: result: o
configure:3024: checking whether we are using the GNU C compiler
configure:3053: arm-mv5sft-linux-gnueabi-gcc -c   conftest.c >&5
configure:3059: $? = 0
configure:3076: result: yes
configure:3081: checking whether arm-mv5sft-linux-gnueabi-gcc accepts -g
configure:3111: arm-mv5sft-linux-gnueabi-gcc -c -g  conftest.c >&5
configure:3117: $? = 0
configure:3216: result: yes
configure:3233: checking for arm-mv5sft-linux-gnueabi-gcc option to accept ISO C89
configure:3307: arm-mv5sft-linux-gnueabi-gcc  -c -g -O2  conftest.c >&5
configure:3313: $? = 0
configure:3336: result: none needed
configure:3365: checking for style of include used by make
configure:3393: result: GNU
configure:3418: checking dependency style of arm-mv5sft-linux-gnueabi-gcc
configure:3509: result: gcc3
configure:3538: checking for a BSD-compatible install
configure:3594: result: /usr/bin/install -c
configure:3685: checking build system type
configure:3703: result: i386-pc-linux-gnu
configure:3725: checking host system type
configure:3740: result: arm-unknown-linux-gnu
configure:3762: checking for a sed that does not truncate output
configure:3816: result: /bin/sed
configure:3819: checking for grep that handles long lines and -e
configure:3893: result: /bin/grep
configure:3898: checking for egrep
configure:3976: result: /bin/grep -E
configure:3992: checking for ld used by arm-mv5sft-linux-gnueabi-gcc
configure:4059: result: arm-mv5sft-linux-gnueabi-ld
configure:4068: checking if the linker (arm-mv5sft-linux-gnueabi-ld) is GNU ld
configure:4083: result: yes
configure:4088: checking for arm-mv5sft-linux-gnueabi-ld option to reload object files
configure:4095: result: -r
configure:4113: checking for BSD-compatible nm
configure:4162: result: nm
configure:4166: checking whether ln -s works
configure:4170: result: yes
configure:4177: checking how to recognise dependent libraries
configure:4353: result: pass_all
configure:4587: checking how to run the C preprocessor
configure:4627: arm-mv5sft-linux-gnueabi-gcc -E  conftest.c
configure:4633: $? = 0
configure:4664: arm-mv5sft-linux-gnueabi-gcc -E  conftest.c
conftest.c:10:28: error: ac_nonexistent.h: No such file or directory
configure:4670: $? = 1
configure: failed program was:
| /* confdefs.h.  */
| #define PACKAGE_NAME "sg3_utils"
| #define PACKAGE_TARNAME "sg3_utils"
| #define PACKAGE_VERSION "1.28"
| #define PACKAGE_STRING "sg3_utils 1.28"
| #define PACKAGE_BUGREPORT "dgilbert@interlog.com"
| #define PACKAGE "sg3_utils"
| #define VERSION "1.28"
| /* end confdefs.h.  */
| #include <ac_nonexistent.h>
configure:4703: result: arm-mv5sft-linux-gnueabi-gcc -E
configure:4732: arm-mv5sft-linux-gnueabi-gcc -E  conftest.c
configure:4738: $? = 0
configure:4769: arm-mv5sft-linux-gnueabi-gcc -E  conftest.c
conftest.c:10:28: error: ac_nonexistent.h: No such file or directory
configure:4775: $? = 1
configure: failed program was:
| /* confdefs.h.  */
| #define PACKAGE_NAME "sg3_utils"
| #define PACKAGE_TARNAME "sg3_utils"
| #define PACKAGE_VERSION "1.28"
| #define PACKAGE_STRING "sg3_utils 1.28"
| #define PACKAGE_BUGREPORT "dgilbert@interlog.com"
| #define PACKAGE "sg3_utils"
| #define VERSION "1.28"
| /* end confdefs.h.  */
| #include <ac_nonexistent.h>
configure:4813: checking for ANSI C header files
configure:4843: arm-mv5sft-linux-gnueabi-gcc -c -g -O2  conftest.c >&5
configure:4849: $? = 0
configure:4977: result: yes
configure:5001: checking for sys/types.h
configure:5022: arm-mv5sft-linux-gnueabi-gcc -c -g -O2  conftest.c >&5
configure:5028: $? = 0
configure:5044: result: yes
configure:5001: checking for sys/stat.h
configure:5022: arm-mv5sft-linux-gnueabi-gcc -c -g -O2  conftest.c >&5
configure:5028: $? = 0
configure:5044: result: yes
configure:5001: checking for stdlib.h
configure:5022: arm-mv5sft-linux-gnueabi-gcc -c -g -O2  conftest.c >&5
configure:5028: $? = 0
configure:5044: result: yes
configure:5001: checking for string.h
configure:5022: arm-mv5sft-linux-gnueabi-gcc -c -g -O2  conftest.c >&5
configure:5028: $? = 0
configure:5044: result: yes
configure:5001: checking for memory.h
configure:5022: arm-mv5sft-linux-gnueabi-gcc -c -g -O2  conftest.c >&5
configure:5028: $? = 0
configure:5044: result: yes
configure:5001: checking for strings.h
configure:5022: arm-mv5sft-linux-gnueabi-gcc -c -g -O2  conftest.c >&5
configure:5028: $? = 0
configure:5044: result: yes
configure:5001: checking for inttypes.h
configure:5022: arm-mv5sft-linux-gnueabi-gcc -c -g -O2  conftest.c >&5
configure:5028: $? = 0
configure:5044: result: yes
configure:5001: checking for stdint.h
configure:5022: arm-mv5sft-linux-gnueabi-gcc -c -g -O2  conftest.c >&5
configure:5028: $? = 0
configure:5044: result: yes
configure:5001: checking for unistd.h
configure:5022: arm-mv5sft-linux-gnueabi-gcc -c -g -O2  conftest.c >&5
configure:5028: $? = 0
configure:5044: result: yes
configure:5071: checking dlfcn.h usability
configure:5088: arm-mv5sft-linux-gnueabi-gcc -c -g -O2  conftest.c >&5
configure:5094: $? = 0
configure:5108: result: yes
configure:5112: checking dlfcn.h presence
configure:5127: arm-mv5sft-linux-gnueabi-gcc -E  conftest.c
configure:5133: $? = 0
configure:5147: result: yes
configure:5180: checking for dlfcn.h
configure:5188: result: yes
configure:5317: checking for C++ compiler version
configure:5324: arm-mv5sft-linux-gnueabi-g++ --version >&5
arm-mv5sft-linux-gnueabi-g++ (sdk3.2rc1-ct-ng-1.4.1) 4.3.2
Copyright (C) 2008 Free Software Foundation, Inc.
This is free software; see the source for copying conditions.  There is NO
warranty; not even for MERCHANTABILITY or FITNESS FOR A PARTICULAR PURPOSE.

configure:5327: $? = 0
configure:5334: arm-mv5sft-linux-gnueabi-g++ -v >&5
Using built-in specs.
Target: arm-mv5sft-linux-gnueabi
Configured with: /home/seugene/sdk/targets/src/gcc-4.3.2/configure --build=i486-build_pc-linux-gnu --host=i486-build_pc-linux-gnu --target=arm-mv5sft-linux-gnueabi --prefix=/home/seugene/sdk/targets/arm-mv5sft-linux-gnueabi/cross --with-sysroot=/home/seugene/sdk/targets/arm-mv5sft-linux-gnueabi/cross/arm-mv5sft-linux-gnueabi//sys-root --enable-languages=c,c++,fortran,java --disable-multilib --with-arch=armv5te --with-float=soft --with-gmp=/home/seugene/sdk/targets/arm-mv5sft-linux-gnueabi/cross --with-mpfr=/home/seugene/sdk/targets/arm-mv5sft-linux-gnueabi/cross --with-pkgversion=sdk3.2rc1-ct-ng-1.4.1 --disable-sjlj-exceptions --enable-__cxa_atexit --with-local-prefix=/home/seugene/sdk/targets/arm-mv5sft-linux-gnueabi/cross/arm-mv5sft-linux-gnueabi//sys-root --disable-nls --enable-threads=posix --enable-symvers=gnu --enable-c99 --enable-long-long --enable-target-optspace
Thread model: posix
gcc version 4.3.2 (sdk3.2rc1-ct-ng-1.4.1) 
configure:5337: $? = 0
configure:5344: arm-mv5sft-linux-gnueabi-g++ -V >&5
arm-mv5sft-linux-gnueabi-g++: '-V' option must have argument
configure:5347: $? = 1
configure:5350: checking whether we are using the GNU C++ compiler
configure:5379: arm-mv5sft-linux-gnueabi-g++ -c   conftest.cpp >&5
configure:5385: $? = 0
configure:5402: result: yes
configure:5407: checking whether arm-mv5sft-linux-gnueabi-g++ accepts -g
configure:5437: arm-mv5sft-linux-gnueabi-g++ -c -g  conftest.cpp >&5
configure:5443: $? = 0
configure:5542: result: yes
configure:5567: checking dependency style of arm-mv5sft-linux-gnueabi-g++
configure:5658: result: gcc3
configure:5683: checking how to run the C++ preprocessor
configure:5719: arm-mv5sft-linux-gnueabi-g++ -E  conftest.cpp
configure:5725: $? = 0
configure:5756: arm-mv5sft-linux-gnueabi-g++ -E  conftest.cpp
conftest.cpp:21:28: error: ac_nonexistent.h: No such file or directory
configure:5762: $? = 1
configure: failed program was:
| /* confdefs.h.  */
| #define PACKAGE_NAME "sg3_utils"
| #define PACKAGE_TARNAME "sg3_utils"
| #define PACKAGE_VERSION "1.28"
| #define PACKAGE_STRING "sg3_utils 1.28"
| #define PACKAGE_BUGREPORT "dgilbert@interlog.com"
| #define PACKAGE "sg3_utils"
| #define VERSION "1.28"
| #define STDC_HEADERS 1
| #define HAVE_SYS_TYPES_H 1
| #define HAVE_SYS_STAT_H 1
| #define HAVE_STDLIB_H 1
| #define HAVE_STRING_H 1
| #define HAVE_MEMORY_H 1
| #define HAVE_STRINGS_H 1
| #define HAVE_INTTYPES_H 1
| #define HAVE_STDINT_H 1
| #define HAVE_UNISTD_H 1
| #define HAVE_DLFCN_H 1
| /* end confdefs.h.  */
| #include <ac_nonexistent.h>
configure:5795: result: arm-mv5sft-linux-gnueabi-g++ -E
configure:5824: arm-mv5sft-linux-gnueabi-g++ -E  conftest.cpp
configure:5830: $? = 0
configure:5861: arm-mv5sft-linux-gnueabi-g++ -E  conftest.cpp
conftest.cpp:21:28: error: ac_nonexistent.h: No such file or directory
configure:5867: $? = 1
configure: failed program was:
| /* confdefs.h.  */
| #define PACKAGE_NAME "sg3_utils"
| #define PACKAGE_TARNAME "sg3_utils"
| #define PACKAGE_VERSION "1.28"
| #define PACKAGE_STRING "sg3_utils 1.28"
| #define PACKAGE_BUGREPORT "dgilbert@interlog.com"
| #define PACKAGE "sg3_utils"
| #define VERSION "1.28"
| #define STDC_HEADERS 1
| #define HAVE_SYS_TYPES_H 1
| #define HAVE_SYS_STAT_H 1
| #define HAVE_STDLIB_H 1
| #define HAVE_STRING_H 1
| #define HAVE_MEMORY_H 1
| #define HAVE_STRINGS_H 1
| #define HAVE_INTTYPES_H 1
| #define HAVE_STDINT_H 1
| #define HAVE_UNISTD_H 1
| #define HAVE_DLFCN_H 1
| /* end confdefs.h.  */
| #include <ac_nonexistent.h>
configure:5916: checking for arm-linux-g77
configure:5946: result: no
configure:5916: checking for arm-linux-xlf
configure:5946: result: no
configure:5916: checking for arm-linux-f77
configure:5946: result: no
configure:5916: checking for arm-linux-frt
configure:5946: result: no
configure:5916: checking for arm-linux-pgf77
configure:5946: result: no
configure:5916: checking for arm-linux-cf77
configure:5946: result: no
configure:5916: checking for arm-linux-fort77
configure:5946: result: no
configure:5916: checking for arm-linux-fl32
configure:5946: result: no
configure:5916: checking for arm-linux-af77
configure:5946: result: no
configure:5916: checking for arm-linux-xlf90
configure:5946: result: no
configure:5916: checking for arm-linux-f90
configure:5946: result: no
configure:5916: checking for arm-linux-pgf90
configure:5946: result: no
configure:5916: checking for arm-linux-pghpf
configure:5946: result: no
configure:5916: checking for arm-linux-epcf90
configure:5946: result: no
configure:5916: checking for arm-linux-gfortran
configure:5946: result: no
configure:5916: checking for arm-linux-g95
configure:5946: result: no
configure:5916: checking for arm-linux-xlf95
configure:5946: result: no
configure:5916: checking for arm-linux-f95
configure:5946: result: no
configure:5916: checking for arm-linux-fort
configure:5946: result: no
configure:5916: checking for arm-linux-ifort
configure:5946: result: no
configure:5916: checking for arm-linux-ifc
configure:5946: result: no
configure:5916: checking for arm-linux-efc
configure:5946: result: no
configure:5916: checking for arm-linux-pgf95
configure:5946: result: no
configure:5916: checking for arm-linux-lf95
configure:5946: result: no
configure:5916: checking for arm-linux-ftn
configure:5946: result: no
configure:5960: checking for g77
configure:5990: result: no
configure:5960: checking for xlf
configure:5990: result: no
configure:5960: checking for f77
configure:5990: result: no
configure:5960: checking for frt
configure:5990: result: no
configure:5960: checking for pgf77
configure:5990: result: no
configure:5960: checking for cf77
configure:5990: result: no
configure:5960: checking for fort77
configure:5990: result: no
configure:5960: checking for fl32
configure:5990: result: no
configure:5960: checking for af77
configure:5990: result: no
configure:5960: checking for xlf90
configure:5990: result: no
configure:5960: checking for f90
configure:5990: result: no
configure:5960: checking for pgf90
configure:5990: result: no
configure:5960: checking for pghpf
configure:5990: result: no
configure:5960: checking for epcf90
configure:5990: result: no
configure:5960: checking for gfortran
configure:5976: found /usr/bin/gfortran
configure:5987: result: gfortran
configure:6005: WARNING: In the future, Autoconf will not detect cross-tools
whose name does not start with the host triplet.  If you think this
configuration is useful to you, please write to autoconf@gnu.org.
configure:6017: checking for Fortran 77 compiler version
configure:6024: gfortran --version >&5
GNU Fortran (GCC) 4.5.1 20100924 (Red Hat 4.5.1-4)
Copyright (C) 2010 Free Software Foundation, Inc.

GNU Fortran comes with NO WARRANTY, to the extent permitted by law.
You may redistribute copies of GNU Fortran
under the terms of the GNU General Public License.
For more information about these matters, see the file named COPYING

configure:6027: $? = 0
configure:6034: gfortran -v >&5
Using built-in specs.
COLLECT_GCC=gfortran
COLLECT_LTO_WRAPPER=/usr/libexec/gcc/i686-redhat-linux/4.5.1/lto-wrapper
Target: i686-redhat-linux
Configured with: ../configure --prefix=/usr --mandir=/usr/share/man --infodir=/usr/share/info --with-bugurl=http://bugzilla.redhat.com/bugzilla --enable-bootstrap --enable-shared --enable-threads=posix --enable-checking=release --with-system-zlib --enable-__cxa_atexit --disable-libunwind-exceptions --enable-gnu-unique-object --enable-linker-build-id --enable-languages=c,c++,objc,obj-c++,java,fortran,ada,lto --enable-plugin --enable-java-awt=gtk --disable-dssi --with-java-home=/usr/lib/jvm/java-1.5.0-gcj-1.5.0.0/jre --enable-libgcj-multifile --enable-java-maintainer-mode --with-ecj-jar=/usr/share/java/eclipse-ecj.jar --disable-libjava-multilib --with-ppl --with-cloog --with-tune=generic --with-arch=i686 --build=i686-redhat-linux
Thread model: posix
gcc version 4.5.1 20100924 (Red Hat 4.5.1-4) (GCC) 
configure:6037: $? = 0
configure:6044: gfortran -V >&5
gfortran: '-V' option must have argument
configure:6047: $? = 1
configure:6055: checking whether we are using the GNU Fortran 77 compiler
configure:6074: gfortran -c  conftest.F >&5
configure:6080: $? = 0
configure:6097: result: yes
configure:6103: checking whether gfortran accepts -g
configure:6120: gfortran -c -g conftest.f >&5
configure:6126: $? = 0
configure:6142: result: yes
configure:6172: checking the maximum length of command line arguments
configure:6281: result: 32768
configure:6292: checking command to parse nm output from arm-mv5sft-linux-gnueabi-gcc object
configure:6397: arm-mv5sft-linux-gnueabi-gcc -c -g -O2  conftest.c >&5
configure:6400: $? = 0
configure:6404: nm conftest.o \| sed -n -e 's/^.*[ 	]\([ABCDGIRSTW][ABCDGIRSTW]*\)[ 	][ 	]*\([_A-Za-z][_A-Za-z0-9]*\)$/\1 \2 \2/p' \> conftest.nm
configure:6407: $? = 0
configure:6459: arm-mv5sft-linux-gnueabi-gcc -o conftest -g -O2   conftest.c conftstm.o >&5
configure:6462: $? = 0
configure:6500: result: ok
configure:6504: checking for objdir
configure:6519: result: .libs
configure:6571: checking for arm-linux-ar
configure:6601: result: no
configure:6611: checking for ar
configure:6627: found /usr/bin/ar
configure:6638: result: ar
configure:6667: checking for arm-linux-ranlib
configure:6694: result: arm-mv5sft-linux-gnueabi-ranlib
configure:6763: checking for arm-linux-strip
configure:6790: result: arm-mv5sft-linux-gnueabi-strip
configure:7116: checking if arm-mv5sft-linux-gnueabi-gcc supports -fno-rtti -fno-exceptions
configure:7134: arm-mv5sft-linux-gnueabi-gcc -c -g -O2  -fno-rtti -fno-exceptions conftest.c >&5
cc1: warning: command line option "-fno-rtti" is valid for C++/ObjC++ but not for C
configure:7138: $? = 0
configure:7151: result: no
configure:7166: checking for arm-mv5sft-linux-gnueabi-gcc option to produce PIC
configure:7376: result: -fPIC
configure:7384: checking if arm-mv5sft-linux-gnueabi-gcc PIC flag -fPIC works
configure:7402: arm-mv5sft-linux-gnueabi-gcc -c -g -O2  -fPIC -DPIC conftest.c >&5
configure:7406: $? = 0
configure:7419: result: yes
configure:7447: checking if arm-mv5sft-linux-gnueabi-gcc static flag -static works
configure:7475: result: yes
configure:7485: checking if arm-mv5sft-linux-gnueabi-gcc supports -c -o file.o
configure:7506: arm-mv5sft-linux-gnueabi-gcc -c -g -O2  -o out/conftest2.o conftest.c >&5
configure:7510: $? = 0
configure:7532: result: yes
configure:7558: checking whether the arm-mv5sft-linux-gnueabi-gcc linker (arm-mv5sft-linux-gnueabi-ld) supports shared libraries
configure:8513: result: yes
configure:8534: checking whether -lc should be explicitly linked in
configure:8539: arm-mv5sft-linux-gnueabi-gcc -c -g -O2  conftest.c >&5
configure:8542: $? = 0
configure:8557: arm-mv5sft-linux-gnueabi-gcc -shared conftest.o  -v -Wl,-soname -Wl,conftest -o conftest 2\>\&1 \| grep  -lc  \>/dev/null 2\>\&1
configure:8560: $? = 0
configure:8572: result: no
configure:8580: checking dynamic linker characteristics
configure:9156: result: GNU/Linux ld.so
configure:9165: checking how to hardcode library paths into programs
configure:9190: result: immediate
configure:9204: checking whether stripping libraries is possible
configure:9209: result: yes
configure:10010: checking if libtool supports shared libraries
configure:10012: result: yes
configure:10015: checking whether to build shared libraries
configure:10036: result: yes
configure:10039: checking whether to build static libraries
configure:10043: result: yes
configure:10135: creating libtool
configure:10723: checking for ld used by arm-mv5sft-linux-gnueabi-g++
configure:10790: result: arm-mv5sft-linux-gnueabi-ld
configure:10799: checking if the linker (arm-mv5sft-linux-gnueabi-ld) is GNU ld
configure:10814: result: yes
configure:10865: checking whether the arm-mv5sft-linux-gnueabi-g++ linker (arm-mv5sft-linux-gnueabi-ld) supports shared libraries
configure:11799: result: yes
configure:11817: arm-mv5sft-linux-gnueabi-g++ -c -g -O2  conftest.cpp >&5
configure:11820: $? = 0
configure:11939: checking for arm-mv5sft-linux-gnueabi-g++ option to produce PIC
configure:12213: result: -fPIC
configure:12221: checking if arm-mv5sft-linux-gnueabi-g++ PIC flag -fPIC works
configure:12239: arm-mv5sft-linux-gnueabi-g++ -c -g -O2  -fPIC -DPIC conftest.cpp >&5
configure:12243: $? = 0
configure:12256: result: yes
configure:12284: checking if arm-mv5sft-linux-gnueabi-g++ static flag -static works
configure:12312: result: yes
configure:12322: checking if arm-mv5sft-linux-gnueabi-g++ supports -c -o file.o
configure:12343: arm-mv5sft-linux-gnueabi-g++ -c -g -O2  -o out/conftest2.o conftest.cpp >&5
configure:12347: $? = 0
configure:12369: result: yes
configure:12395: checking whether the arm-mv5sft-linux-gnueabi-g++ linker (arm-mv5sft-linux-gnueabi-ld) supports shared libraries
configure:12423: result: yes
configure:12490: checking dynamic linker characteristics
configure:13066: result: GNU/Linux ld.so
configure:13075: checking how to hardcode library paths into programs
configure:13100: result: immediate
configure:13626: checking if libtool supports shared libraries
configure:13628: result: yes
configure:13631: checking whether to build shared libraries
configure:13651: result: yes
configure:13654: checking whether to build static libraries
configure:13658: result: yes
configure:13668: checking for gfortran option to produce PIC
configure:13878: result: -fPIC
configure:13886: checking if gfortran PIC flag -fPIC works
configure:13904: gfortran -c -g -O2 -fPIC conftest.f >&5
configure:13908: $? = 0
configure:13921: result: yes
configure:13949: checking if gfortran static flag -static works
configure:13977: result: no
configure:13987: checking if gfortran supports -c -o file.o
configure:14008: gfortran -c -g -O2 -o out/conftest2.o conftest.f >&5
configure:14012: $? = 0
configure:14034: result: yes
configure:14060: checking whether the gfortran linker (arm-mv5sft-linux-gnueabi-ld) supports shared libraries
configure:14995: result: yes
configure:15062: checking dynamic linker characteristics
configure:15638: result: GNU/Linux ld.so
configure:15647: checking how to hardcode library paths into programs
configure:15672: result: immediate
configure:19220: checking for ANSI C header files
configure:19384: result: yes
configure:19400: checking for linux/types.h
configure:19424: arm-mv5sft-linux-gnueabi-gcc -c -g -O2  conftest.c >&5
configure:19430: $? = 0
configure:19446: result: yes
configure:19400: checking for linux/bsg.h
configure:19424: arm-mv5sft-linux-gnueabi-gcc -c -g -O2  conftest.c >&5
conftest.c:28:23: error: linux/bsg.h: No such file or directory
configure:19430: $? = 1
configure: failed program was:
| /* confdefs.h.  */
| #define PACKAGE_NAME "sg3_utils"
| #define PACKAGE_TARNAME "sg3_utils"
| #define PACKAGE_VERSION "1.28"
| #define PACKAGE_STRING "sg3_utils 1.28"
| #define PACKAGE_BUGREPORT "dgilbert@interlog.com"
| #define PACKAGE "sg3_utils"
| #define VERSION "1.28"
| #define STDC_HEADERS 1
| #define HAVE_SYS_TYPES_H 1
| #define HAVE_SYS_STAT_H 1
| #define HAVE_STDLIB_H 1
| #define HAVE_STRING_H 1
| #define HAVE_MEMORY_H 1
| #define HAVE_STRINGS_H 1
| #define HAVE_INTTYPES_H 1
| #define HAVE_STDINT_H 1
| #define HAVE_UNISTD_H 1
| #define HAVE_DLFCN_H 1
| #define STDC_HEADERS 1
| #define HAVE_LINUX_TYPES_H 1
| /* end confdefs.h.  */
| #ifdef HAVE_LINUX_TYPES_H
|      # include <linux/types.h>
|      #endif
| 
| 
| #include <linux/bsg.h>
configure:19446: result: no
configure:19400: checking for linux/kdev_t.h
configure:19424: arm-mv5sft-linux-gnueabi-gcc -c -g -O2  conftest.c >&5
configure:19430: $? = 0
configure:19446: result: yes
configure:19463: checking for getopt_long
configure:19519: arm-mv5sft-linux-gnueabi-gcc -o conftest -g -O2   conftest.c  >&5
configure:19525: $? = 0
configure:19543: result: yes
configure:19559: checking for posix_fadvise
configure:19615: arm-mv5sft-linux-gnueabi-gcc -o conftest -g -O2   conftest.c  >&5
configure:19621: $? = 0
configure:19639: result: yes
configure:19651: checking host system type
configure:19666: result: arm-unknown-linux-gnu
configure:20004: creating ./config.status

## ---------------------- ##
## Running config.status. ##
## ---------------------- ##

This file was extended by sg3_utils config.status 1.28, which was
generated by GNU Autoconf 2.61.  Invocation command line was

  CONFIG_FILES    = 
  CONFIG_HEADERS  = 
  CONFIG_LINKS    = 
  CONFIG_COMMANDS = 
  $ ./config.status 

on fedora-14

config.status:679: creating Makefile
config.status:679: creating include/Makefile
config.status:679: creating lib/Makefile
config.status:679: creating src/Makefile
config.status:679: creating doc/Makefile
config.status:679: creating config.h
config.status:959: executing depfiles commands

## ---------------- ##
## Cache variables. ##
## ---------------- ##

ac_cv_build=i386-pc-linux-gnu
ac_cv_c_compiler_gnu=yes
ac_cv_cxx_compiler_gnu=yes
ac_cv_env_CCC_set=
ac_cv_env_CCC_value=
ac_cv_env_CC_set=set
ac_cv_env_CC_value=arm-mv5sft-linux-gnueabi-gcc
ac_cv_env_CFLAGS_set=
ac_cv_env_CFLAGS_value=
ac_cv_env_CPPFLAGS_set=
ac_cv_env_CPPFLAGS_value=
ac_cv_env_CPP_set=
ac_cv_env_CPP_value=
ac_cv_env_CXXCPP_set=
ac_cv_env_CXXCPP_value=
ac_cv_env_CXXFLAGS_set=
ac_cv_env_CXXFLAGS_value=
ac_cv_env_CXX_set=set
ac_cv_env_CXX_value=arm-mv5sft-linux-gnueabi-g++
ac_cv_env_F77_set=
ac_cv_env_F77_value=
ac_cv_env_FFLAGS_set=
ac_cv_env_FFLAGS_value=
ac_cv_env_LDFLAGS_set=
ac_cv_env_LDFLAGS_value=
ac_cv_env_LIBS_set=
ac_cv_env_LIBS_value=
ac_cv_env_build_alias_set=set
ac_cv_env_build_alias_value=i386-linux
ac_cv_env_host_alias_set=set
ac_cv_env_host_alias_value=arm-linux
ac_cv_env_target_alias_set=
ac_cv_env_target_alias_value=
ac_cv_f77_compiler_gnu=yes
ac_cv_func_getopt_long=yes
ac_cv_func_posix_fadvise=yes
ac_cv_header_dlfcn_h=yes
ac_cv_header_inttypes_h=yes
ac_cv_header_linux_bsg_h=no
ac_cv_header_linux_kdev_t_h=yes
ac_cv_header_linux_types_h=yes
ac_cv_header_memory_h=yes
ac_cv_header_stdc=yes
ac_cv_header_stdint_h=yes
ac_cv_header_stdlib_h=yes
ac_cv_header_string_h=yes
ac_cv_header_strings_h=yes
ac_cv_header_sys_stat_h=yes
ac_cv_header_sys_types_h=yes
ac_cv_header_unistd_h=yes
ac_cv_host=arm-unknown-linux-gnu
ac_cv_objext=o
ac_cv_path_EGREP='/bin/grep -E'
ac_cv_path_GREP=/bin/grep
ac_cv_path_install='/usr/bin/install -c'
ac_cv_path_mkdir=/bin/mkdir
ac_cv_prog_AWK=gawk
ac_cv_prog_CC=arm-mv5sft-linux-gnueabi-gcc
ac_cv_prog_CPP='arm-mv5sft-linux-gnueabi-gcc -E'
ac_cv_prog_CXXCPP='arm-mv5sft-linux-gnueabi-g++ -E'
ac_cv_prog_RANLIB=arm-mv5sft-linux-gnueabi-ranlib
ac_cv_prog_STRIP=arm-mv5sft-linux-gnueabi-strip
ac_cv_prog_ac_ct_AR=ar
ac_cv_prog_ac_ct_F77=gfortran
ac_cv_prog_cc_c89=
ac_cv_prog_cc_g=yes
ac_cv_prog_cxx_g=yes
ac_cv_prog_f77_g=yes
ac_cv_prog_make_make_set=yes
am_cv_CC_dependencies_compiler_type=gcc3
am_cv_CXX_dependencies_compiler_type=gcc3
lt_cv_deplibs_check_method=pass_all
lt_cv_file_magic_cmd='$MAGIC_CMD'
lt_cv_file_magic_test_file=
lt_cv_ld_reload_flag=-r
lt_cv_objdir=.libs
lt_cv_path_LD=arm-mv5sft-linux-gnueabi-ld
lt_cv_path_LDCXX=arm-mv5sft-linux-gnueabi-ld
lt_cv_path_NM=nm
lt_cv_path_SED=/bin/sed
lt_cv_prog_compiler_c_o=yes
lt_cv_prog_compiler_c_o_CXX=yes
lt_cv_prog_compiler_c_o_F77=yes
lt_cv_prog_compiler_rtti_exceptions=no
lt_cv_prog_gnu_ld=yes
lt_cv_prog_gnu_ldcxx=yes
lt_cv_sys_global_symbol_pipe='sed -n -e '\''s/^.*[ 	]\([ABCDGIRSTW][ABCDGIRSTW]*\)[ 	][ 	]*\([_A-Za-z][_A-Za-z0-9]*\)$/\1 \2 \2/p'\'''
lt_cv_sys_global_symbol_to_c_name_address='sed -n -e '\''s/^: \([^ ]*\) $/  {\"\1\", (lt_ptr) 0},/p'\'' -e '\''s/^[BCDEGRST] \([^ ]*\) \([^ ]*\)$/  {"\2", (lt_ptr) \&\2},/p'\'''
lt_cv_sys_global_symbol_to_cdecl='sed -n -e '\''s/^. .* \(.*\)$/extern int \1;/p'\'''
lt_cv_sys_max_cmd_len=32768
lt_lt_cv_prog_compiler_c_o='"yes"'
lt_lt_cv_prog_compiler_c_o_CXX='"yes"'
lt_lt_cv_prog_compiler_c_o_F77='"yes"'
lt_lt_cv_sys_global_symbol_pipe='"sed -n -e '\''s/^.*[ 	]\\([ABCDGIRSTW][ABCDGIRSTW]*\\)[ 	][ 	]*\\([_A-Za-z][_A-Za-z0-9]*\\)\$/\\1 \\2 \\2/p'\''"'
lt_lt_cv_sys_global_symbol_to_c_name_address='"sed -n -e '\''s/^: \\([^ ]*\\) \$/  {\\\"\\1\\\", (lt_ptr) 0},/p'\'' -e '\''s/^[BCDEGRST] \\([^ ]*\\) \\([^ ]*\\)\$/  {\"\\2\", (lt_ptr) \\&\\2},/p'\''"'
lt_lt_cv_sys_global_symbol_to_cdecl='"sed -n -e '\''s/^. .* \\(.*\\)\$/extern int \\1;/p'\''"'

## ----------------- ##
## Output variables. ##
## ----------------- ##

ACLOCAL='${SHELL} /home/tmp/DNS-345_GPL/sg3_utils-1.28/missing --run aclocal-1.10'
AMDEPBACKSLASH='\'
AMDEP_FALSE='#'
AMDEP_TRUE=''
AMTAR='${SHELL} /home/tmp/DNS-345_GPL/sg3_utils-1.28/missing --run tar'
AR='ar'
AUTOCONF='${SHELL} /home/tmp/DNS-345_GPL/sg3_utils-1.28/missing --run autoconf'
AUTOHEADER='${SHELL} /home/tmp/DNS-345_GPL/sg3_utils-1.28/missing --run autoheader'
AUTOMAKE='${SHELL} /home/tmp/DNS-345_GPL/sg3_utils-1.28/missing --run automake-1.10'
AWK='gawk'
CC='arm-mv5sft-linux-gnueabi-gcc'
CCDEPMODE='depmode=gcc3'
CFLAGS='-g -O2'
CPP='arm-mv5sft-linux-gnueabi-gcc -E'
CPPFLAGS=''
CXX='arm-mv5sft-linux-gnueabi-g++'
CXXCPP='arm-mv5sft-linux-gnueabi-g++ -E'
CXXDEPMODE='depmode=gcc3'
CXXFLAGS='-g -O2'
CYGPATH_W='echo'
DEFS='-DHAVE_CONFIG_H'
DEPDIR='.deps'
ECHO='echo'
ECHO_C=''
ECHO_N='-n'
ECHO_T=''
EGREP='/bin/grep -E'
EXEEXT=''
F77='gfortran'
FFLAGS='-g -O2'
GETOPT_O_FILES=''
GREP='/bin/grep'
INSTALL_DATA='${INSTALL} -m 644'
INSTALL_PROGRAM='${INSTALL}'
INSTALL_SCRIPT='${INSTALL}'
INSTALL_STRIP_PROGRAM='$(install_sh) -c -s'
LDFLAGS=''
LIBOBJS=''
LIBS=''
LIBTOOL='$(SHELL) $(top_builddir)/libtool'
LN_S='ln -s'
LTLIBOBJS=''
MAKEINFO='${SHELL} /home/tmp/DNS-345_GPL/sg3_utils-1.28/missing --run makeinfo'
OBJEXT='o'
OS_FREEBSD_FALSE=''
OS_FREEBSD_TRUE='#'
OS_LINUX_FALSE='#'
OS_LINUX_TRUE=''
OS_OSF_FALSE=''
OS_OSF_TRUE='#'
OS_SOLARIS_FALSE=''
OS_SOLARIS_TRUE='#'
OS_WIN32_CYGWIN_FALSE=''
OS_WIN32_CYGWIN_TRUE='#'
OS_WIN32_MINGW_FALSE=''
OS_WIN32_MINGW_TRUE='#'
PACKAGE='sg3_utils'
PACKAGE_BUGREPORT='dgilbert@interlog.com'
PACKAGE_NAME='sg3_utils'
PACKAGE_STRING='sg3_utils 1.28'
PACKAGE_TARNAME='sg3_utils'
PACKAGE_VERSION='1.28'
PATH_SEPARATOR=':'
RANLIB='arm-mv5sft-linux-gnueabi-ranlib'
SET_MAKE=''
SHELL='/bin/sh'
STRIP='arm-mv5sft-linux-gnueabi-strip'
VERSION='1.28'
ac_ct_CC=''
ac_ct_CXX=''
ac_ct_F77='gfortran'
am__fastdepCC_FALSE='#'
am__fastdepCC_TRUE=''
am__fastdepCXX_FALSE='#'
am__fastdepCXX_TRUE=''
am__include='include'
am__isrc=''
am__leading_dot='.'
am__quote=''
am__tar='${AMTAR} chof - "$$tardir"'
am__untar='${AMTAR} xf -'
bindir='${exec_prefix}/bin'
build='i386-pc-linux-gnu'
build_alias='i386-linux'
build_cpu='i386'
build_os='linux-gnu'
build_vendor='pc'
datadir='${datarootdir}'
datarootdir='${prefix}/share'
docdir='${datarootdir}/doc/${PACKAGE_TARNAME}'
dvidir='${docdir}'
exec_prefix='${prefix}'
host='arm-unknown-linux-gnu'
host_alias='arm-linux'
host_cpu='arm'
host_os='linux-gnu'
host_vendor='unknown'
htmldir='${docdir}'
includedir='${prefix}/include'
infodir='${datarootdir}/info'
install_sh='$(SHELL) /home/tmp/DNS-345_GPL/sg3_utils-1.28/install-sh'
libdir='${exec_prefix}/lib'
libexecdir='${exec_prefix}/libexec'
localedir='${datarootdir}/locale'
localstatedir='${prefix}/var'
mandir='${datarootdir}/man'
mkdir_p='/bin/mkdir -p'
oldincludedir='/usr/include'
os_libs=''
pdfdir='${docdir}'
prefix='/usr/local'
program_transform_name='s,x,x,'
psdir='${docdir}'
sbindir='${exec_prefix}/sbin'
sharedstatedir='${prefix}/com'
sysconfdir='${prefix}/etc'
target_alias=''

## ----------- ##
## confdefs.h. ##
## ----------- ##

#define PACKAGE_NAME "sg3_utils"
#define PACKAGE_TARNAME "sg3_utils"
#define PACKAGE_VERSION "1.28"
#define PACKAGE_STRING "sg3_utils 1.28"
#define PACKAGE_BUGREPORT "dgilbert@interlog.com"
#define PACKAGE "sg3_utils"
#define VERSION "1.28"
#define STDC_HEADERS 1
#define HAVE_SYS_TYPES_H 1
#define HAVE_SYS_STAT_H 1
#define HAVE_STDLIB_H 1
#define HAVE_STRING_H 1
#define HAVE_MEMORY_H 1
#define HAVE_STRINGS_H 1
#define HAVE_INTTYPES_H 1
#define HAVE_STDINT_H 1
#define HAVE_UNISTD_H 1
#define HAVE_DLFCN_H 1
#define STDC_HEADERS 1
#define HAVE_LINUX_TYPES_H 1
#define HAVE_LINUX_KDEV_T_H 1
#define HAVE_GETOPT_LONG 1
#define HAVE_POSIX_FADVISE 1
#define SG_LIB_BUILD_HOST "arm-unknown-linux-gnu"
#define SG_LIB_LINUX 1

configure: exit 0
