This file contains any messages produced by compilers while
running configure, to aid debugging if configure makes a mistake.

It was created by inotify-tools configure 3.13, which was
generated by GNU Autoconf 2.66.  Invocation command line was

  $ ./configure --host=arm-mv5sft-linux-gnueabi host_alias=arm-mv5sft-linux-gnueabi CC=arm-mv5sft-linux-gnueabi-gcc CXX=arm-mv5sft-linux-gnueabi-g++ --no-create --no-recursion

## --------- ##
## Platform. ##
## --------- ##

hostname = swtest4
uname -m = i686
uname -r = 2.6.35.6-45.fc14.i686
uname -s = Linux
uname -v = #1 SMP Mon Oct 18 23:56:17 UTC 2010

/usr/bin/uname -p = unknown
/bin/uname -X     = unknown

/bin/arch              = i686
/usr/bin/arch -k       = unknown
/usr/convex/getsysinfo = unknown
/usr/bin/hostinfo      = unknown
/bin/machine           = unknown
/usr/bin/oslevel       = unknown
/bin/universe          = unknown

PATH: /opt_gccarm/arm-mv5sft-linux-gnueabi/bin
PATH: /opt_gccarm/arm-mv5sft-linux-gnueabi/arm-mv5sft-linux-gnueabi/lib
PATH: /usr/local/bin
PATH: /bin
PATH: /usr/bin
PATH: /usr/local/sbin
PATH: /usr/sbin
PATH: /sbin
PATH: /bin
PATH: /sbin
PATH: /usr/sbin
PATH: /usr/bin
PATH: /home/roy/bin


## ----------- ##
## Core tests. ##
## ----------- ##

configure:2635: checking for a BSD-compatible install
configure:2703: result: /usr/bin/install -c
configure:2714: checking whether build environment is sane
configure:2751: result: yes
configure:2813: checking for gawk
configure:2829: found /bin/gawk
configure:2840: result: gawk
configure:2851: checking whether make sets $(MAKE)
configure:2873: result: yes
configure:2947: checking for arm-mv5sft-linux-gnueabi-strip
configure:2974: result: arm-mv5sft-linux-gnueabi-strip
configure:3059: checking whether make sets $(MAKE)
configure:3081: result: yes
configure:3100: checking for arm-mv5sft-linux-gnueabi-gcc
configure:3127: result: arm-mv5sft-linux-gnueabi-gcc
configure:3396: checking for C compiler version
configure:3405: arm-mv5sft-linux-gnueabi-gcc --version >&5
arm-mv5sft-linux-gnueabi-gcc (sdk3.3-ct-ng-1.4.1) 4.3.2
Copyright (C) 2008 Free Software Foundation, Inc.
This is free software; see the source for copying conditions.  There is NO
warranty; not even for MERCHANTABILITY or FITNESS FOR A PARTICULAR PURPOSE.

configure:3416: $? = 0
configure:3405: arm-mv5sft-linux-gnueabi-gcc -v >&5
Using built-in specs.
Target: arm-mv5sft-linux-gnueabi
Configured with: /home/seugene/sdk/targets/src/gcc-4.3.2/configure --build=i486-build_pc-linux-gnu --host=i486-build_pc-linux-gnu --target=arm-mv5sft-linux-gnueabi --prefix=/home/seugene/sdk/targets/arm-mv5sft-linux-gnueabi/cross --with-sysroot=/home/seugene/sdk/targets/arm-mv5sft-linux-gnueabi/cross/arm-mv5sft-linux-gnueabi//sys-root --enable-languages=c,c++,fortran,java --disable-multilib --with-arch=armv5te --with-float=soft --with-gmp=/home/seugene/sdk/targets/arm-mv5sft-linux-gnueabi/cross --with-mpfr=/home/seugene/sdk/targets/arm-mv5sft-linux-gnueabi/cross --with-pkgversion=sdk3.3-ct-ng-1.4.1 --disable-sjlj-exceptions --enable-__cxa_atexit --with-local-prefix=/home/seugene/sdk/targets/arm-mv5sft-linux-gnueabi/cross/arm-mv5sft-linux-gnueabi//sys-root --disable-nls --enable-threads=posix --enable-symvers=gnu --enable-c99 --enable-long-long --enable-target-optspace
Thread model: posix
gcc version 4.3.2 (sdk3.3-ct-ng-1.4.1) 
configure:3416: $? = 0
configure:3405: arm-mv5sft-linux-gnueabi-gcc -V >&5
arm-mv5sft-linux-gnueabi-gcc: '-V' option must have argument
configure:3416: $? = 1
configure:3405: arm-mv5sft-linux-gnueabi-gcc -qversion >&5
arm-mv5sft-linux-gnueabi-gcc: unrecognized option '-qversion'
arm-mv5sft-linux-gnueabi-gcc: no input files
configure:3416: $? = 1
configure:3436: checking whether the C compiler works
configure:3458: arm-mv5sft-linux-gnueabi-gcc    conftest.c  >&5
configure:3462: $? = 0
configure:3510: result: yes
configure:3513: checking for C compiler default output file name
configure:3515: result: a.out
configure:3521: checking for suffix of executables
configure:3528: arm-mv5sft-linux-gnueabi-gcc -o conftest    conftest.c  >&5
configure:3532: $? = 0
configure:3554: result: 
configure:3576: checking whether we are cross compiling
configure:3584: arm-mv5sft-linux-gnueabi-gcc -o conftest    conftest.c  >&5
configure:3588: $? = 0
configure:3595: ./conftest
./configure: line 3597: ./conftest: cannot execute binary file
configure:3599: $? = 126
configure:3614: result: yes
configure:3619: checking for suffix of object files
configure:3641: arm-mv5sft-linux-gnueabi-gcc -c   conftest.c >&5
configure:3645: $? = 0
configure:3666: result: o
configure:3670: checking whether we are using the GNU C compiler
configure:3689: arm-mv5sft-linux-gnueabi-gcc -c   conftest.c >&5
configure:3689: $? = 0
configure:3698: result: yes
configure:3707: checking whether arm-mv5sft-linux-gnueabi-gcc accepts -g
configure:3727: arm-mv5sft-linux-gnueabi-gcc -c -g  conftest.c >&5
configure:3727: $? = 0
configure:3768: result: yes
configure:3785: checking for arm-mv5sft-linux-gnueabi-gcc option to accept ISO C89
configure:3849: arm-mv5sft-linux-gnueabi-gcc  -c -g -O2  conftest.c >&5
configure:3849: $? = 0
configure:3862: result: none needed
configure:3893: checking for style of include used by make
configure:3921: result: GNU
configure:3949: checking dependency style of arm-mv5sft-linux-gnueabi-gcc
configure:4039: result: gcc3
configure:4132: checking build system type
configure:4146: result: i686-pc-linux-gnu
configure:4166: checking host system type
configure:4179: result: arm-mv5sft-linux-gnueabi
configure:4199: checking for a sed that does not truncate output
configure:4253: result: /bin/sed
configure:4256: checking for grep that handles long lines and -e
configure:4314: result: /bin/grep
configure:4319: checking for egrep
configure:4381: result: /bin/grep -E
configure:4397: checking for ld used by arm-mv5sft-linux-gnueabi-gcc
configure:4464: result: arm-mv5sft-linux-gnueabi-ld
configure:4471: checking if the linker (arm-mv5sft-linux-gnueabi-ld) is GNU ld
configure:4486: result: yes
configure:4491: checking for arm-mv5sft-linux-gnueabi-ld option to reload object files
configure:4498: result: -r
configure:4507: checking for BSD-compatible nm
configure:4549: result: /opt_gccarm/arm-mv5sft-linux-gnueabi/bin/arm-mv5sft-linux-gnueabi-nm -B
configure:4553: checking whether ln -s works
configure:4557: result: yes
configure:4564: checking how to recognise dependent libraries
configure:4747: result: pass_all
configure:4933: checking how to run the C preprocessor
configure:4964: arm-mv5sft-linux-gnueabi-gcc -E  conftest.c
configure:4964: $? = 0
configure:4978: arm-mv5sft-linux-gnueabi-gcc -E  conftest.c
conftest.c:12:28: error: ac_nonexistent.h: No such file or directory
configure:4978: $? = 1
configure: failed program was:
| /* confdefs.h */
| #define PACKAGE_NAME "inotify-tools"
| #define PACKAGE_TARNAME "inotify-tools"
| #define PACKAGE_VERSION "3.13"
| #define PACKAGE_STRING "inotify-tools 3.13"
| #define PACKAGE_BUGREPORT "rohan@mcgovern.id.au"
| #define PACKAGE_URL ""
| #define PACKAGE "inotify-tools"
| #define VERSION "3.13"
| #define _GNU_SOURCE /**/
| /* end confdefs.h.  */
| #include <ac_nonexistent.h>
configure:5003: result: arm-mv5sft-linux-gnueabi-gcc -E
configure:5023: arm-mv5sft-linux-gnueabi-gcc -E  conftest.c
configure:5023: $? = 0
configure:5037: arm-mv5sft-linux-gnueabi-gcc -E  conftest.c
conftest.c:12:28: error: ac_nonexistent.h: No such file or directory
configure:5037: $? = 1
configure: failed program was:
| /* confdefs.h */
| #define PACKAGE_NAME "inotify-tools"
| #define PACKAGE_TARNAME "inotify-tools"
| #define PACKAGE_VERSION "3.13"
| #define PACKAGE_STRING "inotify-tools 3.13"
| #define PACKAGE_BUGREPORT "rohan@mcgovern.id.au"
| #define PACKAGE_URL ""
| #define PACKAGE "inotify-tools"
| #define VERSION "3.13"
| #define _GNU_SOURCE /**/
| /* end confdefs.h.  */
| #include <ac_nonexistent.h>
configure:5066: checking for ANSI C header files
configure:5086: arm-mv5sft-linux-gnueabi-gcc -c -g -O2  conftest.c >&5
configure:5086: $? = 0
configure:5170: result: yes
configure:5183: checking for sys/types.h
configure:5183: arm-mv5sft-linux-gnueabi-gcc -c -g -O2  conftest.c >&5
configure:5183: $? = 0
configure:5183: result: yes
configure:5183: checking for sys/stat.h
configure:5183: arm-mv5sft-linux-gnueabi-gcc -c -g -O2  conftest.c >&5
configure:5183: $? = 0
configure:5183: result: yes
configure:5183: checking for stdlib.h
configure:5183: arm-mv5sft-linux-gnueabi-gcc -c -g -O2  conftest.c >&5
configure:5183: $? = 0
configure:5183: result: yes
configure:5183: checking for string.h
configure:5183: arm-mv5sft-linux-gnueabi-gcc -c -g -O2  conftest.c >&5
configure:5183: $? = 0
configure:5183: result: yes
configure:5183: checking for memory.h
configure:5183: arm-mv5sft-linux-gnueabi-gcc -c -g -O2  conftest.c >&5
configure:5183: $? = 0
configure:5183: result: yes
configure:5183: checking for strings.h
configure:5183: arm-mv5sft-linux-gnueabi-gcc -c -g -O2  conftest.c >&5
configure:5183: $? = 0
configure:5183: result: yes
configure:5183: checking for inttypes.h
configure:5183: arm-mv5sft-linux-gnueabi-gcc -c -g -O2  conftest.c >&5
configure:5183: $? = 0
configure:5183: result: yes
configure:5183: checking for stdint.h
configure:5183: arm-mv5sft-linux-gnueabi-gcc -c -g -O2  conftest.c >&5
configure:5183: $? = 0
configure:5183: result: yes
configure:5183: checking for unistd.h
configure:5183: arm-mv5sft-linux-gnueabi-gcc -c -g -O2  conftest.c >&5
configure:5183: $? = 0
configure:5183: result: yes
configure:5197: checking dlfcn.h usability
configure:5197: arm-mv5sft-linux-gnueabi-gcc -c -g -O2  conftest.c >&5
configure:5197: $? = 0
configure:5197: result: yes
configure:5197: checking dlfcn.h presence
configure:5197: arm-mv5sft-linux-gnueabi-gcc -E  conftest.c
configure:5197: $? = 0
configure:5197: result: yes
configure:5197: checking for dlfcn.h
configure:5197: result: yes
configure:5319: checking for C++ compiler version
configure:5328: arm-mv5sft-linux-gnueabi-g++ --version >&5
arm-mv5sft-linux-gnueabi-g++ (sdk3.3-ct-ng-1.4.1) 4.3.2
Copyright (C) 2008 Free Software Foundation, Inc.
This is free software; see the source for copying conditions.  There is NO
warranty; not even for MERCHANTABILITY or FITNESS FOR A PARTICULAR PURPOSE.

configure:5339: $? = 0
configure:5328: arm-mv5sft-linux-gnueabi-g++ -v >&5
Using built-in specs.
Target: arm-mv5sft-linux-gnueabi
Configured with: /home/seugene/sdk/targets/src/gcc-4.3.2/configure --build=i486-build_pc-linux-gnu --host=i486-build_pc-linux-gnu --target=arm-mv5sft-linux-gnueabi --prefix=/home/seugene/sdk/targets/arm-mv5sft-linux-gnueabi/cross --with-sysroot=/home/seugene/sdk/targets/arm-mv5sft-linux-gnueabi/cross/arm-mv5sft-linux-gnueabi//sys-root --enable-languages=c,c++,fortran,java --disable-multilib --with-arch=armv5te --with-float=soft --with-gmp=/home/seugene/sdk/targets/arm-mv5sft-linux-gnueabi/cross --with-mpfr=/home/seugene/sdk/targets/arm-mv5sft-linux-gnueabi/cross --with-pkgversion=sdk3.3-ct-ng-1.4.1 --disable-sjlj-exceptions --enable-__cxa_atexit --with-local-prefix=/home/seugene/sdk/targets/arm-mv5sft-linux-gnueabi/cross/arm-mv5sft-linux-gnueabi//sys-root --disable-nls --enable-threads=posix --enable-symvers=gnu --enable-c99 --enable-long-long --enable-target-optspace
Thread model: posix
gcc version 4.3.2 (sdk3.3-ct-ng-1.4.1) 
configure:5339: $? = 0
configure:5328: arm-mv5sft-linux-gnueabi-g++ -V >&5
arm-mv5sft-linux-gnueabi-g++: '-V' option must have argument
configure:5339: $? = 1
configure:5328: arm-mv5sft-linux-gnueabi-g++ -qversion >&5
arm-mv5sft-linux-gnueabi-g++: unrecognized option '-qversion'
arm-mv5sft-linux-gnueabi-g++: no input files
configure:5339: $? = 1
configure:5343: checking whether we are using the GNU C++ compiler
configure:5362: arm-mv5sft-linux-gnueabi-g++ -c   conftest.cpp >&5
conftest.cpp:10:1: warning: "_GNU_SOURCE" redefined
<command-line>: warning: this is the location of the previous definition
configure:5362: $? = 0
configure:5371: result: yes
configure:5380: checking whether arm-mv5sft-linux-gnueabi-g++ accepts -g
configure:5400: arm-mv5sft-linux-gnueabi-g++ -c -g  conftest.cpp >&5
conftest.cpp:10:1: warning: "_GNU_SOURCE" redefined
<command-line>: warning: this is the location of the previous definition
configure:5400: $? = 0
configure: failed program was:
| /* confdefs.h */
| #define PACKAGE_NAME "inotify-tools"
| #define PACKAGE_TARNAME "inotify-tools"
| #define PACKAGE_VERSION "3.13"
| #define PACKAGE_STRING "inotify-tools 3.13"
| #define PACKAGE_BUGREPORT "rohan@mcgovern.id.au"
| #define PACKAGE_URL ""
| #define PACKAGE "inotify-tools"
| #define VERSION "3.13"
| #define _GNU_SOURCE /**/
| #define STDC_HEADERS 1
| #define HAVE_SYS_TYPES_H 1
| #define HAVE_SYS_STAT_H 1
| #define HAVE_STDLIB_H 1
| #define HAVE_STRING_H 1
| #define HAVE_MEMORY_H 1
| #define HAVE_STRINGS_H 1
| #define HAVE_INTTYPES_H 1
| #define HAVE_STDINT_H 1
| #define HAVE_UNISTD_H 1
| #define HAVE_DLFCN_H 1
| /* end confdefs.h.  */
| 
| int
| main ()
| {
| 
|   ;
|   return 0;
| }
configure:5415: arm-mv5sft-linux-gnueabi-g++ -c   conftest.cpp >&5
conftest.cpp:10:1: warning: "_GNU_SOURCE" redefined
<command-line>: warning: this is the location of the previous definition
configure:5415: $? = 0
configure: failed program was:
| /* confdefs.h */
| #define PACKAGE_NAME "inotify-tools"
| #define PACKAGE_TARNAME "inotify-tools"
| #define PACKAGE_VERSION "3.13"
| #define PACKAGE_STRING "inotify-tools 3.13"
| #define PACKAGE_BUGREPORT "rohan@mcgovern.id.au"
| #define PACKAGE_URL ""
| #define PACKAGE "inotify-tools"
| #define VERSION "3.13"
| #define _GNU_SOURCE /**/
| #define STDC_HEADERS 1
| #define HAVE_SYS_TYPES_H 1
| #define HAVE_SYS_STAT_H 1
| #define HAVE_STDLIB_H 1
| #define HAVE_STRING_H 1
| #define HAVE_MEMORY_H 1
| #define HAVE_STRINGS_H 1
| #define HAVE_INTTYPES_H 1
| #define HAVE_STDINT_H 1
| #define HAVE_UNISTD_H 1
| #define HAVE_DLFCN_H 1
| /* end confdefs.h.  */
| 
| int
| main ()
| {
| 
|   ;
|   return 0;
| }
configure:5431: arm-mv5sft-linux-gnueabi-g++ -c -g  conftest.cpp >&5
conftest.cpp:10:1: warning: "_GNU_SOURCE" redefined
<command-line>: warning: this is the location of the previous definition
configure:5431: $? = 0
configure:5441: result: yes
configure:5466: checking dependency style of arm-mv5sft-linux-gnueabi-g++
configure:5556: result: gcc3
configure:5578: checking how to run the C++ preprocessor
configure:5605: arm-mv5sft-linux-gnueabi-g++ -E  conftest.cpp
conftest.cpp:10:1: warning: "_GNU_SOURCE" redefined
<command-line>: warning: this is the location of the previous definition
configure:5605: $? = 0
configure:5619: arm-mv5sft-linux-gnueabi-g++ -E  conftest.cpp
conftest.cpp:10:1: warning: "_GNU_SOURCE" redefined
<command-line>: warning: this is the location of the previous definition
conftest.cpp:23:28: error: ac_nonexistent.h: No such file or directory
configure:5619: $? = 1
configure: failed program was:
| /* confdefs.h */
| #define PACKAGE_NAME "inotify-tools"
| #define PACKAGE_TARNAME "inotify-tools"
| #define PACKAGE_VERSION "3.13"
| #define PACKAGE_STRING "inotify-tools 3.13"
| #define PACKAGE_BUGREPORT "rohan@mcgovern.id.au"
| #define PACKAGE_URL ""
| #define PACKAGE "inotify-tools"
| #define VERSION "3.13"
| #define _GNU_SOURCE /**/
| #define STDC_HEADERS 1
| #define HAVE_SYS_TYPES_H 1
| #define HAVE_SYS_STAT_H 1
| #define HAVE_STDLIB_H 1
| #define HAVE_STRING_H 1
| #define HAVE_MEMORY_H 1
| #define HAVE_STRINGS_H 1
| #define HAVE_INTTYPES_H 1
| #define HAVE_STDINT_H 1
| #define HAVE_UNISTD_H 1
| #define HAVE_DLFCN_H 1
| /* end confdefs.h.  */
| #include <ac_nonexistent.h>
configure:5644: result: arm-mv5sft-linux-gnueabi-g++ -E
configure:5664: arm-mv5sft-linux-gnueabi-g++ -E  conftest.cpp
conftest.cpp:10:1: warning: "_GNU_SOURCE" redefined
<command-line>: warning: this is the location of the previous definition
configure:5664: $? = 0
configure:5678: arm-mv5sft-linux-gnueabi-g++ -E  conftest.cpp
conftest.cpp:10:1: warning: "_GNU_SOURCE" redefined
<command-line>: warning: this is the location of the previous definition
conftest.cpp:23:28: error: ac_nonexistent.h: No such file or directory
configure:5678: $? = 1
configure: failed program was:
| /* confdefs.h */
| #define PACKAGE_NAME "inotify-tools"
| #define PACKAGE_TARNAME "inotify-tools"
| #define PACKAGE_VERSION "3.13"
| #define PACKAGE_STRING "inotify-tools 3.13"
| #define PACKAGE_BUGREPORT "rohan@mcgovern.id.au"
| #define PACKAGE_URL ""
| #define PACKAGE "inotify-tools"
| #define VERSION "3.13"
| #define _GNU_SOURCE /**/
| #define STDC_HEADERS 1
| #define HAVE_SYS_TYPES_H 1
| #define HAVE_SYS_STAT_H 1
| #define HAVE_STDLIB_H 1
| #define HAVE_STRING_H 1
| #define HAVE_MEMORY_H 1
| #define HAVE_STRINGS_H 1
| #define HAVE_INTTYPES_H 1
| #define HAVE_STDINT_H 1
| #define HAVE_UNISTD_H 1
| #define HAVE_DLFCN_H 1
| /* end confdefs.h.  */
| #include <ac_nonexistent.h>
configure:5716: checking for arm-mv5sft-linux-gnueabi-g77
configure:5746: result: no
configure:5716: checking for arm-mv5sft-linux-gnueabi-xlf
configure:5746: result: no
configure:5716: checking for arm-mv5sft-linux-gnueabi-f77
configure:5746: result: no
configure:5716: checking for arm-mv5sft-linux-gnueabi-frt
configure:5746: result: no
configure:5716: checking for arm-mv5sft-linux-gnueabi-pgf77
configure:5746: result: no
configure:5716: checking for arm-mv5sft-linux-gnueabi-cf77
configure:5746: result: no
configure:5716: checking for arm-mv5sft-linux-gnueabi-fort77
configure:5746: result: no
configure:5716: checking for arm-mv5sft-linux-gnueabi-fl32
configure:5746: result: no
configure:5716: checking for arm-mv5sft-linux-gnueabi-af77
configure:5746: result: no
configure:5716: checking for arm-mv5sft-linux-gnueabi-xlf90
configure:5746: result: no
configure:5716: checking for arm-mv5sft-linux-gnueabi-f90
configure:5746: result: no
configure:5716: checking for arm-mv5sft-linux-gnueabi-pgf90
configure:5746: result: no
configure:5716: checking for arm-mv5sft-linux-gnueabi-pghpf
configure:5746: result: no
configure:5716: checking for arm-mv5sft-linux-gnueabi-epcf90
configure:5746: result: no
configure:5716: checking for arm-mv5sft-linux-gnueabi-gfortran
configure:5732: found /opt_gccarm/arm-mv5sft-linux-gnueabi/bin/arm-mv5sft-linux-gnueabi-gfortran
configure:5743: result: arm-mv5sft-linux-gnueabi-gfortran
configure:5813: checking for Fortran 77 compiler version
configure:5822: arm-mv5sft-linux-gnueabi-gfortran --version >&5
GNU Fortran (sdk3.3-ct-ng-1.4.1) 4.3.2
Copyright (C) 2008 Free Software Foundation, Inc.

GNU Fortran comes with NO WARRANTY, to the extent permitted by law.
You may redistribute copies of GNU Fortran
under the terms of the GNU General Public License.
For more information about these matters, see the file named COPYING

configure:5833: $? = 0
configure:5822: arm-mv5sft-linux-gnueabi-gfortran -v >&5
Using built-in specs.
Target: arm-mv5sft-linux-gnueabi
Configured with: /home/seugene/sdk/targets/src/gcc-4.3.2/configure --build=i486-build_pc-linux-gnu --host=i486-build_pc-linux-gnu --target=arm-mv5sft-linux-gnueabi --prefix=/home/seugene/sdk/targets/arm-mv5sft-linux-gnueabi/cross --with-sysroot=/home/seugene/sdk/targets/arm-mv5sft-linux-gnueabi/cross/arm-mv5sft-linux-gnueabi//sys-root --enable-languages=c,c++,fortran,java --disable-multilib --with-arch=armv5te --with-float=soft --with-gmp=/home/seugene/sdk/targets/arm-mv5sft-linux-gnueabi/cross --with-mpfr=/home/seugene/sdk/targets/arm-mv5sft-linux-gnueabi/cross --with-pkgversion=sdk3.3-ct-ng-1.4.1 --disable-sjlj-exceptions --enable-__cxa_atexit --with-local-prefix=/home/seugene/sdk/targets/arm-mv5sft-linux-gnueabi/cross/arm-mv5sft-linux-gnueabi//sys-root --disable-nls --enable-threads=posix --enable-symvers=gnu --enable-c99 --enable-long-long --enable-target-optspace
Thread model: posix
gcc version 4.3.2 (sdk3.3-ct-ng-1.4.1) 
configure:5833: $? = 0
configure:5822: arm-mv5sft-linux-gnueabi-gfortran -V >&5
arm-mv5sft-linux-gnueabi-gfortran: '-V' option must have argument
configure:5833: $? = 1
configure:5822: arm-mv5sft-linux-gnueabi-gfortran -qversion >&5
arm-mv5sft-linux-gnueabi-gfortran: unrecognized option '-qversion'
arm-mv5sft-linux-gnueabi-gfortran: no input files
configure:5833: $? = 1
configure:5842: checking whether we are using the GNU Fortran 77 compiler
configure:5855: arm-mv5sft-linux-gnueabi-gfortran -c  conftest.F >&5
configure:5855: $? = 0
configure:5864: result: yes
configure:5870: checking whether arm-mv5sft-linux-gnueabi-gfortran accepts -g
configure:5881: arm-mv5sft-linux-gnueabi-gfortran -c -g conftest.f >&5
configure:5881: $? = 0
configure:5889: result: yes
configure:5923: checking the maximum length of command line arguments
configure:5988: result: 32768
configure:5999: checking command to parse /opt_gccarm/arm-mv5sft-linux-gnueabi/bin/arm-mv5sft-linux-gnueabi-nm -B output from arm-mv5sft-linux-gnueabi-gcc object
configure:6088: arm-mv5sft-linux-gnueabi-gcc -c -g -O2  conftest.c >&5
configure:6091: $? = 0
configure:6095: /opt_gccarm/arm-mv5sft-linux-gnueabi/bin/arm-mv5sft-linux-gnueabi-nm -B conftest.o \| sed -n -e 's/^.*[ 	]\([ABCDGIRSTW][ABCDGIRSTW]*\)[ 	][ 	]*\(\)\([_A-Za-z][_A-Za-z0-9]*\)$/\1 \2\3 \3/p' \> conftest.nm
configure:6098: $? = 0
configure:6150: arm-mv5sft-linux-gnueabi-gcc -o conftest -g -O2   conftest.c conftstm.o >&5
configure:6153: $? = 0
configure:6191: result: ok
configure:6195: checking for objdir
configure:6210: result: .libs
configure:6262: checking for arm-mv5sft-linux-gnueabi-ar
configure:6278: found /opt_gccarm/arm-mv5sft-linux-gnueabi/bin/arm-mv5sft-linux-gnueabi-ar
configure:6289: result: arm-mv5sft-linux-gnueabi-ar
configure:6354: checking for arm-mv5sft-linux-gnueabi-ranlib
configure:6381: result: arm-mv5sft-linux-gnueabi-ranlib
configure:6446: checking for arm-mv5sft-linux-gnueabi-strip
configure:6473: result: arm-mv5sft-linux-gnueabi-strip
configure:6785: checking if arm-mv5sft-linux-gnueabi-gcc static flag  works
configure:6808: result: yes
configure:6826: checking if arm-mv5sft-linux-gnueabi-gcc supports -fno-rtti -fno-exceptions
configure:6844: arm-mv5sft-linux-gnueabi-gcc -c -g -O2  -fno-rtti -fno-exceptions conftest.c >&5
cc1: warning: command line option "-fno-rtti" is valid for C++/ObjC++ but not for C
configure:6848: $? = 0
configure:6859: result: no
configure:6874: checking for arm-mv5sft-linux-gnueabi-gcc option to produce PIC
configure:7051: result: -fPIC
configure:7059: checking if arm-mv5sft-linux-gnueabi-gcc PIC flag -fPIC works
configure:7077: arm-mv5sft-linux-gnueabi-gcc -c -g -O2  -fPIC -DPIC conftest.c >&5
configure:7081: $? = 0
configure:7092: result: yes
configure:7116: checking if arm-mv5sft-linux-gnueabi-gcc supports -c -o file.o
configure:7137: arm-mv5sft-linux-gnueabi-gcc -c -g -O2  -o out/conftest2.o conftest.c >&5
configure:7141: $? = 0
configure:7161: result: yes
configure:7187: checking whether the arm-mv5sft-linux-gnueabi-gcc linker (arm-mv5sft-linux-gnueabi-ld) supports shared libraries
configure:7977: result: yes
configure:8003: checking whether -lc should be explicitly linked in
configure:8008: arm-mv5sft-linux-gnueabi-gcc -c -g -O2  conftest.c >&5
configure:8011: $? = 0
configure:8025: arm-mv5sft-linux-gnueabi-gcc -shared conftest.o  -v -Wl,-soname -Wl,conftest -o conftest 2\>\&1 \| grep  -lc  \>/dev/null 2\>\&1
configure:8028: $? = 0
configure:8040: result: no
configure:8048: checking dynamic linker characteristics
configure:8609: result: GNU/Linux ld.so
configure:8613: checking how to hardcode library paths into programs
configure:8638: result: immediate
configure:8652: checking whether stripping libraries is possible
configure:8657: result: yes
configure:9169: checking if libtool supports shared libraries
configure:9171: result: yes
configure:9174: checking whether to build shared libraries
configure:9232: result: yes
configure:9235: checking whether to build static libraries
configure:9239: result: yes
configure:9331: creating libtool
configure:9874: checking for ld used by arm-mv5sft-linux-gnueabi-g++
configure:9941: result: arm-mv5sft-linux-gnueabi-ld
configure:9948: checking if the linker (arm-mv5sft-linux-gnueabi-ld) is GNU ld
configure:9963: result: yes
configure:10014: checking whether the arm-mv5sft-linux-gnueabi-g++ linker (arm-mv5sft-linux-gnueabi-ld) supports shared libraries
configure:10784: result: yes
configure:10802: arm-mv5sft-linux-gnueabi-g++ -c -g -O2  conftest.cc >&5
configure:10805: $? = 0
configure:10901: checking for arm-mv5sft-linux-gnueabi-g++ option to produce PIC
configure:11153: result: -fPIC
configure:11161: checking if arm-mv5sft-linux-gnueabi-g++ PIC flag -fPIC works
configure:11179: arm-mv5sft-linux-gnueabi-g++ -c -g -O2  -fPIC -DPIC conftest.cc >&5
configure:11183: $? = 0
configure:11194: result: yes
configure:11218: checking if arm-mv5sft-linux-gnueabi-g++ supports -c -o file.o
configure:11239: arm-mv5sft-linux-gnueabi-g++ -c -g -O2  -o out/conftest2.o conftest.cc >&5
configure:11243: $? = 0
configure:11263: result: yes
configure:11289: checking whether the arm-mv5sft-linux-gnueabi-g++ linker (arm-mv5sft-linux-gnueabi-ld) supports shared libraries
configure:11314: result: yes
configure:11385: checking dynamic linker characteristics
configure:11946: result: GNU/Linux ld.so
configure:11950: checking how to hardcode library paths into programs
configure:11975: result: immediate
configure:11989: checking whether stripping libraries is possible
configure:11994: result: yes
configure:12983: checking if libtool supports shared libraries
configure:12985: result: yes
configure:12988: checking whether to build shared libraries
configure:13006: result: yes
configure:13009: checking whether to build static libraries
configure:13013: result: yes
configure:13025: checking for arm-mv5sft-linux-gnueabi-gfortran option to produce PIC
configure:13202: result: -fPIC
configure:13210: checking if arm-mv5sft-linux-gnueabi-gfortran PIC flag -fPIC works
configure:13228: arm-mv5sft-linux-gnueabi-gfortran -c -g -O2 -fPIC conftest.f >&5
configure:13232: $? = 0
configure:13243: result: yes
configure:13267: checking if arm-mv5sft-linux-gnueabi-gfortran supports -c -o file.o
configure:13288: arm-mv5sft-linux-gnueabi-gfortran -c -g -O2 -o out/conftest2.o conftest.f >&5
configure:13292: $? = 0
configure:13312: result: yes
configure:13338: checking whether the arm-mv5sft-linux-gnueabi-gfortran linker (arm-mv5sft-linux-gnueabi-ld) supports shared libraries
configure:14116: result: yes
configure:14187: checking dynamic linker characteristics
configure:14748: result: GNU/Linux ld.so
configure:14752: checking how to hardcode library paths into programs
configure:14777: result: immediate
configure:14791: checking whether stripping libraries is possible
configure:14796: result: yes
configure:18524: checking for doxygen
configure:18555: result: NO_DOXYGEN
configure:18605: checking sys/inotify.h usability
configure:18605: arm-mv5sft-linux-gnueabi-gcc -c -g -O2  conftest.c >&5
configure:18605: $? = 0
configure:18605: result: yes
configure:18605: checking sys/inotify.h presence
configure:18605: arm-mv5sft-linux-gnueabi-gcc -E  conftest.c
configure:18605: $? = 0
configure:18605: result: yes
configure:18605: checking for sys/inotify.h
configure:18605: result: yes
configure:18605: checking mcheck.h usability
configure:18605: arm-mv5sft-linux-gnueabi-gcc -c -g -O2  conftest.c >&5
configure:18605: $? = 0
configure:18605: result: yes
configure:18605: checking mcheck.h presence
configure:18605: arm-mv5sft-linux-gnueabi-gcc -E  conftest.c
configure:18605: $? = 0
configure:18605: result: yes
configure:18605: checking for mcheck.h
configure:18605: result: yes
configure:18621: checking whether sys/inotify.h actually works
configure:18641: arm-mv5sft-linux-gnueabi-gcc -o conftest -g -O2   conftest.c  >&5
configure:18641: $? = 0
configure:18641: ./conftest
./configure: line 1852: ./conftest: cannot execute binary file
configure:18641: $? = 126
configure: program exited with status 126
configure: failed program was:
| /* confdefs.h */
| #define PACKAGE_NAME "inotify-tools"
| #define PACKAGE_TARNAME "inotify-tools"
| #define PACKAGE_VERSION "3.13"
| #define PACKAGE_STRING "inotify-tools 3.13"
| #define PACKAGE_BUGREPORT "rohan@mcgovern.id.au"
| #define PACKAGE_URL ""
| #define PACKAGE "inotify-tools"
| #define VERSION "3.13"
| #define _GNU_SOURCE /**/
| #define STDC_HEADERS 1
| #define HAVE_SYS_TYPES_H 1
| #define HAVE_SYS_STAT_H 1
| #define HAVE_STDLIB_H 1
| #define HAVE_STRING_H 1
| #define HAVE_MEMORY_H 1
| #define HAVE_STRINGS_H 1
| #define HAVE_INTTYPES_H 1
| #define HAVE_STDINT_H 1
| #define HAVE_UNISTD_H 1
| #define HAVE_DLFCN_H 1
| #define HAVE_SYS_INOTIFY_H 1
| #define HAVE_MCHECK_H 1
| /* end confdefs.h.  */
| #include <sys/inotify.h>
| int
| main ()
| {
| return (-1 == inotify_init());
| 
|   ;
|   return 0;
| }
configure:18647: result: nope, using own inotify headers
configure:18659: checking for an ANSI C-conforming const
configure:18724: arm-mv5sft-linux-gnueabi-gcc -c -g -O2  conftest.c >&5
configure:18724: $? = 0
configure:18731: result: yes
configure:18739: checking for inline
configure:18755: arm-mv5sft-linux-gnueabi-gcc -c -g -O2  conftest.c >&5
configure:18755: $? = 0
configure:18763: result: inline
configure:18910: creating ./config.status

## ---------------- ##
## Cache variables. ##
## ---------------- ##

ac_cv_build=i686-pc-linux-gnu
ac_cv_c_compiler_gnu=yes
ac_cv_c_const=yes
ac_cv_c_inline=inline
ac_cv_cxx_compiler_gnu=yes
ac_cv_env_CCC_set=
ac_cv_env_CCC_value=
ac_cv_env_CC_set=set
ac_cv_env_CC_value=arm-mv5sft-linux-gnueabi-gcc
ac_cv_env_CFLAGS_set=
ac_cv_env_CFLAGS_value=
ac_cv_env_CPPFLAGS_set=
ac_cv_env_CPPFLAGS_value=
ac_cv_env_CPP_set=
ac_cv_env_CPP_value=
ac_cv_env_CXXCPP_set=
ac_cv_env_CXXCPP_value=
ac_cv_env_CXXFLAGS_set=
ac_cv_env_CXXFLAGS_value=
ac_cv_env_CXX_set=set
ac_cv_env_CXX_value=arm-mv5sft-linux-gnueabi-g++
ac_cv_env_F77_set=
ac_cv_env_F77_value=
ac_cv_env_FFLAGS_set=
ac_cv_env_FFLAGS_value=
ac_cv_env_LDFLAGS_set=
ac_cv_env_LDFLAGS_value=
ac_cv_env_LIBS_set=
ac_cv_env_LIBS_value=
ac_cv_env_build_alias_set=
ac_cv_env_build_alias_value=
ac_cv_env_host_alias_set=set
ac_cv_env_host_alias_value=arm-mv5sft-linux-gnueabi
ac_cv_env_target_alias_set=
ac_cv_env_target_alias_value=
ac_cv_f77_compiler_gnu=yes
ac_cv_header_dlfcn_h=yes
ac_cv_header_inttypes_h=yes
ac_cv_header_mcheck_h=yes
ac_cv_header_memory_h=yes
ac_cv_header_stdc=yes
ac_cv_header_stdint_h=yes
ac_cv_header_stdlib_h=yes
ac_cv_header_string_h=yes
ac_cv_header_strings_h=yes
ac_cv_header_sys_inotify_h=yes
ac_cv_header_sys_stat_h=yes
ac_cv_header_sys_types_h=yes
ac_cv_header_unistd_h=yes
ac_cv_host=arm-mv5sft-linux-gnueabi
ac_cv_objext=o
ac_cv_path_DOXYGEN=NO_DOXYGEN
ac_cv_path_EGREP='/bin/grep -E'
ac_cv_path_GREP=/bin/grep
ac_cv_path_install='/usr/bin/install -c'
ac_cv_prog_AR=arm-mv5sft-linux-gnueabi-ar
ac_cv_prog_AWK=gawk
ac_cv_prog_CC=arm-mv5sft-linux-gnueabi-gcc
ac_cv_prog_CPP='arm-mv5sft-linux-gnueabi-gcc -E'
ac_cv_prog_CXXCPP='arm-mv5sft-linux-gnueabi-g++ -E'
ac_cv_prog_F77=arm-mv5sft-linux-gnueabi-gfortran
ac_cv_prog_RANLIB=arm-mv5sft-linux-gnueabi-ranlib
ac_cv_prog_STRIP=arm-mv5sft-linux-gnueabi-strip
ac_cv_prog_cc_c89=
ac_cv_prog_cc_g=yes
ac_cv_prog_cxx_g=yes
ac_cv_prog_f77_g=yes
ac_cv_prog_make_make_set=yes
am_cv_CC_dependencies_compiler_type=gcc3
am_cv_CXX_dependencies_compiler_type=gcc3
lt_cv_deplibs_check_method=pass_all
lt_cv_file_magic_cmd='$MAGIC_CMD'
lt_cv_file_magic_test_file='/lib/libc.so.6 /lib/libc-2.12.90.so'
lt_cv_ld_reload_flag=-r
lt_cv_objdir=.libs
lt_cv_path_LD=arm-mv5sft-linux-gnueabi-ld
lt_cv_path_LDCXX=arm-mv5sft-linux-gnueabi-ld
lt_cv_path_NM='/opt_gccarm/arm-mv5sft-linux-gnueabi/bin/arm-mv5sft-linux-gnueabi-nm -B'
lt_cv_path_SED=/bin/sed
lt_cv_prog_compiler_c_o=yes
lt_cv_prog_compiler_c_o_CXX=yes
lt_cv_prog_compiler_c_o_F77=yes
lt_cv_prog_compiler_rtti_exceptions=no
lt_cv_prog_gnu_ld=yes
lt_cv_prog_gnu_ldcxx=yes
lt_cv_sys_global_symbol_pipe='sed -n -e '\''s/^.*[ 	]\([ABCDGIRSTW][ABCDGIRSTW]*\)[ 	][ 	]*\(\)\([_A-Za-z][_A-Za-z0-9]*\)$/\1 \2\3 \3/p'\'''
lt_cv_sys_global_symbol_to_c_name_address='sed -n -e '\''s/^: \([^ ]*\) $/  {\"\1\", (lt_ptr) 0},/p'\'' -e '\''s/^[BCDEGRST] \([^ ]*\) \([^ ]*\)$/  {"\2", (lt_ptr) \&\2},/p'\'''
lt_cv_sys_global_symbol_to_cdecl='sed -n -e '\''s/^. .* \(.*\)$/extern int \1;/p'\'''
lt_cv_sys_max_cmd_len=32768
lt_lt_cv_prog_compiler_c_o='"yes"'
lt_lt_cv_prog_compiler_c_o_CXX='"yes"'
lt_lt_cv_prog_compiler_c_o_F77='"yes"'
lt_lt_cv_sys_global_symbol_pipe='"sed -n -e '\''s/^.*[ 	]\\([ABCDGIRSTW][ABCDGIRSTW]*\\)[ 	][ 	]*\\(\\)\\([_A-Za-z][_A-Za-z0-9]*\\)\$/\\1 \\2\\3 \\3/p'\''"'
lt_lt_cv_sys_global_symbol_to_c_name_address='"sed -n -e '\''s/^: \\([^ ]*\\) \$/  {\\\"\\1\\\", (lt_ptr) 0},/p'\'' -e '\''s/^[BCDEGRST] \\([^ ]*\\) \\([^ ]*\\)\$/  {\"\\2\", (lt_ptr) \\&\\2},/p'\''"'
lt_lt_cv_sys_global_symbol_to_cdecl='"sed -n -e '\''s/^. .* \\(.*\\)\$/extern int \\1;/p'\''"'

## ----------------- ##
## Output variables. ##
## ----------------- ##

ACLOCAL='${SHELL} /home/roy/git_home/DNS-345_GPL/inotify-tools-3.13/missing --run aclocal-1.9'
AMDEPBACKSLASH='\'
AMDEP_FALSE='#'
AMDEP_TRUE=''
AMTAR='${SHELL} /home/roy/git_home/DNS-345_GPL/inotify-tools-3.13/missing --run tar'
AR='arm-mv5sft-linux-gnueabi-ar'
AUTOCONF='${SHELL} /home/roy/git_home/DNS-345_GPL/inotify-tools-3.13/missing --run autoconf'
AUTOHEADER='${SHELL} /home/roy/git_home/DNS-345_GPL/inotify-tools-3.13/missing --run autoheader'
AUTOMAKE='${SHELL} /home/roy/git_home/DNS-345_GPL/inotify-tools-3.13/missing --run automake-1.9'
AWK='gawk'
CC='arm-mv5sft-linux-gnueabi-gcc'
CCDEPMODE='depmode=gcc3'
CFLAGS='-g -O2'
CPP='arm-mv5sft-linux-gnueabi-gcc -E'
CPPFLAGS=''
CXX='arm-mv5sft-linux-gnueabi-g++'
CXXCPP='arm-mv5sft-linux-gnueabi-g++ -E'
CXXDEPMODE='depmode=gcc3'
CXXFLAGS='-g -O2'
CYGPATH_W='echo'
DEFS='-DHAVE_CONFIG_H'
DEPDIR='.deps'
DOXYGEN='NO_DOXYGEN'
DOXYGEN_ENABLE_FALSE=''
DOXYGEN_ENABLE_TRUE='#'
ECHO='echo'
ECHO_C=''
ECHO_N='-n'
ECHO_T=''
EGREP='/bin/grep -E'
EXEEXT=''
F77='arm-mv5sft-linux-gnueabi-gfortran'
FFLAGS='-g -O2'
GREP='/bin/grep'
INSTALL_DATA='${INSTALL} -m 644'
INSTALL_PROGRAM='${INSTALL}'
INSTALL_SCRIPT='${INSTALL}'
INSTALL_STRIP_PROGRAM='${SHELL} $(install_sh) -c -s'
LDFLAGS=''
LIBOBJS=''
LIBS=''
LIBTOOL='$(SHELL) $(top_builddir)/libtool'
LN_S='ln -s'
LTLIBOBJS=''
MAKEINFO='${SHELL} /home/roy/git_home/DNS-345_GPL/inotify-tools-3.13/missing --run makeinfo'
OBJEXT='o'
PACKAGE='inotify-tools'
PACKAGE_BUGREPORT='rohan@mcgovern.id.au'
PACKAGE_NAME='inotify-tools'
PACKAGE_STRING='inotify-tools 3.13'
PACKAGE_TARNAME='inotify-tools'
PACKAGE_URL=''
PACKAGE_VERSION='3.13'
PATH_SEPARATOR=':'
RANLIB='arm-mv5sft-linux-gnueabi-ranlib'
SET_MAKE=''
SHELL='/bin/sh'
STRIP='arm-mv5sft-linux-gnueabi-strip'
VERSION='3.13'
ac_ct_CC=''
ac_ct_CXX=''
ac_ct_F77=''
am__fastdepCC_FALSE='#'
am__fastdepCC_TRUE=''
am__fastdepCXX_FALSE='#'
am__fastdepCXX_TRUE=''
am__include='include'
am__leading_dot='.'
am__quote=''
am__tar='${AMTAR} chof - "$$tardir"'
am__untar='${AMTAR} xf -'
bindir='${exec_prefix}/bin'
build='i686-pc-linux-gnu'
build_alias=''
build_cpu='i686'
build_os='linux-gnu'
build_vendor='pc'
datadir='${datarootdir}'
datarootdir='${prefix}/share'
docdir='${datarootdir}/doc/${PACKAGE_TARNAME}'
dvidir='${docdir}'
exec_prefix='${prefix}'
host='arm-mv5sft-linux-gnueabi'
host_alias='arm-mv5sft-linux-gnueabi'
host_cpu='arm'
host_os='linux-gnueabi'
host_vendor='mv5sft'
htmldir='${docdir}'
includedir='${prefix}/include'
infodir='${datarootdir}/info'
install_sh='/home/roy/git_home/DNS-345_GPL/inotify-tools-3.13/install-sh'
libdir='${exec_prefix}/lib'
libexecdir='${exec_prefix}/libexec'
localedir='${datarootdir}/locale'
localstatedir='${prefix}/var'
mandir='${datarootdir}/man'
mkdir_p='mkdir -p --'
oldincludedir='/usr/include'
pdfdir='${docdir}'
prefix='/usr/local'
program_transform_name='s,x,x,'
psdir='${docdir}'
sbindir='${exec_prefix}/sbin'
sharedstatedir='${prefix}/com'
sysconfdir='${prefix}/etc'
target_alias=''

## ----------- ##
## confdefs.h. ##
## ----------- ##

/* confdefs.h */
#define PACKAGE_NAME "inotify-tools"
#define PACKAGE_TARNAME "inotify-tools"
#define PACKAGE_VERSION "3.13"
#define PACKAGE_STRING "inotify-tools 3.13"
#define PACKAGE_BUGREPORT "rohan@mcgovern.id.au"
#define PACKAGE_URL ""
#define PACKAGE "inotify-tools"
#define VERSION "3.13"
#define _GNU_SOURCE /**/
#define STDC_HEADERS 1
#define HAVE_SYS_TYPES_H 1
#define HAVE_SYS_STAT_H 1
#define HAVE_STDLIB_H 1
#define HAVE_STRING_H 1
#define HAVE_MEMORY_H 1
#define HAVE_STRINGS_H 1
#define HAVE_INTTYPES_H 1
#define HAVE_STDINT_H 1
#define HAVE_UNISTD_H 1
#define HAVE_DLFCN_H 1
#define HAVE_SYS_INOTIFY_H 1
#define HAVE_MCHECK_H 1

configure: exit 0

## ---------------------- ##
## Running config.status. ##
## ---------------------- ##

This file was extended by inotify-tools config.status 3.13, which was
generated by GNU Autoconf 2.66.  Invocation command line was

  CONFIG_FILES    = 
  CONFIG_HEADERS  = 
  CONFIG_LINKS    = 
  CONFIG_COMMANDS = 
  $ ./config.status 

on swtest4

config.status:881: creating Makefile
config.status:881: creating src/Makefile
config.status:881: creating man/Makefile
config.status:881: creating libinotifytools/Makefile
config.status:881: creating libinotifytools/src/Makefile
config.status:881: creating libinotifytools/src/inotifytools/Makefile
config.status:881: creating config.h
config.status:1055: config.h is unchanged
config.status:881: creating libinotifytools/src/inotifytools/inotify.h
config.status:1055: libinotifytools/src/inotifytools/inotify.h is unchanged
config.status:1102: executing depfiles commands

## ---------------------- ##
## Running config.status. ##
## ---------------------- ##

This file was extended by inotify-tools config.status 3.13, which was
generated by GNU Autoconf 2.66.  Invocation command line was

  CONFIG_FILES    = 
  CONFIG_HEADERS  = 
  CONFIG_LINKS    = 
  CONFIG_COMMANDS = 
  $ ./config.status src/Makefile depfiles

on swtest4

config.status:881: creating src/Makefile
config.status:1102: executing depfiles commands

## ---------------------- ##
## Running config.status. ##
## ---------------------- ##

This file was extended by inotify-tools config.status 3.13, which was
generated by GNU Autoconf 2.66.  Invocation command line was

  CONFIG_FILES    = 
  CONFIG_HEADERS  = 
  CONFIG_LINKS    = 
  CONFIG_COMMANDS = 
  $ ./config.status man/Makefile

on swtest4

config.status:881: creating man/Makefile

## ---------------------- ##
## Running config.status. ##
## ---------------------- ##

This file was extended by inotify-tools config.status 3.13, which was
generated by GNU Autoconf 2.66.  Invocation command line was

  CONFIG_FILES    = 
  CONFIG_HEADERS  = 
  CONFIG_LINKS    = 
  CONFIG_COMMANDS = 
  $ ./config.status Makefile

on swtest4

config.status:881: creating Makefile
