This file contains any messages produced by compilers while
running configure, to aid debugging if configure makes a mistake.

It was created by configure, which was
generated by GNU Autoconf 2.57.  Invocation command line was

  $ ./configure --prefix=/usr/local --host=arm-mv5sft-linux-gnueabi --enable-unicode --disable-gui --enable-optimize --enable-shared CC=arm-mv5sft-linux-gnueabi-gcc CXX=arm-mv5sft-linux-gnueabi-g++ host_alias=arm-mv5sft-linux-gnueabi --cache-file=/dev/null --srcdir=.

## --------- ##
## Platform. ##
## --------- ##

hostname = swtest4
uname -m = i686
uname -r = 2.6.35.6-45.fc14.i686
uname -s = Linux
uname -v = #1 SMP Mon Oct 18 23:56:17 UTC 2010

/usr/bin/uname -p = unknown
/bin/uname -X     = unknown

/bin/arch              = i686
/usr/bin/arch -k       = unknown
/usr/convex/getsysinfo = unknown
hostinfo               = unknown
/bin/machine           = unknown
/usr/bin/oslevel       = unknown
/bin/universe          = unknown

PATH: /opt_gccarm/arm-mv5sft-linux-gnueabi/bin
PATH: /usr/local/bin
PATH: /bin
PATH: /usr/bin
PATH: /usr/local/sbin
PATH: /usr/sbin
PATH: /sbin
PATH: /home/patrick/bin


## ----------- ##
## Core tests. ##
## ----------- ##

configure:1654: checking for arm-mv5sft-linux-gnueabi-gcc
configure:1680: result: arm-mv5sft-linux-gnueabi-gcc
configure:1962: checking for C compiler version
configure:1965: arm-mv5sft-linux-gnueabi-gcc --version </dev/null >&5
arm-mv5sft-linux-gnueabi-gcc (sdk3.2rc1-ct-ng-1.4.1) 4.3.2
Copyright (C) 2008 Free Software Foundation, Inc.
This is free software; see the source for copying conditions.  There is NO
warranty; not even for MERCHANTABILITY or FITNESS FOR A PARTICULAR PURPOSE.

configure:1968: $? = 0
configure:1970: arm-mv5sft-linux-gnueabi-gcc -v </dev/null >&5
Using built-in specs.
Target: arm-mv5sft-linux-gnueabi
Configured with: /home/seugene/sdk/targets/src/gcc-4.3.2/configure --build=i486-build_pc-linux-gnu --host=i486-build_pc-linux-gnu --target=arm-mv5sft-linux-gnueabi --prefix=/home/seugene/sdk/targets/arm-mv5sft-linux-gnueabi/cross --with-sysroot=/home/seugene/sdk/targets/arm-mv5sft-linux-gnueabi/cross/arm-mv5sft-linux-gnueabi//sys-root --enable-languages=c,c++,fortran,java --disable-multilib --with-arch=armv5te --with-float=soft --with-gmp=/home/seugene/sdk/targets/arm-mv5sft-linux-gnueabi/cross --with-mpfr=/home/seugene/sdk/targets/arm-mv5sft-linux-gnueabi/cross --with-pkgversion=sdk3.2rc1-ct-ng-1.4.1 --disable-sjlj-exceptions --enable-__cxa_atexit --with-local-prefix=/home/seugene/sdk/targets/arm-mv5sft-linux-gnueabi/cross/arm-mv5sft-linux-gnueabi//sys-root --disable-nls --enable-threads=posix --enable-symvers=gnu --enable-c99 --enable-long-long --enable-target-optspace
Thread model: posix
gcc version 4.3.2 (sdk3.2rc1-ct-ng-1.4.1) 
configure:1973: $? = 0
configure:1975: arm-mv5sft-linux-gnueabi-gcc -V </dev/null >&5
arm-mv5sft-linux-gnueabi-gcc: '-V' option must have argument
configure:1978: $? = 1
configure:2002: checking for C compiler default output
configure:2005: arm-mv5sft-linux-gnueabi-gcc    conftest.c  >&5
configure:2008: $? = 0
configure:2054: result: a.out
configure:2059: checking whether the C compiler works
configure:2065: ./a.out
./configure: line 2066: ./a.out: cannot execute binary file
configure:2068: $? = 126
configure:2085: result: yes
configure:2092: checking whether we are cross compiling
configure:2094: result: yes
configure:2097: checking for suffix of executables
configure:2099: arm-mv5sft-linux-gnueabi-gcc -o conftest    conftest.c  >&5
configure:2102: $? = 0
configure:2127: result: 
configure:2133: checking for suffix of object files
configure:2155: arm-mv5sft-linux-gnueabi-gcc -c   conftest.c >&5
configure:2158: $? = 0
configure:2180: result: o
configure:2184: checking whether we are using the GNU C compiler
configure:2209: arm-mv5sft-linux-gnueabi-gcc -c   conftest.c >&5
configure:2212: $? = 0
configure:2215: test -s conftest.o
configure:2218: $? = 0
configure:2231: result: yes
configure:2237: checking whether arm-mv5sft-linux-gnueabi-gcc accepts -g
configure:2259: arm-mv5sft-linux-gnueabi-gcc -c -g  conftest.c >&5
configure:2262: $? = 0
configure:2265: test -s conftest.o
configure:2268: $? = 0
configure:2279: result: yes
configure:2296: checking for arm-mv5sft-linux-gnueabi-gcc option to accept ANSI C
configure:2357: arm-mv5sft-linux-gnueabi-gcc  -c -g -O2  conftest.c >&5
configure:2360: $? = 0
configure:2363: test -s conftest.o
configure:2366: $? = 0
configure:2384: result: none needed
configure:2402: arm-mv5sft-linux-gnueabi-gcc -c -g -O2  conftest.c >&5
conftest.c:2: error: expected '=', ',', ';', 'asm' or '__attribute__' before 'me'
configure:2405: $? = 1
configure: failed program was:
| #ifndef __cplusplus
|   choke me
| #endif
configure:2514: checking if the C compiler requires -ext o
configure:2536: arm-mv5sft-linux-gnueabi-gcc -c -g -O2  conftest.c >&5
configure:2539: $? = 0
configure:2562: result: 
configure:2644: checking whether we are using the Metrowerks C compiler
configure:2669: arm-mv5sft-linux-gnueabi-gcc -c -g -O2  conftest.c >&5
configure: In function 'main':
configure:2662: error: 'choke' undeclared (first use in this function)
configure:2662: error: (Each undeclared identifier is reported only once
configure:2662: error: for each function it appears in.)
configure:2662: error: expected ';' before 'me'
configure:2672: $? = 1
configure: failed program was:
| #line 2649 "configure"
| /* confdefs.h.  */
| 
| #define PACKAGE_NAME ""
| #define PACKAGE_TARNAME ""
| #define PACKAGE_VERSION ""
| #define PACKAGE_STRING ""
| #define PACKAGE_BUGREPORT ""
| /* end confdefs.h.  */
| 
| int
| main ()
| {
| #ifndef __MWERKS__
|        choke me
| #endif
| 
|   ;
|   return 0;
| }
configure:2691: result: no
configure:2708: checking whether we are using the IBM xlC C compiler
configure:2733: arm-mv5sft-linux-gnueabi-gcc -c -g -O2  conftest.c >&5
configure: In function 'main':
configure:2726: error: 'choke' undeclared (first use in this function)
configure:2726: error: (Each undeclared identifier is reported only once
configure:2726: error: for each function it appears in.)
configure:2726: error: expected ';' before 'me'
configure:2736: $? = 1
configure: failed program was:
| #line 2713 "configure"
| /* confdefs.h.  */
| 
| #define PACKAGE_NAME ""
| #define PACKAGE_TARNAME ""
| #define PACKAGE_VERSION ""
| #define PACKAGE_STRING ""
| #define PACKAGE_BUGREPORT ""
| /* end confdefs.h.  */
| 
| int
| main ()
| {
| #ifndef __xlC__
|        choke me
| #endif
| 
|   ;
|   return 0;
| }
configure:2755: result: no
configure:2841: checking build system type
configure:2859: result: i686-pc-linux-gnu
configure:2867: checking host system type
configure:2881: result: arm-mv5sft-linux-gnueabi
configure:2911: checking for ld used by GCC
configure:2974: result: arm-mv5sft-linux-gnueabi-ld
configure:2983: checking if the linker (arm-mv5sft-linux-gnueabi-ld) is GNU ld
GNU ld (GNU Binutils) 2.18.50.20080215
configure:2995: result: yes
configure:3000: checking for arm-mv5sft-linux-gnueabi-ld option to reload object files
configure:3007: result: -r
configure:3012: checking for BSD-compatible nm
configure:3048: result: /opt_gccarm/arm-mv5sft-linux-gnueabi/bin/arm-mv5sft-linux-gnueabi-nm -B
configure:3051: checking whether ln -s works
configure:3055: result: yes
configure:3062: checking how to recognise dependant libraries
configure:3240: result: file_magic ELF [0-9][0-9]*-bit [LM]SB (shared object|dynamic lib )
configure:3252: checking command to parse /opt_gccarm/arm-mv5sft-linux-gnueabi/bin/arm-mv5sft-linux-gnueabi-nm -B output
configure:3333: arm-mv5sft-linux-gnueabi-gcc -c -g -O2  conftest.c >&5
configure:3336: $? = 0
configure:3340: /opt_gccarm/arm-mv5sft-linux-gnueabi/bin/arm-mv5sft-linux-gnueabi-nm -B conftest.o \| sed -n -e 's/^.*[ 	]\([ABCDGISTW][ABCDGISTW]*\)[ 	][ 	]*\(\)\([_A-Za-z][_A-Za-z0-9]*\)$/\1 \2\3 \3/p' \> conftest.nm
configure:3343: $? = 0
configure:3395: arm-mv5sft-linux-gnueabi-gcc -o conftest -g -O2   conftest.c conftstm.o >&5
configure:3398: $? = 0
configure:3442: result: ok
configure:3451: checking how to run the C preprocessor
configure:3487: arm-mv5sft-linux-gnueabi-gcc -E  conftest.c
configure:3493: $? = 0
configure:3525: arm-mv5sft-linux-gnueabi-gcc -E  conftest.c
configure:3524:28: error: ac_nonexistent.h: No such file or directory
configure:3531: $? = 1
configure: failed program was:
| #line 3516 "configure"
| /* confdefs.h.  */
| 
| #define PACKAGE_NAME ""
| #define PACKAGE_TARNAME ""
| #define PACKAGE_VERSION ""
| #define PACKAGE_STRING ""
| #define PACKAGE_BUGREPORT ""
| /* end confdefs.h.  */
| #include <ac_nonexistent.h>
configure:3569: result: arm-mv5sft-linux-gnueabi-gcc -E
configure:3594: arm-mv5sft-linux-gnueabi-gcc -E  conftest.c
configure:3600: $? = 0
configure:3632: arm-mv5sft-linux-gnueabi-gcc -E  conftest.c
configure:3631:28: error: ac_nonexistent.h: No such file or directory
configure:3638: $? = 1
configure: failed program was:
| #line 3623 "configure"
| /* confdefs.h.  */
| 
| #define PACKAGE_NAME ""
| #define PACKAGE_TARNAME ""
| #define PACKAGE_VERSION ""
| #define PACKAGE_STRING ""
| #define PACKAGE_BUGREPORT ""
| /* end confdefs.h.  */
| #include <ac_nonexistent.h>
configure:3681: checking for egrep
configure:3691: result: grep -E
configure:3696: checking for ANSI C header files
configure:3722: arm-mv5sft-linux-gnueabi-gcc -c -g -O2  conftest.c >&5
configure:3725: $? = 0
configure:3728: test -s conftest.o
configure:3731: $? = 0
configure:3846: result: yes
configure:3870: checking for sys/types.h
configure:3887: arm-mv5sft-linux-gnueabi-gcc -c -g -O2  conftest.c >&5
configure:3890: $? = 0
configure:3893: test -s conftest.o
configure:3896: $? = 0
configure:3907: result: yes
configure:3870: checking for sys/stat.h
configure:3887: arm-mv5sft-linux-gnueabi-gcc -c -g -O2  conftest.c >&5
configure:3890: $? = 0
configure:3893: test -s conftest.o
configure:3896: $? = 0
configure:3907: result: yes
configure:3870: checking for stdlib.h
configure:3887: arm-mv5sft-linux-gnueabi-gcc -c -g -O2  conftest.c >&5
configure:3890: $? = 0
configure:3893: test -s conftest.o
configure:3896: $? = 0
configure:3907: result: yes
configure:3870: checking for string.h
configure:3887: arm-mv5sft-linux-gnueabi-gcc -c -g -O2  conftest.c >&5
configure:3890: $? = 0
configure:3893: test -s conftest.o
configure:3896: $? = 0
configure:3907: result: yes
configure:3870: checking for memory.h
configure:3887: arm-mv5sft-linux-gnueabi-gcc -c -g -O2  conftest.c >&5
configure:3890: $? = 0
configure:3893: test -s conftest.o
configure:3896: $? = 0
configure:3907: result: yes
configure:3870: checking for strings.h
configure:3887: arm-mv5sft-linux-gnueabi-gcc -c -g -O2  conftest.c >&5
configure:3890: $? = 0
configure:3893: test -s conftest.o
configure:3896: $? = 0
configure:3907: result: yes
configure:3870: checking for inttypes.h
configure:3887: arm-mv5sft-linux-gnueabi-gcc -c -g -O2  conftest.c >&5
configure:3890: $? = 0
configure:3893: test -s conftest.o
configure:3896: $? = 0
configure:3907: result: yes
configure:3870: checking for stdint.h
configure:3887: arm-mv5sft-linux-gnueabi-gcc -c -g -O2  conftest.c >&5
configure:3890: $? = 0
configure:3893: test -s conftest.o
configure:3896: $? = 0
configure:3907: result: yes
configure:3870: checking for unistd.h
configure:3887: arm-mv5sft-linux-gnueabi-gcc -c -g -O2  conftest.c >&5
configure:3890: $? = 0
configure:3893: test -s conftest.o
configure:3896: $? = 0
configure:3907: result: yes
configure:3933: checking dlfcn.h usability
configure:3946: arm-mv5sft-linux-gnueabi-gcc -c -g -O2  conftest.c >&5
configure:3949: $? = 0
configure:3952: test -s conftest.o
configure:3955: $? = 0
configure:3965: result: yes
configure:3969: checking dlfcn.h presence
configure:3980: arm-mv5sft-linux-gnueabi-gcc -E  conftest.c
configure:3986: $? = 0
configure:4005: result: yes
configure:4041: checking for dlfcn.h
configure:4048: result: yes
configure:4069: checking for arm-mv5sft-linux-gnueabi-file
configure:4127: result: no
configure:4133: checking for file
configure:4188: result: /usr/bin/file
configure:4207: checking for arm-mv5sft-linux-gnueabi-ranlib
configure:4233: result: arm-mv5sft-linux-gnueabi-ranlib
configure:4287: checking for arm-mv5sft-linux-gnueabi-strip
configure:4313: result: arm-mv5sft-linux-gnueabi-strip
configure:4564: checking for objdir
configure:4575: result: .libs
configure:4596: checking for arm-mv5sft-linux-gnueabi-gcc option to produce PIC
configure:4746: result: -fPIC
configure:4750: checking if arm-mv5sft-linux-gnueabi-gcc PIC flag -fPIC works
configure:4774: arm-mv5sft-linux-gnueabi-gcc -c -g -O2 -fPIC -DPIC  conftest.c >&5
configure:4777: $? = 0
configure:4780: test -s conftest.o
configure:4783: $? = 0
configure:4821: result: yes
configure:4841: checking if arm-mv5sft-linux-gnueabi-gcc static flag -static works
configure:4866: arm-mv5sft-linux-gnueabi-gcc -o conftest -g -O2   -static conftest.c  >&5
configure:4869: $? = 0
configure:4872: test -s conftest
configure:4875: $? = 0
configure:4891: result: yes
configure:4907: checking if arm-mv5sft-linux-gnueabi-gcc supports -c -o file.o
configure:4927: arm-mv5sft-linux-gnueabi-gcc -c -g -O2 -o out/conftest2.o  conftest.c >&5
configure:4951: result: yes
configure:4956: checking if arm-mv5sft-linux-gnueabi-gcc supports -c -o file.lo
configure:4984: arm-mv5sft-linux-gnueabi-gcc -c -g -O2 -c -o conftest.lo  conftest.c >&5
configure:4987: $? = 0
configure:4990: test -s conftest.lo
configure:4993: $? = 0
configure:5015: result: yes
configure:5054: checking if arm-mv5sft-linux-gnueabi-gcc supports -fno-rtti -fno-exceptions
configure:5077: arm-mv5sft-linux-gnueabi-gcc -c -g -O2 -fno-rtti -fno-exceptions -c conftest.c  conftest.c >&5
cc1: warning: command line option "-fno-rtti" is valid for C++/ObjC++ but not for C
cc1: warning: command line option "-fno-rtti" is valid for C++/ObjC++ but not for C
configure:5080: $? = 0
configure:5083: test -s conftest.o
configure:5086: $? = 0
configure:5103: result: yes
configure:5118: checking whether the linker (arm-mv5sft-linux-gnueabi-ld) supports shared libraries
configure:5798: result: yes
configure:5807: checking how to hardcode library paths into programs
configure:5831: result: immediate
configure:5840: checking whether stripping libraries is possible
configure:5845: result: yes
configure:5860: checking dynamic linker characteristics
configure:6253: result: GNU/Linux ld.so
configure:6262: checking if libtool supports shared libraries
configure:6264: result: yes
configure:6271: checking whether to build shared libraries
configure:6292: result: yes
configure:6299: checking whether to build static libraries
configure:6303: result: yes
configure:6981: checking whether -lc should be explicitly linked in
configure:6989: arm-mv5sft-linux-gnueabi-gcc -c -g -O2  conftest.c >&5
configure:6992: $? = 0
configure:7006: arm-mv5sft-linux-gnueabi-gcc -shared conftest.o  -v -Wl,-soname -Wl,conftest -o conftest 2\>\&1 \| grep  -lc  \>/dev/null 2\>\&1
configure:7009: $? = 0
configure:7022: result: no
configure:7615: checking for a BSD-compatible install
configure:7669: result: /usr/bin/install -c
configure:7684: checking whether gcc accepts -fexceptions
configure:7703: arm-mv5sft-linux-gnueabi-gcc -c -g -O2 -Wall -Wmissing-prototypes -Wstrict-prototypes -fexceptions  conftest.c >&5
configure:7708: warning: function declaration isn't a prototype
configure:7706: $? = 0
configure:7709: test -s conftest.o
configure:7712: $? = 0
configure:7714: result: yes
configure:7726: checking for ANSI C header files
configure:7876: result: yes
configure:7901: checking fcntl.h usability
configure:7914: arm-mv5sft-linux-gnueabi-gcc -c -g -O2 -Wall -Wmissing-prototypes -Wstrict-prototypes -fexceptions  conftest.c >&5
configure:7917: $? = 0
configure:7920: test -s conftest.o
configure:7923: $? = 0
configure:7933: result: yes
configure:7937: checking fcntl.h presence
configure:7948: arm-mv5sft-linux-gnueabi-gcc -E  conftest.c
configure:7954: $? = 0
configure:7973: result: yes
configure:8009: checking for fcntl.h
configure:8016: result: yes
configure:7892: checking for unistd.h
configure:7897: result: yes
configure:8031: checking whether byte ordering is bigendian
configure:8059: arm-mv5sft-linux-gnueabi-gcc -c -g -O2 -Wall -Wmissing-prototypes -Wstrict-prototypes -fexceptions  conftest.c >&5
configure:8064: warning: function declaration isn't a prototype
configure:8062: $? = 0
configure:8065: test -s conftest.o
configure:8068: $? = 0
configure:8092: arm-mv5sft-linux-gnueabi-gcc -c -g -O2 -Wall -Wmissing-prototypes -Wstrict-prototypes -fexceptions  conftest.c >&5
configure:8097: warning: function declaration isn't a prototype
configure: In function 'main':
configure:8100: error: 'not' undeclared (first use in this function)
configure:8100: error: (Each undeclared identifier is reported only once
configure:8100: error: for each function it appears in.)
configure:8100: error: expected ';' before 'big'
configure:8095: $? = 1
configure: failed program was:
| #line 8071 "configure"
| /* confdefs.h.  */
| 
| #define PACKAGE_NAME ""
| #define PACKAGE_TARNAME ""
| #define PACKAGE_VERSION ""
| #define PACKAGE_STRING ""
| #define PACKAGE_BUGREPORT ""
| #define STDC_HEADERS 1
| #define HAVE_SYS_TYPES_H 1
| #define HAVE_SYS_STAT_H 1
| #define HAVE_STDLIB_H 1
| #define HAVE_STRING_H 1
| #define HAVE_MEMORY_H 1
| #define HAVE_STRINGS_H 1
| #define HAVE_INTTYPES_H 1
| #define HAVE_STDINT_H 1
| #define HAVE_UNISTD_H 1
| #define HAVE_DLFCN_H 1
| #define STDC_HEADERS 1
| #define HAVE_FCNTL_H 1
| #define HAVE_UNISTD_H 1
| /* end confdefs.h.  */
| #include <sys/types.h>
| #include <sys/param.h>
| int
| main ()
| {
| 
| #if BYTE_ORDER != BIG_ENDIAN
|  not big endian
| #endif
|   ;
|   return 0;
| }
configure:8163: result: no
configure:8220: checking for an ANSI C-conforming const
configure:8288: arm-mv5sft-linux-gnueabi-gcc -c -g -O2 -Wall -Wmissing-prototypes -Wstrict-prototypes -fexceptions  conftest.c >&5
configure:8251: warning: function declaration isn't a prototype
configure: In function 'main':
configure:8275: warning: unused variable 's'
configure:8295: warning: unused variable 'foo'
configure:8262: warning: unused variable 'zero'
configure:8256: warning: unused variable 'x'
configure:8277: warning: 't' is used uninitialized in this function
configure:8292: warning: 'b' is used uninitialized in this function
configure:8291: $? = 0
configure:8294: test -s conftest.o
configure:8297: $? = 0
configure:8308: result: yes
configure:8318: checking for off_t
configure:8343: arm-mv5sft-linux-gnueabi-gcc -c -g -O2 -Wall -Wmissing-prototypes -Wstrict-prototypes -fexceptions  conftest.c >&5
configure:8382: warning: function declaration isn't a prototype
configure:8346: $? = 0
configure:8349: test -s conftest.o
configure:8352: $? = 0
configure:8363: result: yes
configure:8375: checking for size_t
configure:8400: arm-mv5sft-linux-gnueabi-gcc -c -g -O2 -Wall -Wmissing-prototypes -Wstrict-prototypes -fexceptions  conftest.c >&5
configure:8439: warning: function declaration isn't a prototype
configure:8403: $? = 0
configure:8406: test -s conftest.o
configure:8409: $? = 0
configure:8420: result: yes
configure:8434: checking for working memcmp
configure:8505: result: no
configure:8515: checking for stdlib.h
configure:8520: result: yes
configure:8515: checking for unistd.h
configure:8520: result: yes
configure:8656: checking for getpagesize
configure:8706: arm-mv5sft-linux-gnueabi-gcc -o conftest -g -O2 -Wall -Wmissing-prototypes -Wstrict-prototypes -fexceptions   conftest.c  >&5
configure:8702: warning: function declaration isn't a prototype
configure:8709: warning: function declaration isn't a prototype
configure:8717: warning: function declaration isn't a prototype
configure:8709: $? = 0
configure:8712: test -s conftest
configure:8715: $? = 0
configure:8726: result: yes
configure:8736: checking for working mmap
configure:8901: result: no
configure:8925: checking for memmove
configure:8975: arm-mv5sft-linux-gnueabi-gcc -o conftest -g -O2 -Wall -Wmissing-prototypes -Wstrict-prototypes -fexceptions   conftest.c  >&5
configure:8972: warning: function declaration isn't a prototype
configure:8972: warning: conflicting types for built-in function 'memmove'
configure:8979: warning: function declaration isn't a prototype
configure:8987: warning: function declaration isn't a prototype
configure:8978: $? = 0
configure:8981: test -s conftest
configure:8984: $? = 0
configure:8995: result: yes
configure:8925: checking for bcopy
configure:8975: arm-mv5sft-linux-gnueabi-gcc -o conftest -g -O2 -Wall -Wmissing-prototypes -Wstrict-prototypes -fexceptions   conftest.c  >&5
configure:8973: warning: function declaration isn't a prototype
configure:8973: warning: conflicting types for built-in function 'bcopy'
configure:8980: warning: function declaration isn't a prototype
configure:8988: warning: function declaration isn't a prototype
configure:8978: $? = 0
configure:8981: test -s conftest
configure:8984: $? = 0
configure:8995: result: yes
configure:9119: creating ./config.status

## ---------------------- ##
## Running config.status. ##
## ---------------------- ##

This file was extended by config.status, which was
generated by GNU Autoconf 2.57.  Invocation command line was

  CONFIG_FILES    = 
  CONFIG_HEADERS  = 
  CONFIG_LINKS    = 
  CONFIG_COMMANDS = 
  $ ./config.status 

on swtest4

config.status:634: creating Makefile
config.status:738: creating expat_config.h
config.status:865: expat_config.h is unchanged

## ---------------- ##
## Cache variables. ##
## ---------------- ##

ac_cv_build=i686-pc-linux-gnu
ac_cv_build_alias=i686-pc-linux-gnu
ac_cv_c_bigendian=no
ac_cv_c_compiler_gnu=yes
ac_cv_c_const=yes
ac_cv_env_CC_set=set
ac_cv_env_CC_value=arm-mv5sft-linux-gnueabi-gcc
ac_cv_env_CFLAGS_set=
ac_cv_env_CFLAGS_value=
ac_cv_env_CPPFLAGS_set=
ac_cv_env_CPPFLAGS_value=
ac_cv_env_CPP_set=
ac_cv_env_CPP_value=
ac_cv_env_LDFLAGS_set=
ac_cv_env_LDFLAGS_value=
ac_cv_env_build_alias_set=
ac_cv_env_build_alias_value=
ac_cv_env_host_alias_set=set
ac_cv_env_host_alias_value=arm-mv5sft-linux-gnueabi
ac_cv_env_target_alias_set=
ac_cv_env_target_alias_value=
ac_cv_exeext=
ac_cv_func_bcopy=yes
ac_cv_func_getpagesize=yes
ac_cv_func_memcmp_working=no
ac_cv_func_memmove=yes
ac_cv_func_mmap_fixed_mapped=no
ac_cv_header_dlfcn_h=yes
ac_cv_header_fcntl_h=yes
ac_cv_header_inttypes_h=yes
ac_cv_header_memory_h=yes
ac_cv_header_stdc=yes
ac_cv_header_stdint_h=yes
ac_cv_header_stdlib_h=yes
ac_cv_header_string_h=yes
ac_cv_header_strings_h=yes
ac_cv_header_sys_stat_h=yes
ac_cv_header_sys_types_h=yes
ac_cv_header_unistd_h=yes
ac_cv_host=arm-mv5sft-linux-gnueabi
ac_cv_host_alias=arm-mv5sft-linux-gnueabi
ac_cv_objext=o
ac_cv_path_install='/usr/bin/install -c'
ac_cv_prog_CC=arm-mv5sft-linux-gnueabi-gcc
ac_cv_prog_CPP='arm-mv5sft-linux-gnueabi-gcc -E'
ac_cv_prog_RANLIB=arm-mv5sft-linux-gnueabi-ranlib
ac_cv_prog_STRIP=arm-mv5sft-linux-gnueabi-strip
ac_cv_prog_cc_g=yes
ac_cv_prog_cc_stdc=
ac_cv_prog_egrep='grep -E'
ac_cv_type_off_t=yes
ac_cv_type_size_t=yes
bakefile_cv_c_compiler_mwerks=no
lt_cv_archive_cmds_need_lc=no
lt_cv_compiler_c_o=yes
lt_cv_compiler_o_lo=yes
lt_cv_deplibs_check_method='file_magic ELF [0-9][0-9]*-bit [LM]SB (shared object|dynamic lib )'
lt_cv_file_magic_cmd='$MAGIC_CMD'
lt_cv_file_magic_test_file='/lib/libc.so.6 /lib/libc-2.12.90.so'
lt_cv_global_symbol_to_c_name_address='sed -n -e '\''s/^: \([^ ]*\) $/  {\"\1\", (lt_ptr) 0},/p'\'' -e '\''s/^[BCDEGRST] \([^ ]*\) \([^ ]*\)$/  {"\2", (lt_ptr) \&\2},/p'\'''
lt_cv_global_symbol_to_cdecl='sed -n -e '\''s/^. .* \(.*\)$/extern char \1;/p'\'''
lt_cv_ld_reload_flag=-r
lt_cv_path_LD=arm-mv5sft-linux-gnueabi-ld
lt_cv_path_MAGIC_CMD=/usr/bin/file
lt_cv_path_NM='/opt_gccarm/arm-mv5sft-linux-gnueabi/bin/arm-mv5sft-linux-gnueabi-nm -B'
lt_cv_prog_cc_can_build_shared=yes
lt_cv_prog_cc_no_builtin=
lt_cv_prog_cc_pic=' -fPIC'
lt_cv_prog_cc_pic_works=yes
lt_cv_prog_cc_shlib=
lt_cv_prog_cc_static=-static
lt_cv_prog_cc_static_works=yes
lt_cv_prog_cc_wl=-Wl,
lt_cv_prog_gnu_ld=yes
lt_cv_sys_global_symbol_pipe='sed -n -e '\''s/^.*[ 	]\([ABCDGISTW][ABCDGISTW]*\)[ 	][ 	]*\(\)\([_A-Za-z][_A-Za-z0-9]*\)$/\1 \2\3 \3/p'\'''
wx_cv_c_compiler_xlc=no

## ----------------- ##
## Output variables. ##
## ----------------- ##

CC='arm-mv5sft-linux-gnueabi-gcc'
CFLAGS='-g -O2 -Wall -Wmissing-prototypes -Wstrict-prototypes -fexceptions'
CPP='arm-mv5sft-linux-gnueabi-gcc -E'
CPPFLAGS=''
DEFS='-DHAVE_CONFIG_H'
ECHO='echo'
ECHO_C=''
ECHO_N='-n'
ECHO_T=''
EGREP='grep -E'
EXEEXT=''
FILEMAP='readfilemap'
INSTALL_DATA='${INSTALL} -m 644'
INSTALL_PROGRAM='${INSTALL}'
INSTALL_SCRIPT='${INSTALL}'
LDFLAGS=''
LIBAGE='4'
LIBCURRENT='4'
LIBOBJS=' memcmp$U.o'
LIBREVISION='0'
LIBS=''
LIBTOOL='$(SHELL) $(top_builddir)/libtool'
LN_S='ln -s'
LTLIBOBJS=' memcmp$U.lo'
OBJEXT='o'
PACKAGE_BUGREPORT=''
PACKAGE_NAME=''
PACKAGE_STRING=''
PACKAGE_TARNAME=''
PACKAGE_VERSION=''
PATH_SEPARATOR=':'
RANLIB='arm-mv5sft-linux-gnueabi-ranlib'
SHELL='/bin/sh'
STRIP='arm-mv5sft-linux-gnueabi-strip'
ac_ct_CC=''
ac_ct_RANLIB=''
ac_ct_STRIP=''
bindir='${exec_prefix}/bin'
build='i686-pc-linux-gnu'
build_alias=''
build_cpu='i686'
build_os='linux-gnu'
build_vendor='pc'
datadir='${prefix}/share'
exec_prefix='${prefix}'
host='arm-mv5sft-linux-gnueabi'
host_alias='arm-mv5sft-linux-gnueabi'
host_cpu='arm'
host_os='linux-gnueabi'
host_vendor='mv5sft'
includedir='${prefix}/include'
infodir='${prefix}/info'
libdir='${exec_prefix}/lib'
libexecdir='${exec_prefix}/libexec'
localstatedir='${prefix}/var'
mandir='${prefix}/man'
oldincludedir='/usr/include'
prefix='/usr/local'
program_transform_name='s,x,x,'
sbindir='${exec_prefix}/sbin'
sharedstatedir='${prefix}/com'
sysconfdir='${prefix}/etc'
target_alias=''

## ----------- ##
## confdefs.h. ##
## ----------- ##

#define BYTEORDER 1234
#define HAVE_BCOPY 1
#define HAVE_DLFCN_H 1
#define HAVE_FCNTL_H 1
#define HAVE_GETPAGESIZE 1
#define HAVE_INTTYPES_H 1
#define HAVE_MEMMOVE 1
#define HAVE_MEMORY_H 1
#define HAVE_STDINT_H 1
#define HAVE_STDLIB_H 1
#define HAVE_STDLIB_H 1
#define HAVE_STRINGS_H 1
#define HAVE_STRING_H 1
#define HAVE_SYS_STAT_H 1
#define HAVE_SYS_TYPES_H 1
#define HAVE_UNISTD_H 1
#define HAVE_UNISTD_H 1
#define HAVE_UNISTD_H 1
#define PACKAGE_BUGREPORT ""
#define PACKAGE_NAME ""
#define PACKAGE_STRING ""
#define PACKAGE_TARNAME ""
#define PACKAGE_VERSION ""
#define STDC_HEADERS 1
#define STDC_HEADERS 1
#define XML_CONTEXT_BYTES 1024
#define XML_DTD 1
#define XML_NS 1

configure: exit 0
