This file contains any messages produced by compilers while
running configure, to aid debugging if configure makes a mistake.

It was created by Kerberos 5 configure 1.7.1, which was
generated by GNU Autoconf 2.59.  Invocation command line was

  $ ./configure --prefix=/home/roy/DNS-345_GPL/packages/krb5-1.7.1/src/_install --build=i386-linux --host=arm-mv5sft-linux-gnueabi --prefix=/home/roy/DNS-345_GPL/packages/krb5-1.7.1/src/_install CFLAGS=-DUSE_LINKER_FINI_OPTION --cache-file=linux-cache CC=arm-mv5sft-linux-gnueabi-gcc CXX=arm-mv5sft-linux-gnueabi-g++ LD=arm-mv5sft-linux-gnueabi-ld build_alias=i386-linux host_alias=arm-mv5sft-linux-gnueabi --cache-file=../../linux-cache --srcdir=.

## --------- ##
## Platform. ##
## --------- ##

hostname = fedora-14
uname -m = i686
uname -r = 2.6.35.6-45.fc14.i686
uname -s = Linux
uname -v = #1 SMP Mon Oct 18 23:56:17 UTC 2010

/usr/bin/uname -p = unknown
/bin/uname -X     = unknown

/bin/arch              = i686
/usr/bin/arch -k       = unknown
/usr/convex/getsysinfo = unknown
hostinfo               = unknown
/bin/machine           = unknown
/usr/bin/oslevel       = unknown
/bin/universe          = unknown

PATH: /opt_gccarm/arm-mv5sft-linux-gnueabi/bin
PATH: /usr/lib/qt-3.3/bin
PATH: /usr/lib/ccache
PATH: /usr/local/bin
PATH: /bin
PATH: /usr/bin
PATH: /usr/local/sbin
PATH: /usr/sbin
PATH: /sbin
PATH: /home/roy/bin


## ----------- ##
## Core tests. ##
## ----------- ##

configure:1284: loading cache ../../linux-cache
configure:1439: checking for arm-mv5sft-linux-gnueabi-gcc
configure:1465: result: arm-mv5sft-linux-gnueabi-gcc
configure:1747: checking for C compiler version
configure:1750: arm-mv5sft-linux-gnueabi-gcc --version </dev/null >&5
arm-mv5sft-linux-gnueabi-gcc (sdk3.2rc1-ct-ng-1.4.1) 4.3.2
Copyright (C) 2008 Free Software Foundation, Inc.
This is free software; see the source for copying conditions.  There is NO
warranty; not even for MERCHANTABILITY or FITNESS FOR A PARTICULAR PURPOSE.

configure:1753: $? = 0
configure:1755: arm-mv5sft-linux-gnueabi-gcc -v </dev/null >&5
Using built-in specs.
Target: arm-mv5sft-linux-gnueabi
Configured with: /home/seugene/sdk/targets/src/gcc-4.3.2/configure --build=i486-build_pc-linux-gnu --host=i486-build_pc-linux-gnu --target=arm-mv5sft-linux-gnueabi --prefix=/home/seugene/sdk/targets/arm-mv5sft-linux-gnueabi/cross --with-sysroot=/home/seugene/sdk/targets/arm-mv5sft-linux-gnueabi/cross/arm-mv5sft-linux-gnueabi//sys-root --enable-languages=c,c++,fortran,java --disable-multilib --with-arch=armv5te --with-float=soft --with-gmp=/home/seugene/sdk/targets/arm-mv5sft-linux-gnueabi/cross --with-mpfr=/home/seugene/sdk/targets/arm-mv5sft-linux-gnueabi/cross --with-pkgversion=sdk3.2rc1-ct-ng-1.4.1 --disable-sjlj-exceptions --enable-__cxa_atexit --with-local-prefix=/home/seugene/sdk/targets/arm-mv5sft-linux-gnueabi/cross/arm-mv5sft-linux-gnueabi//sys-root --disable-nls --enable-threads=posix --enable-symvers=gnu --enable-c99 --enable-long-long --enable-target-optspace
Thread model: posix
gcc version 4.3.2 (sdk3.2rc1-ct-ng-1.4.1) 
configure:1758: $? = 0
configure:1760: arm-mv5sft-linux-gnueabi-gcc -V </dev/null >&5
arm-mv5sft-linux-gnueabi-gcc: '-V' option must have argument
configure:1763: $? = 1
configure:1786: checking for C compiler default output file name
configure:1789: arm-mv5sft-linux-gnueabi-gcc -DUSE_LINKER_FINI_OPTION   conftest.c  >&5
configure:1792: $? = 0
configure:1838: result: a.out
configure:1843: checking whether the C compiler works
configure:1869: result: yes
configure:1876: checking whether we are cross compiling
configure:1878: result: yes
configure:1881: checking for suffix of executables
configure:1883: arm-mv5sft-linux-gnueabi-gcc -o conftest -DUSE_LINKER_FINI_OPTION   conftest.c  >&5
configure:1886: $? = 0
configure:1911: result: 
configure:1917: checking for suffix of object files
configure:1963: result: o
configure:1967: checking whether we are using the GNU C compiler
configure:2023: result: yes
configure:2029: checking whether arm-mv5sft-linux-gnueabi-gcc accepts -g
configure:2080: result: yes
configure:2097: checking for arm-mv5sft-linux-gnueabi-gcc option to accept ANSI C
configure:2204: result: none needed
configure:2222: arm-mv5sft-linux-gnueabi-gcc -c -DUSE_LINKER_FINI_OPTION  conftest.c >&5
conftest.c:2: error: expected '=', ',', ';', 'asm' or '__attribute__' before 'me'
configure:2228: $? = 1
configure: failed program was:
| #ifndef __cplusplus
|   choke me
| #endif
configure:2371: checking for arm-mv5sft-linux-gnueabi-g++
configure:2397: result: arm-mv5sft-linux-gnueabi-g++
configure:2455: checking for C++ compiler version
configure:2458: arm-mv5sft-linux-gnueabi-g++ --version </dev/null >&5
arm-mv5sft-linux-gnueabi-g++ (sdk3.2rc1-ct-ng-1.4.1) 4.3.2
Copyright (C) 2008 Free Software Foundation, Inc.
This is free software; see the source for copying conditions.  There is NO
warranty; not even for MERCHANTABILITY or FITNESS FOR A PARTICULAR PURPOSE.

configure:2461: $? = 0
configure:2463: arm-mv5sft-linux-gnueabi-g++ -v </dev/null >&5
Using built-in specs.
Target: arm-mv5sft-linux-gnueabi
Configured with: /home/seugene/sdk/targets/src/gcc-4.3.2/configure --build=i486-build_pc-linux-gnu --host=i486-build_pc-linux-gnu --target=arm-mv5sft-linux-gnueabi --prefix=/home/seugene/sdk/targets/arm-mv5sft-linux-gnueabi/cross --with-sysroot=/home/seugene/sdk/targets/arm-mv5sft-linux-gnueabi/cross/arm-mv5sft-linux-gnueabi//sys-root --enable-languages=c,c++,fortran,java --disable-multilib --with-arch=armv5te --with-float=soft --with-gmp=/home/seugene/sdk/targets/arm-mv5sft-linux-gnueabi/cross --with-mpfr=/home/seugene/sdk/targets/arm-mv5sft-linux-gnueabi/cross --with-pkgversion=sdk3.2rc1-ct-ng-1.4.1 --disable-sjlj-exceptions --enable-__cxa_atexit --with-local-prefix=/home/seugene/sdk/targets/arm-mv5sft-linux-gnueabi/cross/arm-mv5sft-linux-gnueabi//sys-root --disable-nls --enable-threads=posix --enable-symvers=gnu --enable-c99 --enable-long-long --enable-target-optspace
Thread model: posix
gcc version 4.3.2 (sdk3.2rc1-ct-ng-1.4.1) 
configure:2466: $? = 0
configure:2468: arm-mv5sft-linux-gnueabi-g++ -V </dev/null >&5
arm-mv5sft-linux-gnueabi-g++: '-V' option must have argument
configure:2471: $? = 1
configure:2474: checking whether we are using the GNU C++ compiler
configure:2530: result: yes
configure:2536: checking whether arm-mv5sft-linux-gnueabi-g++ accepts -g
configure:2587: result: yes
configure:2629: arm-mv5sft-linux-gnueabi-g++ -c -g -O2  conftest.cc >&5
configure:2635: $? = 0
configure:2639: test -z 
			 || test ! -s conftest.err
configure:2642: $? = 0
configure:2645: test -s conftest.o
configure:2648: $? = 0
configure:2674: arm-mv5sft-linux-gnueabi-g++ -c -g -O2  conftest.cc >&5
conftest.cc: In function 'int main()':
conftest.cc:13: error: 'exit' was not declared in this scope
configure:2680: $? = 1
configure: failed program was:
| /* confdefs.h.  */
| 
| #define PACKAGE_NAME "Kerberos 5"
| #define PACKAGE_TARNAME "krb5"
| #define PACKAGE_VERSION "1.7.1"
| #define PACKAGE_STRING "Kerberos 5 1.7.1"
| #define PACKAGE_BUGREPORT "krb5-bugs@mit.edu"
| /* end confdefs.h.  */
| 
| int
| main ()
| {
| exit (42);
|   ;
|   return 0;
| }
configure:2629: arm-mv5sft-linux-gnueabi-g++ -c -g -O2  conftest.cc >&5
conftest.cc:9: error: 'void std::exit(int)' should have been declared inside 'std'
configure:2635: $? = 1
configure: failed program was:
| /* confdefs.h.  */
| 
| #define PACKAGE_NAME "Kerberos 5"
| #define PACKAGE_TARNAME "krb5"
| #define PACKAGE_VERSION "1.7.1"
| #define PACKAGE_STRING "Kerberos 5 1.7.1"
| #define PACKAGE_BUGREPORT "krb5-bugs@mit.edu"
| /* end confdefs.h.  */
| extern "C" void std::exit (int) throw (); using std::exit;
| #include <stdlib.h>
| int
| main ()
| {
| exit (42);
|   ;
|   return 0;
| }
configure:2629: arm-mv5sft-linux-gnueabi-g++ -c -g -O2  conftest.cc >&5
conftest.cc:9: error: 'void std::exit(int)' should have been declared inside 'std'
In file included from conftest.cc:10:
/opt_gccarm/arm-mv5sft-linux-gnueabi/bin/../arm-mv5sft-linux-gnueabi//sys-root/usr/include/stdlib.h:531: error: declaration of 'void std::exit(int) throw ()' throws different exceptions
conftest.cc:9: error: from previous declaration 'void std::exit(int)'
configure:2635: $? = 1
configure: failed program was:
| /* confdefs.h.  */
| 
| #define PACKAGE_NAME "Kerberos 5"
| #define PACKAGE_TARNAME "krb5"
| #define PACKAGE_VERSION "1.7.1"
| #define PACKAGE_STRING "Kerberos 5 1.7.1"
| #define PACKAGE_BUGREPORT "krb5-bugs@mit.edu"
| /* end confdefs.h.  */
| extern "C" void std::exit (int); using std::exit;
| #include <stdlib.h>
| int
| main ()
| {
| exit (42);
|   ;
|   return 0;
| }
configure:2629: arm-mv5sft-linux-gnueabi-g++ -c -g -O2  conftest.cc >&5
configure:2635: $? = 0
configure:2639: test -z 
			 || test ! -s conftest.err
configure:2642: $? = 0
configure:2645: test -s conftest.o
configure:2648: $? = 0
configure:2674: arm-mv5sft-linux-gnueabi-g++ -c -g -O2  conftest.cc >&5
configure:2680: $? = 0
configure:2684: test -z 
			 || test ! -s conftest.err
configure:2687: $? = 0
configure:2690: test -s conftest.o
configure:2693: $? = 0
configure:2722: checking how to run the C preprocessor
configure:2840: result: arm-mv5sft-linux-gnueabi-gcc -E
configure:2864: arm-mv5sft-linux-gnueabi-gcc -E  conftest.c
configure:2870: $? = 0
configure:2902: arm-mv5sft-linux-gnueabi-gcc -E  conftest.c
conftest.c:12:28: error: ac_nonexistent.h: No such file or directory
configure:2908: $? = 1
configure: failed program was:
| /* confdefs.h.  */
| 
| #define PACKAGE_NAME "Kerberos 5"
| #define PACKAGE_TARNAME "krb5"
| #define PACKAGE_VERSION "1.7.1"
| #define PACKAGE_STRING "Kerberos 5 1.7.1"
| #define PACKAGE_BUGREPORT "krb5-bugs@mit.edu"
| #ifdef __cplusplus
| extern "C" void exit (int) throw ();
| #endif
| /* end confdefs.h.  */
| #include <ac_nonexistent.h>
configure:2958: checking build system type
configure:2976: result: i386-pc-linux-gnu
configure:2984: checking host system type
configure:2998: result: arm-mv5sft-linux-gnueabi
configure:3006: checking for egrep
configure:3016: result: grep -E
configure:3021: checking for ANSI C header files
configure:3177: result: yes
configure:3201: checking for sys/types.h
configure:3247: result: yes
configure:3201: checking for sys/stat.h
configure:3247: result: yes
configure:3201: checking for stdlib.h
configure:3247: result: yes
configure:3201: checking for string.h
configure:3247: result: yes
configure:3201: checking for memory.h
configure:3247: result: yes
configure:3201: checking for strings.h
configure:3247: result: yes
configure:3201: checking for inttypes.h
configure:3247: result: yes
configure:3201: checking for stdint.h
configure:3247: result: yes
configure:3201: checking for unistd.h
configure:3247: result: yes
configure:3266: checking for GNU linker
configure:3283: result: yes
configure:3318: adding extra warning flags for gcc
configure:3325: skipping pedantic warnings on Linux
configure:3335: adding extra warning flags for g++
configure:3342: checking if C compiler supports -Wno-format-zero-length
configure:3443: result: yes
configure:3454: checking if C compiler supports -Woverflow
configure:3555: result: yes
configure:3454: checking if C compiler supports -Wstrict-overflow
configure:3555: result: yes
configure:3454: checking if C compiler supports -Wmissing-format-attribute
configure:3555: result: yes
configure:3454: checking if C compiler supports -Wmissing-prototypes
configure:3555: result: yes
configure:3454: checking if C compiler supports -Wreturn-type
configure:3555: result: yes
configure:3454: checking if C compiler supports -Wmissing-braces
configure:3555: result: yes
configure:3454: checking if C compiler supports -Wparentheses
configure:3555: result: yes
configure:3454: checking if C compiler supports -Wswitch
configure:3555: result: yes
configure:3454: checking if C compiler supports -Wunused-function
configure:3555: result: yes
configure:3454: checking if C compiler supports -Wunused-label
configure:3555: result: yes
configure:3454: checking if C compiler supports -Wunused-variable
configure:3555: result: yes
configure:3454: checking if C compiler supports -Wunused-value
configure:3555: result: yes
configure:3454: checking if C compiler supports -Wunknown-pragmas
configure:3555: result: yes
configure:3454: checking if C compiler supports -Wsign-compare
configure:3555: result: yes
configure:3454: checking if C compiler supports -Wnewline-eof
configure:3555: result: no
configure:3578: checking if C compiler supports -Werror=declaration-after-statement
configure:3679: result: yes
configure:3578: checking if C compiler supports -Werror=variadic-macros
configure:3679: result: yes
configure:3872: checking which version of com_err to use
configure:3880: result: krb5
configure:4157: checking which version of subsystem package to use
configure:4224: result: krb5
configure:4274: checking for an ANSI C-conforming const
configure:4371: result: yes
configure:4398: checking for gethostbyname
configure:4486: result: yes
configure:4791: checking for socket
configure:4879: result: yes
configure:5064: checking for main in -lresolv
configure:5120: result: yes
configure:5146: checking for res_ninit
configure:5204: result: yes
configure:5146: checking for res_nclose
configure:5204: result: yes
configure:5146: checking for res_ndestroy
configure:5204: result: no
configure:5146: checking for res_nsearch
configure:5204: result: yes
configure:5146: checking for ns_initparse
configure:5204: result: no
configure:5146: checking for ns_name_uncompress
configure:5204: result: no
configure:5146: checking for dn_skipname
configure:5204: result: yes
configure:5146: checking for res_search
configure:5204: result: yes
configure:5457: checking whether pragma weak references are supported
configure:5510: result: yes
configure:5594: checking for constructor/destructor attribute support
configure:5669: result: yes
configure:5718: enabling thread support
configure:5919: checking for the pthreads library -lpthreads
configure:5957: arm-mv5sft-linux-gnueabi-gcc -o conftest -DUSE_LINKER_FINI_OPTION    conftest.c -lpthreads -lresolv  >&5
/opt_gccarm/arm-mv5sft-linux-gnueabi/bin/../lib/gcc/arm-mv5sft-linux-gnueabi/4.3.2/../../../../arm-mv5sft-linux-gnueabi/bin/ld: cannot find -lpthreads
collect2: ld returned 1 exit status
configure:5963: $? = 1
configure: failed program was:
| /* confdefs.h.  */
| 
| #define PACKAGE_NAME "Kerberos 5"
| #define PACKAGE_TARNAME "krb5"
| #define PACKAGE_VERSION "1.7.1"
| #define PACKAGE_STRING "Kerberos 5 1.7.1"
| #define PACKAGE_BUGREPORT "krb5-bugs@mit.edu"
| #ifdef __cplusplus
| extern "C" void exit (int) throw ();
| #endif
| #define STDC_HEADERS 1
| #define HAVE_SYS_TYPES_H 1
| #define HAVE_SYS_STAT_H 1
| #define HAVE_STDLIB_H 1
| #define HAVE_STRING_H 1
| #define HAVE_MEMORY_H 1
| #define HAVE_STRINGS_H 1
| #define HAVE_INTTYPES_H 1
| #define HAVE_STDINT_H 1
| #define HAVE_UNISTD_H 1
| #define HAVE_BT_RSEQ 1
| #define KRB5_DNS_LOOKUP_KDC 1
| #define KRB5_DNS_LOOKUP 1
| #define HAVE_LIBRESOLV 1
| #define HAVE_RES_NINIT 1
| #define HAVE_RES_NCLOSE 1
| #define HAVE_RES_NSEARCH 1
| #define HAVE_DN_SKIPNAME 1
| #define HAVE_RES_SEARCH 1
| #define HAVE_PRAGMA_WEAK_REF 1
| #define DELAY_INITIALIZER 1
| #define ENABLE_THREADS 1
| /* end confdefs.h.  */
| #include <pthread.h>
| int
| main ()
| {
| pthread_t th; pthread_join(th, 0);
|                      pthread_attr_init(0); pthread_cleanup_push(0, 0);
|                      pthread_create(0,0,0,0); pthread_cleanup_pop(0);
|   ;
|   return 0;
| }
configure:5990: result: no
configure:5866: checking whether pthreads work without any flags
configure:5957: arm-mv5sft-linux-gnueabi-gcc -o conftest -DUSE_LINKER_FINI_OPTION    conftest.c  -lresolv  >&5
/tmp/ccCnoTBg.o: In function `main':
conftest.c:(.text+0x14): undefined reference to `pthread_join'
conftest.c:(.text+0x74): undefined reference to `__pthread_register_cancel'
conftest.c:(.text+0x88): undefined reference to `pthread_create'
conftest.c:(.text+0x94): undefined reference to `__pthread_unregister_cancel'
collect2: ld returned 1 exit status
configure:5963: $? = 1
configure: failed program was:
| /* confdefs.h.  */
| 
| #define PACKAGE_NAME "Kerberos 5"
| #define PACKAGE_TARNAME "krb5"
| #define PACKAGE_VERSION "1.7.1"
| #define PACKAGE_STRING "Kerberos 5 1.7.1"
| #define PACKAGE_BUGREPORT "krb5-bugs@mit.edu"
| #ifdef __cplusplus
| extern "C" void exit (int) throw ();
| #endif
| #define STDC_HEADERS 1
| #define HAVE_SYS_TYPES_H 1
| #define HAVE_SYS_STAT_H 1
| #define HAVE_STDLIB_H 1
| #define HAVE_STRING_H 1
| #define HAVE_MEMORY_H 1
| #define HAVE_STRINGS_H 1
| #define HAVE_INTTYPES_H 1
| #define HAVE_STDINT_H 1
| #define HAVE_UNISTD_H 1
| #define HAVE_BT_RSEQ 1
| #define KRB5_DNS_LOOKUP_KDC 1
| #define KRB5_DNS_LOOKUP 1
| #define HAVE_LIBRESOLV 1
| #define HAVE_RES_NINIT 1
| #define HAVE_RES_NCLOSE 1
| #define HAVE_RES_NSEARCH 1
| #define HAVE_DN_SKIPNAME 1
| #define HAVE_RES_SEARCH 1
| #define HAVE_PRAGMA_WEAK_REF 1
| #define DELAY_INITIALIZER 1
| #define ENABLE_THREADS 1
| /* end confdefs.h.  */
| #include <pthread.h>
| int
| main ()
| {
| pthread_t th; pthread_join(th, 0);
|                      pthread_attr_init(0); pthread_cleanup_push(0, 0);
|                      pthread_create(0,0,0,0); pthread_cleanup_pop(0);
|   ;
|   return 0;
| }
configure:5990: result: no
configure:5871: checking whether pthreads work with -Kthread
configure:5957: arm-mv5sft-linux-gnueabi-gcc -o conftest -DUSE_LINKER_FINI_OPTION -Kthread   conftest.c  -lresolv  >&5
arm-mv5sft-linux-gnueabi-gcc: unrecognized option '-Kthread'
/tmp/cciqPFNp.o: In function `main':
conftest.c:(.text+0x14): undefined reference to `pthread_join'
conftest.c:(.text+0x74): undefined reference to `__pthread_register_cancel'
conftest.c:(.text+0x88): undefined reference to `pthread_create'
conftest.c:(.text+0x94): undefined reference to `__pthread_unregister_cancel'
collect2: ld returned 1 exit status
configure:5963: $? = 1
configure: failed program was:
| /* confdefs.h.  */
| 
| #define PACKAGE_NAME "Kerberos 5"
| #define PACKAGE_TARNAME "krb5"
| #define PACKAGE_VERSION "1.7.1"
| #define PACKAGE_STRING "Kerberos 5 1.7.1"
| #define PACKAGE_BUGREPORT "krb5-bugs@mit.edu"
| #ifdef __cplusplus
| extern "C" void exit (int) throw ();
| #endif
| #define STDC_HEADERS 1
| #define HAVE_SYS_TYPES_H 1
| #define HAVE_SYS_STAT_H 1
| #define HAVE_STDLIB_H 1
| #define HAVE_STRING_H 1
| #define HAVE_MEMORY_H 1
| #define HAVE_STRINGS_H 1
| #define HAVE_INTTYPES_H 1
| #define HAVE_STDINT_H 1
| #define HAVE_UNISTD_H 1
| #define HAVE_BT_RSEQ 1
| #define KRB5_DNS_LOOKUP_KDC 1
| #define KRB5_DNS_LOOKUP 1
| #define HAVE_LIBRESOLV 1
| #define HAVE_RES_NINIT 1
| #define HAVE_RES_NCLOSE 1
| #define HAVE_RES_NSEARCH 1
| #define HAVE_DN_SKIPNAME 1
| #define HAVE_RES_SEARCH 1
| #define HAVE_PRAGMA_WEAK_REF 1
| #define DELAY_INITIALIZER 1
| #define ENABLE_THREADS 1
| /* end confdefs.h.  */
| #include <pthread.h>
| int
| main ()
| {
| pthread_t th; pthread_join(th, 0);
|                      pthread_attr_init(0); pthread_cleanup_push(0, 0);
|                      pthread_create(0,0,0,0); pthread_cleanup_pop(0);
|   ;
|   return 0;
| }
configure:5990: result: no
configure:5871: checking whether pthreads work with -kthread
configure:5957: arm-mv5sft-linux-gnueabi-gcc -o conftest -DUSE_LINKER_FINI_OPTION -kthread   conftest.c  -lresolv  >&5
arm-mv5sft-linux-gnueabi-gcc: unrecognized option '-kthread'
/tmp/cc4F9XIy.o: In function `main':
conftest.c:(.text+0x14): undefined reference to `pthread_join'
conftest.c:(.text+0x74): undefined reference to `__pthread_register_cancel'
conftest.c:(.text+0x88): undefined reference to `pthread_create'
conftest.c:(.text+0x94): undefined reference to `__pthread_unregister_cancel'
collect2: ld returned 1 exit status
configure:5963: $? = 1
configure: failed program was:
| /* confdefs.h.  */
| 
| #define PACKAGE_NAME "Kerberos 5"
| #define PACKAGE_TARNAME "krb5"
| #define PACKAGE_VERSION "1.7.1"
| #define PACKAGE_STRING "Kerberos 5 1.7.1"
| #define PACKAGE_BUGREPORT "krb5-bugs@mit.edu"
| #ifdef __cplusplus
| extern "C" void exit (int) throw ();
| #endif
| #define STDC_HEADERS 1
| #define HAVE_SYS_TYPES_H 1
| #define HAVE_SYS_STAT_H 1
| #define HAVE_STDLIB_H 1
| #define HAVE_STRING_H 1
| #define HAVE_MEMORY_H 1
| #define HAVE_STRINGS_H 1
| #define HAVE_INTTYPES_H 1
| #define HAVE_STDINT_H 1
| #define HAVE_UNISTD_H 1
| #define HAVE_BT_RSEQ 1
| #define KRB5_DNS_LOOKUP_KDC 1
| #define KRB5_DNS_LOOKUP 1
| #define HAVE_LIBRESOLV 1
| #define HAVE_RES_NINIT 1
| #define HAVE_RES_NCLOSE 1
| #define HAVE_RES_NSEARCH 1
| #define HAVE_DN_SKIPNAME 1
| #define HAVE_RES_SEARCH 1
| #define HAVE_PRAGMA_WEAK_REF 1
| #define DELAY_INITIALIZER 1
| #define ENABLE_THREADS 1
| /* end confdefs.h.  */
| #include <pthread.h>
| int
| main ()
| {
| pthread_t th; pthread_join(th, 0);
|                      pthread_attr_init(0); pthread_cleanup_push(0, 0);
|                      pthread_create(0,0,0,0); pthread_cleanup_pop(0);
|   ;
|   return 0;
| }
configure:5990: result: no
configure:5919: checking for the pthreads library -llthread
configure:5957: arm-mv5sft-linux-gnueabi-gcc -o conftest -DUSE_LINKER_FINI_OPTION    conftest.c -llthread -lresolv  >&5
/opt_gccarm/arm-mv5sft-linux-gnueabi/bin/../lib/gcc/arm-mv5sft-linux-gnueabi/4.3.2/../../../../arm-mv5sft-linux-gnueabi/bin/ld: cannot find -llthread
collect2: ld returned 1 exit status
configure:5963: $? = 1
configure: failed program was:
| /* confdefs.h.  */
| 
| #define PACKAGE_NAME "Kerberos 5"
| #define PACKAGE_TARNAME "krb5"
| #define PACKAGE_VERSION "1.7.1"
| #define PACKAGE_STRING "Kerberos 5 1.7.1"
| #define PACKAGE_BUGREPORT "krb5-bugs@mit.edu"
| #ifdef __cplusplus
| extern "C" void exit (int) throw ();
| #endif
| #define STDC_HEADERS 1
| #define HAVE_SYS_TYPES_H 1
| #define HAVE_SYS_STAT_H 1
| #define HAVE_STDLIB_H 1
| #define HAVE_STRING_H 1
| #define HAVE_MEMORY_H 1
| #define HAVE_STRINGS_H 1
| #define HAVE_INTTYPES_H 1
| #define HAVE_STDINT_H 1
| #define HAVE_UNISTD_H 1
| #define HAVE_BT_RSEQ 1
| #define KRB5_DNS_LOOKUP_KDC 1
| #define KRB5_DNS_LOOKUP 1
| #define HAVE_LIBRESOLV 1
| #define HAVE_RES_NINIT 1
| #define HAVE_RES_NCLOSE 1
| #define HAVE_RES_NSEARCH 1
| #define HAVE_DN_SKIPNAME 1
| #define HAVE_RES_SEARCH 1
| #define HAVE_PRAGMA_WEAK_REF 1
| #define DELAY_INITIALIZER 1
| #define ENABLE_THREADS 1
| /* end confdefs.h.  */
| #include <pthread.h>
| int
| main ()
| {
| pthread_t th; pthread_join(th, 0);
|                      pthread_attr_init(0); pthread_cleanup_push(0, 0);
|                      pthread_create(0,0,0,0); pthread_cleanup_pop(0);
|   ;
|   return 0;
| }
configure:5990: result: no
configure:5871: checking whether pthreads work with -pthread
configure:5957: arm-mv5sft-linux-gnueabi-gcc -o conftest -DUSE_LINKER_FINI_OPTION -pthread   conftest.c  -lresolv  >&5
configure:5963: $? = 0
configure:5967: test -z 
			 || test ! -s conftest.err
configure:5970: $? = 0
configure:5973: test -s conftest
configure:5976: $? = 0
configure:5990: result: yes
configure:6010: checking for joinable pthread attribute
configure:6028: arm-mv5sft-linux-gnueabi-gcc -o conftest -DUSE_LINKER_FINI_OPTION -pthread   conftest.c  -lresolv  >&5
configure:6034: $? = 0
configure:6038: test -z 
			 || test ! -s conftest.err
configure:6041: $? = 0
configure:6044: test -s conftest
configure:6047: $? = 0
configure:6113: result: PTHREAD_CREATE_JOINABLE
configure:6120: checking if more special flags are required for pthreads
configure:6127: result: no
configure:6139: checking for cc_r
configure:6166: result: arm-mv5sft-linux-gnueabi-gcc
configure:6202: PTHREAD_CC = arm-mv5sft-linux-gnueabi-gcc
configure:6204: PTHREAD_CFLAGS = -pthread
configure:6206: PTHREAD_LIBS = 
configure:6259: checking for pthread_once
configure:6347: result: no
configure:6259: checking for pthread_rwlock_init
configure:6347: result: no
configure:6365: rechecking with PTHREAD_... options
configure:6367: checking for pthread_rwlock_init in -lc
configure:6429: result: yes
configure:6446: checking for library containing dlopen
configure:6565: result: -ldl
configure:6589: checking for keyutils.h
configure:6594: result: no
configure:6809: checking for struct sockaddr.sa_len
configure:6912: result: no
configure:6932: checking for sys/types.h
configure:6937: result: yes
configure:6932: checking for sys/socket.h
configure:6937: result: yes
configure:6932: checking for netinet/in.h
configure:6937: result: yes
configure:6932: checking for netdb.h
configure:6937: result: yes
configure:7083: checking for inet_ntop
configure:7171: result: yes
configure:7083: checking for inet_pton
configure:7171: result: yes
configure:7083: checking for getnameinfo
configure:7171: result: yes
configure:7181: checking for getaddrinfo
configure:7239: result: yes
configure:7253: checking for IPv6 compile-time support
configure:7321: result: yes
configure:7438: checking for a BSD-compatible install
configure:7493: result: /usr/bin/install -c
configure:7507: checking for crypt in -lcrypt
configure:7537: arm-mv5sft-linux-gnueabi-gcc -o conftest -DUSE_LINKER_FINI_OPTION   conftest.c -lcrypt   >&5
configure:7543: $? = 0
configure:7547: test -z 
			 || test ! -s conftest.err
configure:7550: $? = 0
configure:7553: test -s conftest
configure:7556: $? = 0
configure:7569: result: yes
configure:7582: checking for main in -lodm
configure:7606: arm-mv5sft-linux-gnueabi-gcc -o conftest -DUSE_LINKER_FINI_OPTION   conftest.c -lodm  -lresolv  >&5
/opt_gccarm/arm-mv5sft-linux-gnueabi/bin/../lib/gcc/arm-mv5sft-linux-gnueabi/4.3.2/../../../../arm-mv5sft-linux-gnueabi/bin/ld: cannot find -lodm
collect2: ld returned 1 exit status
configure:7612: $? = 1
configure: failed program was:
| /* confdefs.h.  */
| 
| #define PACKAGE_NAME "Kerberos 5"
| #define PACKAGE_TARNAME "krb5"
| #define PACKAGE_VERSION "1.7.1"
| #define PACKAGE_STRING "Kerberos 5 1.7.1"
| #define PACKAGE_BUGREPORT "krb5-bugs@mit.edu"
| #ifdef __cplusplus
| extern "C" void exit (int) throw ();
| #endif
| #define STDC_HEADERS 1
| #define HAVE_SYS_TYPES_H 1
| #define HAVE_SYS_STAT_H 1
| #define HAVE_STDLIB_H 1
| #define HAVE_STRING_H 1
| #define HAVE_MEMORY_H 1
| #define HAVE_STRINGS_H 1
| #define HAVE_INTTYPES_H 1
| #define HAVE_STDINT_H 1
| #define HAVE_UNISTD_H 1
| #define HAVE_BT_RSEQ 1
| #define KRB5_DNS_LOOKUP_KDC 1
| #define KRB5_DNS_LOOKUP 1
| #define HAVE_LIBRESOLV 1
| #define HAVE_RES_NINIT 1
| #define HAVE_RES_NCLOSE 1
| #define HAVE_RES_NSEARCH 1
| #define HAVE_DN_SKIPNAME 1
| #define HAVE_RES_SEARCH 1
| #define HAVE_PRAGMA_WEAK_REF 1
| #define DELAY_INITIALIZER 1
| #define ENABLE_THREADS 1
| #define HAVE_PTHREAD 1
| #define HAVE_PTHREAD_RWLOCK_INIT_IN_THREAD_LIB 1
| #define USE_DLOPEN 1
| #define HAVE_SYS_TYPES_H 1
| #define HAVE_SYS_SOCKET_H 1
| #define HAVE_NETINET_IN_H 1
| #define HAVE_NETDB_H 1
| #define HAVE_INET_NTOP 1
| #define HAVE_INET_PTON 1
| #define HAVE_GETNAMEINFO 1
| #define HAVE_GETADDRINFO 1
| #define KRB5_USE_INET6 1
| #define HAVE_LIBCRYPT 1
| /* end confdefs.h.  */
| 
| 
| int
| main ()
| {
| main ();
|   ;
|   return 0;
| }
configure:7638: result: no
configure:7853: checking for pid_t
configure:7877: arm-mv5sft-linux-gnueabi-gcc -c -DUSE_LINKER_FINI_OPTION  conftest.c >&5
configure:7883: $? = 0
configure:7887: test -z 
			 || test ! -s conftest.err
configure:7890: $? = 0
configure:7893: test -s conftest.o
configure:7896: $? = 0
configure:7907: result: yes
configure:7925: checking for unistd.h
configure:7930: result: yes
configure:7934: checking vfork.h usability
configure:7946: arm-mv5sft-linux-gnueabi-gcc -c -DUSE_LINKER_FINI_OPTION  conftest.c >&5
conftest.c:82:19: error: vfork.h: No such file or directory
configure:7952: $? = 1
configure: failed program was:
| /* confdefs.h.  */
| 
| #define PACKAGE_NAME "Kerberos 5"
| #define PACKAGE_TARNAME "krb5"
| #define PACKAGE_VERSION "1.7.1"
| #define PACKAGE_STRING "Kerberos 5 1.7.1"
| #define PACKAGE_BUGREPORT "krb5-bugs@mit.edu"
| #ifdef __cplusplus
| extern "C" void exit (int) throw ();
| #endif
| #define STDC_HEADERS 1
| #define HAVE_SYS_TYPES_H 1
| #define HAVE_SYS_STAT_H 1
| #define HAVE_STDLIB_H 1
| #define HAVE_STRING_H 1
| #define HAVE_MEMORY_H 1
| #define HAVE_STRINGS_H 1
| #define HAVE_INTTYPES_H 1
| #define HAVE_STDINT_H 1
| #define HAVE_UNISTD_H 1
| #define HAVE_BT_RSEQ 1
| #define KRB5_DNS_LOOKUP_KDC 1
| #define KRB5_DNS_LOOKUP 1
| #define HAVE_LIBRESOLV 1
| #define HAVE_RES_NINIT 1
| #define HAVE_RES_NCLOSE 1
| #define HAVE_RES_NSEARCH 1
| #define HAVE_DN_SKIPNAME 1
| #define HAVE_RES_SEARCH 1
| #define HAVE_PRAGMA_WEAK_REF 1
| #define DELAY_INITIALIZER 1
| #define ENABLE_THREADS 1
| #define HAVE_PTHREAD 1
| #define HAVE_PTHREAD_RWLOCK_INIT_IN_THREAD_LIB 1
| #define USE_DLOPEN 1
| #define HAVE_SYS_TYPES_H 1
| #define HAVE_SYS_SOCKET_H 1
| #define HAVE_NETINET_IN_H 1
| #define HAVE_NETDB_H 1
| #define HAVE_INET_NTOP 1
| #define HAVE_INET_PTON 1
| #define HAVE_GETNAMEINFO 1
| #define HAVE_GETADDRINFO 1
| #define KRB5_USE_INET6 1
| #define HAVE_LIBCRYPT 1
| #define HAVE_UNISTD_H 1
| /* end confdefs.h.  */
| #include <stdio.h>
| #if HAVE_SYS_TYPES_H
| # include <sys/types.h>
| #endif
| #if HAVE_SYS_STAT_H
| # include <sys/stat.h>
| #endif
| #if STDC_HEADERS
| # include <stdlib.h>
| # include <stddef.h>
| #else
| # if HAVE_STDLIB_H
| #  include <stdlib.h>
| # endif
| #endif
| #if HAVE_STRING_H
| # if !STDC_HEADERS && HAVE_MEMORY_H
| #  include <memory.h>
| # endif
| # include <string.h>
| #endif
| #if HAVE_STRINGS_H
| # include <strings.h>
| #endif
| #if HAVE_INTTYPES_H
| # include <inttypes.h>
| #else
| # if HAVE_STDINT_H
| #  include <stdint.h>
| # endif
| #endif
| #if HAVE_UNISTD_H
| # include <unistd.h>
| #endif
| #include <vfork.h>
configure:7975: result: no
configure:7979: checking vfork.h presence
configure:7989: arm-mv5sft-linux-gnueabi-gcc -E  conftest.c
conftest.c:48:19: error: vfork.h: No such file or directory
configure:7995: $? = 1
configure: failed program was:
| /* confdefs.h.  */
| 
| #define PACKAGE_NAME "Kerberos 5"
| #define PACKAGE_TARNAME "krb5"
| #define PACKAGE_VERSION "1.7.1"
| #define PACKAGE_STRING "Kerberos 5 1.7.1"
| #define PACKAGE_BUGREPORT "krb5-bugs@mit.edu"
| #ifdef __cplusplus
| extern "C" void exit (int) throw ();
| #endif
| #define STDC_HEADERS 1
| #define HAVE_SYS_TYPES_H 1
| #define HAVE_SYS_STAT_H 1
| #define HAVE_STDLIB_H 1
| #define HAVE_STRING_H 1
| #define HAVE_MEMORY_H 1
| #define HAVE_STRINGS_H 1
| #define HAVE_INTTYPES_H 1
| #define HAVE_STDINT_H 1
| #define HAVE_UNISTD_H 1
| #define HAVE_BT_RSEQ 1
| #define KRB5_DNS_LOOKUP_KDC 1
| #define KRB5_DNS_LOOKUP 1
| #define HAVE_LIBRESOLV 1
| #define HAVE_RES_NINIT 1
| #define HAVE_RES_NCLOSE 1
| #define HAVE_RES_NSEARCH 1
| #define HAVE_DN_SKIPNAME 1
| #define HAVE_RES_SEARCH 1
| #define HAVE_PRAGMA_WEAK_REF 1
| #define DELAY_INITIALIZER 1
| #define ENABLE_THREADS 1
| #define HAVE_PTHREAD 1
| #define HAVE_PTHREAD_RWLOCK_INIT_IN_THREAD_LIB 1
| #define USE_DLOPEN 1
| #define HAVE_SYS_TYPES_H 1
| #define HAVE_SYS_SOCKET_H 1
| #define HAVE_NETINET_IN_H 1
| #define HAVE_NETDB_H 1
| #define HAVE_INET_NTOP 1
| #define HAVE_INET_PTON 1
| #define HAVE_GETNAMEINFO 1
| #define HAVE_GETADDRINFO 1
| #define KRB5_USE_INET6 1
| #define HAVE_LIBCRYPT 1
| #define HAVE_UNISTD_H 1
| /* end confdefs.h.  */
| #include <vfork.h>
configure:8015: result: no
configure:8050: checking for vfork.h
configure:8057: result: no
configure:8075: checking for fork
configure:8132: arm-mv5sft-linux-gnueabi-gcc -o conftest -DUSE_LINKER_FINI_OPTION   conftest.c -lresolv  >&5
conftest.c:72: warning: conflicting types for built-in function 'fork'
configure:8138: $? = 0
configure:8142: test -z 
			 || test ! -s conftest.err
configure:8145: $? = 0
configure:8148: test -s conftest
configure:8151: $? = 0
configure:8163: result: yes
configure:8075: checking for vfork
configure:8132: arm-mv5sft-linux-gnueabi-gcc -o conftest -DUSE_LINKER_FINI_OPTION   conftest.c -lresolv  >&5
configure:8138: $? = 0
configure:8142: test -z 
			 || test ! -s conftest.err
configure:8145: $? = 0
configure:8148: test -s conftest
configure:8151: $? = 0
configure:8163: result: yes
configure:8174: checking for working fork
configure:8219: result: cross
configure:8235: WARNING: result yes guessed because of cross compilation
configure:8240: checking for working vfork
configure:8373: result: yes
configure:8404: checking for mode_t
configure:8458: result: yes
configure:8493: checking for isatty
configure:8550: arm-mv5sft-linux-gnueabi-gcc -o conftest -DUSE_LINKER_FINI_OPTION   conftest.c -lresolv  >&5
configure:8556: $? = 0
configure:8560: test -z 
			 || test ! -s conftest.err
configure:8563: $? = 0
configure:8566: test -s conftest
configure:8569: $? = 0
configure:8581: result: yes
configure:8493: checking for inet_aton
configure:8581: result: yes
configure:8493: checking for getenv
configure:8581: result: yes
configure:8493: checking for gettosbyname
configure:8581: result: no
configure:8493: checking for killpg
configure:8581: result: yes
configure:8493: checking for initgroups
configure:8550: arm-mv5sft-linux-gnueabi-gcc -o conftest -DUSE_LINKER_FINI_OPTION   conftest.c -lresolv  >&5
configure:8556: $? = 0
configure:8560: test -z 
			 || test ! -s conftest.err
configure:8563: $? = 0
configure:8566: test -s conftest
configure:8569: $? = 0
configure:8581: result: yes
configure:8493: checking for setpriority
configure:8550: arm-mv5sft-linux-gnueabi-gcc -o conftest -DUSE_LINKER_FINI_OPTION   conftest.c -lresolv  >&5
configure:8556: $? = 0
configure:8560: test -z 
			 || test ! -s conftest.err
configure:8563: $? = 0
configure:8566: test -s conftest
configure:8569: $? = 0
configure:8581: result: yes
configure:8493: checking for setreuid
configure:8581: result: yes
configure:8493: checking for setresuid
configure:8581: result: yes
configure:8493: checking for waitpid
configure:8581: result: yes
configure:8493: checking for setsid
configure:8581: result: yes
configure:8493: checking for ptsname
configure:8581: result: yes
configure:8493: checking for setlogin
configure:8550: arm-mv5sft-linux-gnueabi-gcc -o conftest -DUSE_LINKER_FINI_OPTION   conftest.c -lresolv  >&5
conftest.c:92: error: expected '=', ',', ';', 'asm' or '__attribute__' before 'me'
configure:8556: $? = 1
configure: failed program was:
| /* confdefs.h.  */
| 
| #define PACKAGE_NAME "Kerberos 5"
| #define PACKAGE_TARNAME "krb5"
| #define PACKAGE_VERSION "1.7.1"
| #define PACKAGE_STRING "Kerberos 5 1.7.1"
| #define PACKAGE_BUGREPORT "krb5-bugs@mit.edu"
| #ifdef __cplusplus
| extern "C" void exit (int) throw ();
| #endif
| #define STDC_HEADERS 1
| #define HAVE_SYS_TYPES_H 1
| #define HAVE_SYS_STAT_H 1
| #define HAVE_STDLIB_H 1
| #define HAVE_STRING_H 1
| #define HAVE_MEMORY_H 1
| #define HAVE_STRINGS_H 1
| #define HAVE_INTTYPES_H 1
| #define HAVE_STDINT_H 1
| #define HAVE_UNISTD_H 1
| #define HAVE_BT_RSEQ 1
| #define KRB5_DNS_LOOKUP_KDC 1
| #define KRB5_DNS_LOOKUP 1
| #define HAVE_LIBRESOLV 1
| #define HAVE_RES_NINIT 1
| #define HAVE_RES_NCLOSE 1
| #define HAVE_RES_NSEARCH 1
| #define HAVE_DN_SKIPNAME 1
| #define HAVE_RES_SEARCH 1
| #define HAVE_PRAGMA_WEAK_REF 1
| #define DELAY_INITIALIZER 1
| #define ENABLE_THREADS 1
| #define HAVE_PTHREAD 1
| #define HAVE_PTHREAD_RWLOCK_INIT_IN_THREAD_LIB 1
| #define USE_DLOPEN 1
| #define HAVE_SYS_TYPES_H 1
| #define HAVE_SYS_SOCKET_H 1
| #define HAVE_NETINET_IN_H 1
| #define HAVE_NETDB_H 1
| #define HAVE_INET_NTOP 1
| #define HAVE_INET_PTON 1
| #define HAVE_GETNAMEINFO 1
| #define HAVE_GETADDRINFO 1
| #define KRB5_USE_INET6 1
| #define HAVE_LIBCRYPT 1
| #define HAVE_UNISTD_H 1
| #define HAVE_FORK 1
| #define HAVE_VFORK 1
| #define HAVE_WORKING_VFORK 1
| #define HAVE_WORKING_FORK 1
| #define HAVE_ISATTY 1
| #define HAVE_INET_ATON 1
| #define HAVE_GETENV 1
| #define HAVE_KILLPG 1
| #define HAVE_INITGROUPS 1
| #define HAVE_SETPRIORITY 1
| #define HAVE_SETREUID 1
| #define HAVE_SETRESUID 1
| #define HAVE_WAITPID 1
| #define HAVE_SETSID 1
| #define HAVE_PTSNAME 1
| /* end confdefs.h.  */
| /* Define setlogin to an innocuous variant, in case <limits.h> declares setlogin.
|    For example, HP-UX 11i <limits.h> declares gettimeofday.  */
| #define setlogin innocuous_setlogin
| 
| /* System header to define __stub macros and hopefully few prototypes,
|     which can conflict with char setlogin (); below.
|     Prefer <limits.h> to <assert.h> if __STDC__ is defined, since
|     <limits.h> exists even on freestanding compilers.  */
| 
| #ifdef __STDC__
| # include <limits.h>
| #else
| # include <assert.h>
| #endif
| 
| #undef setlogin
| 
| /* Override any gcc2 internal prototype to avoid an error.  */
| #ifdef __cplusplus
| extern "C"
| {
| #endif
| /* We use char because int might match the return type of a gcc2
|    builtin and then its argument prototype would still apply.  */
| char setlogin ();
| /* The GNU C library defines this for functions which it implements
|     to always fail with ENOSYS.  Some functions are actually named
|     something starting with __ and the normal name is an alias.  */
| #if defined (__stub_setlogin) || defined (__stub___setlogin)
| choke me
| #else
| char (*f) () = setlogin;
| #endif
| #ifdef __cplusplus
| }
| #endif
| 
| int
| main ()
| {
| return f != setlogin;
|   ;
|   return 0;
| }
configure:8581: result: no
configure:8493: checking for tcgetpgrp
configure:8550: arm-mv5sft-linux-gnueabi-gcc -o conftest -DUSE_LINKER_FINI_OPTION   conftest.c -lresolv  >&5
configure:8556: $? = 0
configure:8560: test -z 
			 || test ! -s conftest.err
configure:8563: $? = 0
configure:8566: test -s conftest
configure:8569: $? = 0
configure:8581: result: yes
configure:8493: checking for tcsetpgrp
configure:8550: arm-mv5sft-linux-gnueabi-gcc -o conftest -DUSE_LINKER_FINI_OPTION   conftest.c -lresolv  >&5
configure:8556: $? = 0
configure:8560: test -z 
			 || test ! -s conftest.err
configure:8563: $? = 0
configure:8566: test -s conftest
configure:8569: $? = 0
configure:8581: result: yes
configure:8493: checking for setpgid
configure:8550: arm-mv5sft-linux-gnueabi-gcc -o conftest -DUSE_LINKER_FINI_OPTION   conftest.c -lresolv  >&5
configure:8556: $? = 0
configure:8560: test -z 
			 || test ! -s conftest.err
configure:8563: $? = 0
configure:8566: test -s conftest
configure:8569: $? = 0
configure:8581: result: yes
configure:8493: checking for strsave
configure:8550: arm-mv5sft-linux-gnueabi-gcc -o conftest -DUSE_LINKER_FINI_OPTION   conftest.c -lresolv  >&5
/tmp/ccE526w1.o: In function `main':
conftest.c:(.text+0x34): undefined reference to `strsave'
/tmp/ccE526w1.o:(.data+0x0): undefined reference to `strsave'
collect2: ld returned 1 exit status
configure:8556: $? = 1
configure: failed program was:
| /* confdefs.h.  */
| 
| #define PACKAGE_NAME "Kerberos 5"
| #define PACKAGE_TARNAME "krb5"
| #define PACKAGE_VERSION "1.7.1"
| #define PACKAGE_STRING "Kerberos 5 1.7.1"
| #define PACKAGE_BUGREPORT "krb5-bugs@mit.edu"
| #ifdef __cplusplus
| extern "C" void exit (int) throw ();
| #endif
| #define STDC_HEADERS 1
| #define HAVE_SYS_TYPES_H 1
| #define HAVE_SYS_STAT_H 1
| #define HAVE_STDLIB_H 1
| #define HAVE_STRING_H 1
| #define HAVE_MEMORY_H 1
| #define HAVE_STRINGS_H 1
| #define HAVE_INTTYPES_H 1
| #define HAVE_STDINT_H 1
| #define HAVE_UNISTD_H 1
| #define HAVE_BT_RSEQ 1
| #define KRB5_DNS_LOOKUP_KDC 1
| #define KRB5_DNS_LOOKUP 1
| #define HAVE_LIBRESOLV 1
| #define HAVE_RES_NINIT 1
| #define HAVE_RES_NCLOSE 1
| #define HAVE_RES_NSEARCH 1
| #define HAVE_DN_SKIPNAME 1
| #define HAVE_RES_SEARCH 1
| #define HAVE_PRAGMA_WEAK_REF 1
| #define DELAY_INITIALIZER 1
| #define ENABLE_THREADS 1
| #define HAVE_PTHREAD 1
| #define HAVE_PTHREAD_RWLOCK_INIT_IN_THREAD_LIB 1
| #define USE_DLOPEN 1
| #define HAVE_SYS_TYPES_H 1
| #define HAVE_SYS_SOCKET_H 1
| #define HAVE_NETINET_IN_H 1
| #define HAVE_NETDB_H 1
| #define HAVE_INET_NTOP 1
| #define HAVE_INET_PTON 1
| #define HAVE_GETNAMEINFO 1
| #define HAVE_GETADDRINFO 1
| #define KRB5_USE_INET6 1
| #define HAVE_LIBCRYPT 1
| #define HAVE_UNISTD_H 1
| #define HAVE_FORK 1
| #define HAVE_VFORK 1
| #define HAVE_WORKING_VFORK 1
| #define HAVE_WORKING_FORK 1
| #define HAVE_ISATTY 1
| #define HAVE_INET_ATON 1
| #define HAVE_GETENV 1
| #define HAVE_KILLPG 1
| #define HAVE_INITGROUPS 1
| #define HAVE_SETPRIORITY 1
| #define HAVE_SETREUID 1
| #define HAVE_SETRESUID 1
| #define HAVE_WAITPID 1
| #define HAVE_SETSID 1
| #define HAVE_PTSNAME 1
| #define HAVE_TCGETPGRP 1
| #define HAVE_TCSETPGRP 1
| #define HAVE_SETPGID 1
| /* end confdefs.h.  */
| /* Define strsave to an innocuous variant, in case <limits.h> declares strsave.
|    For example, HP-UX 11i <limits.h> declares gettimeofday.  */
| #define strsave innocuous_strsave
| 
| /* System header to define __stub macros and hopefully few prototypes,
|     which can conflict with char strsave (); below.
|     Prefer <limits.h> to <assert.h> if __STDC__ is defined, since
|     <limits.h> exists even on freestanding compilers.  */
| 
| #ifdef __STDC__
| # include <limits.h>
| #else
| # include <assert.h>
| #endif
| 
| #undef strsave
| 
| /* Override any gcc2 internal prototype to avoid an error.  */
| #ifdef __cplusplus
| extern "C"
| {
| #endif
| /* We use char because int might match the return type of a gcc2
|    builtin and then its argument prototype would still apply.  */
| char strsave ();
| /* The GNU C library defines this for functions which it implements
|     to always fail with ENOSYS.  Some functions are actually named
|     something starting with __ and the normal name is an alias.  */
| #if defined (__stub_strsave) || defined (__stub___strsave)
| choke me
| #else
| char (*f) () = strsave;
| #endif
| #ifdef __cplusplus
| }
| #endif
| 
| int
| main ()
| {
| return f != strsave;
|   ;
|   return 0;
| }
configure:8581: result: no
configure:8493: checking for utimes
configure:8550: arm-mv5sft-linux-gnueabi-gcc -o conftest -DUSE_LINKER_FINI_OPTION   conftest.c -lresolv  >&5
configure:8556: $? = 0
configure:8560: test -z 
			 || test ! -s conftest.err
configure:8563: $? = 0
configure:8566: test -s conftest
configure:8569: $? = 0
configure:8581: result: yes
configure:8493: checking for rmufile
configure:8550: arm-mv5sft-linux-gnueabi-gcc -o conftest -DUSE_LINKER_FINI_OPTION   conftest.c -lresolv  >&5
/tmp/ccYTINAj.o: In function `main':
conftest.c:(.text+0x34): undefined reference to `rmufile'
/tmp/ccYTINAj.o:(.data+0x0): undefined reference to `rmufile'
collect2: ld returned 1 exit status
configure:8556: $? = 1
configure: failed program was:
| /* confdefs.h.  */
| 
| #define PACKAGE_NAME "Kerberos 5"
| #define PACKAGE_TARNAME "krb5"
| #define PACKAGE_VERSION "1.7.1"
| #define PACKAGE_STRING "Kerberos 5 1.7.1"
| #define PACKAGE_BUGREPORT "krb5-bugs@mit.edu"
| #ifdef __cplusplus
| extern "C" void exit (int) throw ();
| #endif
| #define STDC_HEADERS 1
| #define HAVE_SYS_TYPES_H 1
| #define HAVE_SYS_STAT_H 1
| #define HAVE_STDLIB_H 1
| #define HAVE_STRING_H 1
| #define HAVE_MEMORY_H 1
| #define HAVE_STRINGS_H 1
| #define HAVE_INTTYPES_H 1
| #define HAVE_STDINT_H 1
| #define HAVE_UNISTD_H 1
| #define HAVE_BT_RSEQ 1
| #define KRB5_DNS_LOOKUP_KDC 1
| #define KRB5_DNS_LOOKUP 1
| #define HAVE_LIBRESOLV 1
| #define HAVE_RES_NINIT 1
| #define HAVE_RES_NCLOSE 1
| #define HAVE_RES_NSEARCH 1
| #define HAVE_DN_SKIPNAME 1
| #define HAVE_RES_SEARCH 1
| #define HAVE_PRAGMA_WEAK_REF 1
| #define DELAY_INITIALIZER 1
| #define ENABLE_THREADS 1
| #define HAVE_PTHREAD 1
| #define HAVE_PTHREAD_RWLOCK_INIT_IN_THREAD_LIB 1
| #define USE_DLOPEN 1
| #define HAVE_SYS_TYPES_H 1
| #define HAVE_SYS_SOCKET_H 1
| #define HAVE_NETINET_IN_H 1
| #define HAVE_NETDB_H 1
| #define HAVE_INET_NTOP 1
| #define HAVE_INET_PTON 1
| #define HAVE_GETNAMEINFO 1
| #define HAVE_GETADDRINFO 1
| #define KRB5_USE_INET6 1
| #define HAVE_LIBCRYPT 1
| #define HAVE_UNISTD_H 1
| #define HAVE_FORK 1
| #define HAVE_VFORK 1
| #define HAVE_WORKING_VFORK 1
| #define HAVE_WORKING_FORK 1
| #define HAVE_ISATTY 1
| #define HAVE_INET_ATON 1
| #define HAVE_GETENV 1
| #define HAVE_KILLPG 1
| #define HAVE_INITGROUPS 1
| #define HAVE_SETPRIORITY 1
| #define HAVE_SETREUID 1
| #define HAVE_SETRESUID 1
| #define HAVE_WAITPID 1
| #define HAVE_SETSID 1
| #define HAVE_PTSNAME 1
| #define HAVE_TCGETPGRP 1
| #define HAVE_TCSETPGRP 1
| #define HAVE_SETPGID 1
| #define HAVE_UTIMES 1
| /* end confdefs.h.  */
| /* Define rmufile to an innocuous variant, in case <limits.h> declares rmufile.
|    For example, HP-UX 11i <limits.h> declares gettimeofday.  */
| #define rmufile innocuous_rmufile
| 
| /* System header to define __stub macros and hopefully few prototypes,
|     which can conflict with char rmufile (); below.
|     Prefer <limits.h> to <assert.h> if __STDC__ is defined, since
|     <limits.h> exists even on freestanding compilers.  */
| 
| #ifdef __STDC__
| # include <limits.h>
| #else
| # include <assert.h>
| #endif
| 
| #undef rmufile
| 
| /* Override any gcc2 internal prototype to avoid an error.  */
| #ifdef __cplusplus
| extern "C"
| {
| #endif
| /* We use char because int might match the return type of a gcc2
|    builtin and then its argument prototype would still apply.  */
| char rmufile ();
| /* The GNU C library defines this for functions which it implements
|     to always fail with ENOSYS.  Some functions are actually named
|     something starting with __ and the normal name is an alias.  */
| #if defined (__stub_rmufile) || defined (__stub___rmufile)
| choke me
| #else
| char (*f) () = rmufile;
| #endif
| #ifdef __cplusplus
| }
| #endif
| 
| int
| main ()
| {
| return f != rmufile;
|   ;
|   return 0;
| }
configure:8581: result: no
configure:8493: checking for rresvport_af
configure:8550: arm-mv5sft-linux-gnueabi-gcc -o conftest -DUSE_LINKER_FINI_OPTION   conftest.c -lresolv  >&5
configure:8556: $? = 0
configure:8560: test -z 
			 || test ! -s conftest.err
configure:8563: $? = 0
configure:8566: test -s conftest
configure:8569: $? = 0
configure:8581: result: yes
configure:8611: checking for unistd.h
configure:8616: result: yes
configure:8611: checking for stdlib.h
configure:8616: result: yes
configure:8611: checking for string.h
configure:8616: result: yes
configure:8611: checking for sys/filio.h
configure:8616: result: no
configure:8611: checking for sys/sockio.h
configure:8616: result: no
configure:8611: checking for sys/label.h
configure:8616: result: no
configure:8611: checking for sys/tty.h
configure:8616: result: no
configure:8611: checking for ttyent.h
configure:8616: result: yes
configure:8611: checking for lastlog.h
configure:8616: result: yes
configure:8611: checking for sys/select.h
configure:8616: result: yes
configure:8611: checking for sys/ptyvar.h
configure:8616: result: no
configure:8611: checking for utmp.h
configure:8616: result: yes
configure:8611: checking for sys/time.h
configure:8616: result: yes
configure:8620: checking sys/ioctl_compat.h usability
configure:8632: arm-mv5sft-linux-gnueabi-gcc -c -DUSE_LINKER_FINI_OPTION  conftest.c >&5
conftest.c:110:30: error: sys/ioctl_compat.h: No such file or directory
configure:8638: $? = 1
configure: failed program was:
| /* confdefs.h.  */
| 
| #define PACKAGE_NAME "Kerberos 5"
| #define PACKAGE_TARNAME "krb5"
| #define PACKAGE_VERSION "1.7.1"
| #define PACKAGE_STRING "Kerberos 5 1.7.1"
| #define PACKAGE_BUGREPORT "krb5-bugs@mit.edu"
| #ifdef __cplusplus
| extern "C" void exit (int) throw ();
| #endif
| #define STDC_HEADERS 1
| #define HAVE_SYS_TYPES_H 1
| #define HAVE_SYS_STAT_H 1
| #define HAVE_STDLIB_H 1
| #define HAVE_STRING_H 1
| #define HAVE_MEMORY_H 1
| #define HAVE_STRINGS_H 1
| #define HAVE_INTTYPES_H 1
| #define HAVE_STDINT_H 1
| #define HAVE_UNISTD_H 1
| #define HAVE_BT_RSEQ 1
| #define KRB5_DNS_LOOKUP_KDC 1
| #define KRB5_DNS_LOOKUP 1
| #define HAVE_LIBRESOLV 1
| #define HAVE_RES_NINIT 1
| #define HAVE_RES_NCLOSE 1
| #define HAVE_RES_NSEARCH 1
| #define HAVE_DN_SKIPNAME 1
| #define HAVE_RES_SEARCH 1
| #define HAVE_PRAGMA_WEAK_REF 1
| #define DELAY_INITIALIZER 1
| #define ENABLE_THREADS 1
| #define HAVE_PTHREAD 1
| #define HAVE_PTHREAD_RWLOCK_INIT_IN_THREAD_LIB 1
| #define USE_DLOPEN 1
| #define HAVE_SYS_TYPES_H 1
| #define HAVE_SYS_SOCKET_H 1
| #define HAVE_NETINET_IN_H 1
| #define HAVE_NETDB_H 1
| #define HAVE_INET_NTOP 1
| #define HAVE_INET_PTON 1
| #define HAVE_GETNAMEINFO 1
| #define HAVE_GETADDRINFO 1
| #define KRB5_USE_INET6 1
| #define HAVE_LIBCRYPT 1
| #define HAVE_UNISTD_H 1
| #define HAVE_FORK 1
| #define HAVE_VFORK 1
| #define HAVE_WORKING_VFORK 1
| #define HAVE_WORKING_FORK 1
| #define HAVE_ISATTY 1
| #define HAVE_INET_ATON 1
| #define HAVE_GETENV 1
| #define HAVE_KILLPG 1
| #define HAVE_INITGROUPS 1
| #define HAVE_SETPRIORITY 1
| #define HAVE_SETREUID 1
| #define HAVE_SETRESUID 1
| #define HAVE_WAITPID 1
| #define HAVE_SETSID 1
| #define HAVE_PTSNAME 1
| #define HAVE_TCGETPGRP 1
| #define HAVE_TCSETPGRP 1
| #define HAVE_SETPGID 1
| #define HAVE_UTIMES 1
| #define HAVE_RRESVPORT_AF 1
| #define HAVE_UNISTD_H 1
| #define HAVE_STDLIB_H 1
| #define HAVE_STRING_H 1
| #define HAVE_TTYENT_H 1
| #define HAVE_LASTLOG_H 1
| #define HAVE_SYS_SELECT_H 1
| #define HAVE_UTMP_H 1
| #define HAVE_SYS_TIME_H 1
| /* end confdefs.h.  */
| #include <stdio.h>
| #if HAVE_SYS_TYPES_H
| # include <sys/types.h>
| #endif
| #if HAVE_SYS_STAT_H
| # include <sys/stat.h>
| #endif
| #if STDC_HEADERS
| # include <stdlib.h>
| # include <stddef.h>
| #else
| # if HAVE_STDLIB_H
| #  include <stdlib.h>
| # endif
| #endif
| #if HAVE_STRING_H
| # if !STDC_HEADERS && HAVE_MEMORY_H
| #  include <memory.h>
| # endif
| # include <string.h>
| #endif
| #if HAVE_STRINGS_H
| # include <strings.h>
| #endif
| #if HAVE_INTTYPES_H
| # include <inttypes.h>
| #else
| # if HAVE_STDINT_H
| #  include <stdint.h>
| # endif
| #endif
| #if HAVE_UNISTD_H
| # include <unistd.h>
| #endif
| #include <sys/ioctl_compat.h>
configure:8661: result: no
configure:8665: checking sys/ioctl_compat.h presence
configure:8675: arm-mv5sft-linux-gnueabi-gcc -E  conftest.c
conftest.c:76:30: error: sys/ioctl_compat.h: No such file or directory
configure:8681: $? = 1
configure: failed program was:
| /* confdefs.h.  */
| 
| #define PACKAGE_NAME "Kerberos 5"
| #define PACKAGE_TARNAME "krb5"
| #define PACKAGE_VERSION "1.7.1"
| #define PACKAGE_STRING "Kerberos 5 1.7.1"
| #define PACKAGE_BUGREPORT "krb5-bugs@mit.edu"
| #ifdef __cplusplus
| extern "C" void exit (int) throw ();
| #endif
| #define STDC_HEADERS 1
| #define HAVE_SYS_TYPES_H 1
| #define HAVE_SYS_STAT_H 1
| #define HAVE_STDLIB_H 1
| #define HAVE_STRING_H 1
| #define HAVE_MEMORY_H 1
| #define HAVE_STRINGS_H 1
| #define HAVE_INTTYPES_H 1
| #define HAVE_STDINT_H 1
| #define HAVE_UNISTD_H 1
| #define HAVE_BT_RSEQ 1
| #define KRB5_DNS_LOOKUP_KDC 1
| #define KRB5_DNS_LOOKUP 1
| #define HAVE_LIBRESOLV 1
| #define HAVE_RES_NINIT 1
| #define HAVE_RES_NCLOSE 1
| #define HAVE_RES_NSEARCH 1
| #define HAVE_DN_SKIPNAME 1
| #define HAVE_RES_SEARCH 1
| #define HAVE_PRAGMA_WEAK_REF 1
| #define DELAY_INITIALIZER 1
| #define ENABLE_THREADS 1
| #define HAVE_PTHREAD 1
| #define HAVE_PTHREAD_RWLOCK_INIT_IN_THREAD_LIB 1
| #define USE_DLOPEN 1
| #define HAVE_SYS_TYPES_H 1
| #define HAVE_SYS_SOCKET_H 1
| #define HAVE_NETINET_IN_H 1
| #define HAVE_NETDB_H 1
| #define HAVE_INET_NTOP 1
| #define HAVE_INET_PTON 1
| #define HAVE_GETNAMEINFO 1
| #define HAVE_GETADDRINFO 1
| #define KRB5_USE_INET6 1
| #define HAVE_LIBCRYPT 1
| #define HAVE_UNISTD_H 1
| #define HAVE_FORK 1
| #define HAVE_VFORK 1
| #define HAVE_WORKING_VFORK 1
| #define HAVE_WORKING_FORK 1
| #define HAVE_ISATTY 1
| #define HAVE_INET_ATON 1
| #define HAVE_GETENV 1
| #define HAVE_KILLPG 1
| #define HAVE_INITGROUPS 1
| #define HAVE_SETPRIORITY 1
| #define HAVE_SETREUID 1
| #define HAVE_SETRESUID 1
| #define HAVE_WAITPID 1
| #define HAVE_SETSID 1
| #define HAVE_PTSNAME 1
| #define HAVE_TCGETPGRP 1
| #define HAVE_TCSETPGRP 1
| #define HAVE_SETPGID 1
| #define HAVE_UTIMES 1
| #define HAVE_RRESVPORT_AF 1
| #define HAVE_UNISTD_H 1
| #define HAVE_STDLIB_H 1
| #define HAVE_STRING_H 1
| #define HAVE_TTYENT_H 1
| #define HAVE_LASTLOG_H 1
| #define HAVE_SYS_SELECT_H 1
| #define HAVE_UTMP_H 1
| #define HAVE_SYS_TIME_H 1
| /* end confdefs.h.  */
| #include <sys/ioctl_compat.h>
configure:8701: result: no
configure:8736: checking for sys/ioctl_compat.h
configure:8743: result: no
configure:8611: checking for paths.h
configure:8616: result: yes
configure:8620: checking arpa/nameser.h usability
configure:8632: arm-mv5sft-linux-gnueabi-gcc -c -DUSE_LINKER_FINI_OPTION  conftest.c >&5
configure:8638: $? = 0
configure:8642: test -z 
			 || test ! -s conftest.err
configure:8645: $? = 0
configure:8648: test -s conftest.o
configure:8651: $? = 0
configure:8661: result: yes
configure:8665: checking arpa/nameser.h presence
configure:8675: arm-mv5sft-linux-gnueabi-gcc -E  conftest.c
configure:8681: $? = 0
configure:8701: result: yes
configure:8736: checking for arpa/nameser.h
configure:8743: result: yes
configure:8758: checking for stdarg.h
configure:8817: result: yes
configure:8906: checking for getdtablesize
configure:8963: arm-mv5sft-linux-gnueabi-gcc -o conftest -DUSE_LINKER_FINI_OPTION   conftest.c -lresolv  >&5
configure:8969: $? = 0
configure:8973: test -z 
			 || test ! -s conftest.err
configure:8976: $? = 0
configure:8979: test -s conftest
configure:8982: $? = 0
configure:8994: result: yes
configure:9017: checking if daemon needs a prototype provided
configure:9074: result: no
configure:9086: checking POSIX signal handlers
configure:9143: result: yes
configure:9165: checking for sigprocmask
configure:9253: result: yes
configure:9256: checking for sigset_t and POSIX_SIGNALS
configure:9308: result: yes
configure:9321: checking for sigsetjmp
configure:9409: result: no
configure:9478: checking for dirent.h
configure:9483: result: yes
configure:9624: checking if argument to wait is int *
configure:9726: result: no
configure:9737: checking for termios.h
configure:9742: result: yes
configure:9874: checking for cfsetispeed
configure:9962: result: yes
configure:9976: checking for struct utmp.ut_pid
configure:10001: arm-mv5sft-linux-gnueabi-gcc -c -DUSE_LINKER_FINI_OPTION  conftest.c >&5
configure:10007: $? = 0
configure:10011: test -z 
			 || test ! -s conftest.err
configure:10014: $? = 0
configure:10017: test -s conftest.o
configure:10020: $? = 0
configure:10079: result: yes
configure:10089: checking for struct utmp.ut_type
configure:10114: arm-mv5sft-linux-gnueabi-gcc -c -DUSE_LINKER_FINI_OPTION  conftest.c >&5
configure:10120: $? = 0
configure:10124: test -z 
			 || test ! -s conftest.err
configure:10127: $? = 0
configure:10130: test -s conftest.o
configure:10133: $? = 0
configure:10192: result: yes
configure:10202: checking for struct utmp.ut_host
configure:10227: arm-mv5sft-linux-gnueabi-gcc -c -DUSE_LINKER_FINI_OPTION  conftest.c >&5
configure:10233: $? = 0
configure:10237: test -z 
			 || test ! -s conftest.err
configure:10240: $? = 0
configure:10243: test -s conftest.o
configure:10246: $? = 0
configure:10305: result: yes
configure:10315: checking for struct utmp.ut_exit
configure:10340: arm-mv5sft-linux-gnueabi-gcc -c -DUSE_LINKER_FINI_OPTION  conftest.c >&5
conftest.c: In function 'main':
conftest.c:96: error: used struct type value where scalar is required
configure:10346: $? = 1
configure: failed program was:
| /* confdefs.h.  */
| 
| #define PACKAGE_NAME "Kerberos 5"
| #define PACKAGE_TARNAME "krb5"
| #define PACKAGE_VERSION "1.7.1"
| #define PACKAGE_STRING "Kerberos 5 1.7.1"
| #define PACKAGE_BUGREPORT "krb5-bugs@mit.edu"
| #ifdef __cplusplus
| extern "C" void exit (int) throw ();
| #endif
| #define STDC_HEADERS 1
| #define HAVE_SYS_TYPES_H 1
| #define HAVE_SYS_STAT_H 1
| #define HAVE_STDLIB_H 1
| #define HAVE_STRING_H 1
| #define HAVE_MEMORY_H 1
| #define HAVE_STRINGS_H 1
| #define HAVE_INTTYPES_H 1
| #define HAVE_STDINT_H 1
| #define HAVE_UNISTD_H 1
| #define HAVE_BT_RSEQ 1
| #define KRB5_DNS_LOOKUP_KDC 1
| #define KRB5_DNS_LOOKUP 1
| #define HAVE_LIBRESOLV 1
| #define HAVE_RES_NINIT 1
| #define HAVE_RES_NCLOSE 1
| #define HAVE_RES_NSEARCH 1
| #define HAVE_DN_SKIPNAME 1
| #define HAVE_RES_SEARCH 1
| #define HAVE_PRAGMA_WEAK_REF 1
| #define DELAY_INITIALIZER 1
| #define ENABLE_THREADS 1
| #define HAVE_PTHREAD 1
| #define HAVE_PTHREAD_RWLOCK_INIT_IN_THREAD_LIB 1
| #define USE_DLOPEN 1
| #define HAVE_SYS_TYPES_H 1
| #define HAVE_SYS_SOCKET_H 1
| #define HAVE_NETINET_IN_H 1
| #define HAVE_NETDB_H 1
| #define HAVE_INET_NTOP 1
| #define HAVE_INET_PTON 1
| #define HAVE_GETNAMEINFO 1
| #define HAVE_GETADDRINFO 1
| #define KRB5_USE_INET6 1
| #define HAVE_LIBCRYPT 1
| #define HAVE_UNISTD_H 1
| #define HAVE_FORK 1
| #define HAVE_VFORK 1
| #define HAVE_WORKING_VFORK 1
| #define HAVE_WORKING_FORK 1
| #define HAVE_ISATTY 1
| #define HAVE_INET_ATON 1
| #define HAVE_GETENV 1
| #define HAVE_KILLPG 1
| #define HAVE_INITGROUPS 1
| #define HAVE_SETPRIORITY 1
| #define HAVE_SETREUID 1
| #define HAVE_SETRESUID 1
| #define HAVE_WAITPID 1
| #define HAVE_SETSID 1
| #define HAVE_PTSNAME 1
| #define HAVE_TCGETPGRP 1
| #define HAVE_TCSETPGRP 1
| #define HAVE_SETPGID 1
| #define HAVE_UTIMES 1
| #define HAVE_RRESVPORT_AF 1
| #define HAVE_UNISTD_H 1
| #define HAVE_STDLIB_H 1
| #define HAVE_STRING_H 1
| #define HAVE_TTYENT_H 1
| #define HAVE_LASTLOG_H 1
| #define HAVE_SYS_SELECT_H 1
| #define HAVE_UTMP_H 1
| #define HAVE_SYS_TIME_H 1
| #define HAVE_PATHS_H 1
| #define HAVE_ARPA_NAMESER_H 1
| #define HAVE_STDARG_H 1
| #define HAVE_GETDTABLESIZE 1
| #define POSIX_SIGTYPE 1
| #define krb5_sigtype void
| #define POSIX_SIGNALS 1
| #define USE_DIRENT_H 1
| #define WAIT_USES_INT 1
| #define POSIX_TERMIOS 1
| #define HAVE_STRUCT_UTMP_UT_PID 1
| #define HAVE_STRUCT_UTMP_UT_TYPE 1
| #define HAVE_STRUCT_UTMP_UT_HOST 1
| /* end confdefs.h.  */
| #include <sys/types.h>
| #include <utmp.h>
| 
| int
| main ()
| {
| static struct utmp ac_aggr;
| if (ac_aggr.ut_exit)
| return 0;
|   ;
|   return 0;
| }
configure:10386: arm-mv5sft-linux-gnueabi-gcc -c -DUSE_LINKER_FINI_OPTION  conftest.c >&5
configure:10392: $? = 0
configure:10396: test -z 
			 || test ! -s conftest.err
configure:10399: $? = 0
configure:10402: test -s conftest.o
configure:10405: $? = 0
configure:10418: result: yes
configure:10467: checking for setutent
configure:10555: result: yes
configure:10467: checking for setutxent
configure:10555: result: yes
configure:10467: checking for updwtmp
configure:10555: result: yes
configure:10467: checking for updwtmpx
configure:10555: result: yes
configure:10575: checking if getsockname() takes arguments struct sockaddr * and size_t *
configure:10632: result: yes
configure:10674: checking for rlogin
configure:10692: found /usr/bin/rlogin
configure:10705: result: /usr/bin/rlogin
configure:10714: checking for rsh
configure:10732: found /usr/bin/rsh
configure:10745: result: /usr/bin/rsh
configure:10754: checking for rcp
configure:10772: found /usr/bin/rcp
configure:10785: result: /usr/bin/rcp
configure:10795: checking streams interface
configure:10848: result: no
configure:10857: checking F_SETOWN
configure:10879: arm-mv5sft-linux-gnueabi-gcc -c -DUSE_LINKER_FINI_OPTION  conftest.c >&5
configure:10885: $? = 0
configure:10889: test -z 
			 || test ! -s conftest.err
configure:10892: $? = 0
configure:10895: test -s conftest.o
configure:10898: $? = 0
configure:10910: result: yes
configure:10919: checking setenv
configure:10940: arm-mv5sft-linux-gnueabi-gcc -o conftest -DUSE_LINKER_FINI_OPTION   conftest.c -lresolv  >&5
configure:10946: $? = 0
configure:10950: test -z 
			 || test ! -s conftest.err
configure:10953: $? = 0
configure:10956: test -s conftest
configure:10959: $? = 0
configure:10972: result: yes
configure:10985: checking number of arguments to setpgrp
configure:11040: result: void
configure:11049: checking shadow password support
configure:11072: arm-mv5sft-linux-gnueabi-gcc -o conftest -DUSE_LINKER_FINI_OPTION   conftest.c -lresolv  >&5
configure:11078: $? = 0
configure:11082: test -z 
			 || test ! -s conftest.err
configure:11085: $? = 0
configure:11088: test -s conftest
configure:11091: $? = 0
configure:11104: result: yes
configure:11116: checking for /etc/environment
configure:11134: result: yes
configure:11116: checking for /etc/TIMEZONE
configure:11134: result: yes
configure:11147: checking for an ANSI C-conforming const
configure:11244: result: yes
configure:11255: checking for main in -lutil
configure:11311: result: yes
configure:11382: using shared libraries
configure:11426: checking for working regcomp
configure:11474: result: yes
configure:11795: creating ./config.status

## ---------------------- ##
## Running config.status. ##
## ---------------------- ##

This file was extended by Kerberos 5 config.status 1.7.1, which was
generated by GNU Autoconf 2.59.  Invocation command line was

  CONFIG_FILES    = 
  CONFIG_HEADERS  = 
  CONFIG_LINKS    = 
  CONFIG_COMMANDS = 
  $ ./config.status 

on fedora-14

config.status:704: creating ./Makefile

## ---------------- ##
## Cache variables. ##
## ---------------- ##

ac_cv_build=i386-pc-linux-gnu
ac_cv_build_alias=i386-linux
ac_cv_c_compiler_gnu=yes
ac_cv_c_const=yes
ac_cv_c_inline=inline
ac_cv_cxx_compiler_gnu=yes
ac_cv_env_CC_set=set
ac_cv_env_CC_value=arm-mv5sft-linux-gnueabi-gcc
ac_cv_env_CFLAGS_set=set
ac_cv_env_CFLAGS_value=-DUSE_LINKER_FINI_OPTION
ac_cv_env_CPPFLAGS_set=
ac_cv_env_CPPFLAGS_value=
ac_cv_env_CPP_set=
ac_cv_env_CPP_value=
ac_cv_env_CXXFLAGS_set=
ac_cv_env_CXXFLAGS_value=
ac_cv_env_CXX_set=set
ac_cv_env_CXX_value=arm-mv5sft-linux-gnueabi-g++
ac_cv_env_DB_HEADER_set=
ac_cv_env_DB_HEADER_value=
ac_cv_env_DB_LIB_set=
ac_cv_env_DB_LIB_value=
ac_cv_env_LDFLAGS_set=
ac_cv_env_LDFLAGS_value=
ac_cv_env_LD_set=set
ac_cv_env_LD_value=arm-mv5sft-linux-gnueabi-ld
ac_cv_env_SS_LIB_set=
ac_cv_env_SS_LIB_value=
ac_cv_env_build_alias_set=set
ac_cv_env_build_alias_value=i386-linux
ac_cv_env_host_alias_set=set
ac_cv_env_host_alias_value=arm-mv5sft-linux-gnueabi
ac_cv_env_target_alias_set=
ac_cv_env_target_alias_value=
ac_cv_exeext=
ac_cv_file__etc_TIMEZONE=yes
ac_cv_file__etc_environment=yes
ac_cv_func__getpty=no
ac_cv_func_access=yes
ac_cv_func_bswap16=no
ac_cv_func_bswap64=no
ac_cv_func_cfsetispeed=yes
ac_cv_func_chmod=yes
ac_cv_func_closelog=yes
ac_cv_func_daemon=yes
ac_cv_func_fchmod=yes
ac_cv_func_fchown=yes
ac_cv_func_flock=yes
ac_cv_func_fork=yes
ac_cv_func_fork_works=yes
ac_cv_func_ftime=yes
ac_cv_func_getaddrinfo=yes
ac_cv_func_getcwd=yes
ac_cv_func_getdtablesize=yes
ac_cv_func_getenv=yes
ac_cv_func_geteuid=yes
ac_cv_func_gethostbyaddr_r=yes
ac_cv_func_gethostbyname=yes
ac_cv_func_gethostbyname2=yes
ac_cv_func_gethostbyname_r=yes
ac_cv_func_getifaddrs=yes
ac_cv_func_getnameinfo=yes
ac_cv_func_getpwnam_r=yes
ac_cv_func_getpwuid_r=yes
ac_cv_func_getservbyname_r=yes
ac_cv_func_getservbyport_r=yes
ac_cv_func_gettosbyname=no
ac_cv_func_getusershell=yes
ac_cv_func_getutmp=yes
ac_cv_func_getutmpx=yes
ac_cv_func_gmtime_r=yes
ac_cv_func_grantpt=yes
ac_cv_func_inet_aton=yes
ac_cv_func_inet_ntoa=yes
ac_cv_func_inet_ntop=yes
ac_cv_func_inet_pton=yes
ac_cv_func_initgroups=yes
ac_cv_func_isatty=yes
ac_cv_func_killpg=yes
ac_cv_func_line_push=no
ac_cv_func_localtime_r=yes
ac_cv_func_logwtmp=yes
ac_cv_func_lstat=yes
ac_cv_func_memmove=yes
ac_cv_func_mkstemp=yes
ac_cv_func_openlog=yes
ac_cv_func_openpty=yes
ac_cv_func_pthread_mutex_lock=yes
ac_cv_func_pthread_once=no
ac_cv_func_pthread_rwlock_init=no
ac_cv_func_ptsname=yes
ac_cv_func_re_comp=yes
ac_cv_func_re_exec=yes
ac_cv_func_regcomp=yes
ac_cv_func_regexec=yes
ac_cv_func_revoke=no
ac_cv_func_rmufile=no
ac_cv_func_rresvport_af=yes
ac_cv_func_sched_yield=yes
ac_cv_func_sem_init=no
ac_cv_func_sem_trywait=no
ac_cv_func_setegid=yes
ac_cv_func_setenv=yes
ac_cv_func_seteuid=yes
ac_cv_func_setlogin=no
ac_cv_func_setpgid=yes
ac_cv_func_setpriority=yes
ac_cv_func_setregid=yes
ac_cv_func_setresgid=yes
ac_cv_func_setresuid=yes
ac_cv_func_setreuid=yes
ac_cv_func_setsid=yes
ac_cv_func_setutent=yes
ac_cv_func_setutsent=no
ac_cv_func_setutxent=yes
ac_cv_func_setvbuf=yes
ac_cv_func_sigprocmask=yes
ac_cv_func_sigsetjmp=no
ac_cv_func_socket=yes
ac_cv_func_srand=yes
ac_cv_func_srand48=yes
ac_cv_func_srandom=yes
ac_cv_func_stat=yes
ac_cv_func_strchr=yes
ac_cv_func_strdup=yes
ac_cv_func_strerror=yes
ac_cv_func_strerror_r=yes
ac_cv_func_strftime=yes
ac_cv_func_strlcpy=no
ac_cv_func_strptime=yes
ac_cv_func_strsave=no
ac_cv_func_strstr=yes
ac_cv_func_syslog=yes
ac_cv_func_tcgetpgrp=yes
ac_cv_func_tcsetattr=yes
ac_cv_func_tcsetpgrp=yes
ac_cv_func_timezone=yes
ac_cv_func_ttyname=yes
ac_cv_func_umask=yes
ac_cv_func_unsetenv=yes
ac_cv_func_updwtmp=yes
ac_cv_func_updwtmpx=yes
ac_cv_func_utimes=yes
ac_cv_func_utmpname=yes
ac_cv_func_utmpxname=yes
ac_cv_func_vasprintf=yes
ac_cv_func_vfork=yes
ac_cv_func_vfork_works=yes
ac_cv_func_vhangup=yes
ac_cv_func_vsnprintf=yes
ac_cv_func_vsprintf=yes
ac_cv_func_waitpid=yes
ac_cv_header_Python_h=no
ac_cv_header_alloca_h=yes
ac_cv_header_arpa_inet_h=yes
ac_cv_header_arpa_nameser_h=yes
ac_cv_header_byteswap_h=yes
ac_cv_header_dirent_dirent_h=yes
ac_cv_header_dirent_h=yes
ac_cv_header_dlfcn_h=yes
ac_cv_header_endian_h=yes
ac_cv_header_errno_h=yes
ac_cv_header_fcntl_h=yes
ac_cv_header_ifaddrs_h=yes
ac_cv_header_inttypes_h=yes
ac_cv_header_kdc_h=no
ac_cv_header_keyutils_h=no
ac_cv_header_krb_db_h=no
ac_cv_header_lastlog_h=yes
ac_cv_header_libutil_h=no
ac_cv_header_limits_h=yes
ac_cv_header_machine_byte_order_h=no
ac_cv_header_machine_endian_h=no
ac_cv_header_memory_h=yes
ac_cv_header_netdb_h=yes
ac_cv_header_netinet_in_h=yes
ac_cv_header_paths_h=yes
ac_cv_header_pthread_h=yes
ac_cv_header_pty_h=yes
ac_cv_header_pwd_h=yes
ac_cv_header_python2_3_Python_h=no
ac_cv_header_python2_5_Python_h=no
ac_cv_header_regex_h=yes
ac_cv_header_regexp_h=no
ac_cv_header_regexpr_h=no
ac_cv_header_sched_h=yes
ac_cv_header_semaphore_h=yes
ac_cv_header_stdarg_h=yes
ac_cv_header_stdc=yes
ac_cv_header_stddef_h=yes
ac_cv_header_stdint_h=yes
ac_cv_header_stdlib_h=yes
ac_cv_header_string_h=yes
ac_cv_header_strings_h=yes
ac_cv_header_sys_bswap_h=no
ac_cv_header_sys_file_h=yes
ac_cv_header_sys_filio_h=no
ac_cv_header_sys_ioctl_compat_h=no
ac_cv_header_sys_label_h=no
ac_cv_header_sys_param_h=yes
ac_cv_header_sys_ptyvar_h=no
ac_cv_header_sys_select_h=yes
ac_cv_header_sys_socket_h=yes
ac_cv_header_sys_sockio_h=no
ac_cv_header_sys_stat_h=yes
ac_cv_header_sys_stream_h=no
ac_cv_header_sys_time_h=yes
ac_cv_header_sys_tty_h=no
ac_cv_header_sys_types_h=yes
ac_cv_header_sys_uio_h=yes
ac_cv_header_sys_wait_h=yes
ac_cv_header_syslog_h=yes
ac_cv_header_termios_h=yes
ac_cv_header_time=yes
ac_cv_header_time_h=yes
ac_cv_header_ttyent_h=yes
ac_cv_header_unistd_h=yes
ac_cv_header_util_h=no
ac_cv_header_utmp_h=yes
ac_cv_header_utmpx_h=yes
ac_cv_header_vfork_h=no
ac_cv_header_xom_h=no
ac_cv_host=arm-mv5sft-linux-gnueabi
ac_cv_host_alias=arm-mv5sft-linux-gnueabi
ac_cv_lib_c_pthread_rwlock_init=yes
ac_cv_lib_crypt_crypt=yes
ac_cv_lib_crypto_PKCS7_get_signer_info=no
ac_cv_lib_fl_yywrap=yes
ac_cv_lib_odm_main=no
ac_cv_lib_python2_3_main=no
ac_cv_lib_python2_5_main=no
ac_cv_lib_resolv_main=yes
ac_cv_lib_util_main=yes
ac_cv_lib_util_openpty=yes
ac_cv_member_struct_sockaddr_in_sin_len=no
ac_cv_member_struct_sockaddr_sa_len=no
ac_cv_member_struct_stat_st_mtim_tv_nsec=yes
ac_cv_member_struct_stat_st_mtimensec=no
ac_cv_member_struct_stat_st_mtimespec_tv_nsec=no
ac_cv_member_struct_utmp_ut_exit=yes
ac_cv_member_struct_utmp_ut_host=yes
ac_cv_member_struct_utmp_ut_pid=yes
ac_cv_member_struct_utmp_ut_type=yes
ac_cv_objext=o
ac_cv_path_BASH=/bin/sh
ac_cv_path_PERL_PATH=/usr/bin/perl
ac_cv_path_SH=/bin/sh
ac_cv_path_SH5=false
ac_cv_path_UCB_RCP=/usr/bin/rcp
ac_cv_path_UCB_RLOGIN=/usr/bin/rlogin
ac_cv_path_UCB_RSH=/usr/bin/rsh
ac_cv_path_install='/usr/bin/install -c'
ac_cv_prog_AR=ar
ac_cv_prog_ARADD='ar cruv'
ac_cv_prog_ARCHIVE='ar cqv'
ac_cv_prog_AWK=gawk
ac_cv_prog_CC=arm-mv5sft-linux-gnueabi-gcc
ac_cv_prog_CPP='arm-mv5sft-linux-gnueabi-gcc -E'
ac_cv_prog_CXX=arm-mv5sft-linux-gnueabi-g++
ac_cv_prog_LEX=flex
ac_cv_prog_PERL=perl
ac_cv_prog_PTHREAD_CC=arm-mv5sft-linux-gnueabi-gcc
ac_cv_prog_RANLIB=arm-mv5sft-linux-gnueabi-ranlib
ac_cv_prog_YACC='bison -y'
ac_cv_prog_cc_g=yes
ac_cv_prog_cc_stdc=
ac_cv_prog_cxx_g=yes
ac_cv_prog_egrep='grep -E'
ac_cv_prog_have_PERL=perl
ac_cv_prog_lex_root=lex.yy
ac_cv_prog_lex_yytext_pointer=yes
ac_cv_search_dlopen=-ldl
ac_cv_search_opendir='none required'
ac_cv_type_getgroups=gid_t
ac_cv_type_int16_t=yes
ac_cv_type_int32_t=yes
ac_cv_type_int64_t=yes
ac_cv_type_int8_t=yes
ac_cv_type_long_long=yes
ac_cv_type_mode_t=yes
ac_cv_type_off_t=yes
ac_cv_type_pid_t=yes
ac_cv_type_signal=void
ac_cv_type_ssize_t=yes
ac_cv_type_struct_cmsghdr=yes
ac_cv_type_struct_in6_pktinfo=no
ac_cv_type_struct_in_pktinfo=yes
ac_cv_type_struct_rt_msghdr=no
ac_cv_type_struct_sockaddr_storage=yes
ac_cv_type_time_t=yes
ac_cv_type_u_char=yes
ac_cv_type_u_int=yes
ac_cv_type_u_int16_t=yes
ac_cv_type_u_int32_t=yes
ac_cv_type_u_int8_t=yes
ac_cv_type_u_long=yes
ac_cv_type_uid_t=yes
ac_cv_type_uint32_t=yes
ac_cv_type_uint64_t=yes
ac_cv_type_uint_least32_t=yes
ac_cv_type_uintmax_t=yes
ac_cv_type_uintptr_t=yes
k5_cv_openssl_version_okay=no
k5_cv_type_endrpcent=void
k5_cv_type_setrpcent=void
krb5_cv_attr_constructor_destructor=yes
krb5_cv_bswap_16=yes
krb5_cv_bswap_64=yes
krb5_cv_cc_flag__Werror_declaration_after_statement=yes
krb5_cv_cc_flag__Werror_variadic_macros=yes
krb5_cv_cc_flag__Wmissing_braces=yes
krb5_cv_cc_flag__Wmissing_format_attribute=yes
krb5_cv_cc_flag__Wmissing_prototypes=yes
krb5_cv_cc_flag__Wnewline_eof=no
krb5_cv_cc_flag__Wno_format_zero_length=yes
krb5_cv_cc_flag__Woverflow=yes
krb5_cv_cc_flag__Wparentheses=yes
krb5_cv_cc_flag__Wreturn_type=yes
krb5_cv_cc_flag__Wsign_compare=yes
krb5_cv_cc_flag__Wstrict_overflow=yes
krb5_cv_cc_flag__Wswitch=yes
krb5_cv_cc_flag__Wunknown_pragmas=yes
krb5_cv_cc_flag__Wunused_function=yes
krb5_cv_cc_flag__Wunused_label=yes
krb5_cv_cc_flag__Wunused_value=yes
krb5_cv_cc_flag__Wunused_variable=yes
krb5_cv_decl_perror=no
krb5_cv_decl_sys_errlist=yes
krb5_cv_f_setown=yes
krb5_cv_func_daemon_noproto=no
krb5_cv_func_dn_skipname=yes
krb5_cv_func_getutmp_noproto=yes
krb5_cv_func_isblank_noproto=yes
krb5_cv_func_logwtmp_noproto=no
krb5_cv_func_ns_initparse=no
krb5_cv_func_ns_name_uncompress=no
krb5_cv_func_res_nclose=yes
krb5_cv_func_res_ndestroy=no
krb5_cv_func_res_ninit=yes
krb5_cv_func_res_nsearch=yes
krb5_cv_func_res_search=yes
krb5_cv_func_sigprocmask_use=yes
krb5_cv_func_strptime_noproto=yes
krb5_cv_func_swab_noproto=yes
krb5_cv_func_vasprintf_noproto=yes
krb5_cv_gethostbyname_r_returns_int=yes
krb5_cv_gethostbyname_r_returns_ptr=no
krb5_cv_getpgrp_args=void
krb5_cv_getpwnam_r_args=5
krb5_cv_getpwnam_r_return_type=int
krb5_cv_getservbyname_r_returns_int=yes
krb5_cv_getservbyname_r_returns_ptr=no
krb5_cv_getsockname_proto_struct_sockaddr_p_size_t_p=yes
krb5_cv_gmtime_r_returns_int=no
krb5_cv_has_ansi_stdio=yes
krb5_cv_has_posix_signals=yes
krb5_cv_has_streams=no
krb5_cv_has_struct_if_laddrconf=no
krb5_cv_has_struct_lifconf=no
krb5_cv_has_type_socklen_t=yes
krb5_cv_header_inttypes_h_uint32_t=yes
krb5_cv_header_netdb_h_h_errno=yes
krb5_cv_header_netdb_h_maxhostnamelen=no
krb5_cv_header_stdint_h_uint32_t=yes
krb5_cv_header_sys_param_h_maxhostnamelen=yes
krb5_cv_header_sys_types_h_uint32_t=no
krb5_cv_host=arm-mv5sft-linux-gnueabi
krb5_cv_inet6=yes
krb5_cv_pragma_weak_ref=yes
krb5_cv_priocntl_hack=no
krb5_cv_prog_gnu_ld=yes
krb5_cv_setenv=yes
krb5_cv_setpgrp_args=void
krb5_cv_shadow_pwd=yes
krb5_cv_struct_utmp_ut_addr=yes
krb5_cv_struct_utmp_ut_exit=yes
krb5_cv_struct_utmp_ut_exit___e_exit=no
krb5_cv_struct_utmp_ut_exit_e_exit=yes
krb5_cv_struct_utmp_ut_exit_ut_e_exit=no
krb5_cv_struct_utmp_ut_exit_ut_exit=no
krb5_cv_struct_utmp_ut_host=yes
krb5_cv_struct_utmp_ut_id=yes
krb5_cv_struct_utmp_ut_pid=yes
krb5_cv_struct_utmp_ut_syslen=no
krb5_cv_struct_utmp_ut_type=yes
krb5_cv_struct_utmpx_ut_addr=no
krb5_cv_struct_utmpx_ut_exit=yes
krb5_cv_struct_utmpx_ut_exit___e_exit=yes
krb5_cv_struct_utmpx_ut_exit_e_exit=no
krb5_cv_struct_utmpx_ut_exit_ut_e_exit=no
krb5_cv_struct_utmpx_ut_exit_ut_exit=no
krb5_cv_struct_utmpx_ut_host=yes
krb5_cv_struct_utmpx_ut_id=yes
krb5_cv_struct_utmpx_ut_pid=yes
krb5_cv_struct_utmpx_ut_syslen=no
krb5_cv_struct_utmpx_ut_type=yes
krb5_cv_struct_wait=no
krb5_cv_sys_rcdir=/var/tmp
krb5_cv_type_bsdaliases=yes
krb5_cv_type_sigset_t=yes
krb5_cv_type_yylineno=yes
krb5_cv_va_copy=yes
krb5_cv_va_simple_copy=yes
krb5_cv_var_in6addr_any=yes

## ----------------- ##
## Output variables. ##
## ----------------- ##

CC='arm-mv5sft-linux-gnueabi-gcc'
CC_LINK='$(CC) $(PROG_LIBPATH) $(PROG_RPATH_FLAGS) $(CFLAGS) $(LDFLAGS)'
CFLAGS='-DUSE_LINKER_FINI_OPTION'
COM_ERR_VERSION='k5'
CONFIG_RELTOPDIR='../..'
CPP='arm-mv5sft-linux-gnueabi-gcc -E'
CPPFLAGS=''
CXX='arm-mv5sft-linux-gnueabi-g++'
CXXFLAGS='-g -O2'
CXX_LINK='$(CXX) $(PROG_LIBPATH) $(PROG_RPATH_FLAGS) $(CXXFLAGS) $(LDFLAGS)'
DB_HEADER='db.h'
DB_HEADER_VERSION='k5'
DB_LIB='-ldb'
DB_VERSION='k5'
DEFS='-DPACKAGE_NAME=\"Kerberos\ 5\" -DPACKAGE_TARNAME=\"krb5\" -DPACKAGE_VERSION=\"1.7.1\" -DPACKAGE_STRING=\"Kerberos\ 5\ 1.7.1\" -DPACKAGE_BUGREPORT=\"krb5-bugs@mit.edu\" -DSTDC_HEADERS=1 -DHAVE_SYS_TYPES_H=1 -DHAVE_SYS_STAT_H=1 -DHAVE_STDLIB_H=1 -DHAVE_STRING_H=1 -DHAVE_MEMORY_H=1 -DHAVE_STRINGS_H=1 -DHAVE_INTTYPES_H=1 -DHAVE_STDINT_H=1 -DHAVE_UNISTD_H=1 -DHAVE_BT_RSEQ=1 -DKRB5_DNS_LOOKUP_KDC=1 -DKRB5_DNS_LOOKUP=1 -DHAVE_LIBRESOLV=1 -DHAVE_RES_NINIT=1 -DHAVE_RES_NCLOSE=1 -DHAVE_RES_NSEARCH=1 -DHAVE_DN_SKIPNAME=1 -DHAVE_RES_SEARCH=1 -DHAVE_PRAGMA_WEAK_REF=1 -DDELAY_INITIALIZER=1 -DENABLE_THREADS=1 -DHAVE_PTHREAD=1 -DHAVE_PTHREAD_RWLOCK_INIT_IN_THREAD_LIB=1 -DUSE_DLOPEN=1 -DHAVE_SYS_TYPES_H=1 -DHAVE_SYS_SOCKET_H=1 -DHAVE_NETINET_IN_H=1 -DHAVE_NETDB_H=1 -DHAVE_INET_NTOP=1 -DHAVE_INET_PTON=1 -DHAVE_GETNAMEINFO=1 -DHAVE_GETADDRINFO=1 -DKRB5_USE_INET6=1 -DHAVE_LIBCRYPT=1 -DHAVE_UNISTD_H=1 -DHAVE_FORK=1 -DHAVE_VFORK=1 -DHAVE_WORKING_VFORK=1 -DHAVE_WORKING_FORK=1 -DHAVE_ISATTY=1 -DHAVE_INET_ATON=1 -DHAVE_GETENV=1 -DHAVE_KILLPG=1 -DHAVE_INITGROUPS=1 -DHAVE_SETPRIORITY=1 -DHAVE_SETREUID=1 -DHAVE_SETRESUID=1 -DHAVE_WAITPID=1 -DHAVE_SETSID=1 -DHAVE_PTSNAME=1 -DHAVE_TCGETPGRP=1 -DHAVE_TCSETPGRP=1 -DHAVE_SETPGID=1 -DHAVE_UTIMES=1 -DHAVE_RRESVPORT_AF=1 -DHAVE_UNISTD_H=1 -DHAVE_STDLIB_H=1 -DHAVE_STRING_H=1 -DHAVE_TTYENT_H=1 -DHAVE_LASTLOG_H=1 -DHAVE_SYS_SELECT_H=1 -DHAVE_UTMP_H=1 -DHAVE_SYS_TIME_H=1 -DHAVE_PATHS_H=1 -DHAVE_ARPA_NAMESER_H=1 -DHAVE_STDARG_H=1 -DHAVE_GETDTABLESIZE=1 -DPOSIX_SIGTYPE=1 -Dkrb5_sigtype=void -DPOSIX_SIGNALS=1 -DUSE_DIRENT_H=1 -DWAIT_USES_INT=1 -DPOSIX_TERMIOS=1 -DHAVE_STRUCT_UTMP_UT_PID=1 -DHAVE_STRUCT_UTMP_UT_TYPE=1 -DHAVE_STRUCT_UTMP_UT_HOST=1 -DHAVE_STRUCT_UTMP_UT_EXIT=1 -DHAVE_SETUTENT=1 -DHAVE_SETUTXENT=1 -DHAVE_UPDWTMP=1 -DHAVE_UPDWTMPX=1 -DGETSOCKNAME_ARG2_TYPE=struct\ sockaddr -DGETSOCKNAME_ARG3_TYPE=size_t -DHAVE_SETOWN=1 -DHAVE_SHADOW=1 -DHAVE_ETC_ENVIRONMENT=1 -DHAVE_ETC_TIMEZONE=1 -DHAVE_LIBUTIL=1 -DHAVE_REGCOMP=1 '
DEPLIBEXT='.so'
DL_LIB='-ldl'
ECHO_C=''
ECHO_N='-n'
ECHO_T=''
EGREP='grep -E'
EXEEXT=''
EXTRA_FILES=''
GEN_LIB=''
HAVE_GCC='yes'
HESIOD_DEFS=''
HESIOD_LIBS=''
INSTALL_DATA='${INSTALL} -m 644'
INSTALL_PROGRAM='${INSTALL}'
INSTALL_SCRIPT='${INSTALL}'
KDB5_DB_LIB=''
KRSHDLIBS=' -lcrypt '
LD='arm-mv5sft-linux-gnueabi-ld'
LDFLAGS=''
LIBOBJS=''
LIBS='-lresolv '
LOGINLIBS=' -lcrypt '
LTLIBOBJS=''
MAINT='#'
MAINTAINER_MODE_FALSE=''
MAINTAINER_MODE_TRUE='#'
OBJEXT='o'
PACKAGE_BUGREPORT='krb5-bugs@mit.edu'
PACKAGE_NAME='Kerberos 5'
PACKAGE_STRING='Kerberos 5 1.7.1'
PACKAGE_TARNAME='krb5'
PACKAGE_VERSION='1.7.1'
PATH_SEPARATOR=':'
PROG_RPATH_FLAGS='$(RPATH_FLAG)$(PROG_RPATH)'
PTHREAD_CC='arm-mv5sft-linux-gnueabi-gcc'
PTHREAD_CFLAGS='-pthread'
PTHREAD_LIBS=''
RPATH_FLAG='-Wl,-rpath -Wl,'
SETENVOBJ=''
SETENVSRC=''
SHELL='/bin/sh'
SHLIB_HAVE_MINOR_VERS='yes'
SS_LIB=''
SS_VERSION='k5'
THREAD_SUPPORT='1'
UCB_RCP='/usr/bin/rcp'
UCB_RLOGIN='/usr/bin/rlogin'
UCB_RSH='/usr/bin/rsh'
UTIL_LIB='-lutil'
WARN_CFLAGS=' -Wall -Wcast-qual -Wcast-align -Wshadow -Wmissing-prototypes -Wno-format-zero-length -Woverflow -Wstrict-overflow -Wmissing-format-attribute -Wmissing-prototypes -Wreturn-type -Wmissing-braces -Wparentheses -Wswitch -Wunused-function -Wunused-label -Wunused-variable -Wunused-value -Wunknown-pragmas -Wsign-compare -Werror=declaration-after-statement -Werror=variadic-macros'
WARN_CXXFLAGS=' -Wall -Wcast-qual -Wcast-align -Wshadow'
ac_ct_CC=''
ac_ct_CXX=''
acx_pthread_config=''
bindir='${exec_prefix}/bin'
build='i386-pc-linux-gnu'
build_alias='i386-linux'
build_cpu='i386'
build_os='linux-gnu'
build_vendor='pc'
compile_et=''
datadir='${prefix}/share'
exec_prefix='${prefix}'
host='arm-mv5sft-linux-gnueabi'
host_alias='arm-mv5sft-linux-gnueabi'
host_cpu='arm'
host_os='linux-gnueabi'
host_vendor='mv5sft'
includedir='${prefix}/include'
infodir='${prefix}/info'
krb5_cv_host='arm-mv5sft-linux-gnueabi'
libdir='${exec_prefix}/lib'
libexecdir='${exec_prefix}/libexec'
localstatedir='${prefix}/var'
mandir='${prefix}/man'
oldincludedir='/usr/include'
prefix='/home/roy/DNS-345_GPL/packages/krb5-1.7.1/src/_install'
program_transform_name='s,x,x,'
sbindir='${exec_prefix}/sbin'
sharedstatedir='${prefix}/com'
sysconfdir='${prefix}/etc'
target_alias=''

## ------------- ##
## Output files. ##
## ------------- ##

lib_frag='./../../config/lib.in'
libnodeps_frag='./../../config/libnodeps.in'
libnover_frag='./../../config/libnover.in'
libobj_frag='./../../config/libobj.in'
libpriv_frag='./../../config/libpriv.in'

## ----------- ##
## confdefs.h. ##
## ----------- ##

#define DELAY_INITIALIZER 1
#define ENABLE_THREADS 1
#define GETSOCKNAME_ARG2_TYPE struct sockaddr
#define GETSOCKNAME_ARG3_TYPE size_t
#define HAVE_ARPA_NAMESER_H 1
#define HAVE_BT_RSEQ 1
#define HAVE_DN_SKIPNAME 1
#define HAVE_ETC_ENVIRONMENT 1
#define HAVE_ETC_TIMEZONE 1
#define HAVE_FORK 1
#define HAVE_GETADDRINFO 1
#define HAVE_GETDTABLESIZE 1
#define HAVE_GETENV 1
#define HAVE_GETNAMEINFO 1
#define HAVE_INET_ATON 1
#define HAVE_INET_NTOP 1
#define HAVE_INET_PTON 1
#define HAVE_INITGROUPS 1
#define HAVE_INTTYPES_H 1
#define HAVE_ISATTY 1
#define HAVE_KILLPG 1
#define HAVE_LASTLOG_H 1
#define HAVE_LIBCRYPT 1
#define HAVE_LIBRESOLV 1
#define HAVE_LIBUTIL 1
#define HAVE_MEMORY_H 1
#define HAVE_NETDB_H 1
#define HAVE_NETINET_IN_H 1
#define HAVE_PATHS_H 1
#define HAVE_PRAGMA_WEAK_REF 1
#define HAVE_PTHREAD 1
#define HAVE_PTHREAD_RWLOCK_INIT_IN_THREAD_LIB 1
#define HAVE_PTSNAME 1
#define HAVE_REGCOMP 1
#define HAVE_RES_NCLOSE 1
#define HAVE_RES_NINIT 1
#define HAVE_RES_NSEARCH 1
#define HAVE_RES_SEARCH 1
#define HAVE_RRESVPORT_AF 1
#define HAVE_SETOWN 1
#define HAVE_SETPGID 1
#define HAVE_SETPRIORITY 1
#define HAVE_SETRESUID 1
#define HAVE_SETREUID 1
#define HAVE_SETSID 1
#define HAVE_SETUTENT 1
#define HAVE_SETUTXENT 1
#define HAVE_SHADOW 1
#define HAVE_STDARG_H 1
#define HAVE_STDINT_H 1
#define HAVE_STDLIB_H 1
#define HAVE_STDLIB_H 1
#define HAVE_STRINGS_H 1
#define HAVE_STRING_H 1
#define HAVE_STRING_H 1
#define HAVE_STRUCT_UTMP_UT_EXIT 1
#define HAVE_STRUCT_UTMP_UT_HOST 1
#define HAVE_STRUCT_UTMP_UT_PID 1
#define HAVE_STRUCT_UTMP_UT_TYPE 1
#define HAVE_SYS_SELECT_H 1
#define HAVE_SYS_SOCKET_H 1
#define HAVE_SYS_STAT_H 1
#define HAVE_SYS_TIME_H 1
#define HAVE_SYS_TYPES_H 1
#define HAVE_SYS_TYPES_H 1
#define HAVE_TCGETPGRP 1
#define HAVE_TCSETPGRP 1
#define HAVE_TTYENT_H 1
#define HAVE_UNISTD_H 1
#define HAVE_UNISTD_H 1
#define HAVE_UNISTD_H 1
#define HAVE_UPDWTMP 1
#define HAVE_UPDWTMPX 1
#define HAVE_UTIMES 1
#define HAVE_UTMP_H 1
#define HAVE_VFORK 1
#define HAVE_WAITPID 1
#define HAVE_WORKING_FORK 1
#define HAVE_WORKING_VFORK 1
#define KRB5_DNS_LOOKUP 1
#define KRB5_DNS_LOOKUP_KDC 1
#define KRB5_USE_INET6 1
#define PACKAGE_BUGREPORT "krb5-bugs@mit.edu"
#define PACKAGE_NAME "Kerberos 5"
#define PACKAGE_STRING "Kerberos 5 1.7.1"
#define PACKAGE_TARNAME "krb5"
#define PACKAGE_VERSION "1.7.1"
#define POSIX_SIGNALS 1
#define POSIX_SIGTYPE 1
#define POSIX_TERMIOS 1
#define STDC_HEADERS 1
#define USE_DIRENT_H 1
#define USE_DLOPEN 1
#define WAIT_USES_INT 1
#define krb5_sigtype void
#endif
#ifdef __cplusplus
extern "C" void exit (int) throw ();

configure: exit 0
