This file contains any messages produced by compilers while
running configure, to aid debugging if configure makes a mistake.

It was created by Kerberos 5 configure 1.7.1, which was
generated by GNU Autoconf 2.59.  Invocation command line was

  $ ./configure --prefix=/home/roy/DNS-345_GPL/packages/krb5-1.7.1/src/_install --build=i386-linux --host=arm-mv5sft-linux-gnueabi --prefix=/home/roy/DNS-345_GPL/packages/krb5-1.7.1/src/_install CFLAGS=-DUSE_LINKER_FINI_OPTION --cache-file=linux-cache CC=arm-mv5sft-linux-gnueabi-gcc CXX=arm-mv5sft-linux-gnueabi-g++ LD=arm-mv5sft-linux-gnueabi-ld build_alias=i386-linux host_alias=arm-mv5sft-linux-gnueabi --cache-file=../../linux-cache --srcdir=.

## --------- ##
## Platform. ##
## --------- ##

hostname = fedora-14
uname -m = i686
uname -r = 2.6.35.6-45.fc14.i686
uname -s = Linux
uname -v = #1 SMP Mon Oct 18 23:56:17 UTC 2010

/usr/bin/uname -p = unknown
/bin/uname -X     = unknown

/bin/arch              = i686
/usr/bin/arch -k       = unknown
/usr/convex/getsysinfo = unknown
hostinfo               = unknown
/bin/machine           = unknown
/usr/bin/oslevel       = unknown
/bin/universe          = unknown

PATH: /opt_gccarm/arm-mv5sft-linux-gnueabi/bin
PATH: /usr/lib/qt-3.3/bin
PATH: /usr/lib/ccache
PATH: /usr/local/bin
PATH: /bin
PATH: /usr/bin
PATH: /usr/local/sbin
PATH: /usr/sbin
PATH: /sbin
PATH: /home/roy/bin


## ----------- ##
## Core tests. ##
## ----------- ##

configure:1281: loading cache ../../linux-cache
configure:1436: checking for arm-mv5sft-linux-gnueabi-gcc
configure:1462: result: arm-mv5sft-linux-gnueabi-gcc
configure:1744: checking for C compiler version
configure:1747: arm-mv5sft-linux-gnueabi-gcc --version </dev/null >&5
arm-mv5sft-linux-gnueabi-gcc (sdk3.2rc1-ct-ng-1.4.1) 4.3.2
Copyright (C) 2008 Free Software Foundation, Inc.
This is free software; see the source for copying conditions.  There is NO
warranty; not even for MERCHANTABILITY or FITNESS FOR A PARTICULAR PURPOSE.

configure:1750: $? = 0
configure:1752: arm-mv5sft-linux-gnueabi-gcc -v </dev/null >&5
Using built-in specs.
Target: arm-mv5sft-linux-gnueabi
Configured with: /home/seugene/sdk/targets/src/gcc-4.3.2/configure --build=i486-build_pc-linux-gnu --host=i486-build_pc-linux-gnu --target=arm-mv5sft-linux-gnueabi --prefix=/home/seugene/sdk/targets/arm-mv5sft-linux-gnueabi/cross --with-sysroot=/home/seugene/sdk/targets/arm-mv5sft-linux-gnueabi/cross/arm-mv5sft-linux-gnueabi//sys-root --enable-languages=c,c++,fortran,java --disable-multilib --with-arch=armv5te --with-float=soft --with-gmp=/home/seugene/sdk/targets/arm-mv5sft-linux-gnueabi/cross --with-mpfr=/home/seugene/sdk/targets/arm-mv5sft-linux-gnueabi/cross --with-pkgversion=sdk3.2rc1-ct-ng-1.4.1 --disable-sjlj-exceptions --enable-__cxa_atexit --with-local-prefix=/home/seugene/sdk/targets/arm-mv5sft-linux-gnueabi/cross/arm-mv5sft-linux-gnueabi//sys-root --disable-nls --enable-threads=posix --enable-symvers=gnu --enable-c99 --enable-long-long --enable-target-optspace
Thread model: posix
gcc version 4.3.2 (sdk3.2rc1-ct-ng-1.4.1) 
configure:1755: $? = 0
configure:1757: arm-mv5sft-linux-gnueabi-gcc -V </dev/null >&5
arm-mv5sft-linux-gnueabi-gcc: '-V' option must have argument
configure:1760: $? = 1
configure:1783: checking for C compiler default output file name
configure:1786: arm-mv5sft-linux-gnueabi-gcc -DUSE_LINKER_FINI_OPTION   conftest.c  >&5
configure:1789: $? = 0
configure:1835: result: a.out
configure:1840: checking whether the C compiler works
configure:1866: result: yes
configure:1873: checking whether we are cross compiling
configure:1875: result: yes
configure:1878: checking for suffix of executables
configure:1880: arm-mv5sft-linux-gnueabi-gcc -o conftest -DUSE_LINKER_FINI_OPTION   conftest.c  >&5
configure:1883: $? = 0
configure:1908: result: 
configure:1914: checking for suffix of object files
configure:1960: result: o
configure:1964: checking whether we are using the GNU C compiler
configure:2020: result: yes
configure:2026: checking whether arm-mv5sft-linux-gnueabi-gcc accepts -g
configure:2077: result: yes
configure:2094: checking for arm-mv5sft-linux-gnueabi-gcc option to accept ANSI C
configure:2201: result: none needed
configure:2219: arm-mv5sft-linux-gnueabi-gcc -c -DUSE_LINKER_FINI_OPTION  conftest.c >&5
conftest.c:2: error: expected '=', ',', ';', 'asm' or '__attribute__' before 'me'
configure:2225: $? = 1
configure: failed program was:
| #ifndef __cplusplus
|   choke me
| #endif
configure:2368: checking for arm-mv5sft-linux-gnueabi-g++
configure:2394: result: arm-mv5sft-linux-gnueabi-g++
configure:2452: checking for C++ compiler version
configure:2455: arm-mv5sft-linux-gnueabi-g++ --version </dev/null >&5
arm-mv5sft-linux-gnueabi-g++ (sdk3.2rc1-ct-ng-1.4.1) 4.3.2
Copyright (C) 2008 Free Software Foundation, Inc.
This is free software; see the source for copying conditions.  There is NO
warranty; not even for MERCHANTABILITY or FITNESS FOR A PARTICULAR PURPOSE.

configure:2458: $? = 0
configure:2460: arm-mv5sft-linux-gnueabi-g++ -v </dev/null >&5
Using built-in specs.
Target: arm-mv5sft-linux-gnueabi
Configured with: /home/seugene/sdk/targets/src/gcc-4.3.2/configure --build=i486-build_pc-linux-gnu --host=i486-build_pc-linux-gnu --target=arm-mv5sft-linux-gnueabi --prefix=/home/seugene/sdk/targets/arm-mv5sft-linux-gnueabi/cross --with-sysroot=/home/seugene/sdk/targets/arm-mv5sft-linux-gnueabi/cross/arm-mv5sft-linux-gnueabi//sys-root --enable-languages=c,c++,fortran,java --disable-multilib --with-arch=armv5te --with-float=soft --with-gmp=/home/seugene/sdk/targets/arm-mv5sft-linux-gnueabi/cross --with-mpfr=/home/seugene/sdk/targets/arm-mv5sft-linux-gnueabi/cross --with-pkgversion=sdk3.2rc1-ct-ng-1.4.1 --disable-sjlj-exceptions --enable-__cxa_atexit --with-local-prefix=/home/seugene/sdk/targets/arm-mv5sft-linux-gnueabi/cross/arm-mv5sft-linux-gnueabi//sys-root --disable-nls --enable-threads=posix --enable-symvers=gnu --enable-c99 --enable-long-long --enable-target-optspace
Thread model: posix
gcc version 4.3.2 (sdk3.2rc1-ct-ng-1.4.1) 
configure:2463: $? = 0
configure:2465: arm-mv5sft-linux-gnueabi-g++ -V </dev/null >&5
arm-mv5sft-linux-gnueabi-g++: '-V' option must have argument
configure:2468: $? = 1
configure:2471: checking whether we are using the GNU C++ compiler
configure:2527: result: yes
configure:2533: checking whether arm-mv5sft-linux-gnueabi-g++ accepts -g
configure:2584: result: yes
configure:2626: arm-mv5sft-linux-gnueabi-g++ -c -g -O2  conftest.cc >&5
configure:2632: $? = 0
configure:2636: test -z 
			 || test ! -s conftest.err
configure:2639: $? = 0
configure:2642: test -s conftest.o
configure:2645: $? = 0
configure:2671: arm-mv5sft-linux-gnueabi-g++ -c -g -O2  conftest.cc >&5
conftest.cc: In function 'int main()':
conftest.cc:13: error: 'exit' was not declared in this scope
configure:2677: $? = 1
configure: failed program was:
| /* confdefs.h.  */
| 
| #define PACKAGE_NAME "Kerberos 5"
| #define PACKAGE_TARNAME "krb5"
| #define PACKAGE_VERSION "1.7.1"
| #define PACKAGE_STRING "Kerberos 5 1.7.1"
| #define PACKAGE_BUGREPORT "krb5-bugs@mit.edu"
| /* end confdefs.h.  */
| 
| int
| main ()
| {
| exit (42);
|   ;
|   return 0;
| }
configure:2626: arm-mv5sft-linux-gnueabi-g++ -c -g -O2  conftest.cc >&5
conftest.cc:9: error: 'void std::exit(int)' should have been declared inside 'std'
configure:2632: $? = 1
configure: failed program was:
| /* confdefs.h.  */
| 
| #define PACKAGE_NAME "Kerberos 5"
| #define PACKAGE_TARNAME "krb5"
| #define PACKAGE_VERSION "1.7.1"
| #define PACKAGE_STRING "Kerberos 5 1.7.1"
| #define PACKAGE_BUGREPORT "krb5-bugs@mit.edu"
| /* end confdefs.h.  */
| extern "C" void std::exit (int) throw (); using std::exit;
| #include <stdlib.h>
| int
| main ()
| {
| exit (42);
|   ;
|   return 0;
| }
configure:2626: arm-mv5sft-linux-gnueabi-g++ -c -g -O2  conftest.cc >&5
conftest.cc:9: error: 'void std::exit(int)' should have been declared inside 'std'
In file included from conftest.cc:10:
/opt_gccarm/arm-mv5sft-linux-gnueabi/bin/../arm-mv5sft-linux-gnueabi//sys-root/usr/include/stdlib.h:531: error: declaration of 'void std::exit(int) throw ()' throws different exceptions
conftest.cc:9: error: from previous declaration 'void std::exit(int)'
configure:2632: $? = 1
configure: failed program was:
| /* confdefs.h.  */
| 
| #define PACKAGE_NAME "Kerberos 5"
| #define PACKAGE_TARNAME "krb5"
| #define PACKAGE_VERSION "1.7.1"
| #define PACKAGE_STRING "Kerberos 5 1.7.1"
| #define PACKAGE_BUGREPORT "krb5-bugs@mit.edu"
| /* end confdefs.h.  */
| extern "C" void std::exit (int); using std::exit;
| #include <stdlib.h>
| int
| main ()
| {
| exit (42);
|   ;
|   return 0;
| }
configure:2626: arm-mv5sft-linux-gnueabi-g++ -c -g -O2  conftest.cc >&5
configure:2632: $? = 0
configure:2636: test -z 
			 || test ! -s conftest.err
configure:2639: $? = 0
configure:2642: test -s conftest.o
configure:2645: $? = 0
configure:2671: arm-mv5sft-linux-gnueabi-g++ -c -g -O2  conftest.cc >&5
configure:2677: $? = 0
configure:2681: test -z 
			 || test ! -s conftest.err
configure:2684: $? = 0
configure:2687: test -s conftest.o
configure:2690: $? = 0
configure:2719: checking how to run the C preprocessor
configure:2837: result: arm-mv5sft-linux-gnueabi-gcc -E
configure:2861: arm-mv5sft-linux-gnueabi-gcc -E  conftest.c
configure:2867: $? = 0
configure:2899: arm-mv5sft-linux-gnueabi-gcc -E  conftest.c
conftest.c:12:28: error: ac_nonexistent.h: No such file or directory
configure:2905: $? = 1
configure: failed program was:
| /* confdefs.h.  */
| 
| #define PACKAGE_NAME "Kerberos 5"
| #define PACKAGE_TARNAME "krb5"
| #define PACKAGE_VERSION "1.7.1"
| #define PACKAGE_STRING "Kerberos 5 1.7.1"
| #define PACKAGE_BUGREPORT "krb5-bugs@mit.edu"
| #ifdef __cplusplus
| extern "C" void exit (int) throw ();
| #endif
| /* end confdefs.h.  */
| #include <ac_nonexistent.h>
configure:2955: checking build system type
configure:2973: result: i386-pc-linux-gnu
configure:2981: checking host system type
configure:2995: result: arm-mv5sft-linux-gnueabi
configure:3003: checking for egrep
configure:3013: result: grep -E
configure:3018: checking for ANSI C header files
configure:3174: result: yes
configure:3198: checking for sys/types.h
configure:3244: result: yes
configure:3198: checking for sys/stat.h
configure:3244: result: yes
configure:3198: checking for stdlib.h
configure:3244: result: yes
configure:3198: checking for string.h
configure:3244: result: yes
configure:3198: checking for memory.h
configure:3244: result: yes
configure:3198: checking for strings.h
configure:3244: result: yes
configure:3198: checking for inttypes.h
configure:3244: result: yes
configure:3198: checking for stdint.h
configure:3244: result: yes
configure:3198: checking for unistd.h
configure:3244: result: yes
configure:3263: checking for GNU linker
configure:3280: result: yes
configure:3315: adding extra warning flags for gcc
configure:3322: skipping pedantic warnings on Linux
configure:3332: adding extra warning flags for g++
configure:3339: checking if C compiler supports -Wno-format-zero-length
configure:3440: result: yes
configure:3451: checking if C compiler supports -Woverflow
configure:3552: result: yes
configure:3451: checking if C compiler supports -Wstrict-overflow
configure:3552: result: yes
configure:3451: checking if C compiler supports -Wmissing-format-attribute
configure:3552: result: yes
configure:3451: checking if C compiler supports -Wmissing-prototypes
configure:3552: result: yes
configure:3451: checking if C compiler supports -Wreturn-type
configure:3552: result: yes
configure:3451: checking if C compiler supports -Wmissing-braces
configure:3552: result: yes
configure:3451: checking if C compiler supports -Wparentheses
configure:3552: result: yes
configure:3451: checking if C compiler supports -Wswitch
configure:3552: result: yes
configure:3451: checking if C compiler supports -Wunused-function
configure:3552: result: yes
configure:3451: checking if C compiler supports -Wunused-label
configure:3552: result: yes
configure:3451: checking if C compiler supports -Wunused-variable
configure:3552: result: yes
configure:3451: checking if C compiler supports -Wunused-value
configure:3552: result: yes
configure:3451: checking if C compiler supports -Wunknown-pragmas
configure:3552: result: yes
configure:3451: checking if C compiler supports -Wsign-compare
configure:3552: result: yes
configure:3451: checking if C compiler supports -Wnewline-eof
configure:3552: result: no
configure:3575: checking if C compiler supports -Werror=declaration-after-statement
configure:3676: result: yes
configure:3575: checking if C compiler supports -Werror=variadic-macros
configure:3676: result: yes
configure:3869: checking which version of com_err to use
configure:3877: result: krb5
configure:4154: checking which version of subsystem package to use
configure:4221: result: krb5
configure:4271: checking for an ANSI C-conforming const
configure:4368: result: yes
configure:4395: checking for gethostbyname
configure:4483: result: yes
configure:4788: checking for socket
configure:4876: result: yes
configure:5061: checking for main in -lresolv
configure:5117: result: yes
configure:5143: checking for res_ninit
configure:5201: result: yes
configure:5143: checking for res_nclose
configure:5201: result: yes
configure:5143: checking for res_ndestroy
configure:5201: result: no
configure:5143: checking for res_nsearch
configure:5201: result: yes
configure:5143: checking for ns_initparse
configure:5201: result: no
configure:5143: checking for ns_name_uncompress
configure:5201: result: no
configure:5143: checking for dn_skipname
configure:5201: result: yes
configure:5143: checking for res_search
configure:5201: result: yes
configure:5454: checking whether pragma weak references are supported
configure:5507: result: yes
configure:5591: checking for constructor/destructor attribute support
configure:5666: result: yes
configure:5715: enabling thread support
configure:5916: checking for the pthreads library -lpthreads
configure:5954: arm-mv5sft-linux-gnueabi-gcc -o conftest -DUSE_LINKER_FINI_OPTION    conftest.c -lpthreads -lresolv  >&5
/opt_gccarm/arm-mv5sft-linux-gnueabi/bin/../lib/gcc/arm-mv5sft-linux-gnueabi/4.3.2/../../../../arm-mv5sft-linux-gnueabi/bin/ld: cannot find -lpthreads
collect2: ld returned 1 exit status
configure:5960: $? = 1
configure: failed program was:
| /* confdefs.h.  */
| 
| #define PACKAGE_NAME "Kerberos 5"
| #define PACKAGE_TARNAME "krb5"
| #define PACKAGE_VERSION "1.7.1"
| #define PACKAGE_STRING "Kerberos 5 1.7.1"
| #define PACKAGE_BUGREPORT "krb5-bugs@mit.edu"
| #ifdef __cplusplus
| extern "C" void exit (int) throw ();
| #endif
| #define STDC_HEADERS 1
| #define HAVE_SYS_TYPES_H 1
| #define HAVE_SYS_STAT_H 1
| #define HAVE_STDLIB_H 1
| #define HAVE_STRING_H 1
| #define HAVE_MEMORY_H 1
| #define HAVE_STRINGS_H 1
| #define HAVE_INTTYPES_H 1
| #define HAVE_STDINT_H 1
| #define HAVE_UNISTD_H 1
| #define HAVE_BT_RSEQ 1
| #define KRB5_DNS_LOOKUP_KDC 1
| #define KRB5_DNS_LOOKUP 1
| #define HAVE_LIBRESOLV 1
| #define HAVE_RES_NINIT 1
| #define HAVE_RES_NCLOSE 1
| #define HAVE_RES_NSEARCH 1
| #define HAVE_DN_SKIPNAME 1
| #define HAVE_RES_SEARCH 1
| #define HAVE_PRAGMA_WEAK_REF 1
| #define DELAY_INITIALIZER 1
| #define ENABLE_THREADS 1
| /* end confdefs.h.  */
| #include <pthread.h>
| int
| main ()
| {
| pthread_t th; pthread_join(th, 0);
|                      pthread_attr_init(0); pthread_cleanup_push(0, 0);
|                      pthread_create(0,0,0,0); pthread_cleanup_pop(0);
|   ;
|   return 0;
| }
configure:5987: result: no
configure:5863: checking whether pthreads work without any flags
configure:5954: arm-mv5sft-linux-gnueabi-gcc -o conftest -DUSE_LINKER_FINI_OPTION    conftest.c  -lresolv  >&5
/tmp/ccuVDrr6.o: In function `main':
conftest.c:(.text+0x14): undefined reference to `pthread_join'
conftest.c:(.text+0x74): undefined reference to `__pthread_register_cancel'
conftest.c:(.text+0x88): undefined reference to `pthread_create'
conftest.c:(.text+0x94): undefined reference to `__pthread_unregister_cancel'
collect2: ld returned 1 exit status
configure:5960: $? = 1
configure: failed program was:
| /* confdefs.h.  */
| 
| #define PACKAGE_NAME "Kerberos 5"
| #define PACKAGE_TARNAME "krb5"
| #define PACKAGE_VERSION "1.7.1"
| #define PACKAGE_STRING "Kerberos 5 1.7.1"
| #define PACKAGE_BUGREPORT "krb5-bugs@mit.edu"
| #ifdef __cplusplus
| extern "C" void exit (int) throw ();
| #endif
| #define STDC_HEADERS 1
| #define HAVE_SYS_TYPES_H 1
| #define HAVE_SYS_STAT_H 1
| #define HAVE_STDLIB_H 1
| #define HAVE_STRING_H 1
| #define HAVE_MEMORY_H 1
| #define HAVE_STRINGS_H 1
| #define HAVE_INTTYPES_H 1
| #define HAVE_STDINT_H 1
| #define HAVE_UNISTD_H 1
| #define HAVE_BT_RSEQ 1
| #define KRB5_DNS_LOOKUP_KDC 1
| #define KRB5_DNS_LOOKUP 1
| #define HAVE_LIBRESOLV 1
| #define HAVE_RES_NINIT 1
| #define HAVE_RES_NCLOSE 1
| #define HAVE_RES_NSEARCH 1
| #define HAVE_DN_SKIPNAME 1
| #define HAVE_RES_SEARCH 1
| #define HAVE_PRAGMA_WEAK_REF 1
| #define DELAY_INITIALIZER 1
| #define ENABLE_THREADS 1
| /* end confdefs.h.  */
| #include <pthread.h>
| int
| main ()
| {
| pthread_t th; pthread_join(th, 0);
|                      pthread_attr_init(0); pthread_cleanup_push(0, 0);
|                      pthread_create(0,0,0,0); pthread_cleanup_pop(0);
|   ;
|   return 0;
| }
configure:5987: result: no
configure:5868: checking whether pthreads work with -Kthread
configure:5954: arm-mv5sft-linux-gnueabi-gcc -o conftest -DUSE_LINKER_FINI_OPTION -Kthread   conftest.c  -lresolv  >&5
arm-mv5sft-linux-gnueabi-gcc: unrecognized option '-Kthread'
/tmp/ccOWptMf.o: In function `main':
conftest.c:(.text+0x14): undefined reference to `pthread_join'
conftest.c:(.text+0x74): undefined reference to `__pthread_register_cancel'
conftest.c:(.text+0x88): undefined reference to `pthread_create'
conftest.c:(.text+0x94): undefined reference to `__pthread_unregister_cancel'
collect2: ld returned 1 exit status
configure:5960: $? = 1
configure: failed program was:
| /* confdefs.h.  */
| 
| #define PACKAGE_NAME "Kerberos 5"
| #define PACKAGE_TARNAME "krb5"
| #define PACKAGE_VERSION "1.7.1"
| #define PACKAGE_STRING "Kerberos 5 1.7.1"
| #define PACKAGE_BUGREPORT "krb5-bugs@mit.edu"
| #ifdef __cplusplus
| extern "C" void exit (int) throw ();
| #endif
| #define STDC_HEADERS 1
| #define HAVE_SYS_TYPES_H 1
| #define HAVE_SYS_STAT_H 1
| #define HAVE_STDLIB_H 1
| #define HAVE_STRING_H 1
| #define HAVE_MEMORY_H 1
| #define HAVE_STRINGS_H 1
| #define HAVE_INTTYPES_H 1
| #define HAVE_STDINT_H 1
| #define HAVE_UNISTD_H 1
| #define HAVE_BT_RSEQ 1
| #define KRB5_DNS_LOOKUP_KDC 1
| #define KRB5_DNS_LOOKUP 1
| #define HAVE_LIBRESOLV 1
| #define HAVE_RES_NINIT 1
| #define HAVE_RES_NCLOSE 1
| #define HAVE_RES_NSEARCH 1
| #define HAVE_DN_SKIPNAME 1
| #define HAVE_RES_SEARCH 1
| #define HAVE_PRAGMA_WEAK_REF 1
| #define DELAY_INITIALIZER 1
| #define ENABLE_THREADS 1
| /* end confdefs.h.  */
| #include <pthread.h>
| int
| main ()
| {
| pthread_t th; pthread_join(th, 0);
|                      pthread_attr_init(0); pthread_cleanup_push(0, 0);
|                      pthread_create(0,0,0,0); pthread_cleanup_pop(0);
|   ;
|   return 0;
| }
configure:5987: result: no
configure:5868: checking whether pthreads work with -kthread
configure:5954: arm-mv5sft-linux-gnueabi-gcc -o conftest -DUSE_LINKER_FINI_OPTION -kthread   conftest.c  -lresolv  >&5
arm-mv5sft-linux-gnueabi-gcc: unrecognized option '-kthread'
/tmp/ccE0QiFo.o: In function `main':
conftest.c:(.text+0x14): undefined reference to `pthread_join'
conftest.c:(.text+0x74): undefined reference to `__pthread_register_cancel'
conftest.c:(.text+0x88): undefined reference to `pthread_create'
conftest.c:(.text+0x94): undefined reference to `__pthread_unregister_cancel'
collect2: ld returned 1 exit status
configure:5960: $? = 1
configure: failed program was:
| /* confdefs.h.  */
| 
| #define PACKAGE_NAME "Kerberos 5"
| #define PACKAGE_TARNAME "krb5"
| #define PACKAGE_VERSION "1.7.1"
| #define PACKAGE_STRING "Kerberos 5 1.7.1"
| #define PACKAGE_BUGREPORT "krb5-bugs@mit.edu"
| #ifdef __cplusplus
| extern "C" void exit (int) throw ();
| #endif
| #define STDC_HEADERS 1
| #define HAVE_SYS_TYPES_H 1
| #define HAVE_SYS_STAT_H 1
| #define HAVE_STDLIB_H 1
| #define HAVE_STRING_H 1
| #define HAVE_MEMORY_H 1
| #define HAVE_STRINGS_H 1
| #define HAVE_INTTYPES_H 1
| #define HAVE_STDINT_H 1
| #define HAVE_UNISTD_H 1
| #define HAVE_BT_RSEQ 1
| #define KRB5_DNS_LOOKUP_KDC 1
| #define KRB5_DNS_LOOKUP 1
| #define HAVE_LIBRESOLV 1
| #define HAVE_RES_NINIT 1
| #define HAVE_RES_NCLOSE 1
| #define HAVE_RES_NSEARCH 1
| #define HAVE_DN_SKIPNAME 1
| #define HAVE_RES_SEARCH 1
| #define HAVE_PRAGMA_WEAK_REF 1
| #define DELAY_INITIALIZER 1
| #define ENABLE_THREADS 1
| /* end confdefs.h.  */
| #include <pthread.h>
| int
| main ()
| {
| pthread_t th; pthread_join(th, 0);
|                      pthread_attr_init(0); pthread_cleanup_push(0, 0);
|                      pthread_create(0,0,0,0); pthread_cleanup_pop(0);
|   ;
|   return 0;
| }
configure:5987: result: no
configure:5916: checking for the pthreads library -llthread
configure:5954: arm-mv5sft-linux-gnueabi-gcc -o conftest -DUSE_LINKER_FINI_OPTION    conftest.c -llthread -lresolv  >&5
/opt_gccarm/arm-mv5sft-linux-gnueabi/bin/../lib/gcc/arm-mv5sft-linux-gnueabi/4.3.2/../../../../arm-mv5sft-linux-gnueabi/bin/ld: cannot find -llthread
collect2: ld returned 1 exit status
configure:5960: $? = 1
configure: failed program was:
| /* confdefs.h.  */
| 
| #define PACKAGE_NAME "Kerberos 5"
| #define PACKAGE_TARNAME "krb5"
| #define PACKAGE_VERSION "1.7.1"
| #define PACKAGE_STRING "Kerberos 5 1.7.1"
| #define PACKAGE_BUGREPORT "krb5-bugs@mit.edu"
| #ifdef __cplusplus
| extern "C" void exit (int) throw ();
| #endif
| #define STDC_HEADERS 1
| #define HAVE_SYS_TYPES_H 1
| #define HAVE_SYS_STAT_H 1
| #define HAVE_STDLIB_H 1
| #define HAVE_STRING_H 1
| #define HAVE_MEMORY_H 1
| #define HAVE_STRINGS_H 1
| #define HAVE_INTTYPES_H 1
| #define HAVE_STDINT_H 1
| #define HAVE_UNISTD_H 1
| #define HAVE_BT_RSEQ 1
| #define KRB5_DNS_LOOKUP_KDC 1
| #define KRB5_DNS_LOOKUP 1
| #define HAVE_LIBRESOLV 1
| #define HAVE_RES_NINIT 1
| #define HAVE_RES_NCLOSE 1
| #define HAVE_RES_NSEARCH 1
| #define HAVE_DN_SKIPNAME 1
| #define HAVE_RES_SEARCH 1
| #define HAVE_PRAGMA_WEAK_REF 1
| #define DELAY_INITIALIZER 1
| #define ENABLE_THREADS 1
| /* end confdefs.h.  */
| #include <pthread.h>
| int
| main ()
| {
| pthread_t th; pthread_join(th, 0);
|                      pthread_attr_init(0); pthread_cleanup_push(0, 0);
|                      pthread_create(0,0,0,0); pthread_cleanup_pop(0);
|   ;
|   return 0;
| }
configure:5987: result: no
configure:5868: checking whether pthreads work with -pthread
configure:5954: arm-mv5sft-linux-gnueabi-gcc -o conftest -DUSE_LINKER_FINI_OPTION -pthread   conftest.c  -lresolv  >&5
configure:5960: $? = 0
configure:5964: test -z 
			 || test ! -s conftest.err
configure:5967: $? = 0
configure:5970: test -s conftest
configure:5973: $? = 0
configure:5987: result: yes
configure:6007: checking for joinable pthread attribute
configure:6025: arm-mv5sft-linux-gnueabi-gcc -o conftest -DUSE_LINKER_FINI_OPTION -pthread   conftest.c  -lresolv  >&5
configure:6031: $? = 0
configure:6035: test -z 
			 || test ! -s conftest.err
configure:6038: $? = 0
configure:6041: test -s conftest
configure:6044: $? = 0
configure:6110: result: PTHREAD_CREATE_JOINABLE
configure:6117: checking if more special flags are required for pthreads
configure:6124: result: no
configure:6136: checking for cc_r
configure:6163: result: arm-mv5sft-linux-gnueabi-gcc
configure:6199: PTHREAD_CC = arm-mv5sft-linux-gnueabi-gcc
configure:6201: PTHREAD_CFLAGS = -pthread
configure:6203: PTHREAD_LIBS = 
configure:6256: checking for pthread_once
configure:6344: result: no
configure:6256: checking for pthread_rwlock_init
configure:6344: result: no
configure:6362: rechecking with PTHREAD_... options
configure:6364: checking for pthread_rwlock_init in -lc
configure:6426: result: yes
configure:6443: checking for library containing dlopen
configure:6562: result: -ldl
configure:6586: checking for keyutils.h
configure:6591: result: no
configure:6817: checking for strcasecmp
configure:6874: arm-mv5sft-linux-gnueabi-gcc -o conftest -DUSE_LINKER_FINI_OPTION   conftest.c -lresolv  >&5
conftest.c:61: warning: conflicting types for built-in function 'strcasecmp'
configure:6880: $? = 0
configure:6884: test -z 
			 || test ! -s conftest.err
configure:6887: $? = 0
configure:6890: test -s conftest
configure:6893: $? = 0
configure:6905: result: yes
configure:6817: checking for strdup
configure:6905: result: yes
configure:6817: checking for setsid
configure:6905: result: yes
configure:6817: checking for strerror
configure:6905: result: yes
configure:6817: checking for strftime
configure:6905: result: yes
configure:6817: checking for getopt
configure:6874: arm-mv5sft-linux-gnueabi-gcc -o conftest -DUSE_LINKER_FINI_OPTION   conftest.c -lresolv  >&5
configure:6880: $? = 0
configure:6884: test -z 
			 || test ! -s conftest.err
configure:6887: $? = 0
configure:6890: test -s conftest
configure:6893: $? = 0
configure:6905: result: yes
configure:6817: checking for herror
configure:6874: arm-mv5sft-linux-gnueabi-gcc -o conftest -DUSE_LINKER_FINI_OPTION   conftest.c -lresolv  >&5
configure:6880: $? = 0
configure:6884: test -z 
			 || test ! -s conftest.err
configure:6887: $? = 0
configure:6890: test -s conftest
configure:6893: $? = 0
configure:6905: result: yes
configure:6817: checking for parsetos
configure:6874: arm-mv5sft-linux-gnueabi-gcc -o conftest -DUSE_LINKER_FINI_OPTION   conftest.c -lresolv  >&5
/tmp/ccamRXcf.o: In function `main':
conftest.c:(.text+0x34): undefined reference to `parsetos'
/tmp/ccamRXcf.o:(.data+0x0): undefined reference to `parsetos'
collect2: ld returned 1 exit status
configure:6880: $? = 1
configure: failed program was:
| /* confdefs.h.  */
| 
| #define PACKAGE_NAME "Kerberos 5"
| #define PACKAGE_TARNAME "krb5"
| #define PACKAGE_VERSION "1.7.1"
| #define PACKAGE_STRING "Kerberos 5 1.7.1"
| #define PACKAGE_BUGREPORT "krb5-bugs@mit.edu"
| #ifdef __cplusplus
| extern "C" void exit (int) throw ();
| #endif
| #define STDC_HEADERS 1
| #define HAVE_SYS_TYPES_H 1
| #define HAVE_SYS_STAT_H 1
| #define HAVE_STDLIB_H 1
| #define HAVE_STRING_H 1
| #define HAVE_MEMORY_H 1
| #define HAVE_STRINGS_H 1
| #define HAVE_INTTYPES_H 1
| #define HAVE_STDINT_H 1
| #define HAVE_UNISTD_H 1
| #define HAVE_BT_RSEQ 1
| #define KRB5_DNS_LOOKUP_KDC 1
| #define KRB5_DNS_LOOKUP 1
| #define HAVE_LIBRESOLV 1
| #define HAVE_RES_NINIT 1
| #define HAVE_RES_NCLOSE 1
| #define HAVE_RES_NSEARCH 1
| #define HAVE_DN_SKIPNAME 1
| #define HAVE_RES_SEARCH 1
| #define HAVE_PRAGMA_WEAK_REF 1
| #define DELAY_INITIALIZER 1
| #define ENABLE_THREADS 1
| #define HAVE_PTHREAD 1
| #define HAVE_PTHREAD_RWLOCK_INIT_IN_THREAD_LIB 1
| #define USE_DLOPEN 1
| #define HAVE_STRCASECMP 1
| #define HAVE_STRDUP 1
| #define HAVE_SETSID 1
| #define HAVE_STRERROR 1
| #define HAVE_STRFTIME 1
| #define HAVE_GETOPT 1
| #define HAVE_HERROR 1
| /* end confdefs.h.  */
| /* Define parsetos to an innocuous variant, in case <limits.h> declares parsetos.
|    For example, HP-UX 11i <limits.h> declares gettimeofday.  */
| #define parsetos innocuous_parsetos
| 
| /* System header to define __stub macros and hopefully few prototypes,
|     which can conflict with char parsetos (); below.
|     Prefer <limits.h> to <assert.h> if __STDC__ is defined, since
|     <limits.h> exists even on freestanding compilers.  */
| 
| #ifdef __STDC__
| # include <limits.h>
| #else
| # include <assert.h>
| #endif
| 
| #undef parsetos
| 
| /* Override any gcc2 internal prototype to avoid an error.  */
| #ifdef __cplusplus
| extern "C"
| {
| #endif
| /* We use char because int might match the return type of a gcc2
|    builtin and then its argument prototype would still apply.  */
| char parsetos ();
| /* The GNU C library defines this for functions which it implements
|     to always fail with ENOSYS.  Some functions are actually named
|     something starting with __ and the normal name is an alias.  */
| #if defined (__stub_parsetos) || defined (__stub___parsetos)
| choke me
| #else
| char (*f) () = parsetos;
| #endif
| #ifdef __cplusplus
| }
| #endif
| 
| int
| main ()
| {
| return f != parsetos;
|   ;
|   return 0;
| }
configure:6905: result: no
configure:6935: checking for setenv
configure:7023: result: yes
configure:6935: checking for unsetenv
configure:7023: result: yes
configure:6935: checking for getenv
configure:7023: result: yes
configure:6935: checking for gettosbyname
configure:7023: result: no
configure:6935: checking for cgetent
configure:6992: arm-mv5sft-linux-gnueabi-gcc -o conftest -DUSE_LINKER_FINI_OPTION   conftest.c -lresolv  >&5
/tmp/ccKDHTKu.o: In function `main':
conftest.c:(.text+0x34): undefined reference to `cgetent'
/tmp/ccKDHTKu.o:(.data+0x0): undefined reference to `cgetent'
collect2: ld returned 1 exit status
configure:6998: $? = 1
configure: failed program was:
| /* confdefs.h.  */
| 
| #define PACKAGE_NAME "Kerberos 5"
| #define PACKAGE_TARNAME "krb5"
| #define PACKAGE_VERSION "1.7.1"
| #define PACKAGE_STRING "Kerberos 5 1.7.1"
| #define PACKAGE_BUGREPORT "krb5-bugs@mit.edu"
| #ifdef __cplusplus
| extern "C" void exit (int) throw ();
| #endif
| #define STDC_HEADERS 1
| #define HAVE_SYS_TYPES_H 1
| #define HAVE_SYS_STAT_H 1
| #define HAVE_STDLIB_H 1
| #define HAVE_STRING_H 1
| #define HAVE_MEMORY_H 1
| #define HAVE_STRINGS_H 1
| #define HAVE_INTTYPES_H 1
| #define HAVE_STDINT_H 1
| #define HAVE_UNISTD_H 1
| #define HAVE_BT_RSEQ 1
| #define KRB5_DNS_LOOKUP_KDC 1
| #define KRB5_DNS_LOOKUP 1
| #define HAVE_LIBRESOLV 1
| #define HAVE_RES_NINIT 1
| #define HAVE_RES_NCLOSE 1
| #define HAVE_RES_NSEARCH 1
| #define HAVE_DN_SKIPNAME 1
| #define HAVE_RES_SEARCH 1
| #define HAVE_PRAGMA_WEAK_REF 1
| #define DELAY_INITIALIZER 1
| #define ENABLE_THREADS 1
| #define HAVE_PTHREAD 1
| #define HAVE_PTHREAD_RWLOCK_INIT_IN_THREAD_LIB 1
| #define USE_DLOPEN 1
| #define HAVE_STRCASECMP 1
| #define HAVE_STRDUP 1
| #define HAVE_SETSID 1
| #define HAVE_STRERROR 1
| #define HAVE_STRFTIME 1
| #define HAVE_GETOPT 1
| #define HAVE_HERROR 1
| #define HAVE_SETENV 1
| #define HAVE_UNSETENV 1
| #define HAVE_GETENV 1
| /* end confdefs.h.  */
| /* Define cgetent to an innocuous variant, in case <limits.h> declares cgetent.
|    For example, HP-UX 11i <limits.h> declares gettimeofday.  */
| #define cgetent innocuous_cgetent
| 
| /* System header to define __stub macros and hopefully few prototypes,
|     which can conflict with char cgetent (); below.
|     Prefer <limits.h> to <assert.h> if __STDC__ is defined, since
|     <limits.h> exists even on freestanding compilers.  */
| 
| #ifdef __STDC__
| # include <limits.h>
| #else
| # include <assert.h>
| #endif
| 
| #undef cgetent
| 
| /* Override any gcc2 internal prototype to avoid an error.  */
| #ifdef __cplusplus
| extern "C"
| {
| #endif
| /* We use char because int might match the return type of a gcc2
|    builtin and then its argument prototype would still apply.  */
| char cgetent ();
| /* The GNU C library defines this for functions which it implements
|     to always fail with ENOSYS.  Some functions are actually named
|     something starting with __ and the normal name is an alias.  */
| #if defined (__stub_cgetent) || defined (__stub___cgetent)
| choke me
| #else
| char (*f) () = cgetent;
| #endif
| #ifdef __cplusplus
| }
| #endif
| 
| int
| main ()
| {
| return f != cgetent;
|   ;
|   return 0;
| }
configure:7023: result: no
configure:6935: checking for gettosbyname
configure:7023: result: no
configure:6935: checking for vsnprintf
configure:7023: result: yes
configure:7053: checking for stdlib.h
configure:7058: result: yes
configure:7053: checking for string.h
configure:7058: result: yes
configure:7053: checking for unistd.h
configure:7058: result: yes
configure:7053: checking for arpa/nameser.h
configure:7058: result: yes
configure:7053: checking for sys/select.h
configure:7058: result: yes
configure:7053: checking for arpa/inet.h
configure:7058: result: yes
configure:7053: checking for sys/filio.h
configure:7058: result: no
configure:7062: checking curses.h usability
configure:7074: arm-mv5sft-linux-gnueabi-gcc -c -DUSE_LINKER_FINI_OPTION  conftest.c >&5
conftest.c:88:20: error: curses.h: No such file or directory
configure:7080: $? = 1
configure: failed program was:
| /* confdefs.h.  */
| 
| #define PACKAGE_NAME "Kerberos 5"
| #define PACKAGE_TARNAME "krb5"
| #define PACKAGE_VERSION "1.7.1"
| #define PACKAGE_STRING "Kerberos 5 1.7.1"
| #define PACKAGE_BUGREPORT "krb5-bugs@mit.edu"
| #ifdef __cplusplus
| extern "C" void exit (int) throw ();
| #endif
| #define STDC_HEADERS 1
| #define HAVE_SYS_TYPES_H 1
| #define HAVE_SYS_STAT_H 1
| #define HAVE_STDLIB_H 1
| #define HAVE_STRING_H 1
| #define HAVE_MEMORY_H 1
| #define HAVE_STRINGS_H 1
| #define HAVE_INTTYPES_H 1
| #define HAVE_STDINT_H 1
| #define HAVE_UNISTD_H 1
| #define HAVE_BT_RSEQ 1
| #define KRB5_DNS_LOOKUP_KDC 1
| #define KRB5_DNS_LOOKUP 1
| #define HAVE_LIBRESOLV 1
| #define HAVE_RES_NINIT 1
| #define HAVE_RES_NCLOSE 1
| #define HAVE_RES_NSEARCH 1
| #define HAVE_DN_SKIPNAME 1
| #define HAVE_RES_SEARCH 1
| #define HAVE_PRAGMA_WEAK_REF 1
| #define DELAY_INITIALIZER 1
| #define ENABLE_THREADS 1
| #define HAVE_PTHREAD 1
| #define HAVE_PTHREAD_RWLOCK_INIT_IN_THREAD_LIB 1
| #define USE_DLOPEN 1
| #define HAVE_STRCASECMP 1
| #define HAVE_STRDUP 1
| #define HAVE_SETSID 1
| #define HAVE_STRERROR 1
| #define HAVE_STRFTIME 1
| #define HAVE_GETOPT 1
| #define HAVE_HERROR 1
| #define HAVE_SETENV 1
| #define HAVE_UNSETENV 1
| #define HAVE_GETENV 1
| #define HAVE_VSNPRINTF 1
| #define HAVE_STDLIB_H 1
| #define HAVE_STRING_H 1
| #define HAVE_UNISTD_H 1
| #define HAVE_ARPA_NAMESER_H 1
| #define HAVE_SYS_SELECT_H 1
| #define HAVE_ARPA_INET_H 1
| /* end confdefs.h.  */
| #include <stdio.h>
| #if HAVE_SYS_TYPES_H
| # include <sys/types.h>
| #endif
| #if HAVE_SYS_STAT_H
| # include <sys/stat.h>
| #endif
| #if STDC_HEADERS
| # include <stdlib.h>
| # include <stddef.h>
| #else
| # if HAVE_STDLIB_H
| #  include <stdlib.h>
| # endif
| #endif
| #if HAVE_STRING_H
| # if !STDC_HEADERS && HAVE_MEMORY_H
| #  include <memory.h>
| # endif
| # include <string.h>
| #endif
| #if HAVE_STRINGS_H
| # include <strings.h>
| #endif
| #if HAVE_INTTYPES_H
| # include <inttypes.h>
| #else
| # if HAVE_STDINT_H
| #  include <stdint.h>
| # endif
| #endif
| #if HAVE_UNISTD_H
| # include <unistd.h>
| #endif
| #include <curses.h>
configure:7103: result: no
configure:7107: checking curses.h presence
configure:7117: arm-mv5sft-linux-gnueabi-gcc -E  conftest.c
conftest.c:54:20: error: curses.h: No such file or directory
configure:7123: $? = 1
configure: failed program was:
| /* confdefs.h.  */
| 
| #define PACKAGE_NAME "Kerberos 5"
| #define PACKAGE_TARNAME "krb5"
| #define PACKAGE_VERSION "1.7.1"
| #define PACKAGE_STRING "Kerberos 5 1.7.1"
| #define PACKAGE_BUGREPORT "krb5-bugs@mit.edu"
| #ifdef __cplusplus
| extern "C" void exit (int) throw ();
| #endif
| #define STDC_HEADERS 1
| #define HAVE_SYS_TYPES_H 1
| #define HAVE_SYS_STAT_H 1
| #define HAVE_STDLIB_H 1
| #define HAVE_STRING_H 1
| #define HAVE_MEMORY_H 1
| #define HAVE_STRINGS_H 1
| #define HAVE_INTTYPES_H 1
| #define HAVE_STDINT_H 1
| #define HAVE_UNISTD_H 1
| #define HAVE_BT_RSEQ 1
| #define KRB5_DNS_LOOKUP_KDC 1
| #define KRB5_DNS_LOOKUP 1
| #define HAVE_LIBRESOLV 1
| #define HAVE_RES_NINIT 1
| #define HAVE_RES_NCLOSE 1
| #define HAVE_RES_NSEARCH 1
| #define HAVE_DN_SKIPNAME 1
| #define HAVE_RES_SEARCH 1
| #define HAVE_PRAGMA_WEAK_REF 1
| #define DELAY_INITIALIZER 1
| #define ENABLE_THREADS 1
| #define HAVE_PTHREAD 1
| #define HAVE_PTHREAD_RWLOCK_INIT_IN_THREAD_LIB 1
| #define USE_DLOPEN 1
| #define HAVE_STRCASECMP 1
| #define HAVE_STRDUP 1
| #define HAVE_SETSID 1
| #define HAVE_STRERROR 1
| #define HAVE_STRFTIME 1
| #define HAVE_GETOPT 1
| #define HAVE_HERROR 1
| #define HAVE_SETENV 1
| #define HAVE_UNSETENV 1
| #define HAVE_GETENV 1
| #define HAVE_VSNPRINTF 1
| #define HAVE_STDLIB_H 1
| #define HAVE_STRING_H 1
| #define HAVE_UNISTD_H 1
| #define HAVE_ARPA_NAMESER_H 1
| #define HAVE_SYS_SELECT_H 1
| #define HAVE_ARPA_INET_H 1
| /* end confdefs.h.  */
| #include <curses.h>
configure:7143: result: no
configure:7178: checking for curses.h
configure:7185: result: no
configure:7053: checking for utmp.h
configure:7058: result: yes
configure:7053: checking for sys/time.h
configure:7058: result: yes
configure:7053: checking for sys/tty.h
configure:7058: result: no
configure:7062: checking sac.h usability
configure:7074: arm-mv5sft-linux-gnueabi-gcc -c -DUSE_LINKER_FINI_OPTION  conftest.c >&5
conftest.c:90:17: error: sac.h: No such file or directory
configure:7080: $? = 1
configure: failed program was:
| /* confdefs.h.  */
| 
| #define PACKAGE_NAME "Kerberos 5"
| #define PACKAGE_TARNAME "krb5"
| #define PACKAGE_VERSION "1.7.1"
| #define PACKAGE_STRING "Kerberos 5 1.7.1"
| #define PACKAGE_BUGREPORT "krb5-bugs@mit.edu"
| #ifdef __cplusplus
| extern "C" void exit (int) throw ();
| #endif
| #define STDC_HEADERS 1
| #define HAVE_SYS_TYPES_H 1
| #define HAVE_SYS_STAT_H 1
| #define HAVE_STDLIB_H 1
| #define HAVE_STRING_H 1
| #define HAVE_MEMORY_H 1
| #define HAVE_STRINGS_H 1
| #define HAVE_INTTYPES_H 1
| #define HAVE_STDINT_H 1
| #define HAVE_UNISTD_H 1
| #define HAVE_BT_RSEQ 1
| #define KRB5_DNS_LOOKUP_KDC 1
| #define KRB5_DNS_LOOKUP 1
| #define HAVE_LIBRESOLV 1
| #define HAVE_RES_NINIT 1
| #define HAVE_RES_NCLOSE 1
| #define HAVE_RES_NSEARCH 1
| #define HAVE_DN_SKIPNAME 1
| #define HAVE_RES_SEARCH 1
| #define HAVE_PRAGMA_WEAK_REF 1
| #define DELAY_INITIALIZER 1
| #define ENABLE_THREADS 1
| #define HAVE_PTHREAD 1
| #define HAVE_PTHREAD_RWLOCK_INIT_IN_THREAD_LIB 1
| #define USE_DLOPEN 1
| #define HAVE_STRCASECMP 1
| #define HAVE_STRDUP 1
| #define HAVE_SETSID 1
| #define HAVE_STRERROR 1
| #define HAVE_STRFTIME 1
| #define HAVE_GETOPT 1
| #define HAVE_HERROR 1
| #define HAVE_SETENV 1
| #define HAVE_UNSETENV 1
| #define HAVE_GETENV 1
| #define HAVE_VSNPRINTF 1
| #define HAVE_STDLIB_H 1
| #define HAVE_STRING_H 1
| #define HAVE_UNISTD_H 1
| #define HAVE_ARPA_NAMESER_H 1
| #define HAVE_SYS_SELECT_H 1
| #define HAVE_ARPA_INET_H 1
| #define HAVE_UTMP_H 1
| #define HAVE_SYS_TIME_H 1
| /* end confdefs.h.  */
| #include <stdio.h>
| #if HAVE_SYS_TYPES_H
| # include <sys/types.h>
| #endif
| #if HAVE_SYS_STAT_H
| # include <sys/stat.h>
| #endif
| #if STDC_HEADERS
| # include <stdlib.h>
| # include <stddef.h>
| #else
| # if HAVE_STDLIB_H
| #  include <stdlib.h>
| # endif
| #endif
| #if HAVE_STRING_H
| # if !STDC_HEADERS && HAVE_MEMORY_H
| #  include <memory.h>
| # endif
| # include <string.h>
| #endif
| #if HAVE_STRINGS_H
| # include <strings.h>
| #endif
| #if HAVE_INTTYPES_H
| # include <inttypes.h>
| #else
| # if HAVE_STDINT_H
| #  include <stdint.h>
| # endif
| #endif
| #if HAVE_UNISTD_H
| # include <unistd.h>
| #endif
| #include <sac.h>
configure:7103: result: no
configure:7107: checking sac.h presence
configure:7117: arm-mv5sft-linux-gnueabi-gcc -E  conftest.c
conftest.c:56:17: error: sac.h: No such file or directory
configure:7123: $? = 1
configure: failed program was:
| /* confdefs.h.  */
| 
| #define PACKAGE_NAME "Kerberos 5"
| #define PACKAGE_TARNAME "krb5"
| #define PACKAGE_VERSION "1.7.1"
| #define PACKAGE_STRING "Kerberos 5 1.7.1"
| #define PACKAGE_BUGREPORT "krb5-bugs@mit.edu"
| #ifdef __cplusplus
| extern "C" void exit (int) throw ();
| #endif
| #define STDC_HEADERS 1
| #define HAVE_SYS_TYPES_H 1
| #define HAVE_SYS_STAT_H 1
| #define HAVE_STDLIB_H 1
| #define HAVE_STRING_H 1
| #define HAVE_MEMORY_H 1
| #define HAVE_STRINGS_H 1
| #define HAVE_INTTYPES_H 1
| #define HAVE_STDINT_H 1
| #define HAVE_UNISTD_H 1
| #define HAVE_BT_RSEQ 1
| #define KRB5_DNS_LOOKUP_KDC 1
| #define KRB5_DNS_LOOKUP 1
| #define HAVE_LIBRESOLV 1
| #define HAVE_RES_NINIT 1
| #define HAVE_RES_NCLOSE 1
| #define HAVE_RES_NSEARCH 1
| #define HAVE_DN_SKIPNAME 1
| #define HAVE_RES_SEARCH 1
| #define HAVE_PRAGMA_WEAK_REF 1
| #define DELAY_INITIALIZER 1
| #define ENABLE_THREADS 1
| #define HAVE_PTHREAD 1
| #define HAVE_PTHREAD_RWLOCK_INIT_IN_THREAD_LIB 1
| #define USE_DLOPEN 1
| #define HAVE_STRCASECMP 1
| #define HAVE_STRDUP 1
| #define HAVE_SETSID 1
| #define HAVE_STRERROR 1
| #define HAVE_STRFTIME 1
| #define HAVE_GETOPT 1
| #define HAVE_HERROR 1
| #define HAVE_SETENV 1
| #define HAVE_UNSETENV 1
| #define HAVE_GETENV 1
| #define HAVE_VSNPRINTF 1
| #define HAVE_STDLIB_H 1
| #define HAVE_STRING_H 1
| #define HAVE_UNISTD_H 1
| #define HAVE_ARPA_NAMESER_H 1
| #define HAVE_SYS_SELECT_H 1
| #define HAVE_ARPA_INET_H 1
| #define HAVE_UTMP_H 1
| #define HAVE_SYS_TIME_H 1
| /* end confdefs.h.  */
| #include <sac.h>
configure:7143: result: no
configure:7178: checking for sac.h
configure:7185: result: no
configure:7053: checking for sys/ptyvar.h
configure:7058: result: no
configure:7053: checking for sys/stream.h
configure:7058: result: no
configure:7062: checking sys/utsname.h usability
configure:7074: arm-mv5sft-linux-gnueabi-gcc -c -DUSE_LINKER_FINI_OPTION  conftest.c >&5
configure:7080: $? = 0
configure:7084: test -z 
			 || test ! -s conftest.err
configure:7087: $? = 0
configure:7090: test -s conftest.o
configure:7093: $? = 0
configure:7103: result: yes
configure:7107: checking sys/utsname.h presence
configure:7117: arm-mv5sft-linux-gnueabi-gcc -E  conftest.c
configure:7123: $? = 0
configure:7143: result: yes
configure:7178: checking for sys/utsname.h
configure:7185: result: yes
configure:7053: checking for memory.h
configure:7058: result: yes
configure:7212: checking if setenv needs a prototype provided
configure:7237: arm-mv5sft-linux-gnueabi-gcc -c -DUSE_LINKER_FINI_OPTION  conftest.c >&5
conftest.c: In function 'main':
conftest.c:64: error: conflicting types for 'setenv'
/opt_gccarm/arm-mv5sft-linux-gnueabi/bin/../arm-mv5sft-linux-gnueabi//sys-root/usr/include/stdlib.h:563: error: previous declaration of 'setenv' was here
configure:7243: $? = 1
configure: failed program was:
| /* confdefs.h.  */
| 
| #define PACKAGE_NAME "Kerberos 5"
| #define PACKAGE_TARNAME "krb5"
| #define PACKAGE_VERSION "1.7.1"
| #define PACKAGE_STRING "Kerberos 5 1.7.1"
| #define PACKAGE_BUGREPORT "krb5-bugs@mit.edu"
| #ifdef __cplusplus
| extern "C" void exit (int) throw ();
| #endif
| #define STDC_HEADERS 1
| #define HAVE_SYS_TYPES_H 1
| #define HAVE_SYS_STAT_H 1
| #define HAVE_STDLIB_H 1
| #define HAVE_STRING_H 1
| #define HAVE_MEMORY_H 1
| #define HAVE_STRINGS_H 1
| #define HAVE_INTTYPES_H 1
| #define HAVE_STDINT_H 1
| #define HAVE_UNISTD_H 1
| #define HAVE_BT_RSEQ 1
| #define KRB5_DNS_LOOKUP_KDC 1
| #define KRB5_DNS_LOOKUP 1
| #define HAVE_LIBRESOLV 1
| #define HAVE_RES_NINIT 1
| #define HAVE_RES_NCLOSE 1
| #define HAVE_RES_NSEARCH 1
| #define HAVE_DN_SKIPNAME 1
| #define HAVE_RES_SEARCH 1
| #define HAVE_PRAGMA_WEAK_REF 1
| #define DELAY_INITIALIZER 1
| #define ENABLE_THREADS 1
| #define HAVE_PTHREAD 1
| #define HAVE_PTHREAD_RWLOCK_INIT_IN_THREAD_LIB 1
| #define USE_DLOPEN 1
| #define HAVE_STRCASECMP 1
| #define HAVE_STRDUP 1
| #define HAVE_SETSID 1
| #define HAVE_STRERROR 1
| #define HAVE_STRFTIME 1
| #define HAVE_GETOPT 1
| #define HAVE_HERROR 1
| #define HAVE_SETENV 1
| #define HAVE_UNSETENV 1
| #define HAVE_GETENV 1
| #define HAVE_VSNPRINTF 1
| #define HAVE_STDLIB_H 1
| #define HAVE_STRING_H 1
| #define HAVE_UNISTD_H 1
| #define HAVE_ARPA_NAMESER_H 1
| #define HAVE_SYS_SELECT_H 1
| #define HAVE_ARPA_INET_H 1
| #define HAVE_UTMP_H 1
| #define HAVE_SYS_TIME_H 1
| #define HAVE_SYS_UTSNAME_H 1
| #define HAVE_MEMORY_H 1
| /* end confdefs.h.  */
| #include <stdlib.h>
| int
| main ()
| {
| #undef setenv
| struct k5foo {int foo; } xx;
| extern int setenv (struct k5foo*);
| setenv(&xx);
| 
|   ;
|   return 0;
| }
configure:7267: result: no
configure:7278: checking for an ANSI C-conforming const
configure:7375: result: yes
configure:7444: using shared libraries
configure:7487: checking whether ln -s works
configure:7491: result: yes
configure:7501: checking for arm-mv5sft-linux-gnueabi-ranlib
configure:7527: result: arm-mv5sft-linux-gnueabi-ranlib
configure:7580: checking for ar
configure:7607: result: ar cqv
configure:7616: checking for ar
configure:7643: result: ar cruv
configure:7663: checking for a BSD-compatible install
configure:7718: result: /usr/bin/install -c
configure:7731: checking for ar
configure:7758: result: ar
configure:7767: checking for perl
configure:7794: result: perl
configure:7845: checking for a BSD-compatible install
configure:7900: result: /usr/bin/install -c
configure:7911: checking for pid_t
configure:7965: result: yes
configure:7983: checking for unistd.h
configure:7988: result: yes
configure:7983: checking for vfork.h
configure:7988: result: no
configure:8133: checking for fork
configure:8221: result: yes
configure:8133: checking for vfork
configure:8221: result: yes
configure:8232: checking for working fork
configure:8277: result: yes
configure:8298: checking for working vfork
configure:8431: result: yes
configure:8464: checking for stdarg.h
configure:8523: result: yes
configure:8620: checking for term.h
configure:8639: arm-mv5sft-linux-gnueabi-gcc -c -DUSE_LINKER_FINI_OPTION  conftest.c >&5
conftest.c:69:18: error: term.h: No such file or directory
configure:8645: $? = 1
configure: failed program was:
| /* confdefs.h.  */
| 
| #define PACKAGE_NAME "Kerberos 5"
| #define PACKAGE_TARNAME "krb5"
| #define PACKAGE_VERSION "1.7.1"
| #define PACKAGE_STRING "Kerberos 5 1.7.1"
| #define PACKAGE_BUGREPORT "krb5-bugs@mit.edu"
| #ifdef __cplusplus
| extern "C" void exit (int) throw ();
| #endif
| #define STDC_HEADERS 1
| #define HAVE_SYS_TYPES_H 1
| #define HAVE_SYS_STAT_H 1
| #define HAVE_STDLIB_H 1
| #define HAVE_STRING_H 1
| #define HAVE_MEMORY_H 1
| #define HAVE_STRINGS_H 1
| #define HAVE_INTTYPES_H 1
| #define HAVE_STDINT_H 1
| #define HAVE_UNISTD_H 1
| #define HAVE_BT_RSEQ 1
| #define KRB5_DNS_LOOKUP_KDC 1
| #define KRB5_DNS_LOOKUP 1
| #define HAVE_LIBRESOLV 1
| #define HAVE_RES_NINIT 1
| #define HAVE_RES_NCLOSE 1
| #define HAVE_RES_NSEARCH 1
| #define HAVE_DN_SKIPNAME 1
| #define HAVE_RES_SEARCH 1
| #define HAVE_PRAGMA_WEAK_REF 1
| #define DELAY_INITIALIZER 1
| #define ENABLE_THREADS 1
| #define HAVE_PTHREAD 1
| #define HAVE_PTHREAD_RWLOCK_INIT_IN_THREAD_LIB 1
| #define USE_DLOPEN 1
| #define HAVE_STRCASECMP 1
| #define HAVE_STRDUP 1
| #define HAVE_SETSID 1
| #define HAVE_STRERROR 1
| #define HAVE_STRFTIME 1
| #define HAVE_GETOPT 1
| #define HAVE_HERROR 1
| #define HAVE_SETENV 1
| #define HAVE_UNSETENV 1
| #define HAVE_GETENV 1
| #define HAVE_VSNPRINTF 1
| #define HAVE_STDLIB_H 1
| #define HAVE_STRING_H 1
| #define HAVE_UNISTD_H 1
| #define HAVE_ARPA_NAMESER_H 1
| #define HAVE_SYS_SELECT_H 1
| #define HAVE_ARPA_INET_H 1
| #define HAVE_UTMP_H 1
| #define HAVE_SYS_TIME_H 1
| #define HAVE_SYS_UTSNAME_H 1
| #define HAVE_MEMORY_H 1
| #define HAVE_UNISTD_H 1
| #define HAVE_FORK 1
| #define HAVE_VFORK 1
| #define HAVE_WORKING_VFORK 1
| #define HAVE_WORKING_FORK 1
| #define HAVE_STDARG_H 1
| /* end confdefs.h.  */
| #ifdef HAVE_CURSES_H
| #include <curses.h>
| #endif
| 
| 
| #include <term.h>
configure:8669: result: no
configure:8680: checking for main in -ltermcap
configure:8704: arm-mv5sft-linux-gnueabi-gcc -o conftest -DUSE_LINKER_FINI_OPTION   conftest.c -ltermcap  -lresolv  >&5
/opt_gccarm/arm-mv5sft-linux-gnueabi/bin/../lib/gcc/arm-mv5sft-linux-gnueabi/4.3.2/../../../../arm-mv5sft-linux-gnueabi/bin/ld: cannot find -ltermcap
collect2: ld returned 1 exit status
configure:8710: $? = 1
configure: failed program was:
| /* confdefs.h.  */
| 
| #define PACKAGE_NAME "Kerberos 5"
| #define PACKAGE_TARNAME "krb5"
| #define PACKAGE_VERSION "1.7.1"
| #define PACKAGE_STRING "Kerberos 5 1.7.1"
| #define PACKAGE_BUGREPORT "krb5-bugs@mit.edu"
| #ifdef __cplusplus
| extern "C" void exit (int) throw ();
| #endif
| #define STDC_HEADERS 1
| #define HAVE_SYS_TYPES_H 1
| #define HAVE_SYS_STAT_H 1
| #define HAVE_STDLIB_H 1
| #define HAVE_STRING_H 1
| #define HAVE_MEMORY_H 1
| #define HAVE_STRINGS_H 1
| #define HAVE_INTTYPES_H 1
| #define HAVE_STDINT_H 1
| #define HAVE_UNISTD_H 1
| #define HAVE_BT_RSEQ 1
| #define KRB5_DNS_LOOKUP_KDC 1
| #define KRB5_DNS_LOOKUP 1
| #define HAVE_LIBRESOLV 1
| #define HAVE_RES_NINIT 1
| #define HAVE_RES_NCLOSE 1
| #define HAVE_RES_NSEARCH 1
| #define HAVE_DN_SKIPNAME 1
| #define HAVE_RES_SEARCH 1
| #define HAVE_PRAGMA_WEAK_REF 1
| #define DELAY_INITIALIZER 1
| #define ENABLE_THREADS 1
| #define HAVE_PTHREAD 1
| #define HAVE_PTHREAD_RWLOCK_INIT_IN_THREAD_LIB 1
| #define USE_DLOPEN 1
| #define HAVE_STRCASECMP 1
| #define HAVE_STRDUP 1
| #define HAVE_SETSID 1
| #define HAVE_STRERROR 1
| #define HAVE_STRFTIME 1
| #define HAVE_GETOPT 1
| #define HAVE_HERROR 1
| #define HAVE_SETENV 1
| #define HAVE_UNSETENV 1
| #define HAVE_GETENV 1
| #define HAVE_VSNPRINTF 1
| #define HAVE_STDLIB_H 1
| #define HAVE_STRING_H 1
| #define HAVE_UNISTD_H 1
| #define HAVE_ARPA_NAMESER_H 1
| #define HAVE_SYS_SELECT_H 1
| #define HAVE_ARPA_INET_H 1
| #define HAVE_UTMP_H 1
| #define HAVE_SYS_TIME_H 1
| #define HAVE_SYS_UTSNAME_H 1
| #define HAVE_MEMORY_H 1
| #define HAVE_UNISTD_H 1
| #define HAVE_FORK 1
| #define HAVE_VFORK 1
| #define HAVE_WORKING_VFORK 1
| #define HAVE_WORKING_FORK 1
| #define HAVE_STDARG_H 1
| /* end confdefs.h.  */
| 
| 
| int
| main ()
| {
| main ();
|   ;
|   return 0;
| }
configure:8736: result: no
configure:8747: checking for setupterm in -lcurses
configure:8777: arm-mv5sft-linux-gnueabi-gcc -o conftest -DUSE_LINKER_FINI_OPTION   conftest.c -lcurses  -lresolv  >&5
/opt_gccarm/arm-mv5sft-linux-gnueabi/bin/../lib/gcc/arm-mv5sft-linux-gnueabi/4.3.2/../../../../arm-mv5sft-linux-gnueabi/bin/ld: cannot find -lcurses
collect2: ld returned 1 exit status
configure:8783: $? = 1
configure: failed program was:
| /* confdefs.h.  */
| 
| #define PACKAGE_NAME "Kerberos 5"
| #define PACKAGE_TARNAME "krb5"
| #define PACKAGE_VERSION "1.7.1"
| #define PACKAGE_STRING "Kerberos 5 1.7.1"
| #define PACKAGE_BUGREPORT "krb5-bugs@mit.edu"
| #ifdef __cplusplus
| extern "C" void exit (int) throw ();
| #endif
| #define STDC_HEADERS 1
| #define HAVE_SYS_TYPES_H 1
| #define HAVE_SYS_STAT_H 1
| #define HAVE_STDLIB_H 1
| #define HAVE_STRING_H 1
| #define HAVE_MEMORY_H 1
| #define HAVE_STRINGS_H 1
| #define HAVE_INTTYPES_H 1
| #define HAVE_STDINT_H 1
| #define HAVE_UNISTD_H 1
| #define HAVE_BT_RSEQ 1
| #define KRB5_DNS_LOOKUP_KDC 1
| #define KRB5_DNS_LOOKUP 1
| #define HAVE_LIBRESOLV 1
| #define HAVE_RES_NINIT 1
| #define HAVE_RES_NCLOSE 1
| #define HAVE_RES_NSEARCH 1
| #define HAVE_DN_SKIPNAME 1
| #define HAVE_RES_SEARCH 1
| #define HAVE_PRAGMA_WEAK_REF 1
| #define DELAY_INITIALIZER 1
| #define ENABLE_THREADS 1
| #define HAVE_PTHREAD 1
| #define HAVE_PTHREAD_RWLOCK_INIT_IN_THREAD_LIB 1
| #define USE_DLOPEN 1
| #define HAVE_STRCASECMP 1
| #define HAVE_STRDUP 1
| #define HAVE_SETSID 1
| #define HAVE_STRERROR 1
| #define HAVE_STRFTIME 1
| #define HAVE_GETOPT 1
| #define HAVE_HERROR 1
| #define HAVE_SETENV 1
| #define HAVE_UNSETENV 1
| #define HAVE_GETENV 1
| #define HAVE_VSNPRINTF 1
| #define HAVE_STDLIB_H 1
| #define HAVE_STRING_H 1
| #define HAVE_UNISTD_H 1
| #define HAVE_ARPA_NAMESER_H 1
| #define HAVE_SYS_SELECT_H 1
| #define HAVE_ARPA_INET_H 1
| #define HAVE_UTMP_H 1
| #define HAVE_SYS_TIME_H 1
| #define HAVE_SYS_UTSNAME_H 1
| #define HAVE_MEMORY_H 1
| #define HAVE_UNISTD_H 1
| #define HAVE_FORK 1
| #define HAVE_VFORK 1
| #define HAVE_WORKING_VFORK 1
| #define HAVE_WORKING_FORK 1
| #define HAVE_STDARG_H 1
| /* end confdefs.h.  */
| 
| /* Override any gcc2 internal prototype to avoid an error.  */
| #ifdef __cplusplus
| extern "C"
| #endif
| /* We use char because int might match the return type of a gcc2
|    builtin and then its argument prototype would still apply.  */
| char setupterm ();
| int
| main ()
| {
| setupterm ();
|   ;
|   return 0;
| }
configure:8809: result: no
configure:8814: checking for setupterm in -lncurses
configure:8844: arm-mv5sft-linux-gnueabi-gcc -o conftest -DUSE_LINKER_FINI_OPTION   conftest.c -lncurses  -lresolv  >&5
configure:8850: $? = 0
configure:8854: test -z 
			 || test ! -s conftest.err
configure:8857: $? = 0
configure:8860: test -s conftest
configure:8863: $? = 0
configure:8876: result: yes
configure:8885: checking for tgetent
configure:8942: arm-mv5sft-linux-gnueabi-gcc -o conftest -DUSE_LINKER_FINI_OPTION   conftest.c -lresolv  -lncurses >&5
configure:8948: $? = 0
configure:8952: test -z 
			 || test ! -s conftest.err
configure:8955: $? = 0
configure:8958: test -s conftest
configure:8961: $? = 0
configure:8973: result: yes
configure:8983: checking for struct sockaddr.sa_len
configure:9086: result: no
configure:9106: checking for sys/types.h
configure:9111: result: yes
configure:9106: checking for sys/socket.h
configure:9111: result: yes
configure:9106: checking for netinet/in.h
configure:9111: result: yes
configure:9106: checking for netdb.h
configure:9111: result: yes
configure:9257: checking for inet_ntop
configure:9345: result: yes
configure:9257: checking for inet_pton
configure:9345: result: yes
configure:9257: checking for getnameinfo
configure:9345: result: yes
configure:9355: checking for getaddrinfo
configure:9413: result: yes
configure:9427: checking for IPv6 compile-time support
configure:9495: result: yes
configure:9587: checking for setupterm
configure:9644: arm-mv5sft-linux-gnueabi-gcc -o conftest -DUSE_LINKER_FINI_OPTION   conftest.c -lresolv  -lncurses >&5
configure:9650: $? = 0
configure:9654: test -z 
			 || test ! -s conftest.err
configure:9657: $? = 0
configure:9660: test -s conftest
configure:9663: $? = 0
configure:9675: result: yes
configure:9686: checking for termios.h
configure:9691: result: yes
configure:10047: checking if parsetos needs a prototype provided
configure:10073: arm-mv5sft-linux-gnueabi-gcc -c -DUSE_LINKER_FINI_OPTION  conftest.c >&5
configure:10079: $? = 0
configure:10083: test -z 
			 || test ! -s conftest.err
configure:10086: $? = 0
configure:10089: test -s conftest.o
configure:10092: $? = 0
configure:10103: result: yes
configure:10116: checking if herror needs a prototype provided
configure:10144: arm-mv5sft-linux-gnueabi-gcc -c -DUSE_LINKER_FINI_OPTION  conftest.c >&5
conftest.c: In function 'main':
conftest.c:85: error: conflicting types for 'herror'
/opt_gccarm/arm-mv5sft-linux-gnueabi/bin/../arm-mv5sft-linux-gnueabi//sys-root/usr/include/netdb.h:91: error: previous declaration of 'herror' was here
configure:10150: $? = 1
configure: failed program was:
| /* confdefs.h.  */
| 
| #define PACKAGE_NAME "Kerberos 5"
| #define PACKAGE_TARNAME "krb5"
| #define PACKAGE_VERSION "1.7.1"
| #define PACKAGE_STRING "Kerberos 5 1.7.1"
| #define PACKAGE_BUGREPORT "krb5-bugs@mit.edu"
| #ifdef __cplusplus
| extern "C" void exit (int) throw ();
| #endif
| #define STDC_HEADERS 1
| #define HAVE_SYS_TYPES_H 1
| #define HAVE_SYS_STAT_H 1
| #define HAVE_STDLIB_H 1
| #define HAVE_STRING_H 1
| #define HAVE_MEMORY_H 1
| #define HAVE_STRINGS_H 1
| #define HAVE_INTTYPES_H 1
| #define HAVE_STDINT_H 1
| #define HAVE_UNISTD_H 1
| #define HAVE_BT_RSEQ 1
| #define KRB5_DNS_LOOKUP_KDC 1
| #define KRB5_DNS_LOOKUP 1
| #define HAVE_LIBRESOLV 1
| #define HAVE_RES_NINIT 1
| #define HAVE_RES_NCLOSE 1
| #define HAVE_RES_NSEARCH 1
| #define HAVE_DN_SKIPNAME 1
| #define HAVE_RES_SEARCH 1
| #define HAVE_PRAGMA_WEAK_REF 1
| #define DELAY_INITIALIZER 1
| #define ENABLE_THREADS 1
| #define HAVE_PTHREAD 1
| #define HAVE_PTHREAD_RWLOCK_INIT_IN_THREAD_LIB 1
| #define USE_DLOPEN 1
| #define HAVE_STRCASECMP 1
| #define HAVE_STRDUP 1
| #define HAVE_SETSID 1
| #define HAVE_STRERROR 1
| #define HAVE_STRFTIME 1
| #define HAVE_GETOPT 1
| #define HAVE_HERROR 1
| #define HAVE_SETENV 1
| #define HAVE_UNSETENV 1
| #define HAVE_GETENV 1
| #define HAVE_VSNPRINTF 1
| #define HAVE_STDLIB_H 1
| #define HAVE_STRING_H 1
| #define HAVE_UNISTD_H 1
| #define HAVE_ARPA_NAMESER_H 1
| #define HAVE_SYS_SELECT_H 1
| #define HAVE_ARPA_INET_H 1
| #define HAVE_UTMP_H 1
| #define HAVE_SYS_TIME_H 1
| #define HAVE_SYS_UTSNAME_H 1
| #define HAVE_MEMORY_H 1
| #define HAVE_UNISTD_H 1
| #define HAVE_FORK 1
| #define HAVE_VFORK 1
| #define HAVE_WORKING_VFORK 1
| #define HAVE_WORKING_FORK 1
| #define HAVE_STDARG_H 1
| #define HAVE_SYS_TYPES_H 1
| #define HAVE_SYS_SOCKET_H 1
| #define HAVE_NETINET_IN_H 1
| #define HAVE_NETDB_H 1
| #define HAVE_INET_NTOP 1
| #define HAVE_INET_PTON 1
| #define HAVE_GETNAMEINFO 1
| #define HAVE_GETADDRINFO 1
| #define KRB5_USE_INET6 1
| #define HAVE_SETUPTERM 1
| #define USE_TERMIO 1
| #define NEED_PARSETOS_PROTO 1
| /* end confdefs.h.  */
| #include <sys/types.h>
| #include <sys/socket.h>
| #include <netinet/in.h>
| #include <netdb.h>
| int
| main ()
| {
| #undef herror
| struct k5foo {int foo; } xx;
| extern int herror (struct k5foo*);
| herror(&xx);
| 
|   ;
|   return 0;
| }
configure:10174: result: no
configure:10186: checking for sigprocmask
configure:10274: result: yes
configure:10277: checking for sigset_t and POSIX_SIGNALS
configure:10329: result: yes
configure:10342: checking for working regcomp
configure:10390: result: yes
configure:10585: checking for main in -ltermcap
configure:10641: result: no
configure:10650: checking for setupterm in -lcurses
configure:10712: result: no
configure:10717: checking for setupterm in -lncurses
configure:10779: result: yes
configure:10790: checking whether time.h and sys/time.h may both be included
configure:10845: result: yes
configure:10855: checking if speed_t is defined
configure:10890: arm-mv5sft-linux-gnueabi-gcc -c -DUSE_LINKER_FINI_OPTION  conftest.c >&5
configure:10896: $? = 0
configure:10900: test -z 
			 || test ! -s conftest.err
configure:10903: $? = 0
configure:10906: test -s conftest.o
configure:10909: $? = 0
configure:10920: result: yes
configure:11047: checking if setpgrp takes two arguments
configure:11068: arm-mv5sft-linux-gnueabi-gcc -o conftest -DUSE_LINKER_FINI_OPTION   conftest.c -lresolv  -lncurses >&5
conftest.c: In function 'main':
conftest.c:83: error: too many arguments to function 'setpgrp'
configure:11074: $? = 1
configure: failed program was:
| /* confdefs.h.  */
| 
| #define PACKAGE_NAME "Kerberos 5"
| #define PACKAGE_TARNAME "krb5"
| #define PACKAGE_VERSION "1.7.1"
| #define PACKAGE_STRING "Kerberos 5 1.7.1"
| #define PACKAGE_BUGREPORT "krb5-bugs@mit.edu"
| #ifdef __cplusplus
| extern "C" void exit (int) throw ();
| #endif
| #define STDC_HEADERS 1
| #define HAVE_SYS_TYPES_H 1
| #define HAVE_SYS_STAT_H 1
| #define HAVE_STDLIB_H 1
| #define HAVE_STRING_H 1
| #define HAVE_MEMORY_H 1
| #define HAVE_STRINGS_H 1
| #define HAVE_INTTYPES_H 1
| #define HAVE_STDINT_H 1
| #define HAVE_UNISTD_H 1
| #define HAVE_BT_RSEQ 1
| #define KRB5_DNS_LOOKUP_KDC 1
| #define KRB5_DNS_LOOKUP 1
| #define HAVE_LIBRESOLV 1
| #define HAVE_RES_NINIT 1
| #define HAVE_RES_NCLOSE 1
| #define HAVE_RES_NSEARCH 1
| #define HAVE_DN_SKIPNAME 1
| #define HAVE_RES_SEARCH 1
| #define HAVE_PRAGMA_WEAK_REF 1
| #define DELAY_INITIALIZER 1
| #define ENABLE_THREADS 1
| #define HAVE_PTHREAD 1
| #define HAVE_PTHREAD_RWLOCK_INIT_IN_THREAD_LIB 1
| #define USE_DLOPEN 1
| #define HAVE_STRCASECMP 1
| #define HAVE_STRDUP 1
| #define HAVE_SETSID 1
| #define HAVE_STRERROR 1
| #define HAVE_STRFTIME 1
| #define HAVE_GETOPT 1
| #define HAVE_HERROR 1
| #define HAVE_SETENV 1
| #define HAVE_UNSETENV 1
| #define HAVE_GETENV 1
| #define HAVE_VSNPRINTF 1
| #define HAVE_STDLIB_H 1
| #define HAVE_STRING_H 1
| #define HAVE_UNISTD_H 1
| #define HAVE_ARPA_NAMESER_H 1
| #define HAVE_SYS_SELECT_H 1
| #define HAVE_ARPA_INET_H 1
| #define HAVE_UTMP_H 1
| #define HAVE_SYS_TIME_H 1
| #define HAVE_SYS_UTSNAME_H 1
| #define HAVE_MEMORY_H 1
| #define HAVE_UNISTD_H 1
| #define HAVE_FORK 1
| #define HAVE_VFORK 1
| #define HAVE_WORKING_VFORK 1
| #define HAVE_WORKING_FORK 1
| #define HAVE_STDARG_H 1
| #define HAVE_SYS_TYPES_H 1
| #define HAVE_SYS_SOCKET_H 1
| #define HAVE_NETINET_IN_H 1
| #define HAVE_NETDB_H 1
| #define HAVE_INET_NTOP 1
| #define HAVE_INET_PTON 1
| #define HAVE_GETNAMEINFO 1
| #define HAVE_GETADDRINFO 1
| #define KRB5_USE_INET6 1
| #define HAVE_SETUPTERM 1
| #define USE_TERMIO 1
| #define NEED_PARSETOS_PROTO 1
| #define POSIX_SIGNALS 1
| #define HAVE_REGCOMP 1
| #define TIME_WITH_SYS_TIME 1
| /* end confdefs.h.  */
| #include <unistd.h>
| int
| main ()
| {
| setpgrp(0,0)
|   ;
|   return 0;
| }
configure:11100: result: no
configure:11111: checking if unsetenv needs a prototype provided
configure:11136: arm-mv5sft-linux-gnueabi-gcc -c -DUSE_LINKER_FINI_OPTION  conftest.c >&5
conftest.c: In function 'main':
conftest.c:85: error: conflicting types for 'unsetenv'
/opt_gccarm/arm-mv5sft-linux-gnueabi/bin/../arm-mv5sft-linux-gnueabi//sys-root/usr/include/stdlib.h:567: error: previous declaration of 'unsetenv' was here
configure:11142: $? = 1
configure: failed program was:
| /* confdefs.h.  */
| 
| #define PACKAGE_NAME "Kerberos 5"
| #define PACKAGE_TARNAME "krb5"
| #define PACKAGE_VERSION "1.7.1"
| #define PACKAGE_STRING "Kerberos 5 1.7.1"
| #define PACKAGE_BUGREPORT "krb5-bugs@mit.edu"
| #ifdef __cplusplus
| extern "C" void exit (int) throw ();
| #endif
| #define STDC_HEADERS 1
| #define HAVE_SYS_TYPES_H 1
| #define HAVE_SYS_STAT_H 1
| #define HAVE_STDLIB_H 1
| #define HAVE_STRING_H 1
| #define HAVE_MEMORY_H 1
| #define HAVE_STRINGS_H 1
| #define HAVE_INTTYPES_H 1
| #define HAVE_STDINT_H 1
| #define HAVE_UNISTD_H 1
| #define HAVE_BT_RSEQ 1
| #define KRB5_DNS_LOOKUP_KDC 1
| #define KRB5_DNS_LOOKUP 1
| #define HAVE_LIBRESOLV 1
| #define HAVE_RES_NINIT 1
| #define HAVE_RES_NCLOSE 1
| #define HAVE_RES_NSEARCH 1
| #define HAVE_DN_SKIPNAME 1
| #define HAVE_RES_SEARCH 1
| #define HAVE_PRAGMA_WEAK_REF 1
| #define DELAY_INITIALIZER 1
| #define ENABLE_THREADS 1
| #define HAVE_PTHREAD 1
| #define HAVE_PTHREAD_RWLOCK_INIT_IN_THREAD_LIB 1
| #define USE_DLOPEN 1
| #define HAVE_STRCASECMP 1
| #define HAVE_STRDUP 1
| #define HAVE_SETSID 1
| #define HAVE_STRERROR 1
| #define HAVE_STRFTIME 1
| #define HAVE_GETOPT 1
| #define HAVE_HERROR 1
| #define HAVE_SETENV 1
| #define HAVE_UNSETENV 1
| #define HAVE_GETENV 1
| #define HAVE_VSNPRINTF 1
| #define HAVE_STDLIB_H 1
| #define HAVE_STRING_H 1
| #define HAVE_UNISTD_H 1
| #define HAVE_ARPA_NAMESER_H 1
| #define HAVE_SYS_SELECT_H 1
| #define HAVE_ARPA_INET_H 1
| #define HAVE_UTMP_H 1
| #define HAVE_SYS_TIME_H 1
| #define HAVE_SYS_UTSNAME_H 1
| #define HAVE_MEMORY_H 1
| #define HAVE_UNISTD_H 1
| #define HAVE_FORK 1
| #define HAVE_VFORK 1
| #define HAVE_WORKING_VFORK 1
| #define HAVE_WORKING_FORK 1
| #define HAVE_STDARG_H 1
| #define HAVE_SYS_TYPES_H 1
| #define HAVE_SYS_SOCKET_H 1
| #define HAVE_NETINET_IN_H 1
| #define HAVE_NETDB_H 1
| #define HAVE_INET_NTOP 1
| #define HAVE_INET_PTON 1
| #define HAVE_GETNAMEINFO 1
| #define HAVE_GETADDRINFO 1
| #define KRB5_USE_INET6 1
| #define HAVE_SETUPTERM 1
| #define USE_TERMIO 1
| #define NEED_PARSETOS_PROTO 1
| #define POSIX_SIGNALS 1
| #define HAVE_REGCOMP 1
| #define TIME_WITH_SYS_TIME 1
| /* end confdefs.h.  */
| #include <stdlib.h>
| int
| main ()
| {
| #undef unsetenv
| struct k5foo {int foo; } xx;
| extern int unsetenv (struct k5foo*);
| unsetenv(&xx);
| 
|   ;
|   return 0;
| }
configure:11166: result: no
configure:11180: checking for main in -lutil
configure:11236: result: yes
configure:11380: creating ./config.status

## ---------------------- ##
## Running config.status. ##
## ---------------------- ##

This file was extended by Kerberos 5 config.status 1.7.1, which was
generated by GNU Autoconf 2.59.  Invocation command line was

  CONFIG_FILES    = 
  CONFIG_HEADERS  = 
  CONFIG_LINKS    = 
  CONFIG_COMMANDS = 
  $ ./config.status 

on fedora-14

config.status:734: creating ./Makefile
config.status:734: creating libtelnet/Makefile
config.status:734: creating telnet/Makefile
config.status:734: creating telnetd/Makefile

## ---------------- ##
## Cache variables. ##
## ---------------- ##

ac_cv_build=i386-pc-linux-gnu
ac_cv_build_alias=i386-linux
ac_cv_c_compiler_gnu=yes
ac_cv_c_const=yes
ac_cv_c_inline=inline
ac_cv_cxx_compiler_gnu=yes
ac_cv_env_CC_set=set
ac_cv_env_CC_value=arm-mv5sft-linux-gnueabi-gcc
ac_cv_env_CFLAGS_set=set
ac_cv_env_CFLAGS_value=-DUSE_LINKER_FINI_OPTION
ac_cv_env_CPPFLAGS_set=
ac_cv_env_CPPFLAGS_value=
ac_cv_env_CPP_set=
ac_cv_env_CPP_value=
ac_cv_env_CXXFLAGS_set=
ac_cv_env_CXXFLAGS_value=
ac_cv_env_CXX_set=set
ac_cv_env_CXX_value=arm-mv5sft-linux-gnueabi-g++
ac_cv_env_DB_HEADER_set=
ac_cv_env_DB_HEADER_value=
ac_cv_env_DB_LIB_set=
ac_cv_env_DB_LIB_value=
ac_cv_env_LDFLAGS_set=
ac_cv_env_LDFLAGS_value=
ac_cv_env_LD_set=set
ac_cv_env_LD_value=arm-mv5sft-linux-gnueabi-ld
ac_cv_env_SS_LIB_set=
ac_cv_env_SS_LIB_value=
ac_cv_env_build_alias_set=set
ac_cv_env_build_alias_value=i386-linux
ac_cv_env_host_alias_set=set
ac_cv_env_host_alias_value=arm-mv5sft-linux-gnueabi
ac_cv_env_target_alias_set=
ac_cv_env_target_alias_value=
ac_cv_exeext=
ac_cv_file__etc_TIMEZONE=yes
ac_cv_file__etc_environment=yes
ac_cv_func__getpty=no
ac_cv_func_access=yes
ac_cv_func_bswap16=no
ac_cv_func_bswap64=no
ac_cv_func_cfsetispeed=yes
ac_cv_func_cgetent=no
ac_cv_func_chmod=yes
ac_cv_func_closelog=yes
ac_cv_func_daemon=yes
ac_cv_func_fchmod=yes
ac_cv_func_fchown=yes
ac_cv_func_flock=yes
ac_cv_func_fork=yes
ac_cv_func_fork_works=yes
ac_cv_func_ftime=yes
ac_cv_func_getaddrinfo=yes
ac_cv_func_getcwd=yes
ac_cv_func_getdtablesize=yes
ac_cv_func_getenv=yes
ac_cv_func_geteuid=yes
ac_cv_func_gethostbyaddr_r=yes
ac_cv_func_gethostbyname=yes
ac_cv_func_gethostbyname2=yes
ac_cv_func_gethostbyname_r=yes
ac_cv_func_getifaddrs=yes
ac_cv_func_getnameinfo=yes
ac_cv_func_getopt=yes
ac_cv_func_getpwnam_r=yes
ac_cv_func_getpwuid_r=yes
ac_cv_func_getservbyname_r=yes
ac_cv_func_getservbyport_r=yes
ac_cv_func_gettosbyname=no
ac_cv_func_getusershell=yes
ac_cv_func_getutmp=yes
ac_cv_func_getutmpx=yes
ac_cv_func_gmtime_r=yes
ac_cv_func_grantpt=yes
ac_cv_func_herror=yes
ac_cv_func_inet_aton=yes
ac_cv_func_inet_ntoa=yes
ac_cv_func_inet_ntop=yes
ac_cv_func_inet_pton=yes
ac_cv_func_initgroups=yes
ac_cv_func_isatty=yes
ac_cv_func_killpg=yes
ac_cv_func_line_push=no
ac_cv_func_localtime_r=yes
ac_cv_func_logwtmp=yes
ac_cv_func_lstat=yes
ac_cv_func_memmove=yes
ac_cv_func_mkstemp=yes
ac_cv_func_openlog=yes
ac_cv_func_openpty=yes
ac_cv_func_parsetos=no
ac_cv_func_pthread_mutex_lock=yes
ac_cv_func_pthread_once=no
ac_cv_func_pthread_rwlock_init=no
ac_cv_func_ptsname=yes
ac_cv_func_re_comp=yes
ac_cv_func_re_exec=yes
ac_cv_func_regcomp=yes
ac_cv_func_regexec=yes
ac_cv_func_revoke=no
ac_cv_func_rmufile=no
ac_cv_func_rresvport_af=yes
ac_cv_func_sched_yield=yes
ac_cv_func_sem_init=no
ac_cv_func_sem_trywait=no
ac_cv_func_setegid=yes
ac_cv_func_setenv=yes
ac_cv_func_seteuid=yes
ac_cv_func_setlogin=no
ac_cv_func_setpgid=yes
ac_cv_func_setpriority=yes
ac_cv_func_setregid=yes
ac_cv_func_setresgid=yes
ac_cv_func_setresuid=yes
ac_cv_func_setreuid=yes
ac_cv_func_setsid=yes
ac_cv_func_setupterm=yes
ac_cv_func_setutent=yes
ac_cv_func_setutsent=no
ac_cv_func_setutxent=yes
ac_cv_func_setvbuf=yes
ac_cv_func_sigprocmask=yes
ac_cv_func_sigsetjmp=no
ac_cv_func_socket=yes
ac_cv_func_srand=yes
ac_cv_func_srand48=yes
ac_cv_func_srandom=yes
ac_cv_func_stat=yes
ac_cv_func_strcasecmp=yes
ac_cv_func_strchr=yes
ac_cv_func_strdup=yes
ac_cv_func_strerror=yes
ac_cv_func_strerror_r=yes
ac_cv_func_strftime=yes
ac_cv_func_strlcpy=no
ac_cv_func_strptime=yes
ac_cv_func_strsave=no
ac_cv_func_strstr=yes
ac_cv_func_syslog=yes
ac_cv_func_tcgetpgrp=yes
ac_cv_func_tcsetattr=yes
ac_cv_func_tcsetpgrp=yes
ac_cv_func_tgetent=yes
ac_cv_func_timezone=yes
ac_cv_func_ttyname=yes
ac_cv_func_umask=yes
ac_cv_func_unsetenv=yes
ac_cv_func_updwtmp=yes
ac_cv_func_updwtmpx=yes
ac_cv_func_utimes=yes
ac_cv_func_utmpname=yes
ac_cv_func_utmpxname=yes
ac_cv_func_vasprintf=yes
ac_cv_func_vfork=yes
ac_cv_func_vfork_works=yes
ac_cv_func_vhangup=yes
ac_cv_func_vsnprintf=yes
ac_cv_func_vsprintf=yes
ac_cv_func_waitpid=yes
ac_cv_header_Python_h=no
ac_cv_header_alloca_h=yes
ac_cv_header_arpa_inet_h=yes
ac_cv_header_arpa_nameser_h=yes
ac_cv_header_byteswap_h=yes
ac_cv_header_curses_h=no
ac_cv_header_dirent_dirent_h=yes
ac_cv_header_dirent_h=yes
ac_cv_header_dlfcn_h=yes
ac_cv_header_endian_h=yes
ac_cv_header_errno_h=yes
ac_cv_header_fcntl_h=yes
ac_cv_header_ifaddrs_h=yes
ac_cv_header_inttypes_h=yes
ac_cv_header_kdc_h=no
ac_cv_header_keyutils_h=no
ac_cv_header_krb_db_h=no
ac_cv_header_lastlog_h=yes
ac_cv_header_libutil_h=no
ac_cv_header_limits_h=yes
ac_cv_header_machine_byte_order_h=no
ac_cv_header_machine_endian_h=no
ac_cv_header_memory_h=yes
ac_cv_header_netdb_h=yes
ac_cv_header_netinet_in_h=yes
ac_cv_header_paths_h=yes
ac_cv_header_pthread_h=yes
ac_cv_header_pty_h=yes
ac_cv_header_pwd_h=yes
ac_cv_header_python2_3_Python_h=no
ac_cv_header_python2_5_Python_h=no
ac_cv_header_regex_h=yes
ac_cv_header_regexp_h=no
ac_cv_header_regexpr_h=no
ac_cv_header_sac_h=no
ac_cv_header_sched_h=yes
ac_cv_header_semaphore_h=yes
ac_cv_header_stdarg_h=yes
ac_cv_header_stdc=yes
ac_cv_header_stddef_h=yes
ac_cv_header_stdint_h=yes
ac_cv_header_stdlib_h=yes
ac_cv_header_string_h=yes
ac_cv_header_strings_h=yes
ac_cv_header_sys_bswap_h=no
ac_cv_header_sys_file_h=yes
ac_cv_header_sys_filio_h=no
ac_cv_header_sys_ioctl_compat_h=no
ac_cv_header_sys_label_h=no
ac_cv_header_sys_param_h=yes
ac_cv_header_sys_ptyvar_h=no
ac_cv_header_sys_select_h=yes
ac_cv_header_sys_socket_h=yes
ac_cv_header_sys_sockio_h=no
ac_cv_header_sys_stat_h=yes
ac_cv_header_sys_stream_h=no
ac_cv_header_sys_time_h=yes
ac_cv_header_sys_tty_h=no
ac_cv_header_sys_types_h=yes
ac_cv_header_sys_uio_h=yes
ac_cv_header_sys_utsname_h=yes
ac_cv_header_sys_wait_h=yes
ac_cv_header_syslog_h=yes
ac_cv_header_term_h=no
ac_cv_header_termios_h=yes
ac_cv_header_time=yes
ac_cv_header_time_h=yes
ac_cv_header_ttyent_h=yes
ac_cv_header_unistd_h=yes
ac_cv_header_util_h=no
ac_cv_header_utmp_h=yes
ac_cv_header_utmpx_h=yes
ac_cv_header_vfork_h=no
ac_cv_header_xom_h=no
ac_cv_host=arm-mv5sft-linux-gnueabi
ac_cv_host_alias=arm-mv5sft-linux-gnueabi
ac_cv_lib_c_pthread_rwlock_init=yes
ac_cv_lib_crypt_crypt=yes
ac_cv_lib_crypto_PKCS7_get_signer_info=no
ac_cv_lib_curses_setupterm=no
ac_cv_lib_fl_yywrap=yes
ac_cv_lib_ncurses_setupterm=yes
ac_cv_lib_odm_main=no
ac_cv_lib_python2_3_main=no
ac_cv_lib_python2_5_main=no
ac_cv_lib_resolv_main=yes
ac_cv_lib_termcap_main=no
ac_cv_lib_util_main=yes
ac_cv_lib_util_openpty=yes
ac_cv_member_struct_sockaddr_in_sin_len=no
ac_cv_member_struct_sockaddr_sa_len=no
ac_cv_member_struct_stat_st_mtim_tv_nsec=yes
ac_cv_member_struct_stat_st_mtimensec=no
ac_cv_member_struct_stat_st_mtimespec_tv_nsec=no
ac_cv_member_struct_utmp_ut_exit=yes
ac_cv_member_struct_utmp_ut_host=yes
ac_cv_member_struct_utmp_ut_pid=yes
ac_cv_member_struct_utmp_ut_type=yes
ac_cv_objext=o
ac_cv_path_BASH=/bin/sh
ac_cv_path_PERL_PATH=/usr/bin/perl
ac_cv_path_SH=/bin/sh
ac_cv_path_SH5=false
ac_cv_path_UCB_RCP=/usr/bin/rcp
ac_cv_path_UCB_RLOGIN=/usr/bin/rlogin
ac_cv_path_UCB_RSH=/usr/bin/rsh
ac_cv_path_install='/usr/bin/install -c'
ac_cv_prog_AR=ar
ac_cv_prog_ARADD='ar cruv'
ac_cv_prog_ARCHIVE='ar cqv'
ac_cv_prog_AWK=gawk
ac_cv_prog_CC=arm-mv5sft-linux-gnueabi-gcc
ac_cv_prog_CPP='arm-mv5sft-linux-gnueabi-gcc -E'
ac_cv_prog_CXX=arm-mv5sft-linux-gnueabi-g++
ac_cv_prog_LEX=flex
ac_cv_prog_PERL=perl
ac_cv_prog_PTHREAD_CC=arm-mv5sft-linux-gnueabi-gcc
ac_cv_prog_RANLIB=arm-mv5sft-linux-gnueabi-ranlib
ac_cv_prog_YACC='bison -y'
ac_cv_prog_cc_g=yes
ac_cv_prog_cc_stdc=
ac_cv_prog_cxx_g=yes
ac_cv_prog_egrep='grep -E'
ac_cv_prog_have_PERL=perl
ac_cv_prog_lex_root=lex.yy
ac_cv_prog_lex_yytext_pointer=yes
ac_cv_search_dlopen=-ldl
ac_cv_search_opendir='none required'
ac_cv_type_getgroups=gid_t
ac_cv_type_int16_t=yes
ac_cv_type_int32_t=yes
ac_cv_type_int64_t=yes
ac_cv_type_int8_t=yes
ac_cv_type_long_long=yes
ac_cv_type_mode_t=yes
ac_cv_type_off_t=yes
ac_cv_type_pid_t=yes
ac_cv_type_signal=void
ac_cv_type_ssize_t=yes
ac_cv_type_struct_cmsghdr=yes
ac_cv_type_struct_in6_pktinfo=no
ac_cv_type_struct_in_pktinfo=yes
ac_cv_type_struct_rt_msghdr=no
ac_cv_type_struct_sockaddr_storage=yes
ac_cv_type_time_t=yes
ac_cv_type_u_char=yes
ac_cv_type_u_int=yes
ac_cv_type_u_int16_t=yes
ac_cv_type_u_int32_t=yes
ac_cv_type_u_int8_t=yes
ac_cv_type_u_long=yes
ac_cv_type_uid_t=yes
ac_cv_type_uint32_t=yes
ac_cv_type_uint64_t=yes
ac_cv_type_uint_least32_t=yes
ac_cv_type_uintmax_t=yes
ac_cv_type_uintptr_t=yes
k5_cv_openssl_version_okay=no
k5_cv_type_endrpcent=void
k5_cv_type_setrpcent=void
krb5_cv_attr_constructor_destructor=yes
krb5_cv_bswap_16=yes
krb5_cv_bswap_64=yes
krb5_cv_cc_flag__Werror_declaration_after_statement=yes
krb5_cv_cc_flag__Werror_variadic_macros=yes
krb5_cv_cc_flag__Wmissing_braces=yes
krb5_cv_cc_flag__Wmissing_format_attribute=yes
krb5_cv_cc_flag__Wmissing_prototypes=yes
krb5_cv_cc_flag__Wnewline_eof=no
krb5_cv_cc_flag__Wno_format_zero_length=yes
krb5_cv_cc_flag__Woverflow=yes
krb5_cv_cc_flag__Wparentheses=yes
krb5_cv_cc_flag__Wreturn_type=yes
krb5_cv_cc_flag__Wsign_compare=yes
krb5_cv_cc_flag__Wstrict_overflow=yes
krb5_cv_cc_flag__Wswitch=yes
krb5_cv_cc_flag__Wunknown_pragmas=yes
krb5_cv_cc_flag__Wunused_function=yes
krb5_cv_cc_flag__Wunused_label=yes
krb5_cv_cc_flag__Wunused_value=yes
krb5_cv_cc_flag__Wunused_variable=yes
krb5_cv_decl_perror=no
krb5_cv_decl_sys_errlist=yes
krb5_cv_f_setown=yes
krb5_cv_func_daemon_noproto=no
krb5_cv_func_dn_skipname=yes
krb5_cv_func_getutmp_noproto=yes
krb5_cv_func_herror_noproto=no
krb5_cv_func_isblank_noproto=yes
krb5_cv_func_logwtmp_noproto=no
krb5_cv_func_ns_initparse=no
krb5_cv_func_ns_name_uncompress=no
krb5_cv_func_parsetos_noproto=yes
krb5_cv_func_res_nclose=yes
krb5_cv_func_res_ndestroy=no
krb5_cv_func_res_ninit=yes
krb5_cv_func_res_nsearch=yes
krb5_cv_func_res_search=yes
krb5_cv_func_setenv_noproto=no
krb5_cv_func_sigprocmask_use=yes
krb5_cv_func_strptime_noproto=yes
krb5_cv_func_swab_noproto=yes
krb5_cv_func_unsetenv_noproto=no
krb5_cv_func_vasprintf_noproto=yes
krb5_cv_gethostbyname_r_returns_int=yes
krb5_cv_gethostbyname_r_returns_ptr=no
krb5_cv_getpgrp_args=void
krb5_cv_getpwnam_r_args=5
krb5_cv_getpwnam_r_return_type=int
krb5_cv_getservbyname_r_returns_int=yes
krb5_cv_getservbyname_r_returns_ptr=no
krb5_cv_getsockname_proto_struct_sockaddr_p_size_t_p=yes
krb5_cv_gmtime_r_returns_int=no
krb5_cv_has_ansi_stdio=yes
krb5_cv_has_posix_signals=yes
krb5_cv_has_streams=no
krb5_cv_has_struct_if_laddrconf=no
krb5_cv_has_struct_lifconf=no
krb5_cv_has_type_socklen_t=yes
krb5_cv_header_inttypes_h_uint32_t=yes
krb5_cv_header_netdb_h_h_errno=yes
krb5_cv_header_netdb_h_maxhostnamelen=no
krb5_cv_header_stdint_h_uint32_t=yes
krb5_cv_header_sys_param_h_maxhostnamelen=yes
krb5_cv_header_sys_types_h_uint32_t=no
krb5_cv_host=arm-mv5sft-linux-gnueabi
krb5_cv_inet6=yes
krb5_cv_pragma_weak_ref=yes
krb5_cv_priocntl_hack=no
krb5_cv_prog_gnu_ld=yes
krb5_cv_setenv=yes
krb5_cv_setpgrp_args=void
krb5_cv_shadow_pwd=yes
krb5_cv_struct_utmp_ut_addr=yes
krb5_cv_struct_utmp_ut_exit=yes
krb5_cv_struct_utmp_ut_exit___e_exit=no
krb5_cv_struct_utmp_ut_exit_e_exit=yes
krb5_cv_struct_utmp_ut_exit_ut_e_exit=no
krb5_cv_struct_utmp_ut_exit_ut_exit=no
krb5_cv_struct_utmp_ut_host=yes
krb5_cv_struct_utmp_ut_id=yes
krb5_cv_struct_utmp_ut_pid=yes
krb5_cv_struct_utmp_ut_syslen=no
krb5_cv_struct_utmp_ut_type=yes
krb5_cv_struct_utmpx_ut_addr=no
krb5_cv_struct_utmpx_ut_exit=yes
krb5_cv_struct_utmpx_ut_exit___e_exit=yes
krb5_cv_struct_utmpx_ut_exit_e_exit=no
krb5_cv_struct_utmpx_ut_exit_ut_e_exit=no
krb5_cv_struct_utmpx_ut_exit_ut_exit=no
krb5_cv_struct_utmpx_ut_host=yes
krb5_cv_struct_utmpx_ut_id=yes
krb5_cv_struct_utmpx_ut_pid=yes
krb5_cv_struct_utmpx_ut_syslen=no
krb5_cv_struct_utmpx_ut_type=yes
krb5_cv_struct_wait=no
krb5_cv_sys_rcdir=/var/tmp
krb5_cv_sys_setpgrp_two=no
krb5_cv_type_bsdaliases=yes
krb5_cv_type_sigset_t=yes
krb5_cv_type_speed_t=yes
krb5_cv_type_yylineno=yes
krb5_cv_va_copy=yes
krb5_cv_va_simple_copy=yes
krb5_cv_var_in6addr_any=yes

## ----------------- ##
## Output variables. ##
## ----------------- ##

AR='ar'
ARADD='ar cruv'
ARCHIVE='ar cqv'
CC='arm-mv5sft-linux-gnueabi-gcc'
CC_LINK='$(CC) $(PROG_LIBPATH) $(PROG_RPATH_FLAGS) $(CFLAGS) $(LDFLAGS)'
CFLAGS='-DUSE_LINKER_FINI_OPTION'
COM_ERR_VERSION='k5'
CONFIG_RELTOPDIR='../..'
CPP='arm-mv5sft-linux-gnueabi-gcc -E'
CPPFLAGS=''
CXX='arm-mv5sft-linux-gnueabi-g++'
CXXFLAGS='-g -O2'
CXX_LINK='$(CXX) $(PROG_LIBPATH) $(PROG_RPATH_FLAGS) $(CXXFLAGS) $(LDFLAGS)'
DB_HEADER='db.h'
DB_HEADER_VERSION='k5'
DB_LIB='-ldb'
DB_VERSION='k5'
DEFS='-DPACKAGE_NAME=\"Kerberos\ 5\" -DPACKAGE_TARNAME=\"krb5\" -DPACKAGE_VERSION=\"1.7.1\" -DPACKAGE_STRING=\"Kerberos\ 5\ 1.7.1\" -DPACKAGE_BUGREPORT=\"krb5-bugs@mit.edu\" -DSTDC_HEADERS=1 -DHAVE_SYS_TYPES_H=1 -DHAVE_SYS_STAT_H=1 -DHAVE_STDLIB_H=1 -DHAVE_STRING_H=1 -DHAVE_MEMORY_H=1 -DHAVE_STRINGS_H=1 -DHAVE_INTTYPES_H=1 -DHAVE_STDINT_H=1 -DHAVE_UNISTD_H=1 -DHAVE_BT_RSEQ=1 -DKRB5_DNS_LOOKUP_KDC=1 -DKRB5_DNS_LOOKUP=1 -DHAVE_LIBRESOLV=1 -DHAVE_RES_NINIT=1 -DHAVE_RES_NCLOSE=1 -DHAVE_RES_NSEARCH=1 -DHAVE_DN_SKIPNAME=1 -DHAVE_RES_SEARCH=1 -DHAVE_PRAGMA_WEAK_REF=1 -DDELAY_INITIALIZER=1 -DENABLE_THREADS=1 -DHAVE_PTHREAD=1 -DHAVE_PTHREAD_RWLOCK_INIT_IN_THREAD_LIB=1 -DUSE_DLOPEN=1 -DHAVE_STRCASECMP=1 -DHAVE_STRDUP=1 -DHAVE_SETSID=1 -DHAVE_STRERROR=1 -DHAVE_STRFTIME=1 -DHAVE_GETOPT=1 -DHAVE_HERROR=1 -DHAVE_SETENV=1 -DHAVE_UNSETENV=1 -DHAVE_GETENV=1 -DHAVE_VSNPRINTF=1 -DHAVE_STDLIB_H=1 -DHAVE_STRING_H=1 -DHAVE_UNISTD_H=1 -DHAVE_ARPA_NAMESER_H=1 -DHAVE_SYS_SELECT_H=1 -DHAVE_ARPA_INET_H=1 -DHAVE_UTMP_H=1 -DHAVE_SYS_TIME_H=1 -DHAVE_SYS_UTSNAME_H=1 -DHAVE_MEMORY_H=1 -DHAVE_UNISTD_H=1 -DHAVE_FORK=1 -DHAVE_VFORK=1 -DHAVE_WORKING_VFORK=1 -DHAVE_WORKING_FORK=1 -DHAVE_STDARG_H=1 -DHAVE_SYS_TYPES_H=1 -DHAVE_SYS_SOCKET_H=1 -DHAVE_NETINET_IN_H=1 -DHAVE_NETDB_H=1 -DHAVE_INET_NTOP=1 -DHAVE_INET_PTON=1 -DHAVE_GETNAMEINFO=1 -DHAVE_GETADDRINFO=1 -DKRB5_USE_INET6=1 -DHAVE_SETUPTERM=1 -DUSE_TERMIO=1 -DNEED_PARSETOS_PROTO=1 -DPOSIX_SIGNALS=1 -DHAVE_REGCOMP=1 -DTIME_WITH_SYS_TIME=1 -DHAVE_LIBUTIL=1 '
DEPLIBEXT='.so'
DL_LIB='-ldl'
DYNOBJEXT='$(SHLIBEXT)'
DYNOBJ_EXPDEPS='$(SHLIB_EXPDEPS)'
DYNOBJ_EXPFLAGS='$(SHLIB_EXPFLAGS)'
ECHO_C=''
ECHO_N='-n'
ECHO_T=''
EGREP='grep -E'
EXEEXT=''
EXTRA_FILES=''
GEN_LIB=''
HAVE_GCC='yes'
HESIOD_DEFS=''
HESIOD_LIBS=''
INSTALL_DATA='${INSTALL} -m 644'
INSTALL_PROGRAM='${INSTALL}'
INSTALL_SCRIPT='${INSTALL}'
INSTALL_SHLIB='$(INSTALL_DATA)'
KDB5_DB_LIB=''
LD='arm-mv5sft-linux-gnueabi-ld'
LDFLAGS=''
LIBINSTLIST='install-shlib-soname'
LIBLINKS='$(TOPLIBD)/lib$(LIBBASE)$(SHLIBEXT) $(TOPLIBD)/lib$(LIBBASE)$(SHLIBVEXT) $(TOPLIBD)/lib$(LIBBASE)$(SHLIBSEXT)'
LIBLIST='lib$(LIBBASE)$(SHLIBEXT) lib$(LIBBASE)$(SHLIBSEXT)'
LIBOBJS=' parsetos$U.o'
LIBS='-lresolv '
LN_S='ln -s'
LTLIBOBJS=' parsetos$U.lo'
MAINT='#'
MAINTAINER_MODE_FALSE=''
MAINTAINER_MODE_TRUE='#'
MAKE_DYNOBJ_COMMAND='$(MAKE_SHLIB_COMMAND)'
MAKE_SHLIB_COMMAND='$(CC) -shared -fPIC -Wl,-h,$(LIBPREFIX)$(LIBBASE)$(SHLIBSEXT),--no-undefined $(LDFLAGS) -o $@ $$objlist $(SHLIB_EXPFLAGS) -Wl,--version-script binutils.versions && $(PERL) -w $(SRCTOP)/util/export-check.pl $(SHLIB_EXPORT_FILE) $@'
OBJEXT='o'
OBJLISTS='OBJS.SH'
PACKAGE_BUGREPORT='krb5-bugs@mit.edu'
PACKAGE_NAME='Kerberos 5'
PACKAGE_STRING='Kerberos 5 1.7.1'
PACKAGE_TARNAME='krb5'
PACKAGE_VERSION='1.7.1'
PATH_SEPARATOR=':'
PERL='perl'
PFLIBEXT='_p.a'
PFOBJEXT='.po'
PICFLAGS='-fPIC'
PROFFLAGS='-pg'
PROG_RPATH_FLAGS='$(RPATH_FLAG)$(PROG_RPATH)'
PTHREAD_CC='arm-mv5sft-linux-gnueabi-gcc'
PTHREAD_CFLAGS='-pthread'
PTHREAD_LIBS=''
RANLIB='arm-mv5sft-linux-gnueabi-ranlib'
RPATH_FLAG='-Wl,-rpath -Wl,'
SETENVOBJ=''
SETENVSRC=''
SHELL='/bin/sh'
SHLIBEXT='.so'
SHLIBSEXT='.so.$(LIBMAJOR)'
SHLIBVEXT='.so.$(LIBMAJOR).$(LIBMINOR)'
SHLIB_EXPFLAGS='$(SHLIB_RPATH_FLAGS) $(SHLIB_DIRS) $(SHLIB_EXPLIBS)'
SHLIB_EXPORT_FILE_DEP='binutils.versions'
SHLIB_HAVE_MINOR_VERS='yes'
SHLIB_RPATH_FLAGS='-Wl,-R$(SHLIB_RDIRS)'
SHOBJEXT='.so'
SS_LIB=''
SS_VERSION='k5'
STLIBEXT='.a'
STOBJEXT='.o'
TELNETD_LIBS='-lresolv  -lncurses'
TELNET_LIBS='-lresolv  -lncurses'
THREAD_SUPPORT='1'
UTIL_LIB='-lutil'
WARN_CFLAGS=' -Wall -Wcast-qual -Wcast-align -Wshadow -Wmissing-prototypes -Wno-format-zero-length -Woverflow -Wstrict-overflow -Wmissing-format-attribute -Wmissing-prototypes -Wreturn-type -Wmissing-braces -Wparentheses -Wswitch -Wunused-function -Wunused-label -Wunused-variable -Wunused-value -Wunknown-pragmas -Wsign-compare -Werror=declaration-after-statement -Werror=variadic-macros'
WARN_CXXFLAGS=' -Wall -Wcast-qual -Wcast-align -Wshadow'
ac_ct_CC=''
ac_ct_CXX=''
ac_ct_RANLIB=''
acx_pthread_config=''
bindir='${exec_prefix}/bin'
build='i386-pc-linux-gnu'
build_alias='i386-linux'
build_cpu='i386'
build_os='linux-gnu'
build_vendor='pc'
compile_et=''
datadir='${prefix}/share'
exec_prefix='${prefix}'
host='arm-mv5sft-linux-gnueabi'
host_alias='arm-mv5sft-linux-gnueabi'
host_cpu='arm'
host_os='linux-gnueabi'
host_vendor='mv5sft'
includedir='${prefix}/include'
infodir='${prefix}/info'
krb5_cv_host='arm-mv5sft-linux-gnueabi'
libdir='${exec_prefix}/lib'
libexecdir='${exec_prefix}/libexec'
localstatedir='${prefix}/var'
mandir='${prefix}/man'
oldincludedir='/usr/include'
prefix='/home/roy/DNS-345_GPL/packages/krb5-1.7.1/src/_install'
program_transform_name='s,x,x,'
sbindir='${exec_prefix}/sbin'
sharedstatedir='${prefix}/com'
sysconfdir='${prefix}/etc'
target_alias=''

## ------------- ##
## Output files. ##
## ------------- ##

lib_frag='./../../config/lib.in'
libnodeps_frag='./../../config/libnodeps.in'
libnover_frag='./../../config/libnover.in'
libobj_frag='./../../config/libobj.in'
libpriv_frag='./../../config/libpriv.in'

## ----------- ##
## confdefs.h. ##
## ----------- ##

#define DELAY_INITIALIZER 1
#define ENABLE_THREADS 1
#define HAVE_ARPA_INET_H 1
#define HAVE_ARPA_NAMESER_H 1
#define HAVE_BT_RSEQ 1
#define HAVE_DN_SKIPNAME 1
#define HAVE_FORK 1
#define HAVE_GETADDRINFO 1
#define HAVE_GETENV 1
#define HAVE_GETNAMEINFO 1
#define HAVE_GETOPT 1
#define HAVE_HERROR 1
#define HAVE_INET_NTOP 1
#define HAVE_INET_PTON 1
#define HAVE_INTTYPES_H 1
#define HAVE_LIBRESOLV 1
#define HAVE_LIBUTIL 1
#define HAVE_MEMORY_H 1
#define HAVE_MEMORY_H 1
#define HAVE_NETDB_H 1
#define HAVE_NETINET_IN_H 1
#define HAVE_PRAGMA_WEAK_REF 1
#define HAVE_PTHREAD 1
#define HAVE_PTHREAD_RWLOCK_INIT_IN_THREAD_LIB 1
#define HAVE_REGCOMP 1
#define HAVE_RES_NCLOSE 1
#define HAVE_RES_NINIT 1
#define HAVE_RES_NSEARCH 1
#define HAVE_RES_SEARCH 1
#define HAVE_SETENV 1
#define HAVE_SETSID 1
#define HAVE_SETUPTERM 1
#define HAVE_STDARG_H 1
#define HAVE_STDINT_H 1
#define HAVE_STDLIB_H 1
#define HAVE_STDLIB_H 1
#define HAVE_STRCASECMP 1
#define HAVE_STRDUP 1
#define HAVE_STRERROR 1
#define HAVE_STRFTIME 1
#define HAVE_STRINGS_H 1
#define HAVE_STRING_H 1
#define HAVE_STRING_H 1
#define HAVE_SYS_SELECT_H 1
#define HAVE_SYS_SOCKET_H 1
#define HAVE_SYS_STAT_H 1
#define HAVE_SYS_TIME_H 1
#define HAVE_SYS_TYPES_H 1
#define HAVE_SYS_TYPES_H 1
#define HAVE_SYS_UTSNAME_H 1
#define HAVE_UNISTD_H 1
#define HAVE_UNISTD_H 1
#define HAVE_UNISTD_H 1
#define HAVE_UNSETENV 1
#define HAVE_UTMP_H 1
#define HAVE_VFORK 1
#define HAVE_VSNPRINTF 1
#define HAVE_WORKING_FORK 1
#define HAVE_WORKING_VFORK 1
#define KRB5_DNS_LOOKUP 1
#define KRB5_DNS_LOOKUP_KDC 1
#define KRB5_USE_INET6 1
#define NEED_PARSETOS_PROTO 1
#define PACKAGE_BUGREPORT "krb5-bugs@mit.edu"
#define PACKAGE_NAME "Kerberos 5"
#define PACKAGE_STRING "Kerberos 5 1.7.1"
#define PACKAGE_TARNAME "krb5"
#define PACKAGE_VERSION "1.7.1"
#define POSIX_SIGNALS 1
#define STDC_HEADERS 1
#define TIME_WITH_SYS_TIME 1
#define USE_DLOPEN 1
#define USE_TERMIO 1
#endif
#ifdef __cplusplus
extern "C" void exit (int) throw ();

configure: exit 0
