This file contains any messages produced by compilers while
running configure, to aid debugging if configure makes a mistake.

It was created by libiberty configure 1.0, which was
generated by GNU Autoconf 2.59.  Invocation command line was

  $ ./configure --host=arm-marvell-linux-gnueabi --prefix=/home/andrewtsai/test_gpl/unic-gpl/libiberty/xinst/DNS-327L

## --------- ##
## Platform. ##
## --------- ##

hostname = swtest5
uname -m = x86_64
uname -r = 3.2.0-4-amd64
uname -s = Linux
uname -v = #1 SMP Debian 3.2.35-2

/usr/bin/uname -p = unknown
/bin/uname -X     = unknown

/bin/arch              = unknown
/usr/bin/arch -k       = unknown
/usr/convex/getsysinfo = unknown
hostinfo               = unknown
/bin/machine           = unknown
/usr/bin/oslevel       = unknown
/bin/universe          = unknown

PATH: /opt_gccarm/armv7-marvell-linux-gnueabi-softfp_i686/bin
PATH: /usr/local/bin
PATH: /usr/bin
PATH: /bin
PATH: /usr/local/games
PATH: /usr/games


## ----------- ##
## Core tests. ##
## ----------- ##

configure:1276: checking for a BSD-compatible install
configure:1331: result: /usr/bin/install -c
configure:1342: checking whether build environment is sane
configure:1385: result: yes
configure:1450: checking for gawk
configure:1466: found /usr/bin/gawk
configure:1476: result: gawk
configure:1486: checking whether make sets $(MAKE)
configure:1506: result: yes
configure:1582: checking for arm-marvell-linux-gnueabi-strip
configure:1608: result: arm-marvell-linux-gnueabi-strip
configure:1808: creating ./config.status

## ---------------------- ##
## Running config.status. ##
## ---------------------- ##

This file was extended by libiberty config.status 1.0, which was
generated by GNU Autoconf 2.59.  Invocation command line was

  CONFIG_FILES    = 
  CONFIG_HEADERS  = 
  CONFIG_LINKS    = 
  CONFIG_COMMANDS = 
  $ ./config.status 

on swtest5

config.status:654: creating Makefile
config.status:654: creating libiberty/Makefile
config.status:654: creating libiberty/testsuite/Makefile
configure:2658: configuring in libiberty
configure:2775: running /bin/sh './configure' --prefix=/home/andrewtsai/test_gpl/unic-gpl/libiberty/xinst/DNS-327L  '--host=arm-marvell-linux-gnueabi' '--prefix=/home/andrewtsai/test_gpl/unic-gpl/libiberty/xinst/DNS-327L' 'host_alias=arm-marvell-linux-gnueabi' --cache-file=/dev/null --srcdir=.

## ---------------- ##
## Cache variables. ##
## ---------------- ##

ac_cv_env_build_alias_set=
ac_cv_env_build_alias_value=
ac_cv_env_host_alias_set=set
ac_cv_env_host_alias_value=arm-marvell-linux-gnueabi
ac_cv_env_target_alias_set=
ac_cv_env_target_alias_value=
ac_cv_path_install='/usr/bin/install -c'
ac_cv_prog_AWK=gawk
ac_cv_prog_STRIP=arm-marvell-linux-gnueabi-strip
ac_cv_prog_make_make_set=yes

## ----------------- ##
## Output variables. ##
## ----------------- ##

ACLOCAL='${SHELL} /home/andrewtsai/test_gpl/unic-gpl/libiberty/missing --run aclocal-1.9'
AMTAR='${SHELL} /home/andrewtsai/test_gpl/unic-gpl/libiberty/missing --run tar'
AUTOCONF='${SHELL} /home/andrewtsai/test_gpl/unic-gpl/libiberty/missing --run autoconf'
AUTOHEADER='${SHELL} /home/andrewtsai/test_gpl/unic-gpl/libiberty/missing --run autoheader'
AUTOMAKE='${SHELL} /home/andrewtsai/test_gpl/unic-gpl/libiberty/missing --run automake-1.9'
AWK='gawk'
CYGPATH_W='echo'
DEFS='-DPACKAGE_NAME=\"libiberty\" -DPACKAGE_TARNAME=\"libiberty\" -DPACKAGE_VERSION=\"1.0\" -DPACKAGE_STRING=\"libiberty\ 1.0\" -DPACKAGE_BUGREPORT=\"\" -DPACKAGE=\"libiberty\" -DVERSION=\"1.0\" '
ECHO_C=''
ECHO_N='-n'
ECHO_T=''
INSTALL_DATA='${INSTALL} -m 644'
INSTALL_PROGRAM='${INSTALL}'
INSTALL_SCRIPT='${INSTALL}'
INSTALL_STRIP_PROGRAM='${SHELL} $(install_sh) -c -s'
LIBOBJS=''
LIBS=''
LTLIBOBJS=''
MAKEINFO='${SHELL} /home/andrewtsai/test_gpl/unic-gpl/libiberty/missing --run makeinfo'
PACKAGE='libiberty'
PACKAGE_BUGREPORT=''
PACKAGE_NAME='libiberty'
PACKAGE_STRING='libiberty 1.0'
PACKAGE_TARNAME='libiberty'
PACKAGE_VERSION='1.0'
PATH_SEPARATOR=':'
SET_MAKE=''
SHELL='/bin/sh'
STRIP='arm-marvell-linux-gnueabi-strip'
VERSION='1.0'
ac_ct_STRIP=''
am__leading_dot='.'
am__tar='${AMTAR} chof - "$$tardir"'
am__untar='${AMTAR} xf -'
bindir='${exec_prefix}/bin'
build_alias=''
datadir='${prefix}/share'
exec_prefix='${prefix}'
host_alias='arm-marvell-linux-gnueabi'
includedir='${prefix}/include'
infodir='${prefix}/info'
install_sh='/home/andrewtsai/test_gpl/unic-gpl/libiberty/install-sh'
libdir='${exec_prefix}/lib'
libexecdir='${exec_prefix}/libexec'
localstatedir='${prefix}/var'
mandir='${prefix}/man'
mkdir_p='mkdir -p --'
oldincludedir='/usr/include'
prefix='/home/andrewtsai/test_gpl/unic-gpl/libiberty/xinst/DNS-327L'
program_transform_name='s,x,x,'
sbindir='${exec_prefix}/sbin'
sharedstatedir='${prefix}/com'
subdirs=' libiberty'
sysconfdir='${prefix}/etc'
target_alias=''

## ----------- ##
## confdefs.h. ##
## ----------- ##

#define PACKAGE "libiberty"
#define PACKAGE_BUGREPORT ""
#define PACKAGE_NAME "libiberty"
#define PACKAGE_STRING "libiberty 1.0"
#define PACKAGE_TARNAME "libiberty"
#define PACKAGE_VERSION "1.0"
#define VERSION "1.0"

configure: exit 0
