This file contains any messages produced by compilers while
running configure, to aid debugging if configure makes a mistake.

It was created by util-linux-ng configure 2.14.2, which was
generated by GNU Autoconf 2.63.  Invocation command line was

  $ ./configure --host=arm-mv5sft-linux-gnueabi --without-ncurses --prefix=/home/tmp/DNS-345_GPL/util-linux-ng-2.14.2/.install_util-linux

## --------- ##
## Platform. ##
## --------- ##

hostname = fedora-14
uname -m = i686
uname -r = 2.6.35.6-45.fc14.i686
uname -s = Linux
uname -v = #1 SMP Mon Oct 18 23:56:17 UTC 2010

/usr/bin/uname -p = unknown
/bin/uname -X     = unknown

/bin/arch              = i686
/usr/bin/arch -k       = unknown
/usr/convex/getsysinfo = unknown
/usr/bin/hostinfo      = unknown
/bin/machine           = unknown
/usr/bin/oslevel       = unknown
/bin/universe          = unknown

PATH: /opt_gccarm/arm-mv5sft-linux-gnueabi/bin
PATH: /opt_gccarm/arm-mv5sft-linux-gnueabi/arm-mv5sft-linux-gnueabi/lib
PATH: /opt_gccarm/arm-mv5sft-linux-gnueabi/bin
PATH: /usr/lib/qt-3.3/bin
PATH: /usr/lib/ccache
PATH: /usr/local/bin
PATH: /bin
PATH: /usr/bin
PATH: /usr/local/sbin
PATH: /usr/sbin
PATH: /sbin
PATH: /home/bing/bin
PATH: /sbin
PATH: /usr/bin
PATH: /usr/sbin


## ----------- ##
## Core tests. ##
## ----------- ##

configure:2122: checking for a BSD-compatible install
configure:2190: result: /usr/bin/install -c
configure:2201: checking whether build environment is sane
configure:2244: result: yes
configure:2269: checking for a thread-safe mkdir -p
configure:2308: result: /bin/mkdir -p
configure:2321: checking for gawk
configure:2337: found /bin/gawk
configure:2348: result: gawk
configure:2359: checking whether make sets $(MAKE)
configure:2381: result: yes
configure:2461: checking for arm-mv5sft-linux-gnueabi-strip
configure:2488: result: arm-mv5sft-linux-gnueabi-strip
configure:2599: checking for style of include used by make
configure:2627: result: GNU
configure:2657: checking for arm-mv5sft-linux-gnueabi-gcc
configure:2684: result: arm-mv5sft-linux-gnueabi-gcc
configure:2956: checking for C compiler version
configure:2964: arm-mv5sft-linux-gnueabi-gcc --version >&5
arm-mv5sft-linux-gnueabi-gcc (sdk3.2rc1-ct-ng-1.4.1) 4.3.2
Copyright (C) 2008 Free Software Foundation, Inc.
This is free software; see the source for copying conditions.  There is NO
warranty; not even for MERCHANTABILITY or FITNESS FOR A PARTICULAR PURPOSE.

configure:2968: $? = 0
configure:2975: arm-mv5sft-linux-gnueabi-gcc -v >&5
Using built-in specs.
Target: arm-mv5sft-linux-gnueabi
Configured with: /home/seugene/sdk/targets/src/gcc-4.3.2/configure --build=i486-build_pc-linux-gnu --host=i486-build_pc-linux-gnu --target=arm-mv5sft-linux-gnueabi --prefix=/home/seugene/sdk/targets/arm-mv5sft-linux-gnueabi/cross --with-sysroot=/home/seugene/sdk/targets/arm-mv5sft-linux-gnueabi/cross/arm-mv5sft-linux-gnueabi//sys-root --enable-languages=c,c++,fortran,java --disable-multilib --with-arch=armv5te --with-float=soft --with-gmp=/home/seugene/sdk/targets/arm-mv5sft-linux-gnueabi/cross --with-mpfr=/home/seugene/sdk/targets/arm-mv5sft-linux-gnueabi/cross --with-pkgversion=sdk3.2rc1-ct-ng-1.4.1 --disable-sjlj-exceptions --enable-__cxa_atexit --with-local-prefix=/home/seugene/sdk/targets/arm-mv5sft-linux-gnueabi/cross/arm-mv5sft-linux-gnueabi//sys-root --disable-nls --enable-threads=posix --enable-symvers=gnu --enable-c99 --enable-long-long --enable-target-optspace
Thread model: posix
gcc version 4.3.2 (sdk3.2rc1-ct-ng-1.4.1) 
configure:2979: $? = 0
configure:2986: arm-mv5sft-linux-gnueabi-gcc -V >&5
arm-mv5sft-linux-gnueabi-gcc: '-V' option must have argument
configure:2990: $? = 1
configure:3013: checking for C compiler default output file name
configure:3035: arm-mv5sft-linux-gnueabi-gcc    conftest.c  >&5
configure:3039: $? = 0
configure:3077: result: a.out
configure:3096: checking whether the C compiler works
configure:3106: ./a.out
./configure: line 3108: ./a.out: cannot execute binary file
configure:3110: $? = 126
configure:3129: result: yes
configure:3136: checking whether we are cross compiling
configure:3138: result: yes
configure:3141: checking for suffix of executables
configure:3148: arm-mv5sft-linux-gnueabi-gcc -o conftest    conftest.c  >&5
configure:3152: $? = 0
configure:3178: result: 
configure:3184: checking for suffix of object files
configure:3210: arm-mv5sft-linux-gnueabi-gcc -c   conftest.c >&5
configure:3214: $? = 0
configure:3239: result: o
configure:3243: checking whether we are using the GNU C compiler
configure:3272: arm-mv5sft-linux-gnueabi-gcc -c   conftest.c >&5
configure:3279: $? = 0
configure:3296: result: yes
configure:3305: checking whether arm-mv5sft-linux-gnueabi-gcc accepts -g
configure:3335: arm-mv5sft-linux-gnueabi-gcc -c -g  conftest.c >&5
configure:3342: $? = 0
configure:3443: result: yes
configure:3460: checking for arm-mv5sft-linux-gnueabi-gcc option to accept ISO C89
configure:3534: arm-mv5sft-linux-gnueabi-gcc  -c -g -O2  conftest.c >&5
configure:3541: $? = 0
configure:3564: result: none needed
configure:3584: checking dependency style of arm-mv5sft-linux-gnueabi-gcc
configure:3675: result: gcc3
configure:3692: checking for arm-mv5sft-linux-gnueabi-gcc option to accept ISO C99
configure:3851: arm-mv5sft-linux-gnueabi-gcc  -c -g -O2  conftest.c >&5
conftest.c:60: error: expected ';', ',' or ')' before 'text'
conftest.c: In function 'main':
conftest.c:114: error: expected '=', ',', ';', 'asm' or '__attribute__' before 'newvar'
conftest.c:114: error: 'newvar' undeclared (first use in this function)
conftest.c:114: error: (Each undeclared identifier is reported only once
conftest.c:114: error: for each function it appears in.)
conftest.c:124: error: 'for' loop initial declaration used outside C99 mode
configure:3858: $? = 1
configure: failed program was:
| /* confdefs.h.  */
| #define PACKAGE_NAME "util-linux-ng"
| #define PACKAGE_TARNAME "util-linux-ng"
| #define PACKAGE_VERSION "2.14.2"
| #define PACKAGE_STRING "util-linux-ng 2.14.2"
| #define PACKAGE_BUGREPORT "kzak@redhat.com"
| #define PACKAGE "util-linux-ng"
| #define VERSION "2.14.2"
| /* end confdefs.h.  */
| #include <stdarg.h>
| #include <stdbool.h>
| #include <stdlib.h>
| #include <wchar.h>
| #include <stdio.h>
| 
| // Check varargs macros.  These examples are taken from C99 6.10.3.5.
| #define debug(...) fprintf (stderr, __VA_ARGS__)
| #define showlist(...) puts (#__VA_ARGS__)
| #define report(test,...) ((test) ? puts (#test) : printf (__VA_ARGS__))
| static void
| test_varargs_macros (void)
| {
|   int x = 1234;
|   int y = 5678;
|   debug ("Flag");
|   debug ("X = %d\n", x);
|   showlist (The first, second, and third items.);
|   report (x>y, "x is %d but y is %d", x, y);
| }
| 
| // Check long long types.
| #define BIG64 18446744073709551615ull
| #define BIG32 4294967295ul
| #define BIG_OK (BIG64 / BIG32 == 4294967297ull && BIG64 % BIG32 == 0)
| #if !BIG_OK
|   your preprocessor is broken;
| #endif
| #if BIG_OK
| #else
|   your preprocessor is broken;
| #endif
| static long long int bignum = -9223372036854775807LL;
| static unsigned long long int ubignum = BIG64;
| 
| struct incomplete_array
| {
|   int datasize;
|   double data[];
| };
| 
| struct named_init {
|   int number;
|   const wchar_t *name;
|   double average;
| };
| 
| typedef const char *ccp;
| 
| static inline int
| test_restrict (ccp restrict text)
| {
|   // See if C++-style comments work.
|   // Iterate through items via the restricted pointer.
|   // Also check for declarations in for loops.
|   for (unsigned int i = 0; *(text+i) != '\0'; ++i)
|     continue;
|   return 0;
| }
| 
| // Check varargs and va_copy.
| static void
| test_varargs (const char *format, ...)
| {
|   va_list args;
|   va_start (args, format);
|   va_list args_copy;
|   va_copy (args_copy, args);
| 
|   const char *str;
|   int number;
|   float fnumber;
| 
|   while (*format)
|     {
|       switch (*format++)
| 	{
| 	case 's': // string
| 	  str = va_arg (args_copy, const char *);
| 	  break;
| 	case 'd': // int
| 	  number = va_arg (args_copy, int);
| 	  break;
| 	case 'f': // float
| 	  fnumber = va_arg (args_copy, double);
| 	  break;
| 	default:
| 	  break;
| 	}
|     }
|   va_end (args_copy);
|   va_end (args);
| }
| 
| int
| main ()
| {
| 
|   // Check bool.
|   _Bool success = false;
| 
|   // Check restrict.
|   if (test_restrict ("String literal") == 0)
|     success = true;
|   char *restrict newvar = "Another string";
| 
|   // Check varargs.
|   test_varargs ("s, d' f .", "string", 65, 34.234);
|   test_varargs_macros ();
| 
|   // Check flexible array members.
|   struct incomplete_array *ia =
|     malloc (sizeof (struct incomplete_array) + (sizeof (double) * 10));
|   ia->datasize = 10;
|   for (int i = 0; i < ia->datasize; ++i)
|     ia->data[i] = i * 1.234;
| 
|   // Check named initializers.
|   struct named_init ni = {
|     .number = 34,
|     .name = L"Test wide string",
|     .average = 543.34343,
|   };
| 
|   ni.number = 58;
| 
|   int dynamic_array[ni.number];
|   dynamic_array[ni.number - 1] = 543;
| 
|   // work around unused variable warnings
|   return (!success || bignum == 0LL || ubignum == 0uLL || newvar[0] == 'x'
| 	  || dynamic_array[ni.number - 1] != 543);
| 
|   ;
|   return 0;
| }
configure:3851: arm-mv5sft-linux-gnueabi-gcc -std=gnu99 -c -g -O2  conftest.c >&5
configure:3858: $? = 0
configure:3888: result: -std=gnu99
configure:4019: checking for arm-mv5sft-linux-gnueabi-gcc -std=gnu99 option to accept ISO Standard C
configure:4030: result: -std=gnu99
configure:4041: checking how to run the C preprocessor
configure:4081: arm-mv5sft-linux-gnueabi-gcc -std=gnu99 -E  conftest.c
configure:4088: $? = 0
configure:4119: arm-mv5sft-linux-gnueabi-gcc -std=gnu99 -E  conftest.c
conftest.c:10:28: error: ac_nonexistent.h: No such file or directory
configure:4126: $? = 1
configure: failed program was:
| /* confdefs.h.  */
| #define PACKAGE_NAME "util-linux-ng"
| #define PACKAGE_TARNAME "util-linux-ng"
| #define PACKAGE_VERSION "2.14.2"
| #define PACKAGE_STRING "util-linux-ng 2.14.2"
| #define PACKAGE_BUGREPORT "kzak@redhat.com"
| #define PACKAGE "util-linux-ng"
| #define VERSION "2.14.2"
| /* end confdefs.h.  */
| #include <ac_nonexistent.h>
configure:4159: result: arm-mv5sft-linux-gnueabi-gcc -std=gnu99 -E
configure:4188: arm-mv5sft-linux-gnueabi-gcc -std=gnu99 -E  conftest.c
configure:4195: $? = 0
configure:4226: arm-mv5sft-linux-gnueabi-gcc -std=gnu99 -E  conftest.c
conftest.c:10:28: error: ac_nonexistent.h: No such file or directory
configure:4233: $? = 1
configure: failed program was:
| /* confdefs.h.  */
| #define PACKAGE_NAME "util-linux-ng"
| #define PACKAGE_TARNAME "util-linux-ng"
| #define PACKAGE_VERSION "2.14.2"
| #define PACKAGE_STRING "util-linux-ng 2.14.2"
| #define PACKAGE_BUGREPORT "kzak@redhat.com"
| #define PACKAGE "util-linux-ng"
| #define VERSION "2.14.2"
| /* end confdefs.h.  */
| #include <ac_nonexistent.h>
configure:4273: checking for grep that handles long lines and -e
configure:4333: result: /bin/grep
configure:4338: checking for egrep
configure:4402: result: /bin/grep -E
configure:4407: checking for ANSI C header files
configure:4437: arm-mv5sft-linux-gnueabi-gcc -std=gnu99 -c -g -O2  conftest.c >&5
configure:4444: $? = 0
configure:4575: result: yes
configure:4599: checking for sys/types.h
configure:4620: arm-mv5sft-linux-gnueabi-gcc -std=gnu99 -c -g -O2  conftest.c >&5
configure:4627: $? = 0
configure:4644: result: yes
configure:4599: checking for sys/stat.h
configure:4620: arm-mv5sft-linux-gnueabi-gcc -std=gnu99 -c -g -O2  conftest.c >&5
configure:4627: $? = 0
configure:4644: result: yes
configure:4599: checking for stdlib.h
configure:4620: arm-mv5sft-linux-gnueabi-gcc -std=gnu99 -c -g -O2  conftest.c >&5
configure:4627: $? = 0
configure:4644: result: yes
configure:4599: checking for string.h
configure:4620: arm-mv5sft-linux-gnueabi-gcc -std=gnu99 -c -g -O2  conftest.c >&5
configure:4627: $? = 0
configure:4644: result: yes
configure:4599: checking for memory.h
configure:4620: arm-mv5sft-linux-gnueabi-gcc -std=gnu99 -c -g -O2  conftest.c >&5
configure:4627: $? = 0
configure:4644: result: yes
configure:4599: checking for strings.h
configure:4620: arm-mv5sft-linux-gnueabi-gcc -std=gnu99 -c -g -O2  conftest.c >&5
configure:4627: $? = 0
configure:4644: result: yes
configure:4599: checking for inttypes.h
configure:4620: arm-mv5sft-linux-gnueabi-gcc -std=gnu99 -c -g -O2  conftest.c >&5
configure:4627: $? = 0
configure:4644: result: yes
configure:4599: checking for stdint.h
configure:4620: arm-mv5sft-linux-gnueabi-gcc -std=gnu99 -c -g -O2  conftest.c >&5
configure:4627: $? = 0
configure:4644: result: yes
configure:4599: checking for unistd.h
configure:4620: arm-mv5sft-linux-gnueabi-gcc -std=gnu99 -c -g -O2  conftest.c >&5
configure:4627: $? = 0
configure:4644: result: yes
configure:4669: checking minix/config.h usability
configure:4686: arm-mv5sft-linux-gnueabi-gcc -std=gnu99 -c -g -O2  conftest.c >&5
conftest.c:53:26: error: minix/config.h: No such file or directory
configure:4693: $? = 1
configure: failed program was:
| /* confdefs.h.  */
| #define PACKAGE_NAME "util-linux-ng"
| #define PACKAGE_TARNAME "util-linux-ng"
| #define PACKAGE_VERSION "2.14.2"
| #define PACKAGE_STRING "util-linux-ng 2.14.2"
| #define PACKAGE_BUGREPORT "kzak@redhat.com"
| #define PACKAGE "util-linux-ng"
| #define VERSION "2.14.2"
| #define STDC_HEADERS 1
| #define HAVE_SYS_TYPES_H 1
| #define HAVE_SYS_STAT_H 1
| #define HAVE_STDLIB_H 1
| #define HAVE_STRING_H 1
| #define HAVE_MEMORY_H 1
| #define HAVE_STRINGS_H 1
| #define HAVE_INTTYPES_H 1
| #define HAVE_STDINT_H 1
| #define HAVE_UNISTD_H 1
| /* end confdefs.h.  */
| #include <stdio.h>
| #ifdef HAVE_SYS_TYPES_H
| # include <sys/types.h>
| #endif
| #ifdef HAVE_SYS_STAT_H
| # include <sys/stat.h>
| #endif
| #ifdef STDC_HEADERS
| # include <stdlib.h>
| # include <stddef.h>
| #else
| # ifdef HAVE_STDLIB_H
| #  include <stdlib.h>
| # endif
| #endif
| #ifdef HAVE_STRING_H
| # if !defined STDC_HEADERS && defined HAVE_MEMORY_H
| #  include <memory.h>
| # endif
| # include <string.h>
| #endif
| #ifdef HAVE_STRINGS_H
| # include <strings.h>
| #endif
| #ifdef HAVE_INTTYPES_H
| # include <inttypes.h>
| #endif
| #ifdef HAVE_STDINT_H
| # include <stdint.h>
| #endif
| #ifdef HAVE_UNISTD_H
| # include <unistd.h>
| #endif
| #include <minix/config.h>
configure:4707: result: no
configure:4711: checking minix/config.h presence
configure:4726: arm-mv5sft-linux-gnueabi-gcc -std=gnu99 -E  conftest.c
conftest.c:20:26: error: minix/config.h: No such file or directory
configure:4733: $? = 1
configure: failed program was:
| /* confdefs.h.  */
| #define PACKAGE_NAME "util-linux-ng"
| #define PACKAGE_TARNAME "util-linux-ng"
| #define PACKAGE_VERSION "2.14.2"
| #define PACKAGE_STRING "util-linux-ng 2.14.2"
| #define PACKAGE_BUGREPORT "kzak@redhat.com"
| #define PACKAGE "util-linux-ng"
| #define VERSION "2.14.2"
| #define STDC_HEADERS 1
| #define HAVE_SYS_TYPES_H 1
| #define HAVE_SYS_STAT_H 1
| #define HAVE_STDLIB_H 1
| #define HAVE_STRING_H 1
| #define HAVE_MEMORY_H 1
| #define HAVE_STRINGS_H 1
| #define HAVE_INTTYPES_H 1
| #define HAVE_STDINT_H 1
| #define HAVE_UNISTD_H 1
| /* end confdefs.h.  */
| #include <minix/config.h>
configure:4747: result: no
configure:4780: checking for minix/config.h
configure:4787: result: no
configure:4818: checking whether it is safe to define __EXTENSIONS__
configure:4846: arm-mv5sft-linux-gnueabi-gcc -std=gnu99 -c -g -O2  conftest.c >&5
configure:4853: $? = 0
configure:4868: result: yes
configure:4898: checking build system type
configure:4916: result: i686-pc-linux-gnu
configure:4938: checking host system type
configure:4953: result: arm-mv5sft-linux-gnueabi
configure:4993: checking for perl
configure:5011: found /usr/bin/perl
configure:5023: result: /usr/bin/perl
configure:5033: checking for blkid
configure:5052: found /sbin/blkid
configure:5064: result: /sbin/blkid
configure:5074: checking for vol_id
configure:5108: result: no
configure:5121: checking for special C compiler options needed for large files
configure:5216: result: no
configure:5222: checking for _FILE_OFFSET_BITS value needed for large files
configure:5257: arm-mv5sft-linux-gnueabi-gcc -std=gnu99 -c -g -O2  conftest.c >&5
conftest.c:31: warning: left shift count >= width of type
conftest.c:31: warning: left shift count >= width of type
conftest.c:33: error: size of array 'off_t_is_large' is negative
configure:5264: $? = 1
configure: failed program was:
| /* confdefs.h.  */
| #define PACKAGE_NAME "util-linux-ng"
| #define PACKAGE_TARNAME "util-linux-ng"
| #define PACKAGE_VERSION "2.14.2"
| #define PACKAGE_STRING "util-linux-ng 2.14.2"
| #define PACKAGE_BUGREPORT "kzak@redhat.com"
| #define PACKAGE "util-linux-ng"
| #define VERSION "2.14.2"
| #define STDC_HEADERS 1
| #define HAVE_SYS_TYPES_H 1
| #define HAVE_SYS_STAT_H 1
| #define HAVE_STDLIB_H 1
| #define HAVE_STRING_H 1
| #define HAVE_MEMORY_H 1
| #define HAVE_STRINGS_H 1
| #define HAVE_INTTYPES_H 1
| #define HAVE_STDINT_H 1
| #define HAVE_UNISTD_H 1
| #define __EXTENSIONS__ 1
| #define _ALL_SOURCE 1
| #define _GNU_SOURCE 1
| #define _POSIX_PTHREAD_SEMANTICS 1
| #define _TANDEM_SOURCE 1
| /* end confdefs.h.  */
| #include <sys/types.h>
|  /* Check that off_t can represent 2**63 - 1 correctly.
|     We can't simply define LARGE_OFF_T to be 9223372036854775807,
|     since some C++ compilers masquerading as C compilers
|     incorrectly reject 9223372036854775807.  */
| #define LARGE_OFF_T (((off_t) 1 << 62) - 1 + ((off_t) 1 << 62))
|   int off_t_is_large[(LARGE_OFF_T % 2147483629 == 721
| 		       && LARGE_OFF_T % 2147483647 == 1)
| 		      ? 1 : -1];
| int
| main ()
| {
| 
|   ;
|   return 0;
| }
configure:5308: arm-mv5sft-linux-gnueabi-gcc -std=gnu99 -c -g -O2  conftest.c >&5
configure:5315: $? = 0
configure:5333: result: 64
configure:5477: checking for linux/compiler.h
configure:5502: arm-mv5sft-linux-gnueabi-gcc -std=gnu99 -c -g -O2  conftest.c >&5
conftest.c:32:28: error: linux/compiler.h: No such file or directory
configure:5509: $? = 1
configure: failed program was:
| /* confdefs.h.  */
| #define PACKAGE_NAME "util-linux-ng"
| #define PACKAGE_TARNAME "util-linux-ng"
| #define PACKAGE_VERSION "2.14.2"
| #define PACKAGE_STRING "util-linux-ng 2.14.2"
| #define PACKAGE_BUGREPORT "kzak@redhat.com"
| #define PACKAGE "util-linux-ng"
| #define VERSION "2.14.2"
| #define STDC_HEADERS 1
| #define HAVE_SYS_TYPES_H 1
| #define HAVE_SYS_STAT_H 1
| #define HAVE_STDLIB_H 1
| #define HAVE_STRING_H 1
| #define HAVE_MEMORY_H 1
| #define HAVE_STRINGS_H 1
| #define HAVE_INTTYPES_H 1
| #define HAVE_STDINT_H 1
| #define HAVE_UNISTD_H 1
| #define __EXTENSIONS__ 1
| #define _ALL_SOURCE 1
| #define _GNU_SOURCE 1
| #define _POSIX_PTHREAD_SEMANTICS 1
| #define _TANDEM_SOURCE 1
| #define _FILE_OFFSET_BITS 64
| /* end confdefs.h.  */
| 
| #ifdef HAVE_LINUX_COMPILER_H
| #include <linux/compiler.h>
| #endif
| 
| 
| #include <linux/compiler.h>
configure:5526: result: no
configure:5477: checking for linux/blkpg.h
configure:5502: arm-mv5sft-linux-gnueabi-gcc -std=gnu99 -c -g -O2  conftest.c >&5
configure:5509: $? = 0
configure:5526: result: yes
configure:5477: checking for linux/major.h
configure:5502: arm-mv5sft-linux-gnueabi-gcc -std=gnu99 -c -g -O2  conftest.c >&5
configure:5509: $? = 0
configure:5526: result: yes
configure:5573: checking scsi/scsi.h usability
configure:5590: arm-mv5sft-linux-gnueabi-gcc -std=gnu99 -c -g -O2  conftest.c >&5
configure:5597: $? = 0
configure:5611: result: yes
configure:5615: checking scsi/scsi.h presence
configure:5630: arm-mv5sft-linux-gnueabi-gcc -std=gnu99 -E  conftest.c
configure:5637: $? = 0
configure:5651: result: yes
configure:5684: checking for scsi/scsi.h
configure:5693: result: yes
configure:5573: checking langinfo.h usability
configure:5590: arm-mv5sft-linux-gnueabi-gcc -std=gnu99 -c -g -O2  conftest.c >&5
configure:5597: $? = 0
configure:5611: result: yes
configure:5615: checking langinfo.h presence
configure:5630: arm-mv5sft-linux-gnueabi-gcc -std=gnu99 -E  conftest.c
configure:5637: $? = 0
configure:5651: result: yes
configure:5684: checking for langinfo.h
configure:5693: result: yes
configure:5573: checking locale.h usability
configure:5590: arm-mv5sft-linux-gnueabi-gcc -std=gnu99 -c -g -O2  conftest.c >&5
configure:5597: $? = 0
configure:5611: result: yes
configure:5615: checking locale.h presence
configure:5630: arm-mv5sft-linux-gnueabi-gcc -std=gnu99 -E  conftest.c
configure:5637: $? = 0
configure:5651: result: yes
configure:5684: checking for locale.h
configure:5693: result: yes
configure:5573: checking sys/user.h usability
configure:5590: arm-mv5sft-linux-gnueabi-gcc -std=gnu99 -c -g -O2  conftest.c >&5
configure:5597: $? = 0
configure:5611: result: yes
configure:5615: checking sys/user.h presence
configure:5630: arm-mv5sft-linux-gnueabi-gcc -std=gnu99 -E  conftest.c
configure:5637: $? = 0
configure:5651: result: yes
configure:5684: checking for sys/user.h
configure:5693: result: yes
configure:5573: checking rpcsvc/nfs_prot.h usability
configure:5590: arm-mv5sft-linux-gnueabi-gcc -std=gnu99 -c -g -O2  conftest.c >&5
configure:5597: $? = 0
configure:5611: result: yes
configure:5615: checking rpcsvc/nfs_prot.h presence
configure:5630: arm-mv5sft-linux-gnueabi-gcc -std=gnu99 -E  conftest.c
configure:5637: $? = 0
configure:5651: result: yes
configure:5684: checking for rpcsvc/nfs_prot.h
configure:5693: result: yes
configure:5573: checking sys/io.h usability
configure:5590: arm-mv5sft-linux-gnueabi-gcc -std=gnu99 -c -g -O2  conftest.c >&5
configure:5597: $? = 0
configure:5611: result: yes
configure:5615: checking sys/io.h presence
configure:5630: arm-mv5sft-linux-gnueabi-gcc -std=gnu99 -E  conftest.c
configure:5637: $? = 0
configure:5651: result: yes
configure:5684: checking for sys/io.h
configure:5693: result: yes
configure:5573: checking pty.h usability
configure:5590: arm-mv5sft-linux-gnueabi-gcc -std=gnu99 -c -g -O2  conftest.c >&5
configure:5597: $? = 0
configure:5611: result: yes
configure:5615: checking pty.h presence
configure:5630: arm-mv5sft-linux-gnueabi-gcc -std=gnu99 -E  conftest.c
configure:5637: $? = 0
configure:5651: result: yes
configure:5684: checking for pty.h
configure:5693: result: yes
configure:5573: checking err.h usability
configure:5590: arm-mv5sft-linux-gnueabi-gcc -std=gnu99 -c -g -O2  conftest.c >&5
configure:5597: $? = 0
configure:5611: result: yes
configure:5615: checking err.h presence
configure:5630: arm-mv5sft-linux-gnueabi-gcc -std=gnu99 -E  conftest.c
configure:5637: $? = 0
configure:5651: result: yes
configure:5684: checking for err.h
configure:5693: result: yes
configure:5573: checking linux/tiocl.h usability
configure:5590: arm-mv5sft-linux-gnueabi-gcc -std=gnu99 -c -g -O2  conftest.c >&5
configure:5597: $? = 0
configure:5611: result: yes
configure:5615: checking linux/tiocl.h presence
configure:5630: arm-mv5sft-linux-gnueabi-gcc -std=gnu99 -E  conftest.c
configure:5637: $? = 0
configure:5651: result: yes
configure:5684: checking for linux/tiocl.h
configure:5693: result: yes
configure:5573: checking linux/version.h usability
configure:5590: arm-mv5sft-linux-gnueabi-gcc -std=gnu99 -c -g -O2  conftest.c >&5
configure:5597: $? = 0
configure:5611: result: yes
configure:5615: checking linux/version.h presence
configure:5630: arm-mv5sft-linux-gnueabi-gcc -std=gnu99 -E  conftest.c
configure:5637: $? = 0
configure:5651: result: yes
configure:5684: checking for linux/version.h
configure:5693: result: yes
configure:5724: checking linux/raw.h usability
configure:5741: arm-mv5sft-linux-gnueabi-gcc -std=gnu99 -c -g -O2  conftest.c >&5
configure:5748: $? = 0
configure:5762: result: yes
configure:5766: checking linux/raw.h presence
configure:5781: arm-mv5sft-linux-gnueabi-gcc -std=gnu99 -E  conftest.c
configure:5788: $? = 0
configure:5802: result: yes
configure:5835: checking for linux/raw.h
configure:5844: result: yes
configure:5900: checking for inet_aton
configure:5956: arm-mv5sft-linux-gnueabi-gcc -std=gnu99 -o conftest -g -O2   conftest.c  >&5
configure:5963: $? = 0
configure:5985: result: yes
configure:5900: checking for fsync
configure:5956: arm-mv5sft-linux-gnueabi-gcc -std=gnu99 -o conftest -g -O2   conftest.c  >&5
configure:5963: $? = 0
configure:5985: result: yes
configure:5900: checking for getdomainname
configure:5956: arm-mv5sft-linux-gnueabi-gcc -std=gnu99 -o conftest -g -O2   conftest.c  >&5
configure:5963: $? = 0
configure:5985: result: yes
configure:5900: checking for get_current_dir_name
configure:5956: arm-mv5sft-linux-gnueabi-gcc -std=gnu99 -o conftest -g -O2   conftest.c  >&5
configure:5963: $? = 0
configure:5985: result: yes
configure:5900: checking for nanosleep
configure:5956: arm-mv5sft-linux-gnueabi-gcc -std=gnu99 -o conftest -g -O2   conftest.c  >&5
configure:5963: $? = 0
configure:5985: result: yes
configure:5900: checking for personality
configure:5956: arm-mv5sft-linux-gnueabi-gcc -std=gnu99 -o conftest -g -O2   conftest.c  >&5
configure:5963: $? = 0
configure:5985: result: yes
configure:5900: checking for updwtmp
configure:5956: arm-mv5sft-linux-gnueabi-gcc -std=gnu99 -o conftest -g -O2   conftest.c  >&5
configure:5963: $? = 0
configure:5985: result: yes
configure:5900: checking for lchown
configure:5956: arm-mv5sft-linux-gnueabi-gcc -std=gnu99 -o conftest -g -O2   conftest.c  >&5
configure:5963: $? = 0
configure:5985: result: yes
configure:5900: checking for inotify_init
configure:5956: arm-mv5sft-linux-gnueabi-gcc -std=gnu99 -o conftest -g -O2   conftest.c  >&5
configure:5963: $? = 0
configure:5985: result: yes
configure:5900: checking for versionsort
configure:5956: arm-mv5sft-linux-gnueabi-gcc -std=gnu99 -o conftest -g -O2   conftest.c  >&5
configure:5963: $? = 0
configure:5985: result: yes
configure:5900: checking for rpmatch
configure:5956: arm-mv5sft-linux-gnueabi-gcc -std=gnu99 -o conftest -g -O2   conftest.c  >&5
configure:5963: $? = 0
configure:5985: result: yes
configure:5997: checking for _LARGEFILE_SOURCE value needed for large files
configure:6026: arm-mv5sft-linux-gnueabi-gcc -std=gnu99 -o conftest -g -O2   conftest.c  >&5
configure:6033: $? = 0
configure:6106: result: no
configure:6131: checking for versionsort
configure:6214: result: yes
configure:6385: checking for uuid_is_null in -luuid
configure:6420: arm-mv5sft-linux-gnueabi-gcc -std=gnu99 -o conftest -g -O2   conftest.c -luuid   >&5
configure:6427: $? = 0
configure:6448: result: yes
configure:6479: checking for openpty in -lutil
configure:6514: arm-mv5sft-linux-gnueabi-gcc -std=gnu99 -o conftest -g -O2   conftest.c -lutil  -luuid  >&5
configure:6521: $? = 0
configure:6542: result: yes
configure:6568: checking for tgetnum in -ltermcap
configure:6603: arm-mv5sft-linux-gnueabi-gcc -std=gnu99 -o conftest -g -O2   conftest.c -ltermcap  -lutil -luuid  >&5
/opt_gccarm/arm-mv5sft-linux-gnueabi/bin/../lib/gcc/arm-mv5sft-linux-gnueabi/4.3.2/../../../../arm-mv5sft-linux-gnueabi/bin/ld: cannot find -ltermcap
collect2: ld returned 1 exit status
configure:6610: $? = 1
configure: failed program was:
| /* confdefs.h.  */
| #define PACKAGE_NAME "util-linux-ng"
| #define PACKAGE_TARNAME "util-linux-ng"
| #define PACKAGE_VERSION "2.14.2"
| #define PACKAGE_STRING "util-linux-ng 2.14.2"
| #define PACKAGE_BUGREPORT "kzak@redhat.com"
| #define PACKAGE "util-linux-ng"
| #define VERSION "2.14.2"
| #define STDC_HEADERS 1
| #define HAVE_SYS_TYPES_H 1
| #define HAVE_SYS_STAT_H 1
| #define HAVE_STDLIB_H 1
| #define HAVE_STRING_H 1
| #define HAVE_MEMORY_H 1
| #define HAVE_STRINGS_H 1
| #define HAVE_INTTYPES_H 1
| #define HAVE_STDINT_H 1
| #define HAVE_UNISTD_H 1
| #define __EXTENSIONS__ 1
| #define _ALL_SOURCE 1
| #define _GNU_SOURCE 1
| #define _POSIX_PTHREAD_SEMANTICS 1
| #define _TANDEM_SOURCE 1
| #define _FILE_OFFSET_BITS 64
| #define HAVE_LINUX_BLKPG_H 1
| #define HAVE_LINUX_MAJOR_H 1
| #define HAVE_SCSI_SCSI_H 1
| #define HAVE_LANGINFO_H 1
| #define HAVE_LOCALE_H 1
| #define HAVE_SYS_USER_H 1
| #define HAVE_RPCSVC_NFS_PROT_H 1
| #define HAVE_SYS_IO_H 1
| #define HAVE_PTY_H 1
| #define HAVE_ERR_H 1
| #define HAVE_LINUX_TIOCL_H 1
| #define HAVE_LINUX_VERSION_H 1
| #define HAVE_LINUX_RAW_H 1
| #define HAVE_INET_ATON 1
| #define HAVE_FSYNC 1
| #define HAVE_GETDOMAINNAME 1
| #define HAVE_GET_CURRENT_DIR_NAME 1
| #define HAVE_NANOSLEEP 1
| #define HAVE_PERSONALITY 1
| #define HAVE_UPDWTMP 1
| #define HAVE_LCHOWN 1
| #define HAVE_INOTIFY_INIT 1
| #define HAVE_VERSIONSORT 1
| #define HAVE_RPMATCH 1
| #define HAVE_FSEEKO 1
| #define HAVE_LIBUUID 1
| #define HAVE_LIBUTIL 1
| /* end confdefs.h.  */
| 
| /* Override any GCC internal prototype to avoid an error.
|    Use char because int might match the return type of a GCC
|    builtin and then its argument prototype would still apply.  */
| #ifdef __cplusplus
| extern "C"
| #endif
| char tgetnum ();
| int
| main ()
| {
| return tgetnum ();
|   ;
|   return 0;
| }
configure:6631: result: no
configure:6688: checking for blkid_known_fstype in -lblkid
configure:6723: arm-mv5sft-linux-gnueabi-gcc -std=gnu99 -o conftest -g -O2   conftest.c -lblkid  -lutil -luuid  >&5
configure:6730: $? = 0
configure:6751: result: yes
configure:6930: checking whether NLS is requested
configure:6939: result: yes
configure:6977: checking for msgfmt
configure:7008: result: /usr/bin/msgfmt
configure:7017: checking for gmsgfmt
configure:7048: result: /usr/bin/msgfmt
configure:7088: checking for xgettext
configure:7119: result: /usr/bin/xgettext
configure:7159: checking for msgmerge
configure:7189: result: /usr/bin/msgmerge
configure:7264: checking for ld used by GCC
configure:7328: result: arm-mv5sft-linux-gnueabi-ld
configure:7337: checking if the linker (arm-mv5sft-linux-gnueabi-ld) is GNU ld
configure:7350: result: yes
configure:7356: checking for shared library run path origin
configure:7369: result: done
configure:7785: checking whether NLS is requested
configure:7794: result: yes
configure:7812: checking for GNU gettext in libc
configure:7841: arm-mv5sft-linux-gnueabi-gcc -std=gnu99 -o conftest -g -O2   conftest.c -lblkid -lutil -luuid  >&5
configure:7848: $? = 0
configure:7868: result: yes
configure:8574: checking whether to use NLS
configure:8576: result: yes
configure:8579: checking where the gettext function comes from
configure:8590: result: libc
configure:9039: checking for tgetent in -ltinfo
configure:9074: arm-mv5sft-linux-gnueabi-gcc -std=gnu99 -o conftest -g -O2   conftest.c -ltinfo  -lblkid -lutil -luuid  >&5
/opt_gccarm/arm-mv5sft-linux-gnueabi/bin/../lib/gcc/arm-mv5sft-linux-gnueabi/4.3.2/../../../../arm-mv5sft-linux-gnueabi/bin/ld: cannot find -ltinfo
collect2: ld returned 1 exit status
configure:9081: $? = 1
configure: failed program was:
| /* confdefs.h.  */
| #define PACKAGE_NAME "util-linux-ng"
| #define PACKAGE_TARNAME "util-linux-ng"
| #define PACKAGE_VERSION "2.14.2"
| #define PACKAGE_STRING "util-linux-ng 2.14.2"
| #define PACKAGE_BUGREPORT "kzak@redhat.com"
| #define PACKAGE "util-linux-ng"
| #define VERSION "2.14.2"
| #define STDC_HEADERS 1
| #define HAVE_SYS_TYPES_H 1
| #define HAVE_SYS_STAT_H 1
| #define HAVE_STDLIB_H 1
| #define HAVE_STRING_H 1
| #define HAVE_MEMORY_H 1
| #define HAVE_STRINGS_H 1
| #define HAVE_INTTYPES_H 1
| #define HAVE_STDINT_H 1
| #define HAVE_UNISTD_H 1
| #define __EXTENSIONS__ 1
| #define _ALL_SOURCE 1
| #define _GNU_SOURCE 1
| #define _POSIX_PTHREAD_SEMANTICS 1
| #define _TANDEM_SOURCE 1
| #define _FILE_OFFSET_BITS 64
| #define HAVE_LINUX_BLKPG_H 1
| #define HAVE_LINUX_MAJOR_H 1
| #define HAVE_SCSI_SCSI_H 1
| #define HAVE_LANGINFO_H 1
| #define HAVE_LOCALE_H 1
| #define HAVE_SYS_USER_H 1
| #define HAVE_RPCSVC_NFS_PROT_H 1
| #define HAVE_SYS_IO_H 1
| #define HAVE_PTY_H 1
| #define HAVE_ERR_H 1
| #define HAVE_LINUX_TIOCL_H 1
| #define HAVE_LINUX_VERSION_H 1
| #define HAVE_LINUX_RAW_H 1
| #define HAVE_INET_ATON 1
| #define HAVE_FSYNC 1
| #define HAVE_GETDOMAINNAME 1
| #define HAVE_GET_CURRENT_DIR_NAME 1
| #define HAVE_NANOSLEEP 1
| #define HAVE_PERSONALITY 1
| #define HAVE_UPDWTMP 1
| #define HAVE_LCHOWN 1
| #define HAVE_INOTIFY_INIT 1
| #define HAVE_VERSIONSORT 1
| #define HAVE_RPMATCH 1
| #define HAVE_FSEEKO 1
| #define HAVE_LIBUUID 1
| #define HAVE_LIBUTIL 1
| #define HAVE_LIBBLKID 1
| #define ENABLE_NLS 1
| #define HAVE_GETTEXT 1
| #define HAVE_DCGETTEXT 1
| /* end confdefs.h.  */
| 
| /* Override any GCC internal prototype to avoid an error.
|    Use char because int might match the return type of a GCC
|    builtin and then its argument prototype would still apply.  */
| #ifdef __cplusplus
| extern "C"
| #endif
| char tgetent ();
| int
| main ()
| {
| return tgetent ();
|   ;
|   return 0;
| }
configure:9102: result: no
configure:9313: arm-mv5sft-linux-gnueabi-gcc -std=gnu99 -o conftest -g -O2   conftest.c -lblkid -lutil -luuid  >&5
/tmp/ccKalCUh.o: In function `main':
/home/tmp/DNS-345_GPL/util-linux-ng-2.14.2/conftest.c:65: undefined reference to `crypt'
collect2: ld returned 1 exit status
configure:9320: $? = 1
configure: failed program was:
| /* confdefs.h.  */
| #define PACKAGE_NAME "util-linux-ng"
| #define PACKAGE_TARNAME "util-linux-ng"
| #define PACKAGE_VERSION "2.14.2"
| #define PACKAGE_STRING "util-linux-ng 2.14.2"
| #define PACKAGE_BUGREPORT "kzak@redhat.com"
| #define PACKAGE "util-linux-ng"
| #define VERSION "2.14.2"
| #define STDC_HEADERS 1
| #define HAVE_SYS_TYPES_H 1
| #define HAVE_SYS_STAT_H 1
| #define HAVE_STDLIB_H 1
| #define HAVE_STRING_H 1
| #define HAVE_MEMORY_H 1
| #define HAVE_STRINGS_H 1
| #define HAVE_INTTYPES_H 1
| #define HAVE_STDINT_H 1
| #define HAVE_UNISTD_H 1
| #define __EXTENSIONS__ 1
| #define _ALL_SOURCE 1
| #define _GNU_SOURCE 1
| #define _POSIX_PTHREAD_SEMANTICS 1
| #define _TANDEM_SOURCE 1
| #define _FILE_OFFSET_BITS 64
| #define HAVE_LINUX_BLKPG_H 1
| #define HAVE_LINUX_MAJOR_H 1
| #define HAVE_SCSI_SCSI_H 1
| #define HAVE_LANGINFO_H 1
| #define HAVE_LOCALE_H 1
| #define HAVE_SYS_USER_H 1
| #define HAVE_RPCSVC_NFS_PROT_H 1
| #define HAVE_SYS_IO_H 1
| #define HAVE_PTY_H 1
| #define HAVE_ERR_H 1
| #define HAVE_LINUX_TIOCL_H 1
| #define HAVE_LINUX_VERSION_H 1
| #define HAVE_LINUX_RAW_H 1
| #define HAVE_INET_ATON 1
| #define HAVE_FSYNC 1
| #define HAVE_GETDOMAINNAME 1
| #define HAVE_GET_CURRENT_DIR_NAME 1
| #define HAVE_NANOSLEEP 1
| #define HAVE_PERSONALITY 1
| #define HAVE_UPDWTMP 1
| #define HAVE_LCHOWN 1
| #define HAVE_INOTIFY_INIT 1
| #define HAVE_VERSIONSORT 1
| #define HAVE_RPMATCH 1
| #define HAVE_FSEEKO 1
| #define HAVE_LIBUUID 1
| #define HAVE_LIBUTIL 1
| #define HAVE_LIBBLKID 1
| #define ENABLE_NLS 1
| #define HAVE_GETTEXT 1
| #define HAVE_DCGETTEXT 1
| /* end confdefs.h.  */
| 
| #define _XOPEN_SOURCE
| #include <unistd.h>
| 
| int
| main ()
| {
| 
| char *c = crypt("abc","pw");
| 
|   ;
|   return 0;
| }
configure:9361: arm-mv5sft-linux-gnueabi-gcc -std=gnu99 -c -g -O2  conftest.c >&5
configure:9368: $? = 0
configure:9434: arm-mv5sft-linux-gnueabi-gcc -std=gnu99 -c -g -O2  conftest.c >&5
conftest.c: In function 'main':
conftest.c:65: error: '__progname' undeclared (first use in this function)
conftest.c:65: error: (Each undeclared identifier is reported only once
conftest.c:65: error: for each function it appears in.)
configure:9441: $? = 1
configure: failed program was:
| /* confdefs.h.  */
| #define PACKAGE_NAME "util-linux-ng"
| #define PACKAGE_TARNAME "util-linux-ng"
| #define PACKAGE_VERSION "2.14.2"
| #define PACKAGE_STRING "util-linux-ng 2.14.2"
| #define PACKAGE_BUGREPORT "kzak@redhat.com"
| #define PACKAGE "util-linux-ng"
| #define VERSION "2.14.2"
| #define STDC_HEADERS 1
| #define HAVE_SYS_TYPES_H 1
| #define HAVE_SYS_STAT_H 1
| #define HAVE_STDLIB_H 1
| #define HAVE_STRING_H 1
| #define HAVE_MEMORY_H 1
| #define HAVE_STRINGS_H 1
| #define HAVE_INTTYPES_H 1
| #define HAVE_STDINT_H 1
| #define HAVE_UNISTD_H 1
| #define __EXTENSIONS__ 1
| #define _ALL_SOURCE 1
| #define _GNU_SOURCE 1
| #define _POSIX_PTHREAD_SEMANTICS 1
| #define _TANDEM_SOURCE 1
| #define _FILE_OFFSET_BITS 64
| #define HAVE_LINUX_BLKPG_H 1
| #define HAVE_LINUX_MAJOR_H 1
| #define HAVE_SCSI_SCSI_H 1
| #define HAVE_LANGINFO_H 1
| #define HAVE_LOCALE_H 1
| #define HAVE_SYS_USER_H 1
| #define HAVE_RPCSVC_NFS_PROT_H 1
| #define HAVE_SYS_IO_H 1
| #define HAVE_PTY_H 1
| #define HAVE_ERR_H 1
| #define HAVE_LINUX_TIOCL_H 1
| #define HAVE_LINUX_VERSION_H 1
| #define HAVE_LINUX_RAW_H 1
| #define HAVE_INET_ATON 1
| #define HAVE_FSYNC 1
| #define HAVE_GETDOMAINNAME 1
| #define HAVE_GET_CURRENT_DIR_NAME 1
| #define HAVE_NANOSLEEP 1
| #define HAVE_PERSONALITY 1
| #define HAVE_UPDWTMP 1
| #define HAVE_LCHOWN 1
| #define HAVE_INOTIFY_INIT 1
| #define HAVE_VERSIONSORT 1
| #define HAVE_RPMATCH 1
| #define HAVE_FSEEKO 1
| #define HAVE_LIBUUID 1
| #define HAVE_LIBUTIL 1
| #define HAVE_LIBBLKID 1
| #define ENABLE_NLS 1
| #define HAVE_GETTEXT 1
| #define HAVE_DCGETTEXT 1
| #define NEED_LIBCRYPT 1
| /* end confdefs.h.  */
| 
| #include <stdio.h>
| 
| int
| main ()
| {
| 
| printf(__progname);
| 
|   ;
|   return 0;
| }
configure:9494: arm-mv5sft-linux-gnueabi-gcc -std=gnu99 -c -g -O2  conftest.c >&5
conftest.c: In function 'main':
conftest.c:70: warning: implicit declaration of function 'exit'
conftest.c:70: warning: incompatible implicit declaration of built-in function 'exit'
configure:9501: $? = 0
configure:9531: checking for syscall pivot_root
configure:9560: arm-mv5sft-linux-gnueabi-gcc -std=gnu99 -c -g -O2  conftest.c >&5
configure:9567: $? = 0
configure:9638: result: SYS_pivot_root
configure:9661: checking for syscall sched_getaffinity
configure:9690: arm-mv5sft-linux-gnueabi-gcc -std=gnu99 -c -g -O2  conftest.c >&5
configure:9697: $? = 0
configure:9768: result: SYS_sched_getaffinity
configure:9791: checking for syscall ioprio_set
configure:9820: arm-mv5sft-linux-gnueabi-gcc -std=gnu99 -c -g -O2  conftest.c >&5
configure:9827: $? = 0
configure:9906: result: SYS_ioprio_set
configure:9929: checking for syscall ioprio_get
configure:9958: arm-mv5sft-linux-gnueabi-gcc -std=gnu99 -c -g -O2  conftest.c >&5
configure:9965: $? = 0
configure:10044: result: SYS_ioprio_get
configure:10096: arm-mv5sft-linux-gnueabi-gcc -std=gnu99 -c -g -O2  conftest.c >&5
configure:10103: $? = 0
configure:10123: checking whether ADDR_NO_RANDOMIZE is declared
configure:10153: arm-mv5sft-linux-gnueabi-gcc -std=gnu99 -c -g -O2  conftest.c >&5
configure:10160: $? = 0
configure:10175: result: yes
configure:10191: checking whether FDPIC_FUNCPTRS is declared
configure:10221: arm-mv5sft-linux-gnueabi-gcc -std=gnu99 -c -g -O2  conftest.c >&5
configure:10228: $? = 0
configure:10243: result: yes
configure:10259: checking whether MMAP_PAGE_ZERO is declared
configure:10289: arm-mv5sft-linux-gnueabi-gcc -std=gnu99 -c -g -O2  conftest.c >&5
configure:10296: $? = 0
configure:10311: result: yes
configure:10327: checking whether ADDR_COMPAT_LAYOUT is declared
configure:10357: arm-mv5sft-linux-gnueabi-gcc -std=gnu99 -c -g -O2  conftest.c >&5
configure:10364: $? = 0
configure:10379: result: yes
configure:10395: checking whether READ_IMPLIES_EXEC is declared
configure:10425: arm-mv5sft-linux-gnueabi-gcc -std=gnu99 -c -g -O2  conftest.c >&5
configure:10432: $? = 0
configure:10447: result: yes
configure:10463: checking whether ADDR_LIMIT_32BIT is declared
configure:10493: arm-mv5sft-linux-gnueabi-gcc -std=gnu99 -c -g -O2  conftest.c >&5
configure:10500: $? = 0
configure:10515: result: yes
configure:10531: checking whether WHOLE_SECONDS is declared
configure:10561: arm-mv5sft-linux-gnueabi-gcc -std=gnu99 -c -g -O2  conftest.c >&5
configure:10568: $? = 0
configure:10583: result: yes
configure:10599: checking whether STICKY_TIMEOUTS is declared
configure:10629: arm-mv5sft-linux-gnueabi-gcc -std=gnu99 -c -g -O2  conftest.c >&5
configure:10636: $? = 0
configure:10651: result: yes
configure:10667: checking whether ADDR_LIMIT_3GB is declared
configure:10697: arm-mv5sft-linux-gnueabi-gcc -std=gnu99 -c -g -O2  conftest.c >&5
configure:10704: $? = 0
configure:10719: result: yes
configure:10754: checking sys/swap.h usability
configure:10771: arm-mv5sft-linux-gnueabi-gcc -std=gnu99 -c -g -O2  conftest.c >&5
configure:10778: $? = 0
configure:10792: result: yes
configure:10796: checking sys/swap.h presence
configure:10811: arm-mv5sft-linux-gnueabi-gcc -std=gnu99 -E  conftest.c
configure:10818: $? = 0
configure:10832: result: yes
configure:10865: checking for sys/swap.h
configure:10874: result: yes
configure:10916: arm-mv5sft-linux-gnueabi-gcc -std=gnu99 -c -g -O2  conftest.c >&5
configure:10923: $? = 0
configure:11123: checking for crc32 in -lz
configure:11158: arm-mv5sft-linux-gnueabi-gcc -std=gnu99 -o conftest -g -O2   conftest.c -lz  -lblkid -lutil -luuid  -lcrypt >&5
/opt_gccarm/arm-mv5sft-linux-gnueabi/bin/../lib/gcc/arm-mv5sft-linux-gnueabi/4.3.2/../../../../arm-mv5sft-linux-gnueabi/bin/ld: cannot find -lz
collect2: ld returned 1 exit status
configure:11165: $? = 1
configure: failed program was:
| /* confdefs.h.  */
| #define PACKAGE_NAME "util-linux-ng"
| #define PACKAGE_TARNAME "util-linux-ng"
| #define PACKAGE_VERSION "2.14.2"
| #define PACKAGE_STRING "util-linux-ng 2.14.2"
| #define PACKAGE_BUGREPORT "kzak@redhat.com"
| #define PACKAGE "util-linux-ng"
| #define VERSION "2.14.2"
| #define STDC_HEADERS 1
| #define HAVE_SYS_TYPES_H 1
| #define HAVE_SYS_STAT_H 1
| #define HAVE_STDLIB_H 1
| #define HAVE_STRING_H 1
| #define HAVE_MEMORY_H 1
| #define HAVE_STRINGS_H 1
| #define HAVE_INTTYPES_H 1
| #define HAVE_STDINT_H 1
| #define HAVE_UNISTD_H 1
| #define __EXTENSIONS__ 1
| #define _ALL_SOURCE 1
| #define _GNU_SOURCE 1
| #define _POSIX_PTHREAD_SEMANTICS 1
| #define _TANDEM_SOURCE 1
| #define _FILE_OFFSET_BITS 64
| #define HAVE_LINUX_BLKPG_H 1
| #define HAVE_LINUX_MAJOR_H 1
| #define HAVE_SCSI_SCSI_H 1
| #define HAVE_LANGINFO_H 1
| #define HAVE_LOCALE_H 1
| #define HAVE_SYS_USER_H 1
| #define HAVE_RPCSVC_NFS_PROT_H 1
| #define HAVE_SYS_IO_H 1
| #define HAVE_PTY_H 1
| #define HAVE_ERR_H 1
| #define HAVE_LINUX_TIOCL_H 1
| #define HAVE_LINUX_VERSION_H 1
| #define HAVE_LINUX_RAW_H 1
| #define HAVE_INET_ATON 1
| #define HAVE_FSYNC 1
| #define HAVE_GETDOMAINNAME 1
| #define HAVE_GET_CURRENT_DIR_NAME 1
| #define HAVE_NANOSLEEP 1
| #define HAVE_PERSONALITY 1
| #define HAVE_UPDWTMP 1
| #define HAVE_LCHOWN 1
| #define HAVE_INOTIFY_INIT 1
| #define HAVE_VERSIONSORT 1
| #define HAVE_RPMATCH 1
| #define HAVE_FSEEKO 1
| #define HAVE_LIBUUID 1
| #define HAVE_LIBUTIL 1
| #define HAVE_LIBBLKID 1
| #define ENABLE_NLS 1
| #define HAVE_GETTEXT 1
| #define HAVE_DCGETTEXT 1
| #define NEED_LIBCRYPT 1
| #define HAVE_WIDECHAR 1
| #define HAVE_TM_GMTOFF 1
| #define HAVE_DECL_ADDR_NO_RANDOMIZE 1
| #define HAVE_DECL_FDPIC_FUNCPTRS 1
| #define HAVE_DECL_MMAP_PAGE_ZERO 1
| #define HAVE_DECL_ADDR_COMPAT_LAYOUT 1
| #define HAVE_DECL_READ_IMPLIES_EXEC 1
| #define HAVE_DECL_ADDR_LIMIT_32BIT 1
| #define HAVE_DECL_WHOLE_SECONDS 1
| #define HAVE_DECL_STICKY_TIMEOUTS 1
| #define HAVE_DECL_ADDR_LIMIT_3GB 1
| #define HAVE_SYS_SWAP_H 1
| #define SWAPON_HAS_TWO_ARGS 1
| /* end confdefs.h.  */
| 
| /* Override any GCC internal prototype to avoid an error.
|    Use char because int might match the return type of a GCC
|    builtin and then its argument prototype would still apply.  */
| #ifdef __cplusplus
| extern "C"
| #endif
| char crc32 ();
| int
| main ()
| {
| return crc32 ();
|   ;
|   return 0;
| }
configure:11186: result: no
configure:12572: creating ./config.status

## ---------------------- ##
## Running config.status. ##
## ---------------------- ##

This file was extended by util-linux-ng config.status 2.14.2, which was
generated by GNU Autoconf 2.63.  Invocation command line was

  CONFIG_FILES    = 
  CONFIG_HEADERS  = 
  CONFIG_LINKS    = 
  CONFIG_COMMANDS = 
  $ ./config.status 

on fedora-14

config.status:987: creating Makefile
config.status:987: creating disk-utils/Makefile
config.status:987: creating fdisk/Makefile
config.status:987: creating getopt/Makefile
config.status:987: creating hwclock/Makefile
config.status:987: creating include/Makefile
config.status:987: creating lib/Makefile
config.status:987: creating login-utils/Makefile
config.status:987: creating misc-utils/Makefile
config.status:987: creating mount/Makefile
config.status:987: creating partx/Makefile
config.status:987: creating po/Makefile.in
config.status:1139: WARNING:  'po/Makefile.in.in' seems to ignore the --datarootdir setting
config.status:987: creating schedutils/Makefile
config.status:987: creating sys-utils/Makefile
config.status:987: creating text-utils/Makefile
config.status:987: creating tests/Makefile
config.status:987: creating tests/helpers/Makefile
config.status:987: creating tests/commands.sh
config.status:987: creating misc-utils/chkdupexe
config.status:987: creating config.h
config.status:1261: executing depfiles commands
config.status:1261: executing default-1 commands

## ---------------- ##
## Cache variables. ##
## ---------------- ##

ac_cv_build=i686-pc-linux-gnu
ac_cv_c_compiler_gnu=yes
ac_cv_env_BLKID_LIBS_STATIC_set=
ac_cv_env_BLKID_LIBS_STATIC_value=
ac_cv_env_BLKID_LIBS_set=
ac_cv_env_BLKID_LIBS_value=
ac_cv_env_CC_set=set
ac_cv_env_CC_value=arm-mv5sft-linux-gnueabi-gcc
ac_cv_env_CFLAGS_set=
ac_cv_env_CFLAGS_value=
ac_cv_env_CPPFLAGS_set=
ac_cv_env_CPPFLAGS_value=
ac_cv_env_CPP_set=
ac_cv_env_CPP_value=
ac_cv_env_LDFLAGS_set=
ac_cv_env_LDFLAGS_value=
ac_cv_env_LIBS_set=
ac_cv_env_LIBS_value=
ac_cv_env_SUID_CFLAGS_set=
ac_cv_env_SUID_CFLAGS_value=
ac_cv_env_SUID_LDFLAGS_set=
ac_cv_env_SUID_LDFLAGS_value=
ac_cv_env_VOLUMEID_LIBS_STATIC_set=
ac_cv_env_VOLUMEID_LIBS_STATIC_value=
ac_cv_env_VOLUMEID_LIBS_set=
ac_cv_env_VOLUMEID_LIBS_value=
ac_cv_env_build_alias_set=
ac_cv_env_build_alias_value=
ac_cv_env_host_alias_set=set
ac_cv_env_host_alias_value=arm-mv5sft-linux-gnueabi
ac_cv_env_target_alias_set=
ac_cv_env_target_alias_value=
ac_cv_func_fsync=yes
ac_cv_func_get_current_dir_name=yes
ac_cv_func_getdomainname=yes
ac_cv_func_inet_aton=yes
ac_cv_func_inotify_init=yes
ac_cv_func_lchown=yes
ac_cv_func_nanosleep=yes
ac_cv_func_personality=yes
ac_cv_func_rpmatch=yes
ac_cv_func_updwtmp=yes
ac_cv_func_versionsort=yes
ac_cv_have_decl_ADDR_COMPAT_LAYOUT=yes
ac_cv_have_decl_ADDR_LIMIT_32BIT=yes
ac_cv_have_decl_ADDR_LIMIT_3GB=yes
ac_cv_have_decl_ADDR_NO_RANDOMIZE=yes
ac_cv_have_decl_FDPIC_FUNCPTRS=yes
ac_cv_have_decl_MMAP_PAGE_ZERO=yes
ac_cv_have_decl_READ_IMPLIES_EXEC=yes
ac_cv_have_decl_STICKY_TIMEOUTS=yes
ac_cv_have_decl_WHOLE_SECONDS=yes
ac_cv_header_err_h=yes
ac_cv_header_inttypes_h=yes
ac_cv_header_langinfo_h=yes
ac_cv_header_linux_blkpg_h=yes
ac_cv_header_linux_compiler_h=no
ac_cv_header_linux_major_h=yes
ac_cv_header_linux_raw_h=yes
ac_cv_header_linux_tiocl_h=yes
ac_cv_header_linux_version_h=yes
ac_cv_header_locale_h=yes
ac_cv_header_memory_h=yes
ac_cv_header_minix_config_h=no
ac_cv_header_pty_h=yes
ac_cv_header_rpcsvc_nfs_prot_h=yes
ac_cv_header_scsi_scsi_h=yes
ac_cv_header_stdc=yes
ac_cv_header_stdint_h=yes
ac_cv_header_stdlib_h=yes
ac_cv_header_string_h=yes
ac_cv_header_strings_h=yes
ac_cv_header_sys_io_h=yes
ac_cv_header_sys_stat_h=yes
ac_cv_header_sys_swap_h=yes
ac_cv_header_sys_types_h=yes
ac_cv_header_sys_user_h=yes
ac_cv_header_unistd_h=yes
ac_cv_host=arm-mv5sft-linux-gnueabi
ac_cv_lib_blkid_blkid_known_fstype=yes
ac_cv_lib_termcap_tgetnum=no
ac_cv_lib_tinfo_tgetent=no
ac_cv_lib_util_openpty=yes
ac_cv_lib_uuid_uuid_is_null=yes
ac_cv_lib_z_crc32=no
ac_cv_objext=o
ac_cv_path_BLKID=/sbin/blkid
ac_cv_path_EGREP='/bin/grep -E'
ac_cv_path_GMSGFMT=/usr/bin/msgfmt
ac_cv_path_GREP=/bin/grep
ac_cv_path_MSGFMT=/usr/bin/msgfmt
ac_cv_path_MSGMERGE=/usr/bin/msgmerge
ac_cv_path_PERL=/usr/bin/perl
ac_cv_path_XGETTEXT=/usr/bin/xgettext
ac_cv_path_install='/usr/bin/install -c'
ac_cv_path_mkdir=/bin/mkdir
ac_cv_prog_AWK=gawk
ac_cv_prog_CC=arm-mv5sft-linux-gnueabi-gcc
ac_cv_prog_CPP='arm-mv5sft-linux-gnueabi-gcc -std=gnu99 -E'
ac_cv_prog_STRIP=arm-mv5sft-linux-gnueabi-strip
ac_cv_prog_cc_c89=
ac_cv_prog_cc_c99=-std=gnu99
ac_cv_prog_cc_g=yes
ac_cv_prog_cc_stdc=-std=gnu99
ac_cv_prog_make_make_set=yes
ac_cv_safe_to_define___extensions__=yes
ac_cv_sys_file_offset_bits=64
ac_cv_sys_largefile_CC=no
ac_cv_sys_largefile_source=no
acl_cv_hardcode_direct=no
acl_cv_hardcode_libdir_flag_spec='${wl}-rpath ${wl}$libdir'
acl_cv_hardcode_libdir_separator=
acl_cv_hardcode_minus_L=no
acl_cv_libext=a
acl_cv_path_LD=arm-mv5sft-linux-gnueabi-ld
acl_cv_prog_gnu_ld=yes
acl_cv_rpath=done
acl_cv_shlibext=so
acl_cv_wl=-Wl,
am_cv_CC_dependencies_compiler_type=gcc3
gt_cv_func_gnugettext1_libc=yes
util_cv_syscall_ioprio_get=SYS_ioprio_get
util_cv_syscall_ioprio_set=SYS_ioprio_set
util_cv_syscall_pivot_root=SYS_pivot_root
util_cv_syscall_sched_getaffinity=SYS_sched_getaffinity

## ----------------- ##
## Output variables. ##
## ----------------- ##

ACLOCAL='${SHELL} /home/tmp/DNS-345_GPL/util-linux-ng-2.14.2/config/missing --run aclocal-1.10'
AMDEPBACKSLASH='\'
AMDEP_FALSE='#'
AMDEP_TRUE=''
AMTAR='${SHELL} /home/tmp/DNS-345_GPL/util-linux-ng-2.14.2/config/missing --run tar'
ARCH_86_64_FALSE=''
ARCH_86_64_TRUE='#'
ARCH_HPPA_FALSE=''
ARCH_HPPA_TRUE='#'
ARCH_I86_FALSE=''
ARCH_I86_TRUE='#'
ARCH_IA64_FALSE=''
ARCH_IA64_TRUE='#'
ARCH_M68K_FALSE=''
ARCH_M68K_TRUE='#'
ARCH_MIPS_FALSE=''
ARCH_MIPS_TRUE='#'
ARCH_PPC_FALSE=''
ARCH_PPC_TRUE='#'
ARCH_S390_FALSE=''
ARCH_S390_TRUE='#'
ARCH_SPARC_FALSE=''
ARCH_SPARC_TRUE='#'
AUTOCONF='${SHELL} /home/tmp/DNS-345_GPL/util-linux-ng-2.14.2/config/missing --run autoconf'
AUTOHEADER='${SHELL} /home/tmp/DNS-345_GPL/util-linux-ng-2.14.2/config/missing --run autoheader'
AUTOMAKE='${SHELL} /home/tmp/DNS-345_GPL/util-linux-ng-2.14.2/config/missing --run automake-1.10'
AWK='gawk'
BLKID='/sbin/blkid'
BLKID_LIBS='-lblkid -luuid'
BLKID_LIBS_STATIC=''
BUILD_AGETTY_FALSE='#'
BUILD_AGETTY_TRUE=''
BUILD_ARCH_FALSE=''
BUILD_ARCH_TRUE='#'
BUILD_CRAMFS_FALSE=''
BUILD_CRAMFS_TRUE='#'
BUILD_ELVTUNE_FALSE=''
BUILD_ELVTUNE_TRUE='#'
BUILD_INIT_FALSE=''
BUILD_INIT_TRUE='#'
BUILD_KILL_FALSE=''
BUILD_KILL_TRUE='#'
BUILD_LAST_FALSE=''
BUILD_LAST_TRUE='#'
BUILD_LOGIN_UTILS_FALSE=''
BUILD_LOGIN_UTILS_TRUE='#'
BUILD_MESG_FALSE=''
BUILD_MESG_TRUE='#'
BUILD_PARTX_FALSE=''
BUILD_PARTX_TRUE='#'
BUILD_RAW_FALSE=''
BUILD_RAW_TRUE='#'
BUILD_RDEV_FALSE=''
BUILD_RDEV_TRUE='#'
BUILD_RENAME_FALSE='#'
BUILD_RENAME_TRUE=''
BUILD_RESET_FALSE=''
BUILD_RESET_TRUE='#'
BUILD_SCHEDUTILS_FALSE='#'
BUILD_SCHEDUTILS_TRUE=''
BUILD_WALL_FALSE='#'
BUILD_WALL_TRUE=''
BUILD_WRITE_FALSE=''
BUILD_WRITE_TRUE='#'
CC='arm-mv5sft-linux-gnueabi-gcc -std=gnu99'
CCDEPMODE='depmode=gcc3'
CFLAGS='-g -O2'
CPP='arm-mv5sft-linux-gnueabi-gcc -std=gnu99 -E'
CPPFLAGS=''
CYGPATH_W='echo'
DEFS='-DHAVE_CONFIG_H'
DEPDIR='.deps'
ECHO_C=''
ECHO_N='-n'
ECHO_T=''
EGREP='/bin/grep -E'
EXEEXT=''
GMSGFMT='/usr/bin/msgfmt'
GREP='/bin/grep'
HAVE_AUDIT_FALSE=''
HAVE_AUDIT_TRUE='#'
HAVE_BLKID_FALSE='#'
HAVE_BLKID_TRUE=''
HAVE_IOPRIO_GET_FALSE='#'
HAVE_IOPRIO_GET_TRUE=''
HAVE_IOPRIO_SET_FALSE='#'
HAVE_IOPRIO_SET_TRUE=''
HAVE_NCURSES_FALSE=''
HAVE_NCURSES_TRUE='#'
HAVE_PAM_FALSE=''
HAVE_PAM_TRUE='#'
HAVE_PIVOT_ROOT_FALSE='#'
HAVE_PIVOT_ROOT_TRUE=''
HAVE_RAW_FALSE='#'
HAVE_RAW_TRUE=''
HAVE_SCHED_GETAFFINITY_FALSE='#'
HAVE_SCHED_GETAFFINITY_TRUE=''
HAVE_SELINUX_FALSE=''
HAVE_SELINUX_TRUE='#'
HAVE_STATIC_FDISK_FALSE=''
HAVE_STATIC_FDISK_TRUE='#'
HAVE_STATIC_LOSETUP_FALSE=''
HAVE_STATIC_LOSETUP_TRUE='#'
HAVE_STATIC_MOUNT_FALSE=''
HAVE_STATIC_MOUNT_TRUE='#'
HAVE_STATIC_SFDISK_FALSE=''
HAVE_STATIC_SFDISK_TRUE='#'
HAVE_STATIC_UMOUNT_FALSE=''
HAVE_STATIC_UMOUNT_TRUE='#'
HAVE_TERMCAP_FALSE=''
HAVE_TERMCAP_TRUE='#'
HAVE_TINFO_FALSE=''
HAVE_TINFO_TRUE='#'
HAVE_UTIL_FALSE='#'
HAVE_UTIL_TRUE=''
HAVE_UUID_FALSE='#'
HAVE_UUID_TRUE=''
HAVE_VERSIONSORT_FALSE='#'
HAVE_VERSIONSORT_TRUE=''
HAVE_VOLUME_ID_FALSE=''
HAVE_VOLUME_ID_TRUE='#'
INSTALL_DATA='${INSTALL} -m 644'
INSTALL_PROGRAM='${INSTALL}'
INSTALL_SCRIPT='${INSTALL}'
INSTALL_STRIP_PROGRAM='$(install_sh) -c -s'
INTLLIBS=''
LDFLAGS=''
LDFLAGS_STATIC='-static'
LIBICONV='-liconv'
LIBINTL=''
LIBOBJS=''
LIBS=''
LINUX_FALSE='#'
LINUX_TRUE=''
LTLIBICONV='-liconv'
LTLIBINTL=''
LTLIBOBJS=''
MAKEINFO='${SHELL} /home/tmp/DNS-345_GPL/util-linux-ng-2.14.2/config/missing --run makeinfo'
MAKEINSTALL_DO_CHOWN_FALSE='#'
MAKEINSTALL_DO_CHOWN_TRUE=''
MKDIR_P='/bin/mkdir -p'
MKINSTALLDIRS='$(top_builddir)/config/mkinstalldirs'
MSGFMT='/usr/bin/msgfmt'
MSGMERGE='/usr/bin/msgmerge'
NCURSES_LIBS=''
NEED_LIBCRYPT_FALSE='#'
NEED_LIBCRYPT_TRUE=''
OBJEXT='o'
PACKAGE='util-linux-ng'
PACKAGE_BUGREPORT='kzak@redhat.com'
PACKAGE_NAME='util-linux-ng'
PACKAGE_STRING='util-linux-ng 2.14.2'
PACKAGE_TARNAME='util-linux-ng'
PACKAGE_VERSION='2.14.2'
PATH_SEPARATOR=':'
PERL='/usr/bin/perl'
POSUB='po'
SELINUX_LIBS=''
SELINUX_LIBS_STATIC=''
SET_MAKE=''
SHELL='/bin/sh'
STRIP='arm-mv5sft-linux-gnueabi-strip'
SUID_CFLAGS=''
SUID_LDFLAGS=''
USE_NLS='yes'
USE_SLANG_FALSE=''
USE_SLANG_TRUE='#'
USE_TTY_GROUP_FALSE='#'
USE_TTY_GROUP_TRUE=''
VERSION='2.14.2'
VOLID=''
VOLUMEID_LIBS='-lvolume_id'
VOLUMEID_LIBS_STATIC=''
XGETTEXT='/usr/bin/xgettext'
ac_ct_CC=''
am__fastdepCC_FALSE='#'
am__fastdepCC_TRUE=''
am__include='include'
am__isrc=''
am__leading_dot='.'
am__quote=''
am__tar='${AMTAR} chof - "$$tardir"'
am__untar='${AMTAR} xf -'
bindir='${exec_prefix}/bin'
build='i686-pc-linux-gnu'
build_alias=''
build_cpu='i686'
build_os='linux-gnu'
build_vendor='pc'
datadir='${datarootdir}'
datarootdir='${prefix}/share'
docdir='${datarootdir}/doc/${PACKAGE_TARNAME}'
dvidir='${docdir}'
exec_prefix='${prefix}'
host='arm-mv5sft-linux-gnueabi'
host_alias='arm-mv5sft-linux-gnueabi'
host_cpu='arm'
host_os='linux-gnueabi'
host_vendor='mv5sft'
htmldir='${docdir}'
includedir='${prefix}/include'
infodir='${datarootdir}/info'
install_sh='$(SHELL) /home/tmp/DNS-345_GPL/util-linux-ng-2.14.2/config/install-sh'
libdir='${exec_prefix}/lib'
libexecdir='${exec_prefix}/libexec'
localedir='${datarootdir}/locale'
localstatedir='${prefix}/var'
mandir='${datarootdir}/man'
mkdir_p='/bin/mkdir -p'
oldincludedir='/usr/include'
pdfdir='${docdir}'
prefix='/home/tmp/DNS-345_GPL/util-linux-ng-2.14.2/.install_util-linux'
program_transform_name='s,x,x,'
psdir='${docdir}'
sbindir='${exec_prefix}/sbin'
sharedstatedir='${prefix}/com'
sysconfdir='${prefix}/etc'
target_alias=''

## ----------- ##
## confdefs.h. ##
## ----------- ##

#define PACKAGE_NAME "util-linux-ng"
#define PACKAGE_TARNAME "util-linux-ng"
#define PACKAGE_VERSION "2.14.2"
#define PACKAGE_STRING "util-linux-ng 2.14.2"
#define PACKAGE_BUGREPORT "kzak@redhat.com"
#define PACKAGE "util-linux-ng"
#define VERSION "2.14.2"
#define STDC_HEADERS 1
#define HAVE_SYS_TYPES_H 1
#define HAVE_SYS_STAT_H 1
#define HAVE_STDLIB_H 1
#define HAVE_STRING_H 1
#define HAVE_MEMORY_H 1
#define HAVE_STRINGS_H 1
#define HAVE_INTTYPES_H 1
#define HAVE_STDINT_H 1
#define HAVE_UNISTD_H 1
#define __EXTENSIONS__ 1
#define _ALL_SOURCE 1
#define _GNU_SOURCE 1
#define _POSIX_PTHREAD_SEMANTICS 1
#define _TANDEM_SOURCE 1
#define _FILE_OFFSET_BITS 64
#define HAVE_LINUX_BLKPG_H 1
#define HAVE_LINUX_MAJOR_H 1
#define HAVE_SCSI_SCSI_H 1
#define HAVE_LANGINFO_H 1
#define HAVE_LOCALE_H 1
#define HAVE_SYS_USER_H 1
#define HAVE_RPCSVC_NFS_PROT_H 1
#define HAVE_SYS_IO_H 1
#define HAVE_PTY_H 1
#define HAVE_ERR_H 1
#define HAVE_LINUX_TIOCL_H 1
#define HAVE_LINUX_VERSION_H 1
#define HAVE_LINUX_RAW_H 1
#define HAVE_INET_ATON 1
#define HAVE_FSYNC 1
#define HAVE_GETDOMAINNAME 1
#define HAVE_GET_CURRENT_DIR_NAME 1
#define HAVE_NANOSLEEP 1
#define HAVE_PERSONALITY 1
#define HAVE_UPDWTMP 1
#define HAVE_LCHOWN 1
#define HAVE_INOTIFY_INIT 1
#define HAVE_VERSIONSORT 1
#define HAVE_RPMATCH 1
#define HAVE_FSEEKO 1
#define HAVE_LIBUUID 1
#define HAVE_LIBUTIL 1
#define HAVE_LIBBLKID 1
#define ENABLE_NLS 1
#define HAVE_GETTEXT 1
#define HAVE_DCGETTEXT 1
#define NEED_LIBCRYPT 1
#define HAVE_WIDECHAR 1
#define HAVE_TM_GMTOFF 1
#define HAVE_DECL_ADDR_NO_RANDOMIZE 1
#define HAVE_DECL_FDPIC_FUNCPTRS 1
#define HAVE_DECL_MMAP_PAGE_ZERO 1
#define HAVE_DECL_ADDR_COMPAT_LAYOUT 1
#define HAVE_DECL_READ_IMPLIES_EXEC 1
#define HAVE_DECL_ADDR_LIMIT_32BIT 1
#define HAVE_DECL_WHOLE_SECONDS 1
#define HAVE_DECL_STICKY_TIMEOUTS 1
#define HAVE_DECL_ADDR_LIMIT_3GB 1
#define HAVE_SYS_SWAP_H 1
#define SWAPON_HAS_TWO_ARGS 1
#define ONLY_LISTED_SHELLS 1
#define PG_BELL 1
#define REQUIRE_PASSWORD 1
#define USE_TTY_GROUP 1

configure: exit 0
