This file contains any messages produced by compilers while
running configure, to aid debugging if configure makes a mistake.

It was created by configure, which was
generated by GNU Autoconf 2.52.  Invocation command line was

  $ ./configure --host=arm-linux --target=arm-linux --with-include-gettext=no --prefix=/usr/local/LPRng --enable-strip --enable-shared=yes --with-cc=arm-mv5sft-linux-gnueabi-gcc

## ---------- ##
## Platform.  ##
## ---------- ##

hostname = fedora-14
uname -m = i686
uname -r = 2.6.35.6-45.fc14.i686
uname -s = Linux
uname -v = #1 SMP Mon Oct 18 23:56:17 UTC 2010

/usr/bin/uname -p = unknown
/bin/uname -X     = unknown

/bin/arch              = i686
/usr/bin/arch -k       = unknown
/usr/convex/getsysinfo = unknown
hostinfo               = unknown
/bin/machine           = unknown
/usr/bin/oslevel       = unknown
/bin/universe          = unknown

PATH = /opt_gccarm/arm-mv5sft-linux-gnueabi/bin:/usr/lib/qt-3.3/bin:/usr/lib/ccache:/usr/local/bin:/bin:/usr/bin:/usr/local/sbin:/usr/sbin:/sbin:/home/jack/bin

## ------------ ##
## Core tests.  ##
## ------------ ##

configure:1157: PATH=".;."; conftest.sh
./configure: line 1158: conftest.sh: command not found
configure:1160: $? = 127
configure:1203: checking build system type
configure:1221: result: i686-pc-linux-gnu
configure:1228: checking host system type
configure:1242: result: arm-unknown-linux-gnu
configure:1249: checking target system type
configure:1263: result: arm-unknown-linux-gnu
configure:1293: checking for C compiler
configure:2021: arm-mv5sft-linux-gnueabi-gcc -o conftest    conftest.c  >&5
configure:2024: $? = 0
configure:2027: test -s conftest
configure:2030: $? = 0
configure:2046: result: arm-mv5sft-linux-gnueabi-gcc
configure:2056: checking for arm-linux-gcc
configure:2079: result: arm-mv5sft-linux-gnueabi-gcc
configure:2342: checking for C compiler version
configure:2345: arm-mv5sft-linux-gnueabi-gcc --version </dev/null >&5
arm-mv5sft-linux-gnueabi-gcc (sdk3.2rc1-ct-ng-1.4.1) 4.3.2
Copyright (C) 2008 Free Software Foundation, Inc.
This is free software; see the source for copying conditions.  There is NO
warranty; not even for MERCHANTABILITY or FITNESS FOR A PARTICULAR PURPOSE.

configure:2348: $? = 0
configure:2350: arm-mv5sft-linux-gnueabi-gcc -v </dev/null >&5
Using built-in specs.
Target: arm-mv5sft-linux-gnueabi
Configured with: /home/seugene/sdk/targets/src/gcc-4.3.2/configure --build=i486-build_pc-linux-gnu --host=i486-build_pc-linux-gnu --target=arm-mv5sft-linux-gnueabi --prefix=/home/seugene/sdk/targets/arm-mv5sft-linux-gnueabi/cross --with-sysroot=/home/seugene/sdk/targets/arm-mv5sft-linux-gnueabi/cross/arm-mv5sft-linux-gnueabi//sys-root --enable-languages=c,c++,fortran,java --disable-multilib --with-arch=armv5te --with-float=soft --with-gmp=/home/seugene/sdk/targets/arm-mv5sft-linux-gnueabi/cross --with-mpfr=/home/seugene/sdk/targets/arm-mv5sft-linux-gnueabi/cross --with-pkgversion=sdk3.2rc1-ct-ng-1.4.1 --disable-sjlj-exceptions --enable-__cxa_atexit --with-local-prefix=/home/seugene/sdk/targets/arm-mv5sft-linux-gnueabi/cross/arm-mv5sft-linux-gnueabi//sys-root --disable-nls --enable-threads=posix --enable-symvers=gnu --enable-c99 --enable-long-long --enable-target-optspace
Thread model: posix
gcc version 4.3.2 (sdk3.2rc1-ct-ng-1.4.1) 
configure:2353: $? = 0
configure:2355: arm-mv5sft-linux-gnueabi-gcc -V </dev/null >&5
arm-mv5sft-linux-gnueabi-gcc: '-V' option must have argument
configure:2358: $? = 1
configure:2361: checking whether we are using the GNU C compiler
configure:2382: arm-mv5sft-linux-gnueabi-gcc -c   conftest.c >&5
configure:2385: $? = 0
configure:2388: test -s conftest.
configure:2391: $? = 1
configure: failed program was:
#line 2367 "configure"
#include "confdefs.h"

int
main ()
{
#ifndef __GNUC__
       choke me
#endif

  ;
  return 0;
}
configure:2403: result: no
configure:2409: checking whether arm-mv5sft-linux-gnueabi-gcc accepts -g
configure:2427: arm-mv5sft-linux-gnueabi-gcc -c -g  conftest.c >&5
configure:2430: $? = 0
configure:2433: test -s conftest.
configure:2436: $? = 1
configure: failed program was:
#line 2415 "configure"
#include "confdefs.h"

int
main ()
{

  ;
  return 0;
}
configure:2446: result: no
configure:2473: arm-mv5sft-linux-gnueabi-gcc -c   conftest.c >&5
conftest.c:2: error: expected '=', ',', ';', 'asm' or '__attribute__' before 'me'
configure:2476: $? = 1
configure: failed program was:
#ifndef __cplusplus
  choke me
#endif
configure:2582: result: CFLAGS defaults to 
configure:2594: result: LDFLAGS defaults to 
configure:2606: result: CPPFLAGS defaults to 
configure:2621: result: LOCALEDIR defaults to ${prefix}/share/locale
configure:2630: checking for mawk
configure:2656: result: no
configure:2630: checking for gawk
configure:2645: found /bin/gawk
configure:2653: result: gawk
configure:2665: checking for perl
configure:2682: found /usr/bin/perl
configure:2693: result: /usr/bin/perl
configure:2701: checking for chown
configure:2718: found /bin/chown
configure:2729: result: /bin/chown
configure:2737: checking for chgrp
configure:2754: found /bin/chgrp
configure:2765: result: /bin/chgrp
configure:2773: checking for pr
configure:2790: found /usr/bin/pr
configure:2801: result: /usr/bin/pr
configure:2808: checking unix socket pathname
configure:2819: result: /var/run/lprng
configure:2822: checking if installing clients setuid
configure:2832: result: SUID_ROOT_PERMS
configure:2835: checking require connections from priviledged ports
configure:2845: result: no
configure:2848: checking disable force_localhost default
configure:2858: result: enabled
configure:2864: checking require_configfiles default
configure:2874: result: yes
configure:2877: checking if Kerberos authentication is enabled
configure:2890: result: disabled (KERBEROS )
configure:2893: checking if MIT Kerberos4 is enabled
configure:2906: result: disabled (MIT_KERBEROS4 )
configure:2909: checking if Kerberos libraries are to located and other checks
configure:2919: result: enabled (KERBEROS_CHECKS 1)
configure:2921: checking where to install the lpd binary
configure:2932: result: ${sbindir}
configure:2935: checking lpd.conf location
configure:2945: result: ${sysconfdir}/lpd.conf
configure:2948: checking lpd.perms location
configure:2958: result: ${sysconfdir}/lpd.perms
configure:2961: checking printcap location
configure:2971: result: ${sysconfdir}/printcap
configure:2974: checking lpd_printcap location
configure:2984: result: ${sysconfdir}/lpd_printcap
configure:2987: checking startup (initialization) file location
configure:2997: result: 
configure:3000: checking lockfile PATH value
configure:3010: result: "/var/run/lpd"
configure:3013: checking LD_LIBRARY_PATH value
configure:3024: result: "/lib:/usr/lib:/usr/local/lib"
configure:3027: checking filter PATH value
configure:3038: result: "/bin:/usr/bin:/usr/local/bin"
configure:3041: checking run lpd as userid
configure:3051: result: "daemon"
configure:3054: checking run lpd as groupid
configure:3064: result: "daemon"
configure:3067: checking retain status for N jobs
configure:3077: result: "1"
configure:3080: checking retain status for jobs less than N seconds old
configure:3090: result: "0"
configure:3093: checking load balance queue chooser routine name
configure:3106: result: ""
configure:3109: checking queue order routine name
configure:3122: result: ""
configure:3125: checking user specified object file
configure:3134: result: ""
configure:3137: checking user specified include file for user object files
configure:3150: result: ""
configure:3153: checking terminal screen clear program
configure:3158: checking for clear
configure:3175: found /usr/bin/clear
configure:3186: result: /usr/bin/clear
configure:3206: checking ps options for displaying all processes
configure:3221: result: "using -ax"
configure:3224: checking filter directory
configure:3234: result: ${libexecdir}/filters
configure:3237: checking disable stripped binaries
configure:3247: result: no
configure:3250: checking for POSIXized ISC
configure:3269: result: no
configure:3279: checking how to run the C preprocessor
configure:3305: arm-mv5sft-linux-gnueabi-gcc -E  conftest.c
configure:3311: $? = 0
configure:3338: arm-mv5sft-linux-gnueabi-gcc -E  conftest.c
configure:3335:28: error: ac_nonexistent.h: No such file or directory
configure:3344: $? = 1
configure: failed program was:
#line 3334 "configure"
#include "confdefs.h"
#include <ac_nonexistent.h>
configure:3381: result: arm-mv5sft-linux-gnueabi-gcc -E
configure:3396: arm-mv5sft-linux-gnueabi-gcc -E  conftest.c
configure:3402: $? = 0
configure:3429: arm-mv5sft-linux-gnueabi-gcc -E  conftest.c
configure:3426:28: error: ac_nonexistent.h: No such file or directory
configure:3435: $? = 1
configure: failed program was:
#line 3425 "configure"
#include "confdefs.h"
#include <ac_nonexistent.h>
configure:3474: checking for minix/config.h
configure:3484: arm-mv5sft-linux-gnueabi-gcc -E  conftest.c
configure:3481:26: error: minix/config.h: No such file or directory
configure:3490: $? = 1
configure: failed program was:
#line 3480 "configure"
#include "confdefs.h"
#include <minix/config.h>
configure:3509: result: no
configure:3533: checking for AIX
configure:3552: result: no
configure:3565: result: Target is arm-unknown-linux-gnu, arch arm, os linux-gnu, release 2.6.35.6-45.fc14.i686, version 26356
configure:3588: checking how to run the C preprocessor
configure:3690: result: arm-mv5sft-linux-gnueabi-gcc -E
configure:3705: arm-mv5sft-linux-gnueabi-gcc -E  conftest.c
configure:3711: $? = 0
configure:3738: arm-mv5sft-linux-gnueabi-gcc -E  conftest.c
configure:3735:28: error: ac_nonexistent.h: No such file or directory
configure:3744: $? = 1
configure: failed program was:
#line 3734 "configure"
#include "confdefs.h"
#include <ac_nonexistent.h>
configure:3791: checking for arm-linux-gcc
configure:3814: result: arm-mv5sft-linux-gnueabi-gcc
configure:4077: checking for C compiler version
configure:4080: arm-mv5sft-linux-gnueabi-gcc --version </dev/null >&5
arm-mv5sft-linux-gnueabi-gcc (sdk3.2rc1-ct-ng-1.4.1) 4.3.2
Copyright (C) 2008 Free Software Foundation, Inc.
This is free software; see the source for copying conditions.  There is NO
warranty; not even for MERCHANTABILITY or FITNESS FOR A PARTICULAR PURPOSE.

configure:4083: $? = 0
configure:4085: arm-mv5sft-linux-gnueabi-gcc -v </dev/null >&5
Using built-in specs.
Target: arm-mv5sft-linux-gnueabi
Configured with: /home/seugene/sdk/targets/src/gcc-4.3.2/configure --build=i486-build_pc-linux-gnu --host=i486-build_pc-linux-gnu --target=arm-mv5sft-linux-gnueabi --prefix=/home/seugene/sdk/targets/arm-mv5sft-linux-gnueabi/cross --with-sysroot=/home/seugene/sdk/targets/arm-mv5sft-linux-gnueabi/cross/arm-mv5sft-linux-gnueabi//sys-root --enable-languages=c,c++,fortran,java --disable-multilib --with-arch=armv5te --with-float=soft --with-gmp=/home/seugene/sdk/targets/arm-mv5sft-linux-gnueabi/cross --with-mpfr=/home/seugene/sdk/targets/arm-mv5sft-linux-gnueabi/cross --with-pkgversion=sdk3.2rc1-ct-ng-1.4.1 --disable-sjlj-exceptions --enable-__cxa_atexit --with-local-prefix=/home/seugene/sdk/targets/arm-mv5sft-linux-gnueabi/cross/arm-mv5sft-linux-gnueabi//sys-root --disable-nls --enable-threads=posix --enable-symvers=gnu --enable-c99 --enable-long-long --enable-target-optspace
Thread model: posix
gcc version 4.3.2 (sdk3.2rc1-ct-ng-1.4.1) 
configure:4088: $? = 0
configure:4090: arm-mv5sft-linux-gnueabi-gcc -V </dev/null >&5
arm-mv5sft-linux-gnueabi-gcc: '-V' option must have argument
configure:4093: $? = 1
configure:4096: checking whether we are using the GNU C compiler
configure:4138: result: no
configure:4144: checking whether arm-mv5sft-linux-gnueabi-gcc accepts -g
configure:4181: result: no
configure:4208: arm-mv5sft-linux-gnueabi-gcc -c   conftest.c >&5
conftest.c:2: error: expected '=', ',', ';', 'asm' or '__attribute__' before 'me'
configure:4211: $? = 1
configure: failed program was:
#ifndef __cplusplus
  choke me
#endif
configure:4445: checking for non-GNU ld
configure:4475: result: arm-mv5sft-linux-gnueabi-ld
configure:4484: checking if the linker (arm-mv5sft-linux-gnueabi-ld) is GNU ld
GNU ld (GNU Binutils) 2.18.50.20080215
configure:4496: result: yes
configure:4500: checking for arm-mv5sft-linux-gnueabi-ld option to reload object files
configure:4507: result: -r
configure:4512: checking for BSD-compatible nm
configure:4548: result: nm
configure:4551: checking whether ln -s works
configure:4555: result: yes
configure:4562: checking how to recognise dependant libraries
configure:4740: result: file_magic ELF [0-9][0-9]*-bit [LM]SB (shared object|dynamic lib )
configure:4746: checking command to parse nm output
configure:4827: arm-mv5sft-linux-gnueabi-gcc -c   conftest.c >&5
configure:4830: $? = 0
configure:4834: nm conftest. \| sed -n -e 's/^.*[ 	]\([ABCDGISTW][ABCDGISTW]*\)[ 	][ 	]*\(\)\([_A-Za-z][_A-Za-z0-9]*\)$/\1 \2\3 \3/p' \> conftest.nm
nm: 'conftest.': No such file
configure:4837: $? = 0
cannot run sed -n -e 's/^.*[ 	]\([ABCDGISTW][ABCDGISTW]*\)[ 	][ 	]*\(\)\([_A-Za-z][_A-Za-z0-9]*\)$/\1 \2\3 \3/p'
configure:4827: arm-mv5sft-linux-gnueabi-gcc -c   conftest.c >&5
configure:4830: $? = 0
configure:4834: nm conftest. \| sed -n -e 's/^.*[ 	]\([ABCDGISTW][ABCDGISTW]*\)[ 	][ 	]*\(_\)\([_A-Za-z][_A-Za-z0-9]*\)$/\1 \2\3 \3/p' \> conftest.nm
nm: 'conftest.': No such file
configure:4837: $? = 0
cannot run sed -n -e 's/^.*[ 	]\([ABCDGISTW][ABCDGISTW]*\)[ 	][ 	]*\(_\)\([_A-Za-z][_A-Za-z0-9]*\)$/\1 \2\3 \3/p'
configure:4933: result: failed
configure:4943: checking for dlfcn.h
configure:4953: arm-mv5sft-linux-gnueabi-gcc -E  conftest.c
configure:4959: $? = 0
configure:4978: result: yes
configure:4992: checking for arm-linux-file
configure:5050: result: no
configure:5056: checking for file
configure:5111: result: /usr/bin/file
configure:5130: checking for arm-linux-ranlib
configure:5153: result: arm-mv5sft-linux-gnueabi-ranlib
configure:5204: checking for arm-linux-strip
configure:5227: result: arm-mv5sft-linux-gnueabi-strip
configure:5465: checking for objdir
configure:5476: result: .libs
configure:5491: checking for arm-mv5sft-linux-gnueabi-gcc option to produce PIC
configure:5638: result: none
configure:5726: checking if arm-mv5sft-linux-gnueabi-gcc static flag  works
configure:5747: arm-mv5sft-linux-gnueabi-gcc -o conftest     conftest.c  >&5
configure:5750: $? = 0
configure:5753: test -s conftest
configure:5756: $? = 0
configure:5770: result: yes
configure:5781: checking if arm-mv5sft-linux-gnueabi-gcc supports -c -o file.o
configure:5801: arm-mv5sft-linux-gnueabi-gcc -c  -o out/conftest2.o  conftest.c >&5
configure:5825: result: yes
configure:5830: checking if arm-mv5sft-linux-gnueabi-gcc supports -c -o file.lo
configure:5854: arm-mv5sft-linux-gnueabi-gcc -c  -c -o conftest.lo  conftest.c >&5
configure:5857: $? = 0
configure:5860: test -s conftest.lo
configure:5863: $? = 0
configure:5884: result: yes
configure:5970: checking whether the linker (arm-mv5sft-linux-gnueabi-ld) supports shared libraries
configure:6650: result: yes
configure:6655: checking how to hardcode library paths into programs
configure:6679: result: immediate
configure:6684: checking whether stripping libraries is possible
configure:6689: result: yes
configure:6700: checking dynamic linker characteristics
configure:7093: result: GNU/Linux ld.so
configure:7098: checking if libtool supports shared libraries
configure:7100: result: no
configure:7103: checking whether to build shared libraries
configure:7124: result: no
configure:7127: checking whether to build static libraries
configure:7131: result: yes
configure:8355: checking for arm-mv5sft-linux-gnueabi-gcc option to accept ANSI C
configure:8412: arm-mv5sft-linux-gnueabi-gcc  -c   conftest.c >&5
configure:8415: $? = 0
configure:8418: test -s conftest.o
configure:8421: $? = 0
configure:8438: result: none needed
configure:8446: checking for an ANSI C-conforming const
configure:8510: arm-mv5sft-linux-gnueabi-gcc -c   conftest.c >&5
configure:8513: $? = 0
configure:8516: test -s conftest.o
configure:8519: $? = 0
configure:8529: result: yes
configure:8539: checking for inline
configure:8556: arm-mv5sft-linux-gnueabi-gcc -c   conftest.c >&5
configure:8559: $? = 0
configure:8562: test -s conftest.o
configure:8565: $? = 0
configure:8576: result: inline
configure:8591: checking for working volatile
configure:8611: arm-mv5sft-linux-gnueabi-gcc -c   conftest.c >&5
configure:8614: $? = 0
configure:8617: test -s conftest.o
configure:8620: $? = 0
configure:8630: result: yes
configure:8640: checking for ANSI C header files
configure:8654: arm-mv5sft-linux-gnueabi-gcc -E  conftest.c
configure:8660: $? = 0
configure:8747: arm-mv5sft-linux-gnueabi-gcc -o conftest    conftest.c  >&5
configure: In function 'main':
configure:8739: warning: incompatible implicit declaration of built-in function 'exit'
configure:8750: $? = 0
configure:8752: ./conftest
./configure: line 8753: ./conftest: cannot execute binary file
configure:8755: $? = 126
configure: program exited with status 126
configure: failed program was:
#line 8721 "configure"
#include "confdefs.h"
#include <ctype.h>
#if ((' ' & 0x0FF) == 0x020)
# define ISLOWER(c) ('a' <= (c) && (c) <= 'z')
# define TOUPPER(c) (ISLOWER(c) ? 'A' + ((c) - 'a') : (c))
#else
# define ISLOWER(c) (('a' <= (c) && (c) <= 'i')                      || ('j' <= (c) && (c) <= 'r')                      || ('s' <= (c) && (c) <= 'z'))
# define TOUPPER(c) (ISLOWER(c) ? ((c) | 0x40) : (c))
#endif

#define XOR(e, f) (((e) && !(f)) || (!(e) && (f)))
int
main ()
{
  int i;
  for (i = 0; i < 256; i++)
    if (XOR (islower (i), ISLOWER (i))
        || toupper (i) != TOUPPER (i))
      exit(2);
  exit (0);
}
configure:8768: result: no
configure:8781: checking for dirent.h that defines DIR
configure:8802: arm-mv5sft-linux-gnueabi-gcc -c   conftest.c >&5
configure:8805: $? = 0
configure:8808: test -s conftest.o
configure:8811: $? = 0
configure:8821: result: yes
configure:8834: checking for opendir in -ldir
configure:8861: arm-mv5sft-linux-gnueabi-gcc -o conftest    conftest.c -ldir   >&5
/opt_gccarm/arm-mv5sft-linux-gnueabi/bin/../lib/gcc/arm-mv5sft-linux-gnueabi/4.3.2/../../../../arm-mv5sft-linux-gnueabi/bin/ld: cannot find -ldir
collect2: ld returned 1 exit status
configure:8864: $? = 1
configure: failed program was:
#line 8842 "configure"
#include "confdefs.h"

/* Override any gcc2 internal prototype to avoid an error.  */
#ifdef __cplusplus
extern "C"
#endif
/* We use char because int might match the return type of a gcc2
   builtin and then its argument prototype would still apply.  */
char opendir ();
int
main ()
{
opendir ();
  ;
  return 0;
}
configure:8881: result: no
configure:8943: checking for sys/wait.h that is POSIX.1 compatible
configure:8971: arm-mv5sft-linux-gnueabi-gcc -c   conftest.c >&5
configure:8974: $? = 0
configure:8977: test -s conftest.o
configure:8980: $? = 0
configure:8990: result: yes
configure:9000: checking whether time.h and sys/time.h may both be included
configure:9022: arm-mv5sft-linux-gnueabi-gcc -c   conftest.c >&5
configure:9025: $? = 0
configure:9028: test -s conftest.o
configure:9031: $? = 0
configure:9041: result: yes
configure:9051: checking return type of signal handlers
configure:9079: arm-mv5sft-linux-gnueabi-gcc -c   conftest.c >&5
configure:9082: $? = 0
configure:9085: test -s conftest.o
configure:9088: $? = 0
configure:9098: result: void
configure:9105: checking for uid_t in sys/types.h
configure:9125: result: yes
configure:9145: checking for sys/types.h
configure:9157: arm-mv5sft-linux-gnueabi-gcc -c   conftest.c >&5
configure:9160: $? = 0
configure:9163: test -s conftest.o
configure:9166: $? = 0
configure:9176: result: yes
configure:9145: checking for sys/stat.h
configure:9157: arm-mv5sft-linux-gnueabi-gcc -c   conftest.c >&5
configure:9160: $? = 0
configure:9163: test -s conftest.o
configure:9166: $? = 0
configure:9176: result: yes
configure:9145: checking for stdlib.h
configure:9157: arm-mv5sft-linux-gnueabi-gcc -c   conftest.c >&5
configure:9160: $? = 0
configure:9163: test -s conftest.o
configure:9166: $? = 0
configure:9176: result: yes
configure:9145: checking for string.h
configure:9157: arm-mv5sft-linux-gnueabi-gcc -c   conftest.c >&5
configure:9160: $? = 0
configure:9163: test -s conftest.o
configure:9166: $? = 0
configure:9176: result: yes
configure:9145: checking for memory.h
configure:9157: arm-mv5sft-linux-gnueabi-gcc -c   conftest.c >&5
configure:9160: $? = 0
configure:9163: test -s conftest.o
configure:9166: $? = 0
configure:9176: result: yes
configure:9145: checking for strings.h
configure:9157: arm-mv5sft-linux-gnueabi-gcc -c   conftest.c >&5
configure:9160: $? = 0
configure:9163: test -s conftest.o
configure:9166: $? = 0
configure:9176: result: yes
configure:9145: checking for inttypes.h
configure:9157: arm-mv5sft-linux-gnueabi-gcc -c   conftest.c >&5
configure:9160: $? = 0
configure:9163: test -s conftest.o
configure:9166: $? = 0
configure:9176: result: yes
configure:9145: checking for stdint.h
configure:9157: arm-mv5sft-linux-gnueabi-gcc -c   conftest.c >&5
configure:9160: $? = 0
configure:9163: test -s conftest.o
configure:9166: $? = 0
configure:9176: result: yes
configure:9145: checking for unistd.h
configure:9157: arm-mv5sft-linux-gnueabi-gcc -c   conftest.c >&5
configure:9160: $? = 0
configure:9163: test -s conftest.o
configure:9166: $? = 0
configure:9176: result: yes
configure:9186: checking for size_t
configure:9207: arm-mv5sft-linux-gnueabi-gcc -c   conftest.c >&5
configure:9210: $? = 0
configure:9213: test -s conftest.o
configure:9216: $? = 0
configure:9226: result: yes
configure:9238: checking for mode_t
configure:9259: arm-mv5sft-linux-gnueabi-gcc -c   conftest.c >&5
configure:9262: $? = 0
configure:9265: test -s conftest.o
configure:9268: $? = 0
configure:9278: result: yes
configure:9290: checking for off_t
configure:9311: arm-mv5sft-linux-gnueabi-gcc -c   conftest.c >&5
configure:9314: $? = 0
configure:9317: test -s conftest.o
configure:9320: $? = 0
configure:9330: result: yes
configure:9342: checking for pid_t
configure:9363: arm-mv5sft-linux-gnueabi-gcc -c   conftest.c >&5
configure:9366: $? = 0
configure:9369: test -s conftest.o
configure:9372: $? = 0
configure:9382: result: yes
configure:9394: checking checking for long long
configure:9416: arm-mv5sft-linux-gnueabi-gcc -c   conftest.c >&5
configure:9419: $? = 0
configure:9422: test -s conftest.o
configure:9425: $? = 0
configure:9436: result: yes
configure:9445: checking checking for long double
configure:9467: arm-mv5sft-linux-gnueabi-gcc -c   conftest.c >&5
configure:9470: $? = 0
configure:9473: test -s conftest.o
configure:9476: $? = 0
configure:9487: result: yes
configure:9496: checking checking for quad_t
configure:9518: arm-mv5sft-linux-gnueabi-gcc -c   conftest.c >&5
configure:9521: $? = 0
configure:9524: test -s conftest.o
configure:9527: $? = 0
configure:9538: result: yes
configure:9750: result: using CPPFLAGS="", CFLAGS=""
configure:9756: checking for a_out.h
configure:9766: arm-mv5sft-linux-gnueabi-gcc -E  conftest.c
configure:9763:19: error: a_out.h: No such file or directory
configure:9772: $? = 1
configure: failed program was:
#line 9762 "configure"
#include "confdefs.h"
#include <a_out.h>
configure:9791: result: no
configure:9756: checking for aouthdr.h
configure:9766: arm-mv5sft-linux-gnueabi-gcc -E  conftest.c
configure:9763:21: error: aouthdr.h: No such file or directory
configure:9772: $? = 1
configure: failed program was:
#line 9762 "configure"
#include "confdefs.h"
#include <aouthdr.h>
configure:9791: result: no
configure:9756: checking for ar.h
configure:9766: arm-mv5sft-linux-gnueabi-gcc -E  conftest.c
configure:9772: $? = 0
configure:9791: result: yes
configure:9756: checking for arpa/inet.h
configure:9766: arm-mv5sft-linux-gnueabi-gcc -E  conftest.c
configure:9772: $? = 0
configure:9791: result: yes
configure:9756: checking for arpa/nameser.h
configure:9766: arm-mv5sft-linux-gnueabi-gcc -E  conftest.c
configure:9772: $? = 0
configure:9791: result: yes
configure:9756: checking for assert.h
configure:9766: arm-mv5sft-linux-gnueabi-gcc -E  conftest.c
configure:9772: $? = 0
configure:9791: result: yes
configure:9804: checking for com_err.h
configure:9814: arm-mv5sft-linux-gnueabi-gcc -E  conftest.c
configure:9811:21: error: com_err.h: No such file or directory
configure:9820: $? = 1
configure: failed program was:
#line 9810 "configure"
#include "confdefs.h"
#include <com_err.h>
configure:9839: result: no
configure:9804: checking for compat.h
configure:9814: arm-mv5sft-linux-gnueabi-gcc -E  conftest.c
configure:9811:20: error: compat.h: No such file or directory
configure:9820: $? = 1
configure: failed program was:
#line 9810 "configure"
#include "confdefs.h"
#include <compat.h>
configure:9839: result: no
configure:9804: checking for ctype.h
configure:9814: arm-mv5sft-linux-gnueabi-gcc -E  conftest.c
configure:9820: $? = 0
configure:9839: result: yes
configure:9804: checking for ctypes.h
configure:9814: arm-mv5sft-linux-gnueabi-gcc -E  conftest.c
configure:9811:20: error: ctypes.h: No such file or directory
configure:9820: $? = 1
configure: failed program was:
#line 9810 "configure"
#include "confdefs.h"
#include <ctypes.h>
configure:9839: result: no
configure:9804: checking for dirent.h
configure:9814: arm-mv5sft-linux-gnueabi-gcc -E  conftest.c
configure:9820: $? = 0
configure:9839: result: yes
configure:9804: checking for errno.h
configure:9814: arm-mv5sft-linux-gnueabi-gcc -E  conftest.c
configure:9820: $? = 0
configure:9839: result: yes
configure:9852: checking for exechdr.h
configure:9862: arm-mv5sft-linux-gnueabi-gcc -E  conftest.c
configure:9859:21: error: exechdr.h: No such file or directory
configure:9868: $? = 1
configure: failed program was:
#line 9858 "configure"
#include "confdefs.h"
#include <exechdr.h>
configure:9887: result: no
configure:9852: checking for fcntl.h
configure:9862: arm-mv5sft-linux-gnueabi-gcc -E  conftest.c
configure:9868: $? = 0
configure:9887: result: yes
configure:9852: checking for filehdr.h
configure:9862: arm-mv5sft-linux-gnueabi-gcc -E  conftest.c
configure:9859:21: error: filehdr.h: No such file or directory
configure:9868: $? = 1
configure: failed program was:
#line 9858 "configure"
#include "confdefs.h"
#include <filehdr.h>
configure:9887: result: no
configure:9852: checking for grp.h
configure:9862: arm-mv5sft-linux-gnueabi-gcc -E  conftest.c
configure:9868: $? = 0
configure:9887: result: yes
configure:9852: checking for limits.h
configure:9862: arm-mv5sft-linux-gnueabi-gcc -E  conftest.c
configure:9868: $? = 0
configure:9887: result: yes
configure:9852: checking for locale.h
configure:9862: arm-mv5sft-linux-gnueabi-gcc -E  conftest.c
configure:9868: $? = 0
configure:9887: result: yes
configure:9900: checking for machine/vmparam.h
configure:9910: arm-mv5sft-linux-gnueabi-gcc -E  conftest.c
configure:9907:29: error: machine/vmparam.h: No such file or directory
configure:9916: $? = 1
configure: failed program was:
#line 9906 "configure"
#include "confdefs.h"
#include <machine/vmparam.h>
configure:9935: result: no
configure:9900: checking for malloc.h
configure:9910: arm-mv5sft-linux-gnueabi-gcc -E  conftest.c
configure:9916: $? = 0
configure:9935: result: yes
configure:9900: checking for memory.h
configure:9935: result: yes
configure:9900: checking for ndir.h
configure:9910: arm-mv5sft-linux-gnueabi-gcc -E  conftest.c
configure:9907:18: error: ndir.h: No such file or directory
configure:9916: $? = 1
configure: failed program was:
#line 9906 "configure"
#include "confdefs.h"
#include <ndir.h>
configure:9935: result: no
configure:9900: checking for netdb.h
configure:9910: arm-mv5sft-linux-gnueabi-gcc -E  conftest.c
configure:9916: $? = 0
configure:9935: result: yes
configure:9900: checking for netinet/in.h
configure:9910: arm-mv5sft-linux-gnueabi-gcc -E  conftest.c
configure:9916: $? = 0
configure:9935: result: yes
configure:9948: checking for nlist.h
configure:9958: arm-mv5sft-linux-gnueabi-gcc -E  conftest.c
configure:9955:19: error: nlist.h: No such file or directory
configure:9964: $? = 1
configure: failed program was:
#line 9954 "configure"
#include "confdefs.h"
#include <nlist.h>
configure:9983: result: no
configure:9948: checking for pwd.h
configure:9958: arm-mv5sft-linux-gnueabi-gcc -E  conftest.c
configure:9964: $? = 0
configure:9983: result: yes
configure:9948: checking for reloc.h
configure:9958: arm-mv5sft-linux-gnueabi-gcc -E  conftest.c
configure:9955:19: error: reloc.h: No such file or directory
configure:9964: $? = 1
configure: failed program was:
#line 9954 "configure"
#include "confdefs.h"
#include <reloc.h>
configure:9983: result: no
configure:9948: checking for resolv.h
configure:9958: arm-mv5sft-linux-gnueabi-gcc -E  conftest.c
configure:9964: $? = 0
configure:9983: result: yes
configure:9948: checking for select.h
configure:9958: arm-mv5sft-linux-gnueabi-gcc -E  conftest.c
configure:9955:20: error: select.h: No such file or directory
configure:9964: $? = 1
configure: failed program was:
#line 9954 "configure"
#include "confdefs.h"
#include <select.h>
configure:9983: result: no
configure:9948: checking for setjmp.h
configure:9958: arm-mv5sft-linux-gnueabi-gcc -E  conftest.c
configure:9964: $? = 0
configure:9983: result: yes
configure:9996: checking for sgs.h
configure:10006: arm-mv5sft-linux-gnueabi-gcc -E  conftest.c
configure:10003:17: error: sgs.h: No such file or directory
configure:10012: $? = 1
configure: failed program was:
#line 10002 "configure"
#include "confdefs.h"
#include <sgs.h>
configure:10031: result: no
configure:9996: checking for sgtty.h
configure:10006: arm-mv5sft-linux-gnueabi-gcc -E  conftest.c
configure:10012: $? = 0
configure:10031: result: yes
configure:9996: checking for signal.h
configure:10006: arm-mv5sft-linux-gnueabi-gcc -E  conftest.c
configure:10012: $? = 0
configure:10031: result: yes
configure:9996: checking for stab.h
configure:10006: arm-mv5sft-linux-gnueabi-gcc -E  conftest.c
configure:10012: $? = 0
configure:10031: result: yes
configure:9996: checking for stdarg.h
configure:10006: arm-mv5sft-linux-gnueabi-gcc -E  conftest.c
configure:10012: $? = 0
configure:10031: result: yes
configure:9996: checking for stdio.h
configure:10006: arm-mv5sft-linux-gnueabi-gcc -E  conftest.c
configure:10012: $? = 0
configure:10031: result: yes
configure:10044: checking for stdlib.h
configure:10079: result: yes
configure:10044: checking for string.h
configure:10079: result: yes
configure:10044: checking for strings.h
configure:10079: result: yes
configure:10044: checking for sys/dir.h
configure:10054: arm-mv5sft-linux-gnueabi-gcc -E  conftest.c
configure:10060: $? = 0
configure:10079: result: yes
configure:10044: checking for sys/exec.h
configure:10054: arm-mv5sft-linux-gnueabi-gcc -E  conftest.c
configure:10051:22: error: sys/exec.h: No such file or directory
configure:10060: $? = 1
configure: failed program was:
#line 10050 "configure"
#include "confdefs.h"
#include <sys/exec.h>
configure:10079: result: no
configure:10044: checking for sys/exechdr.h
configure:10054: arm-mv5sft-linux-gnueabi-gcc -E  conftest.c
configure:10051:25: error: sys/exechdr.h: No such file or directory
configure:10060: $? = 1
configure: failed program was:
#line 10050 "configure"
#include "confdefs.h"
#include <sys/exechdr.h>
configure:10079: result: no
configure:10092: checking for sys/fcntl.h
configure:10102: arm-mv5sft-linux-gnueabi-gcc -E  conftest.c
configure:10108: $? = 0
configure:10127: result: yes
configure:10092: checking for sys/file.h
configure:10102: arm-mv5sft-linux-gnueabi-gcc -E  conftest.c
configure:10108: $? = 0
configure:10127: result: yes
configure:10092: checking for sys/ioctl.h
configure:10102: arm-mv5sft-linux-gnueabi-gcc -E  conftest.c
configure:10108: $? = 0
configure:10127: result: yes
configure:10092: checking for sys/loader.h
configure:10102: arm-mv5sft-linux-gnueabi-gcc -E  conftest.c
configure:10099:24: error: sys/loader.h: No such file or directory
configure:10108: $? = 1
configure: failed program was:
#line 10098 "configure"
#include "confdefs.h"
#include <sys/loader.h>
configure:10127: result: no
configure:10092: checking for sys/mount.h
configure:10102: arm-mv5sft-linux-gnueabi-gcc -E  conftest.c
configure:10108: $? = 0
configure:10127: result: yes
configure:10092: checking for sys/ndir.h
configure:10102: arm-mv5sft-linux-gnueabi-gcc -E  conftest.c
configure:10099:22: error: sys/ndir.h: No such file or directory
configure:10108: $? = 1
configure: failed program was:
#line 10098 "configure"
#include "confdefs.h"
#include <sys/ndir.h>
configure:10127: result: no
configure:10140: checking for sys/param.h
configure:10150: arm-mv5sft-linux-gnueabi-gcc -E  conftest.c
configure:10156: $? = 0
configure:10175: result: yes
configure:10140: checking for sys/pstat.h
configure:10150: arm-mv5sft-linux-gnueabi-gcc -E  conftest.c
configure:10147:23: error: sys/pstat.h: No such file or directory
configure:10156: $? = 1
configure: failed program was:
#line 10146 "configure"
#include "confdefs.h"
#include <sys/pstat.h>
configure:10175: result: no
configure:10140: checking for sys/resource.h
configure:10150: arm-mv5sft-linux-gnueabi-gcc -E  conftest.c
configure:10156: $? = 0
configure:10175: result: yes
configure:10140: checking for sys/select.h
configure:10150: arm-mv5sft-linux-gnueabi-gcc -E  conftest.c
configure:10156: $? = 0
configure:10175: result: yes
configure:10140: checking for sys/signal.h
configure:10150: arm-mv5sft-linux-gnueabi-gcc -E  conftest.c
configure:10156: $? = 0
configure:10175: result: yes
configure:10140: checking for sys/socket.h
configure:10150: arm-mv5sft-linux-gnueabi-gcc -E  conftest.c
configure:10156: $? = 0
configure:10175: result: yes
configure:10188: checking for sys/stat.h
configure:10223: result: yes
configure:10188: checking for sys/statfs.h
configure:10198: arm-mv5sft-linux-gnueabi-gcc -E  conftest.c
configure:10204: $? = 0
configure:10223: result: yes
configure:10188: checking for sys/statvfs.h
configure:10198: arm-mv5sft-linux-gnueabi-gcc -E  conftest.c
configure:10204: $? = 0
configure:10223: result: yes
configure:10188: checking for sys/syslog.h
configure:10198: arm-mv5sft-linux-gnueabi-gcc -E  conftest.c
configure:10204: $? = 0
configure:10223: result: yes
configure:10188: checking for sys/systeminfo.h
configure:10198: arm-mv5sft-linux-gnueabi-gcc -E  conftest.c
configure:10195:28: error: sys/systeminfo.h: No such file or directory
configure:10204: $? = 1
configure: failed program was:
#line 10194 "configure"
#include "confdefs.h"
#include <sys/systeminfo.h>
configure:10223: result: no
configure:10188: checking for sys/termio.h
configure:10198: arm-mv5sft-linux-gnueabi-gcc -E  conftest.c
configure:10195:24: error: sys/termio.h: No such file or directory
configure:10204: $? = 1
configure: failed program was:
#line 10194 "configure"
#include "confdefs.h"
#include <sys/termio.h>
configure:10223: result: no
configure:10236: checking for sys/termiox.h
configure:10246: arm-mv5sft-linux-gnueabi-gcc -E  conftest.c
configure:10243:25: error: sys/termiox.h: No such file or directory
configure:10252: $? = 1
configure: failed program was:
#line 10242 "configure"
#include "confdefs.h"
#include <sys/termiox.h>
configure:10271: result: no
configure:10236: checking for sys/time.h
configure:10246: arm-mv5sft-linux-gnueabi-gcc -E  conftest.c
configure:10252: $? = 0
configure:10271: result: yes
configure:10236: checking for sys/ttold.h
configure:10246: arm-mv5sft-linux-gnueabi-gcc -E  conftest.c
configure:10243:23: error: sys/ttold.h: No such file or directory
configure:10252: $? = 1
configure: failed program was:
#line 10242 "configure"
#include "confdefs.h"
#include <sys/ttold.h>
configure:10271: result: no
configure:10236: checking for sys/ttycom.h
configure:10246: arm-mv5sft-linux-gnueabi-gcc -E  conftest.c
configure:10243:24: error: sys/ttycom.h: No such file or directory
configure:10252: $? = 1
configure: failed program was:
#line 10242 "configure"
#include "confdefs.h"
#include <sys/ttycom.h>
configure:10271: result: no
configure:10236: checking for sys/types.h
configure:10271: result: yes
configure:10236: checking for sys/utsname.h
configure:10246: arm-mv5sft-linux-gnueabi-gcc -E  conftest.c
configure:10252: $? = 0
configure:10271: result: yes
configure:10284: checking for sys/vfs.h
configure:10294: arm-mv5sft-linux-gnueabi-gcc -E  conftest.c
configure:10300: $? = 0
configure:10319: result: yes
configure:10284: checking for sys/wait.h
configure:10319: result: yes
configure:10284: checking for syslog.h
configure:10294: arm-mv5sft-linux-gnueabi-gcc -E  conftest.c
configure:10300: $? = 0
configure:10319: result: yes
configure:10284: checking for term.h
configure:10294: arm-mv5sft-linux-gnueabi-gcc -E  conftest.c
configure:10291:18: error: term.h: No such file or directory
configure:10300: $? = 1
configure: failed program was:
#line 10290 "configure"
#include "confdefs.h"
#include <term.h>
configure:10319: result: no
configure:10284: checking for termcap.h
configure:10294: arm-mv5sft-linux-gnueabi-gcc -E  conftest.c
configure:10291:21: error: termcap.h: No such file or directory
configure:10300: $? = 1
configure: failed program was:
#line 10290 "configure"
#include "confdefs.h"
#include <termcap.h>
configure:10319: result: no
configure:10284: checking for termio.h
configure:10294: arm-mv5sft-linux-gnueabi-gcc -E  conftest.c
configure:10300: $? = 0
configure:10319: result: yes
configure:10332: checking for termios.h
configure:10342: arm-mv5sft-linux-gnueabi-gcc -E  conftest.c
configure:10348: $? = 0
configure:10367: result: yes
configure:10332: checking for time.h
configure:10342: arm-mv5sft-linux-gnueabi-gcc -E  conftest.c
configure:10348: $? = 0
configure:10367: result: yes
configure:10332: checking for unistd.h
configure:10367: result: yes
configure:10332: checking for utsname.h
configure:10342: arm-mv5sft-linux-gnueabi-gcc -E  conftest.c
configure:10339:21: error: utsname.h: No such file or directory
configure:10348: $? = 1
configure: failed program was:
#line 10338 "configure"
#include "confdefs.h"
#include <utsname.h>
configure:10367: result: no
configure:10332: checking for varargs.h
configure:10342: arm-mv5sft-linux-gnueabi-gcc -E  conftest.c
In file included from configure:10339:
/opt_gccarm/arm-mv5sft-linux-gnueabi/bin/../lib/gcc/arm-mv5sft-linux-gnueabi/4.3.2/include/varargs.h:4:2: error: #error "GCC no longer implements <varargs.h>."
/opt_gccarm/arm-mv5sft-linux-gnueabi/bin/../lib/gcc/arm-mv5sft-linux-gnueabi/4.3.2/include/varargs.h:5:2: error: #error "Revise your code to use <stdarg.h>."
configure:10348: $? = 1
configure: failed program was:
#line 10338 "configure"
#include "confdefs.h"
#include <varargs.h>
configure:10367: result: no
configure:10332: checking for vmparam.h
configure:10342: arm-mv5sft-linux-gnueabi-gcc -E  conftest.c
configure:10339:21: error: vmparam.h: No such file or directory
configure:10348: $? = 1
configure: failed program was:
#line 10338 "configure"
#include "confdefs.h"
#include <vmparam.h>
configure:10367: result: no
configure:10378: checking for getpwent in -lposix
configure:10405: arm-mv5sft-linux-gnueabi-gcc -o conftest    conftest.c -lposix   >&5
/opt_gccarm/arm-mv5sft-linux-gnueabi/bin/../lib/gcc/arm-mv5sft-linux-gnueabi/4.3.2/../../../../arm-mv5sft-linux-gnueabi/bin/ld: cannot find -lposix
collect2: ld returned 1 exit status
configure:10408: $? = 1
configure: failed program was:
#line 10386 "configure"
#include "confdefs.h"

/* Override any gcc2 internal prototype to avoid an error.  */
#ifdef __cplusplus
extern "C"
#endif
/* We use char because int might match the return type of a gcc2
   builtin and then its argument prototype would still apply.  */
char getpwent ();
int
main ()
{
getpwent ();
  ;
  return 0;
}
configure:10425: result: no
configure:10431: checking for socket in -lsocket_s
configure:10458: arm-mv5sft-linux-gnueabi-gcc -o conftest    conftest.c -lsocket_s -lnsl  >&5
/opt_gccarm/arm-mv5sft-linux-gnueabi/bin/../lib/gcc/arm-mv5sft-linux-gnueabi/4.3.2/../../../../arm-mv5sft-linux-gnueabi/bin/ld: cannot find -lsocket_s
collect2: ld returned 1 exit status
configure:10461: $? = 1
configure: failed program was:
#line 10439 "configure"
#include "confdefs.h"

/* Override any gcc2 internal prototype to avoid an error.  */
#ifdef __cplusplus
extern "C"
#endif
/* We use char because int might match the return type of a gcc2
   builtin and then its argument prototype would still apply.  */
char socket ();
int
main ()
{
socket ();
  ;
  return 0;
}
configure:10478: result: no
configure:10485: checking for socket in -lsocket
configure:10512: arm-mv5sft-linux-gnueabi-gcc -o conftest    conftest.c -lsocket -lnsl  >&5
/opt_gccarm/arm-mv5sft-linux-gnueabi/bin/../lib/gcc/arm-mv5sft-linux-gnueabi/4.3.2/../../../../arm-mv5sft-linux-gnueabi/bin/ld: cannot find -lsocket
collect2: ld returned 1 exit status
configure:10515: $? = 1
configure: failed program was:
#line 10493 "configure"
#include "confdefs.h"

/* Override any gcc2 internal prototype to avoid an error.  */
#ifdef __cplusplus
extern "C"
#endif
/* We use char because int might match the return type of a gcc2
   builtin and then its argument prototype would still apply.  */
char socket ();
int
main ()
{
socket ();
  ;
  return 0;
}
configure:10532: result: no
configure:10553: arm-mv5sft-linux-gnueabi-gcc -o conftest    conftest.c  >&5
configure:10556: $? = 0
configure:10559: test -s conftest
configure:10562: $? = 0
configure:10575: result: no additional libs for gethostbyaddr
configure:10923: checking for _res
configure:10960: arm-mv5sft-linux-gnueabi-gcc -o conftest    conftest.c  >&5
/tmp/cccjqb3t.o: In function `main':
conftest.c:(.text+0x2c): undefined reference to `_res'
collect2: ld returned 1 exit status
configure:10963: $? = 1
configure: failed program was:
#line 10929 "configure"
#include "confdefs.h"
/* System header to define __stub macros and hopefully few prototypes,
    which can conflict with char _res (); below.  */
#include <assert.h>
/* Override any gcc2 internal prototype to avoid an error.  */
#ifdef __cplusplus
extern "C"
#endif
/* We use char because int might match the return type of a gcc2
   builtin and then its argument prototype would still apply.  */
char _res ();
char (*f) ();

int
main ()
{
/* The GNU C library defines this for functions which it implements
    to always fail with ENOSYS.  Some functions are actually named
    something starting with __ and the normal name is an alias.  */
#if defined (__stub__res) || defined (__stub____res)
choke me
#else
f = _res;
#endif

  ;
  return 0;
}
configure:10979: result: no
configure:10923: checking for cfsetispeed
configure:10960: arm-mv5sft-linux-gnueabi-gcc -o conftest    conftest.c  >&5
configure:10963: $? = 0
configure:10966: test -s conftest
configure:10969: $? = 0
configure:10979: result: yes
configure:10923: checking for fcntl
configure:10960: arm-mv5sft-linux-gnueabi-gcc -o conftest    conftest.c  >&5
configure:10963: $? = 0
configure:10966: test -s conftest
configure:10969: $? = 0
configure:10979: result: yes
configure:10923: checking for flock
configure:10960: arm-mv5sft-linux-gnueabi-gcc -o conftest    conftest.c  >&5
configure:10963: $? = 0
configure:10966: test -s conftest
configure:10969: $? = 0
configure:10979: result: yes
configure:10923: checking for gethostbyname2
configure:10960: arm-mv5sft-linux-gnueabi-gcc -o conftest    conftest.c  >&5
configure:10963: $? = 0
configure:10966: test -s conftest
configure:10969: $? = 0
configure:10979: result: yes
configure:10923: checking for getdtablesize
configure:10960: arm-mv5sft-linux-gnueabi-gcc -o conftest    conftest.c  >&5
configure:10963: $? = 0
configure:10966: test -s conftest
configure:10969: $? = 0
configure:10979: result: yes
configure:10992: checking for gethostname
configure:11029: arm-mv5sft-linux-gnueabi-gcc -o conftest    conftest.c  >&5
configure:11032: $? = 0
configure:11035: test -s conftest
configure:11038: $? = 0
configure:11048: result: yes
configure:10992: checking for getrlimit
configure:11029: arm-mv5sft-linux-gnueabi-gcc -o conftest    conftest.c  >&5
configure:11032: $? = 0
configure:11035: test -s conftest
configure:11038: $? = 0
configure:11048: result: yes
configure:10992: checking for inet_aton
configure:11029: arm-mv5sft-linux-gnueabi-gcc -o conftest    conftest.c  >&5
configure:11032: $? = 0
configure:11035: test -s conftest
configure:11038: $? = 0
configure:11048: result: yes
configure:10992: checking for inet_ntop
configure:11029: arm-mv5sft-linux-gnueabi-gcc -o conftest    conftest.c  >&5
configure:11032: $? = 0
configure:11035: test -s conftest
configure:11038: $? = 0
configure:11048: result: yes
configure:10992: checking for inet_pton
configure:11029: arm-mv5sft-linux-gnueabi-gcc -o conftest    conftest.c  >&5
configure:11032: $? = 0
configure:11035: test -s conftest
configure:11038: $? = 0
configure:11048: result: yes
configure:11061: checking for innetgr
configure:11098: arm-mv5sft-linux-gnueabi-gcc -o conftest    conftest.c  >&5
configure:11101: $? = 0
configure:11104: test -s conftest
configure:11107: $? = 0
configure:11117: result: yes
configure:11061: checking for initgroups
configure:11098: arm-mv5sft-linux-gnueabi-gcc -o conftest    conftest.c  >&5
configure:11101: $? = 0
configure:11104: test -s conftest
configure:11107: $? = 0
configure:11117: result: yes
configure:11061: checking for killpg
configure:11098: arm-mv5sft-linux-gnueabi-gcc -o conftest    conftest.c  >&5
configure:11101: $? = 0
configure:11104: test -s conftest
configure:11107: $? = 0
configure:11117: result: yes
configure:11061: checking for lockf
configure:11098: arm-mv5sft-linux-gnueabi-gcc -o conftest    conftest.c  >&5
configure:11101: $? = 0
configure:11104: test -s conftest
configure:11107: $? = 0
configure:11117: result: yes
configure:11061: checking for mkstemp
configure:11098: arm-mv5sft-linux-gnueabi-gcc -o conftest    conftest.c  >&5
configure:11101: $? = 0
configure:11104: test -s conftest
configure:11107: $? = 0
configure:11117: result: yes
configure:11130: checking for mktemp
configure:11167: arm-mv5sft-linux-gnueabi-gcc -o conftest    conftest.c  >&5
/tmp/ccc4jQF9.o: In function `main':
conftest.c:(.text+0x2c): warning: the use of `mktemp' is dangerous, better use `mkstemp'
configure:11170: $? = 0
configure:11173: test -s conftest
configure:11176: $? = 0
configure:11186: result: yes
configure:11130: checking for openlog
configure:11167: arm-mv5sft-linux-gnueabi-gcc -o conftest    conftest.c  >&5
configure:11170: $? = 0
configure:11173: test -s conftest
configure:11176: $? = 0
configure:11186: result: yes
configure:11130: checking for putenv
configure:11167: arm-mv5sft-linux-gnueabi-gcc -o conftest    conftest.c  >&5
configure:11170: $? = 0
configure:11173: test -s conftest
configure:11176: $? = 0
configure:11186: result: yes
configure:11130: checking for random
configure:11167: arm-mv5sft-linux-gnueabi-gcc -o conftest    conftest.c  >&5
configure:11170: $? = 0
configure:11173: test -s conftest
configure:11176: $? = 0
configure:11186: result: yes
configure:11130: checking for rand
configure:11167: arm-mv5sft-linux-gnueabi-gcc -o conftest    conftest.c  >&5
configure:11170: $? = 0
configure:11173: test -s conftest
configure:11176: $? = 0
configure:11186: result: yes
configure:11130: checking for setenv
configure:11167: arm-mv5sft-linux-gnueabi-gcc -o conftest    conftest.c  >&5
configure:11170: $? = 0
configure:11173: test -s conftest
configure:11176: $? = 0
configure:11186: result: yes
configure:11130: checking for seteuid
configure:11167: arm-mv5sft-linux-gnueabi-gcc -o conftest    conftest.c  >&5
configure:11170: $? = 0
configure:11173: test -s conftest
configure:11176: $? = 0
configure:11186: result: yes
configure:11130: checking for setgroups
configure:11167: arm-mv5sft-linux-gnueabi-gcc -o conftest    conftest.c  >&5
configure:11170: $? = 0
configure:11173: test -s conftest
configure:11176: $? = 0
configure:11186: result: yes
configure:11130: checking for setlocale
configure:11167: arm-mv5sft-linux-gnueabi-gcc -o conftest    conftest.c  >&5
configure:11170: $? = 0
configure:11173: test -s conftest
configure:11176: $? = 0
configure:11186: result: yes
configure:11130: checking for setpgid
configure:11167: arm-mv5sft-linux-gnueabi-gcc -o conftest    conftest.c  >&5
configure:11170: $? = 0
configure:11173: test -s conftest
configure:11176: $? = 0
configure:11186: result: yes
configure:11130: checking for setproctitle
configure:11167: arm-mv5sft-linux-gnueabi-gcc -o conftest    conftest.c  >&5
/tmp/ccqwH6c7.o: In function `main':
conftest.c:(.text+0x2c): undefined reference to `setproctitle'
collect2: ld returned 1 exit status
configure:11170: $? = 1
configure: failed program was:
#line 11136 "configure"
#include "confdefs.h"
/* System header to define __stub macros and hopefully few prototypes,
    which can conflict with char setproctitle (); below.  */
#include <assert.h>
/* Override any gcc2 internal prototype to avoid an error.  */
#ifdef __cplusplus
extern "C"
#endif
/* We use char because int might match the return type of a gcc2
   builtin and then its argument prototype would still apply.  */
char setproctitle ();
char (*f) ();

int
main ()
{
/* The GNU C library defines this for functions which it implements
    to always fail with ENOSYS.  Some functions are actually named
    something starting with __ and the normal name is an alias.  */
#if defined (__stub_setproctitle) || defined (__stub___setproctitle)
choke me
#else
f = setproctitle;
#endif

  ;
  return 0;
}
configure:11186: result: no
configure:11199: checking for setresuid
configure:11236: arm-mv5sft-linux-gnueabi-gcc -o conftest    conftest.c  >&5
configure:11239: $? = 0
configure:11242: test -s conftest
configure:11245: $? = 0
configure:11255: result: yes
configure:11199: checking for setreuid
configure:11236: arm-mv5sft-linux-gnueabi-gcc -o conftest    conftest.c  >&5
configure:11239: $? = 0
configure:11242: test -s conftest
configure:11245: $? = 0
configure:11255: result: yes
configure:11199: checking for setruid
configure:11236: arm-mv5sft-linux-gnueabi-gcc -o conftest    conftest.c  >&5
/tmp/ccy4vYtu.o: In function `main':
conftest.c:(.text+0x2c): undefined reference to `setruid'
collect2: ld returned 1 exit status
configure:11239: $? = 1
configure: failed program was:
#line 11205 "configure"
#include "confdefs.h"
/* System header to define __stub macros and hopefully few prototypes,
    which can conflict with char setruid (); below.  */
#include <assert.h>
/* Override any gcc2 internal prototype to avoid an error.  */
#ifdef __cplusplus
extern "C"
#endif
/* We use char because int might match the return type of a gcc2
   builtin and then its argument prototype would still apply.  */
char setruid ();
char (*f) ();

int
main ()
{
/* The GNU C library defines this for functions which it implements
    to always fail with ENOSYS.  Some functions are actually named
    something starting with __ and the normal name is an alias.  */
#if defined (__stub_setruid) || defined (__stub___setruid)
choke me
#else
f = setruid;
#endif

  ;
  return 0;
}
configure:11255: result: no
configure:11199: checking for setsid
configure:11236: arm-mv5sft-linux-gnueabi-gcc -o conftest    conftest.c  >&5
configure:11239: $? = 0
configure:11242: test -s conftest
configure:11245: $? = 0
configure:11255: result: yes
configure:11199: checking for sigaction
configure:11236: arm-mv5sft-linux-gnueabi-gcc -o conftest    conftest.c  >&5
configure:11239: $? = 0
configure:11242: test -s conftest
configure:11245: $? = 0
configure:11255: result: yes
configure:11268: checking for sigprocmask
configure:11305: arm-mv5sft-linux-gnueabi-gcc -o conftest    conftest.c  >&5
configure:11308: $? = 0
configure:11311: test -s conftest
configure:11314: $? = 0
configure:11324: result: yes
configure:11268: checking for siglongjmp
configure:11305: arm-mv5sft-linux-gnueabi-gcc -o conftest    conftest.c  >&5
configure:11308: $? = 0
configure:11311: test -s conftest
configure:11314: $? = 0
configure:11324: result: yes
configure:11268: checking for socketpair
configure:11305: arm-mv5sft-linux-gnueabi-gcc -o conftest    conftest.c  >&5
configure:11308: $? = 0
configure:11311: test -s conftest
configure:11314: $? = 0
configure:11324: result: yes
configure:11268: checking for strcasecmp
configure:11305: arm-mv5sft-linux-gnueabi-gcc -o conftest    conftest.c  >&5
configure:11284: warning: conflicting types for built-in function 'strcasecmp'
configure:11308: $? = 0
configure:11311: test -s conftest
configure:11314: $? = 0
configure:11324: result: yes
configure:11337: checking for strchr
configure:11374: arm-mv5sft-linux-gnueabi-gcc -o conftest    conftest.c  >&5
configure:11353: warning: conflicting types for built-in function 'strchr'
configure:11377: $? = 0
configure:11380: test -s conftest
configure:11383: $? = 0
configure:11393: result: yes
configure:11337: checking for strdup
configure:11374: arm-mv5sft-linux-gnueabi-gcc -o conftest    conftest.c  >&5
configure:11353: warning: conflicting types for built-in function 'strdup'
configure:11377: $? = 0
configure:11380: test -s conftest
configure:11383: $? = 0
configure:11393: result: yes
configure:11337: checking for strerror
configure:11374: arm-mv5sft-linux-gnueabi-gcc -o conftest    conftest.c  >&5
configure:11377: $? = 0
configure:11380: test -s conftest
configure:11383: $? = 0
configure:11393: result: yes
configure:11337: checking for strncasecmp
configure:11374: arm-mv5sft-linux-gnueabi-gcc -o conftest    conftest.c  >&5
configure:11353: warning: conflicting types for built-in function 'strncasecmp'
configure:11377: $? = 0
configure:11380: test -s conftest
configure:11383: $? = 0
configure:11393: result: yes
configure:11337: checking for sysconf
configure:11374: arm-mv5sft-linux-gnueabi-gcc -o conftest    conftest.c  >&5
configure:11377: $? = 0
configure:11380: test -s conftest
configure:11383: $? = 0
configure:11393: result: yes
configure:11337: checking for sysinfo
configure:11374: arm-mv5sft-linux-gnueabi-gcc -o conftest    conftest.c  >&5
configure:11377: $? = 0
configure:11380: test -s conftest
configure:11383: $? = 0
configure:11393: result: yes
configure:11406: checking for tcdrain
configure:11443: arm-mv5sft-linux-gnueabi-gcc -o conftest    conftest.c  >&5
configure:11446: $? = 0
configure:11449: test -s conftest
configure:11452: $? = 0
configure:11462: result: yes
configure:11406: checking for tcflush
configure:11443: arm-mv5sft-linux-gnueabi-gcc -o conftest    conftest.c  >&5
configure:11446: $? = 0
configure:11449: test -s conftest
configure:11452: $? = 0
configure:11462: result: yes
configure:11406: checking for tcsetattr
configure:11443: arm-mv5sft-linux-gnueabi-gcc -o conftest    conftest.c  >&5
configure:11446: $? = 0
configure:11449: test -s conftest
configure:11452: $? = 0
configure:11462: result: yes
configure:11406: checking for uname
configure:11443: arm-mv5sft-linux-gnueabi-gcc -o conftest    conftest.c  >&5
configure:11446: $? = 0
configure:11449: test -s conftest
configure:11452: $? = 0
configure:11462: result: yes
configure:11406: checking for unsetenv
configure:11443: arm-mv5sft-linux-gnueabi-gcc -o conftest    conftest.c  >&5
configure:11446: $? = 0
configure:11449: test -s conftest
configure:11452: $? = 0
configure:11462: result: yes
configure:11406: checking for wait3
configure:11443: arm-mv5sft-linux-gnueabi-gcc -o conftest    conftest.c  >&5
configure:11446: $? = 0
configure:11449: test -s conftest
configure:11452: $? = 0
configure:11462: result: yes
configure:11406: checking for waitpid
configure:11443: arm-mv5sft-linux-gnueabi-gcc -o conftest    conftest.c  >&5
configure:11446: $? = 0
configure:11449: test -s conftest
configure:11452: $? = 0
configure:11462: result: yes
configure:11479: checking for unistd.h
configure:11514: result: yes
configure:11479: checking for vfork.h
configure:11489: arm-mv5sft-linux-gnueabi-gcc -E  conftest.c
configure:11486:19: error: vfork.h: No such file or directory
configure:11495: $? = 1
configure: failed program was:
#line 11485 "configure"
#include "confdefs.h"
#include <vfork.h>
configure:11514: result: no
configure:11527: checking for fork
configure:11564: arm-mv5sft-linux-gnueabi-gcc -o conftest    conftest.c  >&5
configure:11543: warning: conflicting types for built-in function 'fork'
configure:11567: $? = 0
configure:11570: test -s conftest
configure:11573: $? = 0
configure:11583: result: yes
configure:11527: checking for vfork
configure:11564: arm-mv5sft-linux-gnueabi-gcc -o conftest    conftest.c  >&5
configure:11567: $? = 0
configure:11570: test -s conftest
configure:11573: $? = 0
configure:11583: result: yes
configure:11595: checking for working fork
configure:11638: result: yes
configure:11657: checking for working vfork
configure:11783: result: yes
configure:11817: checking for vprintf
configure:11854: arm-mv5sft-linux-gnueabi-gcc -o conftest    conftest.c  >&5
configure:11833: warning: conflicting types for built-in function 'vprintf'
configure:11857: $? = 0
configure:11860: test -s conftest
configure:11863: $? = 0
configure:11873: result: yes
configure:11880: checking for _doprnt
configure:11917: arm-mv5sft-linux-gnueabi-gcc -o conftest    conftest.c  >&5
/tmp/ccit7bSa.o: In function `main':
conftest.c:(.text+0x2c): undefined reference to `_doprnt'
collect2: ld returned 1 exit status
configure:11920: $? = 1
configure: failed program was:
#line 11886 "configure"
#include "confdefs.h"
/* System header to define __stub macros and hopefully few prototypes,
    which can conflict with char _doprnt (); below.  */
#include <assert.h>
/* Override any gcc2 internal prototype to avoid an error.  */
#ifdef __cplusplus
extern "C"
#endif
/* We use char because int might match the return type of a gcc2
   builtin and then its argument prototype would still apply.  */
char _doprnt ();
char (*f) ();

int
main ()
{
/* The GNU C library defines this for functions which it implements
    to always fail with ENOSYS.  Some functions are actually named
    something starting with __ and the normal name is an alias.  */
#if defined (__stub__doprnt) || defined (__stub____doprnt)
choke me
#else
f = _doprnt;
#endif

  ;
  return 0;
}
configure:11936: result: no
configure:11949: checking how to manipulate tty attributes
configure:12039: result: termios
configure:12078: checking checking for struct exec
configure:12122: result: no
configure:12131: checking checking for long long
configure:12172: result: yes
configure:12181: checking checking for lseek prototype
configure:12210: arm-mv5sft-linux-gnueabi-gcc -c   conftest.c >&5
configure: In function 'main':
configure:12203: error: 'SEEK_SET' undeclared (first use in this function)
configure:12203: error: (Each undeclared identifier is reported only once
configure:12203: error: for each function it appears in.)
configure:12213: $? = 1
configure: failed program was:
#line 12188 "configure"
#include "confdefs.h"

#ifdef HAVE_CTYPES_H
#include <ctypes.h>
#endif
#ifdef HAVE_SYS_TYPES_H
#include <sys/types.h>
#endif
#ifdef HAVE_SYS_UNISTD_H
#include <sys/unistd.h>
#endif

int
main ()
{
off_t x; x = lseek(0,"test",SEEK_SET);
  ;
  return 0;
}
configure:12230: result: yes
configure:12239: checking how to get filesystem free space
configure:12279: arm-mv5sft-linux-gnueabi-gcc -c   conftest.c >&5
configure:12282: $? = 0
configure:12285: test -s conftest.o
configure:12288: $? = 0
configure:12453: result: statvfs
configure:12481: checking for errno
configure:12500: arm-mv5sft-linux-gnueabi-gcc -o conftest    conftest.c  >&5
/opt_gccarm/arm-mv5sft-linux-gnueabi/bin/../lib/gcc/arm-mv5sft-linux-gnueabi/4.3.2/../../../../arm-mv5sft-linux-gnueabi/bin/ld: errno: TLS definition in /opt_gccarm/arm-mv5sft-linux-gnueabi/bin/../arm-mv5sft-linux-gnueabi//sys-root/lib/libc.so.6 section .tbss mismatches non-TLS reference in /tmp/ccur6ngq.o
/opt_gccarm/arm-mv5sft-linux-gnueabi/bin/../arm-mv5sft-linux-gnueabi//sys-root/lib/libc.so.6: could not read symbols: Bad value
collect2: ld returned 1 exit status
configure:12503: $? = 1
configure: failed program was:
#line 12488 "configure"
#include "confdefs.h"

int
main ()
{
extern int errno; return (errno);
  ;
  return 0;
}
configure:12520: result: no
configure:12586: checking for sys_nerr
configure:12605: arm-mv5sft-linux-gnueabi-gcc -o conftest    conftest.c  >&5
/tmp/cc67IAQb.o: In function `main':
conftest.c:(.text+0x20): warning: `sys_nerr' is deprecated; use `strerror' or `strerror_r' instead
configure:12608: $? = 0
configure:12611: test -s conftest
configure:12614: $? = 0
configure:12625: result: yes
configure:12632: checking for sys_nerr declaration
configure:12658: arm-mv5sft-linux-gnueabi-gcc -c   conftest.c >&5
configure:12661: $? = 0
configure:12664: test -s conftest.o
configure:12667: $? = 0
configure:12678: result: 
configure:12688: checking for sys_errlist array
configure:12707: arm-mv5sft-linux-gnueabi-gcc -o conftest    conftest.c  >&5
configure:12710: $? = 0
configure:12713: test -s conftest
configure:12716: $? = 0
configure:12727: result: yes
configure:12734: checking for sys_errlist declaration
configure:12760: arm-mv5sft-linux-gnueabi-gcc -c   conftest.c >&5
configure: In function 'main':
configure:12753: warning: initialization discards qualifiers from pointer target type
configure:12763: $? = 0
configure:12766: test -s conftest.o
configure:12769: $? = 0
configure:12780: result: 
configure:12790: checking for setproctitle declaration
configure:12819: arm-mv5sft-linux-gnueabi-gcc -c   conftest.c >&5
configure:12822: $? = 0
configure:12825: test -s conftest.o
configure:12828: $? = 0
configure:12839: result: no
configure:12848: checking for sys_siglist declaration
configure:12875: arm-mv5sft-linux-gnueabi-gcc -c   conftest.c >&5
configure:12878: $? = 0
configure:12881: test -s conftest.o
configure:12884: $? = 0
configure:12895: result: yes
configure:12905: checking for _sys_siglist declaration
configure:12932: arm-mv5sft-linux-gnueabi-gcc -c   conftest.c >&5
configure:12935: $? = 0
configure:12938: test -s conftest.o
configure:12941: $? = 0
configure:12952: result: yes
configure:12962: checking for sys_siglist array
configure:13001: result: yes
configure:13010: checking for _sys_siglist array
configure:13049: result: yes
configure:13058: checking for getprgp() or getpgrp(0) form
configure:13083: arm-mv5sft-linux-gnueabi-gcc -c   conftest.c >&5
configure: In function 'main':
configure:13076: error: too many arguments to function 'getpgrp'
configure:13086: $? = 1
configure: failed program was:
#line 13064 "configure"
#include "confdefs.h"

#ifdef HAVE_CTYPES_H
#include <ctypes.h>
#endif
#include <sys/types.h>
#ifdef HAVE_UNISTD_H
# include <unistd.h>
#endif
int
main ()
{
getpgrp(0);
  ;
  return 0;
}
configure:13103: result: getpgrp
configure:13117: checking for setprgp form
configure:13145: arm-mv5sft-linux-gnueabi-gcc -c   conftest.c >&5
configure: In function 'main':
configure:13138: error: too many arguments to function 'setpgrp'
configure:13148: $? = 1
configure: failed program was:
#line 13123 "configure"
#include "confdefs.h"

#ifdef HAVE_CTYPES_H
#include <ctypes.h>
#endif
#ifdef HAVE_SYS_TYPES_H
# include <sys/types.h>
#endif
#ifdef HAVE_UNISTD_H
# include <unistd.h>
#endif

int
main ()
{
setpgrp(0,0);
  ;
  return 0;
}
configure:13165: result: setpgrp
configure:13174: checking for obsolete union wait compatibility
configure:13198: arm-mv5sft-linux-gnueabi-gcc -c   conftest.c >&5
configure:13201: $? = 0
configure:13204: test -s conftest.o
configure:13207: $? = 0
configure:13218: result: yes
configure:13227: checking for gethostname declaration
configure:13257: arm-mv5sft-linux-gnueabi-gcc -c   conftest.c >&5
configure: In function 'main':
configure:13250: warning: passing argument 1 of 'gethostname' makes pointer from integer without a cast
configure:13250: error: too few arguments to function 'gethostname'
configure:13260: $? = 1
configure: failed program was:
#line 13233 "configure"
#include "confdefs.h"

#ifdef HAVE_CTYPES_H
#include <ctypes.h>
#endif
#ifdef HAVE_STDIO_H
#include <stdio.h>
#endif
#ifdef HAVE_STDLIB_H
#include <stdlib.h>
#endif
#ifdef HAVE_UNISTD_H
#include <unistd.h>
#endif
int
main ()
{
gethostname(1);
  ;
  return 0;
}
configure:13277: result: yes
configure:13286: checking for innetgr declaration
configure:13320: arm-mv5sft-linux-gnueabi-gcc -c   conftest.c >&5
configure: In function 'main':
configure:13313: warning: passing argument 1 of 'innetgr' makes pointer from integer without a cast
configure:13313: error: too few arguments to function 'innetgr'
configure:13323: $? = 1
configure: failed program was:
#line 13293 "configure"
#include "confdefs.h"

#ifdef HAVE_CTYPES_H
#include <ctypes.h>
#endif
#ifdef HAVE_STDIO_H
#include <stdio.h>
#endif
#ifdef HAVE_STDLIB_H
#include <stdlib.h>
#endif
#ifdef HAVE_UNISTD_H
#include <unistd.h>
#endif
#ifdef HAVE_NETDB_H
#include <netdb.h>
#endif
int
main ()
{
printf("%d", innetgr(1));
  ;
  return 0;
}
configure:13340: result: yes
configure:13349: checking for openlog declaration
configure:13377: arm-mv5sft-linux-gnueabi-gcc -c   conftest.c >&5
configure:13380: $? = 0
configure:13383: test -s conftest.o
configure:13386: $? = 0
configure:13397: result: yes
configure:13406: checking for syslog declaration
configure:13431: arm-mv5sft-linux-gnueabi-gcc -c   conftest.c >&5
configure:13434: $? = 0
configure:13437: test -s conftest.o
configure:13440: $? = 0
configure:13451: result: yes
configure:13460: checking for struct in6_addr declaration
configure:13484: arm-mv5sft-linux-gnueabi-gcc -c   conftest.c >&5
configure:13487: $? = 0
configure:13490: test -s conftest.o
configure:13493: $? = 0
configure:13504: result: yes
configure:13513: checking for struct in_addr6 declaration (LINUX)
configure:13537: arm-mv5sft-linux-gnueabi-gcc -c   conftest.c >&5
configure: In function 'main':
configure:13530: error: storage size of 'v' isn't known
configure:13540: $? = 1
configure: failed program was:
#line 13519 "configure"
#include "confdefs.h"

#ifdef HAVE_CTYPES_H
#include <ctypes.h>
#endif
#include <sys/types.h>
#include <sys/socket.h>
#include <netinet/in.h>
int
main ()
{
struct in_addr6 v;
  ;
  return 0;
}
configure:13557: result: no
configure:13566: checking for struct stat has st_mtimespec.tv_nsec
configure:13592: arm-mv5sft-linux-gnueabi-gcc -c   conftest.c >&5
configure: In function 'main':
configure:13585: error: 'struct stat' has no member named 'st_mtimespec'
configure:13595: $? = 1
configure: failed program was:
#line 13572 "configure"
#include "confdefs.h"

#ifdef HAVE_CTYPES_H
#include <ctypes.h>
#endif
#include <sys/types.h>
#ifdef HAVE_SYS_TIME_H
#include <sys/time.h>
#endif
#include <sys/stat.h>
int
main ()
{
struct stat statb; statb.st_mtimespec.tv_nsec;
  ;
  return 0;
}
configure:13612: result: no
configure:13621: checking for struct stat has st_mtimensec
configure:13647: arm-mv5sft-linux-gnueabi-gcc -c   conftest.c >&5
configure: In function 'main':
configure:13640: error: 'struct stat' has no member named 'st_mtimensec'
configure:13650: $? = 1
configure: failed program was:
#line 13627 "configure"
#include "confdefs.h"

#ifdef HAVE_CTYPES_H
#include <ctypes.h>
#endif
#include <sys/types.h>
#if defined(HAVE_SYS_TIME_H)
#include <sys/time.h>
#endif
#include <sys/stat.h>
int
main ()
{
struct stat statb; statb.st_mtimensec;
  ;
  return 0;
}
configure:13667: result: no
configure:13676: checking for strcasecmp definition
configure:13707: arm-mv5sft-linux-gnueabi-gcc -c   conftest.c >&5
configure: In function 'main':
configure:13700: warning: passing argument 1 of 'strcasecmp' makes pointer from integer without a cast
configure:13700: error: too few arguments to function 'strcasecmp'
configure:13710: $? = 1
configure: failed program was:
#line 13682 "configure"
#include "confdefs.h"

#ifdef HAVE_CTYPES_H
#include <ctypes.h>
#endif
#if defined(HAVE_STDLIB_H)
#include <stdlib.h>
#endif
#if defined(HAVE_STRING_H)
#include <string.h>
#endif
#if defined(HAVE_STRINGS_H)
#include <strings.h>
#endif

int
main ()
{
strcasecmp(1)
  ;
  return 0;
}
configure:13727: result: yes
configure:13736: checking for flock definition
configure:13767: arm-mv5sft-linux-gnueabi-gcc -c   conftest.c >&5
configure: In function 'main':
configure:13760: error: too few arguments to function 'flock'
configure:13770: $? = 1
configure: failed program was:
#line 13742 "configure"
#include "confdefs.h"

#ifdef HAVE_CTYPES_H
#include <ctypes.h>
#endif
#if defined(HAVE_STDLIB_H)
#include <stdlib.h>
#endif
#if defined(HAVE_SYS_FILE_H)
#include <sys/file.h>
#endif
#if defined(HAVE_FCNTL_H)
#include <fcntl.h>
#endif

int
main ()
{
flock(1)
  ;
  return 0;
}
configure:13787: result: yes
configure:13808: checking for a BSD compatible install
configure:13857: result: /usr/bin/install -c
configure:13870: checking for auxman
configure:13894: result: /usr/bin/install -c -m 644
configure:13901: checking whether make sets ${MAKE}
configure:13921: result: yes
configure:13930: checking for shell
configure:13933: result: using /bin/sh (FORCED)
configure:13939: checking for arm-linux-ranlib
configure:13962: result: arm-mv5sft-linux-gnueabi-ranlib
configure:14012: checking for working alloca.h
configure:14030: arm-mv5sft-linux-gnueabi-gcc -o conftest    conftest.c  >&5
configure:14033: $? = 0
configure:14036: test -s conftest
configure:14039: $? = 0
configure:14049: result: yes
configure:14059: checking for alloca
configure:14097: arm-mv5sft-linux-gnueabi-gcc -o conftest    conftest.c  >&5
configure:14100: $? = 0
configure:14103: test -s conftest
configure:14106: $? = 0
configure:14116: result: yes
configure:14300: checking for stdlib.h
configure:14335: result: yes
configure:14300: checking for unistd.h
configure:14335: result: yes
configure:14348: checking for getpagesize
configure:14385: arm-mv5sft-linux-gnueabi-gcc -o conftest    conftest.c  >&5
configure:14388: $? = 0
configure:14391: test -s conftest
configure:14394: $? = 0
configure:14404: result: yes
configure:14414: checking for working mmap
configure:14550: arm-mv5sft-linux-gnueabi-gcc -o conftest    conftest.c  >&5
configure:14553: $? = 0
configure:14555: ./conftest
./configure: line 14556: ./conftest: cannot execute binary file
configure:14558: $? = 126
configure: program exited with status 126
configure: failed program was:
#line 14423 "configure"
#include "confdefs.h"
#include <stdio.h>
#if HAVE_SYS_TYPES_H
# include <sys/types.h>
#endif
#if HAVE_SYS_STAT_H
# include <sys/stat.h>
#endif
#if STDC_HEADERS
# include <stdlib.h>
# include <stddef.h>
#else
# if HAVE_STDLIB_H
#  include <stdlib.h>
# endif
#endif
#if HAVE_STRING_H
# if !STDC_HEADERS && HAVE_MEMORY_H
#  include <memory.h>
# endif
# include <string.h>
#endif
#if HAVE_STRINGS_H
# include <strings.h>
#endif
#if HAVE_INTTYPES_H
# include <inttypes.h>
#else
# if HAVE_STDINT_H
#  include <stdint.h>
# endif
#endif
#if HAVE_UNISTD_H
# include <unistd.h>
#endif
/* Thanks to Mike Haertel and Jim Avera for this test.
   Here is a matrix of mmap possibilities:
	mmap private not fixed
	mmap private fixed at somewhere currently unmapped
	mmap private fixed at somewhere already mapped
	mmap shared not fixed
	mmap shared fixed at somewhere currently unmapped
	mmap shared fixed at somewhere already mapped
   For private mappings, we should verify that changes cannot be read()
   back from the file, nor mmap's back from the file at a different
   address.  (There have been systems where private was not correctly
   implemented like the infamous i386 svr4.0, and systems where the
   VM page cache was not coherent with the file system buffer cache
   like early versions of FreeBSD and possibly contemporary NetBSD.)
   For shared mappings, we should conversely verify that changes get
   propogated back to all the places they're supposed to be.

   Grep wants private fixed already mapped.
   The main things grep needs to know about mmap are:
   * does it exist and is it safe to write into the mmap'd area
   * how to use it (BSD variants)  */

#include <fcntl.h>
#include <sys/mman.h>

#if !STDC_HEADERS && !HAVE_STDLIB_H
char *malloc ();
#endif

/* This mess was copied from the GNU getpagesize.h.  */
#if !HAVE_GETPAGESIZE
/* Assume that all systems that can run configure have sys/param.h.  */
# if !HAVE_SYS_PARAM_H
#  define HAVE_SYS_PARAM_H 1
# endif

# ifdef _SC_PAGESIZE
#  define getpagesize() sysconf(_SC_PAGESIZE)
# else /* no _SC_PAGESIZE */
#  if HAVE_SYS_PARAM_H
#   include <sys/param.h>
#   ifdef EXEC_PAGESIZE
#    define getpagesize() EXEC_PAGESIZE
#   else /* no EXEC_PAGESIZE */
#    ifdef NBPG
#     define getpagesize() NBPG * CLSIZE
#     ifndef CLSIZE
#      define CLSIZE 1
#     endif /* no CLSIZE */
#    else /* no NBPG */
#     ifdef NBPC
#      define getpagesize() NBPC
#     else /* no NBPC */
#      ifdef PAGESIZE
#       define getpagesize() PAGESIZE
#      endif /* PAGESIZE */
#     endif /* no NBPC */
#    endif /* no NBPG */
#   endif /* no EXEC_PAGESIZE */
#  else /* no HAVE_SYS_PARAM_H */
#   define getpagesize() 8192	/* punt totally */
#  endif /* no HAVE_SYS_PARAM_H */
# endif /* no _SC_PAGESIZE */

#endif /* no HAVE_GETPAGESIZE */

int
main ()
{
  char *data, *data2, *data3;
  int i, pagesize;
  int fd;

  pagesize = getpagesize ();

  /* First, make a file with some known garbage in it. */
  data = (char *) malloc (pagesize);
  if (!data)
    exit (1);
  for (i = 0; i < pagesize; ++i)
    *(data + i) = rand ();
  umask (0);
  fd = creat ("conftest.mmap", 0600);
  if (fd < 0)
    exit (1);
  if (write (fd, data, pagesize) != pagesize)
    exit (1);
  close (fd);

  /* Next, try to mmap the file at a fixed address which already has
     something else allocated at it.  If we can, also make sure that
     we see the same garbage.  */
  fd = open ("conftest.mmap", O_RDWR);
  if (fd < 0)
    exit (1);
  data2 = (char *) malloc (2 * pagesize);
  if (!data2)
    exit (1);
  data2 += (pagesize - ((int) data2 & (pagesize - 1))) & (pagesize - 1);
  if (data2 != mmap (data2, pagesize, PROT_READ | PROT_WRITE,
                     MAP_PRIVATE | MAP_FIXED, fd, 0L))
    exit (1);
  for (i = 0; i < pagesize; ++i)
    if (*(data + i) != *(data2 + i))
      exit (1);

  /* Finally, make sure that changes to the mapped area do not
     percolate back to the file as seen by read().  (This is a bug on
     some variants of i386 svr4.0.)  */
  for (i = 0; i < pagesize; ++i)
    *(data2 + i) = *(data2 + i) + 1;
  data3 = (char *) malloc (pagesize);
  if (!data3)
    exit (1);
  if (read (fd, data3, pagesize) != pagesize)
    exit (1);
  for (i = 0; i < pagesize; ++i)
    if (*(data + i) != *(data3 + i))
      exit (1);
  close (fd);
  exit (0);
}
configure:14570: result: no
configure:14585: checking for argz.h
configure:14595: arm-mv5sft-linux-gnueabi-gcc -E  conftest.c
configure:14601: $? = 0
configure:14620: result: yes
configure:14585: checking for limits.h
configure:14620: result: yes
configure:14585: checking for locale.h
configure:14620: result: yes
configure:14585: checking for nl_types.h
configure:14595: arm-mv5sft-linux-gnueabi-gcc -E  conftest.c
configure:14601: $? = 0
configure:14620: result: yes
configure:14585: checking for malloc.h
configure:14620: result: yes
configure:14585: checking for string.h
configure:14620: result: yes
configure:14585: checking for unistd.h
configure:14620: result: yes
configure:14585: checking for sys/param.h
configure:14620: result: yes
configure:14634: checking for getcwd
configure:14671: arm-mv5sft-linux-gnueabi-gcc -o conftest    conftest.c  >&5
configure:14674: $? = 0
configure:14677: test -s conftest
configure:14680: $? = 0
configure:14690: result: yes
configure:14634: checking for munmap
configure:14671: arm-mv5sft-linux-gnueabi-gcc -o conftest    conftest.c  >&5
configure:14674: $? = 0
configure:14677: test -s conftest
configure:14680: $? = 0
configure:14690: result: yes
configure:14634: checking for putenv
configure:14690: result: yes
configure:14634: checking for setenv
configure:14690: result: yes
configure:14634: checking for setlocale
configure:14690: result: yes
configure:14634: checking for strchr
configure:14690: result: yes
configure:14634: checking for strcasecmp
configure:14690: result: yes
configure:14634: checking for strdup
configure:14690: result: yes
configure:14634: checking for __argz_count
configure:14671: arm-mv5sft-linux-gnueabi-gcc -o conftest    conftest.c  >&5
configure:14674: $? = 0
configure:14677: test -s conftest
configure:14680: $? = 0
configure:14690: result: yes
configure:14634: checking for __argz_stringify
configure:14671: arm-mv5sft-linux-gnueabi-gcc -o conftest    conftest.c  >&5
configure:14674: $? = 0
configure:14677: test -s conftest
configure:14680: $? = 0
configure:14690: result: yes
configure:14634: checking for __argz_next
configure:14671: arm-mv5sft-linux-gnueabi-gcc -o conftest    conftest.c  >&5
configure:14674: $? = 0
configure:14677: test -s conftest
configure:14680: $? = 0
configure:14690: result: yes
configure:14705: checking for stpcpy
configure:14742: arm-mv5sft-linux-gnueabi-gcc -o conftest    conftest.c  >&5
configure:14721: warning: conflicting types for built-in function 'stpcpy'
configure:14745: $? = 0
configure:14748: test -s conftest
configure:14751: $? = 0
configure:14761: result: yes
configure:14780: checking for LC_MESSAGES
configure:14798: arm-mv5sft-linux-gnueabi-gcc -o conftest    conftest.c  >&5
configure:14801: $? = 0
configure:14804: test -s conftest
configure:14807: $? = 0
configure:14817: result: yes
configure:14826: checking whether NLS is requested
configure:14835: result: no
configure:15864: result: LIBS , INTLLIBS 
configure:15888: result: No NLS
configure:15894: result: using XGETTEXT xgettext
configure:16677: creating ./config.status

## ----------------------- ##
## Running config.status.  ##
## ----------------------- ##

This file was extended by config.status 2.52, executed with
  CONFIG_FILES    = 
  CONFIG_HEADERS  = 
  CONFIG_LINKS    = 
  CONFIG_COMMANDS = 
  > ./config.status 
on fedora-14

config.status:17236: creating Makefile
config.status:17236: creating HOWTO/Makefile
config.status:17236: creating TESTSUPPORT/Makefile
config.status:17236: creating DISTRIBUTIONS/Makefile
config.status:17236: creating UTILS/LPRng.pm
config.status:17236: creating UTILS/Makefile
config.status:17236: creating UTILS/accounting.pl
config.status:17236: creating UTILS/decode_args_with_perl
config.status:17236: creating UTILS/decode_args_with_sh
config.status:17236: creating UTILS/fixid
config.status:17236: creating UTILS/fixupdate
config.status:17236: creating UTILS/lpq_in_perl
config.status:17236: creating UTILS/lpr_in_perl
config.status:17236: creating UTILS/lprm_in_perl
config.status:17236: creating UTILS/make_lpd_conf
config.status:17236: creating UTILS/make_printcap_use
config.status:17236: creating UTILS/makeinc
config.status:17236: creating UTILS/read_conf
config.status:17236: creating UTILS/remote_active
config.status:17236: creating UTILS/test_read
config.status:17236: creating UTILS/update_z.pl
config.status:17236: creating lpd.perms
config.status:17236: creating man/Makefile
config.status:17236: creating src/Makefile
config.status:17236: creating src/pclbanner
config.status:17236: creating src/psbanner
config.status:17236: creating po/Makefile.in
config.status:17236: creating intl/Makefile
config.status:17328: creating config.h
config.status:17520: linking ./intl/libgettext.h to intl/libintl.h

## ----------------- ##
## Cache variables.  ##
## ----------------- ##

ac_cv__sys_siglist=yes
ac_cv_build=i686-pc-linux-gnu
ac_cv_build_alias=i686-pc-linux-gnu
ac_cv_c_compiler_gnu=no
ac_cv_c_const=yes
ac_cv_c_inline=inline
ac_cv_c_volatile=yes
ac_cv_decl__sys_siglist_def=yes
ac_cv_decl_flock=yes
ac_cv_decl_gethostname_def=yes
ac_cv_decl_in6_addr_def=yes
ac_cv_decl_in_addr6_def=no
ac_cv_decl_innetgr_def=yes
ac_cv_decl_openlog_def=yes
ac_cv_decl_setproctitle_def=no
ac_cv_decl_st_mtimensec=no
ac_cv_decl_st_mtimespec_tv_nsec=no
ac_cv_decl_strcasecmp=yes
ac_cv_decl_sys_errlist=yes
ac_cv_decl_sys_nerr_def=yes
ac_cv_decl_sys_siglist_def=yes
ac_cv_decl_syslog_def=yes
ac_cv_env_CC_set=set
ac_cv_env_CC_value=arm-mv5sft-linux-gnueabi-gcc
ac_cv_env_CFLAGS_set=
ac_cv_env_CFLAGS_value=
ac_cv_env_CPPFLAGS_set=
ac_cv_env_CPPFLAGS_value=
ac_cv_env_CPP_set=
ac_cv_env_CPP_value=
ac_cv_env_LDFLAGS_set=
ac_cv_env_LDFLAGS_value=
ac_cv_env_build_alias_set=
ac_cv_env_build_alias_value=
ac_cv_env_host_alias_set=set
ac_cv_env_host_alias_value=arm-linux
ac_cv_env_target_alias_set=set
ac_cv_env_target_alias_value=arm-linux
ac_cv_errno=no
ac_cv_func___argz_count=yes
ac_cv_func___argz_next=yes
ac_cv_func___argz_stringify=yes
ac_cv_func__doprnt=no
ac_cv_func__res=no
ac_cv_func_alloca_works=yes
ac_cv_func_cfsetispeed=yes
ac_cv_func_fcntl=yes
ac_cv_func_flock=yes
ac_cv_func_fork=yes
ac_cv_func_fork_works=yes
ac_cv_func_getcwd=yes
ac_cv_func_getdtablesize=yes
ac_cv_func_gethostbyname2=yes
ac_cv_func_gethostname=yes
ac_cv_func_getpagesize=yes
ac_cv_func_getpgrp_0=getpgrp
ac_cv_func_getrlimit=yes
ac_cv_func_inet_aton=yes
ac_cv_func_inet_ntop=yes
ac_cv_func_inet_pton=yes
ac_cv_func_initgroups=yes
ac_cv_func_innetgr=yes
ac_cv_func_killpg=yes
ac_cv_func_lockf=yes
ac_cv_func_mkstemp=yes
ac_cv_func_mktemp=yes
ac_cv_func_mmap_fixed_mapped=no
ac_cv_func_munmap=yes
ac_cv_func_openlog=yes
ac_cv_func_putenv=yes
ac_cv_func_rand=yes
ac_cv_func_random=yes
ac_cv_func_setenv=yes
ac_cv_func_seteuid=yes
ac_cv_func_setgroups=yes
ac_cv_func_setlocale=yes
ac_cv_func_setpgid=yes
ac_cv_func_setpgrp_0=setpgrp
ac_cv_func_setproctitle=no
ac_cv_func_setresuid=yes
ac_cv_func_setreuid=yes
ac_cv_func_setruid=no
ac_cv_func_setsid=yes
ac_cv_func_sigaction=yes
ac_cv_func_siglongjmp=yes
ac_cv_func_sigprocmask=yes
ac_cv_func_socketpair=yes
ac_cv_func_stpcpy=yes
ac_cv_func_strcasecmp=yes
ac_cv_func_strchr=yes
ac_cv_func_strdup=yes
ac_cv_func_strerror=yes
ac_cv_func_strncasecmp=yes
ac_cv_func_sysconf=yes
ac_cv_func_sysinfo=yes
ac_cv_func_tcdrain=yes
ac_cv_func_tcflush=yes
ac_cv_func_tcsetattr=yes
ac_cv_func_uname=yes
ac_cv_func_unsetenv=yes
ac_cv_func_vfork=yes
ac_cv_func_vfork_works=yes
ac_cv_func_vprintf=yes
ac_cv_func_wait3=yes
ac_cv_func_waitpid=yes
ac_cv_header_a_out_h=no
ac_cv_header_aouthdr_h=no
ac_cv_header_ar_h=yes
ac_cv_header_argz_h=yes
ac_cv_header_arpa_inet_h=yes
ac_cv_header_arpa_nameser_h=yes
ac_cv_header_assert_h=yes
ac_cv_header_com_err_h=no
ac_cv_header_compat_h=no
ac_cv_header_ctype_h=yes
ac_cv_header_ctypes_h=no
ac_cv_header_dirent_dirent_h=yes
ac_cv_header_dirent_h=yes
ac_cv_header_dlfcn_h=yes
ac_cv_header_errno_h=yes
ac_cv_header_exechdr_h=no
ac_cv_header_fcntl_h=yes
ac_cv_header_filehdr_h=no
ac_cv_header_grp_h=yes
ac_cv_header_inttypes_h=yes
ac_cv_header_limits_h=yes
ac_cv_header_locale_h=yes
ac_cv_header_machine_vmparam_h=no
ac_cv_header_malloc_h=yes
ac_cv_header_memory_h=yes
ac_cv_header_minix_config_h=no
ac_cv_header_ndir_h=no
ac_cv_header_netdb_h=yes
ac_cv_header_netinet_in_h=yes
ac_cv_header_nl_types_h=yes
ac_cv_header_nlist_h=no
ac_cv_header_pwd_h=yes
ac_cv_header_reloc_h=no
ac_cv_header_resolv_h=yes
ac_cv_header_select_h=no
ac_cv_header_setjmp_h=yes
ac_cv_header_sgs_h=no
ac_cv_header_sgtty_h=yes
ac_cv_header_signal_h=yes
ac_cv_header_stab_h=yes
ac_cv_header_stdarg_h=yes
ac_cv_header_stdc=no
ac_cv_header_stdint_h=yes
ac_cv_header_stdio_h=yes
ac_cv_header_stdlib_h=yes
ac_cv_header_string_h=yes
ac_cv_header_strings_h=yes
ac_cv_header_sys_dir_h=yes
ac_cv_header_sys_exec_h=no
ac_cv_header_sys_exechdr_h=no
ac_cv_header_sys_fcntl_h=yes
ac_cv_header_sys_file_h=yes
ac_cv_header_sys_ioctl_h=yes
ac_cv_header_sys_loader_h=no
ac_cv_header_sys_mount_h=yes
ac_cv_header_sys_ndir_h=no
ac_cv_header_sys_param_h=yes
ac_cv_header_sys_pstat_h=no
ac_cv_header_sys_resource_h=yes
ac_cv_header_sys_select_h=yes
ac_cv_header_sys_signal_h=yes
ac_cv_header_sys_socket_h=yes
ac_cv_header_sys_stat_h=yes
ac_cv_header_sys_statfs_h=yes
ac_cv_header_sys_statvfs_h=yes
ac_cv_header_sys_syslog_h=yes
ac_cv_header_sys_systeminfo_h=no
ac_cv_header_sys_termio_h=no
ac_cv_header_sys_termiox_h=no
ac_cv_header_sys_time_h=yes
ac_cv_header_sys_ttold_h=no
ac_cv_header_sys_ttycom_h=no
ac_cv_header_sys_types_h=yes
ac_cv_header_sys_utsname_h=yes
ac_cv_header_sys_vfs_h=yes
ac_cv_header_sys_wait_h=yes
ac_cv_header_syslog_h=yes
ac_cv_header_term_h=no
ac_cv_header_termcap_h=no
ac_cv_header_termio_h=yes
ac_cv_header_termios_h=yes
ac_cv_header_time=yes
ac_cv_header_time_h=yes
ac_cv_header_unistd_h=yes
ac_cv_header_utsname_h=no
ac_cv_header_varargs_h=no
ac_cv_header_vfork_h=no
ac_cv_header_vmparam_h=no
ac_cv_host=arm-unknown-linux-gnu
ac_cv_host_alias=arm-linux
ac_cv_lib_dir_opendir=no
ac_cv_lib_posix_getpwent=no
ac_cv_lib_socket_s_socket=no
ac_cv_lib_socket_socket=no
ac_cv_long_double=yes
ac_cv_long_long=yes
ac_cv_lseek_proto=yes
ac_cv_path_CHGRP=/bin/chgrp
ac_cv_path_CHOWN=/bin/chown
ac_cv_path_CLEAR=/usr/bin/clear
ac_cv_path_PERL=/usr/bin/perl
ac_cv_path_PRUTIL=/usr/bin/pr
ac_cv_path_install='/usr/bin/install -c'
ac_cv_prog_AWK=gawk
ac_cv_prog_CC=arm-mv5sft-linux-gnueabi-gcc
ac_cv_prog_CPP='arm-mv5sft-linux-gnueabi-gcc -E'
ac_cv_prog_INSTALL_MAN='/usr/bin/install -c -m 644'
ac_cv_prog_RANLIB=arm-mv5sft-linux-gnueabi-ranlib
ac_cv_prog_STRIP=arm-mv5sft-linux-gnueabi-strip
ac_cv_prog_cc=arm-mv5sft-linux-gnueabi-gcc
ac_cv_prog_cc_g=no
ac_cv_prog_cc_stdc=
ac_cv_prog_make_make_set=yes
ac_cv_quad_t=yes
ac_cv_struct_exec=no
ac_cv_struct_fstype=statvfs
ac_cv_struct_term=termios
ac_cv_sys_errlist=yes
ac_cv_sys_nerr=yes
ac_cv_sys_siglist=yes
ac_cv_target=arm-unknown-linux-gnu
ac_cv_target_alias=arm-linux
ac_cv_type_mode_t=yes
ac_cv_type_off_t=yes
ac_cv_type_pid_t=yes
ac_cv_type_signal=void
ac_cv_type_size_t=yes
ac_cv_type_uid_t=yes
ac_cv_unionwait=yes
ac_cv_working_alloca_h=yes
am_cv_val_LC_MESSAGES=yes
lt_cv_compiler_c_o=yes
lt_cv_compiler_o_lo=yes
lt_cv_deplibs_check_method='file_magic ELF [0-9][0-9]*-bit [LM]SB (shared object|dynamic lib )'
lt_cv_file_magic_cmd='$MAGIC_CMD'
lt_cv_file_magic_test_file='/lib/libc.so.6 /lib/libc-2.12.90.so'
lt_cv_global_symbol_to_c_name_address='sed -n -e '\''s/^: \([^ ]*\) $/  {\"\1\", (lt_ptr) 0},/p'\'' -e '\''s/^[BCDEGRST] \([^ ]*\) \([^ ]*\)$/  {"\2", (lt_ptr) \&\2},/p'\'''
lt_cv_global_symbol_to_cdecl='sed -n -e '\''s/^. .* \(.*\)$/extern char \1;/p'\'''
lt_cv_ld_reload_flag=-r
lt_cv_path_LD=arm-mv5sft-linux-gnueabi-ld
lt_cv_path_MAGIC_CMD=/usr/bin/file
lt_cv_path_NM=nm
lt_cv_prog_cc_can_build_shared=no
lt_cv_prog_cc_no_builtin=
lt_cv_prog_cc_pic=
lt_cv_prog_cc_shlib=
lt_cv_prog_cc_static=
lt_cv_prog_cc_static_works=yes
lt_cv_prog_cc_wl=
lt_cv_prog_gnu_ld=yes
lt_cv_sys_global_symbol_pipe=
lt_cv_sys_path_separator=:
nls_cv_header_intl=intl/libintl.h
nls_cv_header_libgt=intl/libgettext.h

## ------------ ##
## confdefs.h.  ##
## ------------ ##

#define PACKAGE "LPRng"
#define VERSION "3.8.10"
#define FORCE_LOCALHOST "1"
#define CLEAR "/usr/bin/clear"
#define ARCHITECTURE "arm"
#define OSNAME "linux-gnu"
#define OSVERSION 26356
#define HAVE_DLFCN_H 1
#define HAVE_DIRENT_H 1
#define HAVE_SYS_WAIT_H 1
#define TIME_WITH_SYS_TIME 1
#define RETSIGTYPE void
#define HAVE_SYS_TYPES_H 1
#define HAVE_SYS_STAT_H 1
#define HAVE_STDLIB_H 1
#define HAVE_STRING_H 1
#define HAVE_MEMORY_H 1
#define HAVE_STRINGS_H 1
#define HAVE_INTTYPES_H 1
#define HAVE_STDINT_H 1
#define HAVE_UNISTD_H 1
#define HAVE_LONG_LONG 1
#define HAVE_LONG_DOUBLE 1
#define HAVE_QUAD_T 1
#define HAVE_AR_H 1
#define HAVE_ARPA_INET_H 1
#define HAVE_ARPA_NAMESER_H 1
#define HAVE_ASSERT_H 1
#define HAVE_CTYPE_H 1
#define HAVE_DIRENT_H 1
#define HAVE_ERRNO_H 1
#define HAVE_FCNTL_H 1
#define HAVE_GRP_H 1
#define HAVE_LIMITS_H 1
#define HAVE_LOCALE_H 1
#define HAVE_MALLOC_H 1
#define HAVE_MEMORY_H 1
#define HAVE_NETDB_H 1
#define HAVE_NETINET_IN_H 1
#define HAVE_PWD_H 1
#define HAVE_RESOLV_H 1
#define HAVE_SETJMP_H 1
#define HAVE_SGTTY_H 1
#define HAVE_SIGNAL_H 1
#define HAVE_STAB_H 1
#define HAVE_STDARG_H 1
#define HAVE_STDIO_H 1
#define HAVE_STDLIB_H 1
#define HAVE_STRING_H 1
#define HAVE_STRINGS_H 1
#define HAVE_SYS_DIR_H 1
#define HAVE_SYS_FCNTL_H 1
#define HAVE_SYS_FILE_H 1
#define HAVE_SYS_IOCTL_H 1
#define HAVE_SYS_MOUNT_H 1
#define HAVE_SYS_PARAM_H 1
#define HAVE_SYS_RESOURCE_H 1
#define HAVE_SYS_SELECT_H 1
#define HAVE_SYS_SIGNAL_H 1
#define HAVE_SYS_SOCKET_H 1
#define HAVE_SYS_STAT_H 1
#define HAVE_SYS_STATFS_H 1
#define HAVE_SYS_STATVFS_H 1
#define HAVE_SYS_SYSLOG_H 1
#define HAVE_SYS_TIME_H 1
#define HAVE_SYS_TYPES_H 1
#define HAVE_SYS_UTSNAME_H 1
#define HAVE_SYS_VFS_H 1
#define HAVE_SYS_WAIT_H 1
#define HAVE_SYSLOG_H 1
#define HAVE_TERMIO_H 1
#define HAVE_TERMIOS_H 1
#define HAVE_TIME_H 1
#define HAVE_UNISTD_H 1
#define HAVE_CFSETISPEED 1
#define HAVE_FCNTL 1
#define HAVE_FLOCK 1
#define HAVE_GETHOSTBYNAME2 1
#define HAVE_GETDTABLESIZE 1
#define HAVE_GETHOSTNAME 1
#define HAVE_GETRLIMIT 1
#define HAVE_INET_ATON 1
#define HAVE_INET_NTOP 1
#define HAVE_INET_PTON 1
#define HAVE_INNETGR 1
#define HAVE_INITGROUPS 1
#define HAVE_KILLPG 1
#define HAVE_LOCKF 1
#define HAVE_MKSTEMP 1
#define HAVE_MKTEMP 1
#define HAVE_OPENLOG 1
#define HAVE_PUTENV 1
#define HAVE_RANDOM 1
#define HAVE_RAND 1
#define HAVE_SETENV 1
#define HAVE_SETEUID 1
#define HAVE_SETGROUPS 1
#define HAVE_SETLOCALE 1
#define HAVE_SETPGID 1
#define HAVE_SETRESUID 1
#define HAVE_SETREUID 1
#define HAVE_SETSID 1
#define HAVE_SIGACTION 1
#define HAVE_SIGPROCMASK 1
#define HAVE_SIGLONGJMP 1
#define HAVE_SOCKETPAIR 1
#define HAVE_STRCASECMP 1
#define HAVE_STRCHR 1
#define HAVE_STRDUP 1
#define HAVE_STRERROR 1
#define HAVE_STRNCASECMP 1
#define HAVE_SYSCONF 1
#define HAVE_SYSINFO 1
#define HAVE_TCDRAIN 1
#define HAVE_TCFLUSH 1
#define HAVE_TCSETATTR 1
#define HAVE_UNAME 1
#define HAVE_UNSETENV 1
#define HAVE_WAIT3 1
#define HAVE_WAITPID 1
#define HAVE_UNISTD_H 1
#define HAVE_FORK 1
#define HAVE_VFORK 1
#define HAVE_WORKING_VFORK 1
#define HAVE_WORKING_FORK 1
#define HAVE_VPRINTF 1
#define USE_TERMIOS 1
#define USE_STTY TERMIOS
#define HAVE_LONG_LONG 1
#define HAVE_LSEEK_PROTO 1
#define USE_STATFS_TYPE STATVFS
#define HAVE_SYS_NERR 1
#define HAVE_SYS_ERRLIST 1
#define HAVE_DECL_SYS_ERRLIST 1
#define HAVE_SYS_SIGLIST_DEF 1
#define HAVE__SYS_SIGLIST_DEF 1
#define HAVE_SYS_SIGLIST 1
#define HAVE__SYS_SIGLIST 1
#define HAVE_GETPGRP_0
#define HAVE_UNION_WAIT 1
#define HAVE_GETHOSTNAME_DEF 1
#define HAVE_INNETGR_DEF 1
#define HAVE_OPENLOG_DEF 1
#define HAVE_SYSLOG_DEF 1
#define IN6_ADDR 1
#define HAVE_STRCASECMP_DEF 1
#define HAVE_FLOCK_DEF 1
#define HAVE_ALLOCA_H 1
#define HAVE_ALLOCA 1
#define HAVE_STDLIB_H 1
#define HAVE_UNISTD_H 1
#define HAVE_GETPAGESIZE 1
#define HAVE_ARGZ_H 1
#define HAVE_LIMITS_H 1
#define HAVE_LOCALE_H 1
#define HAVE_NL_TYPES_H 1
#define HAVE_MALLOC_H 1
#define HAVE_STRING_H 1
#define HAVE_UNISTD_H 1
#define HAVE_SYS_PARAM_H 1
#define HAVE_GETCWD 1
#define HAVE_MUNMAP 1
#define HAVE_PUTENV 1
#define HAVE_SETENV 1
#define HAVE_SETLOCALE 1
#define HAVE_STRCHR 1
#define HAVE_STRCASECMP 1
#define HAVE_STRDUP 1
#define HAVE___ARGZ_COUNT 1
#define HAVE___ARGZ_STRINGIFY 1
#define HAVE___ARGZ_NEXT 1
#define HAVE_STPCPY 1
#define HAVE_STPCPY 1
#define HAVE_LC_MESSAGES 1


configure: exit 0
