This file contains any messages produced by compilers while
running configure, to aid debugging if configure makes a mistake.

It was created by configure, which was
generated by GNU Autoconf 2.61.  Invocation command line was

  $ ./configure --host=arm-linux CC=arm-mv5sft-linux-gnueabi-gcc host_alias=arm-linux --no-create --no-recursion

## --------- ##
## Platform. ##
## --------- ##

hostname = fedora-14
uname -m = i686
uname -r = 2.6.35.6-45.fc14.i686
uname -s = Linux
uname -v = #1 SMP Mon Oct 18 23:56:17 UTC 2010

/usr/bin/uname -p = unknown
/bin/uname -X     = unknown

/bin/arch              = i686
/usr/bin/arch -k       = unknown
/usr/convex/getsysinfo = unknown
/usr/bin/hostinfo      = unknown
/bin/machine           = unknown
/usr/bin/oslevel       = unknown
/bin/universe          = unknown

PATH: /opt_gccarm/arm-mv5sft-linux-gnueabi/bin
PATH: /usr/lib/qt-3.3/bin
PATH: /usr/lib/ccache
PATH: /usr/local/bin
PATH: /bin
PATH: /usr/bin
PATH: /usr/local/sbin
PATH: /usr/sbin
PATH: /sbin
PATH: /home/jack/bin


## ----------- ##
## Core tests. ##
## ----------- ##

configure:1728: checking build system type
configure:1746: result: i686-pc-linux-gnu
configure:1768: checking host system type
configure:1783: result: arm-unknown-linux-gnu
configure:1805: checking target system type
configure:1820: result: arm-unknown-linux-gnu
configure:1863: checking for a BSD-compatible install
configure:1919: result: /usr/bin/install -c
configure:1930: checking whether build environment is sane
configure:1973: result: yes
configure:2006: checking for gawk
configure:2022: found /bin/gawk
configure:2033: result: gawk
configure:2044: checking whether make sets $(MAKE)
configure:2065: result: yes
configure:2125: checking for arm-linux-strip
configure:2152: result: arm-mv5sft-linux-gnueabi-strip
configure:2249: checking for arm-linux-gcc
configure:2276: result: arm-mv5sft-linux-gnueabi-gcc
configure:2554: checking for C compiler version
configure:2561: arm-mv5sft-linux-gnueabi-gcc --version >&5
arm-mv5sft-linux-gnueabi-gcc (sdk3.2rc1-ct-ng-1.4.1) 4.3.2
Copyright (C) 2008 Free Software Foundation, Inc.
This is free software; see the source for copying conditions.  There is NO
warranty; not even for MERCHANTABILITY or FITNESS FOR A PARTICULAR PURPOSE.

configure:2564: $? = 0
configure:2571: arm-mv5sft-linux-gnueabi-gcc -v >&5
Using built-in specs.
Target: arm-mv5sft-linux-gnueabi
Configured with: /home/seugene/sdk/targets/src/gcc-4.3.2/configure --build=i486-build_pc-linux-gnu --host=i486-build_pc-linux-gnu --target=arm-mv5sft-linux-gnueabi --prefix=/home/seugene/sdk/targets/arm-mv5sft-linux-gnueabi/cross --with-sysroot=/home/seugene/sdk/targets/arm-mv5sft-linux-gnueabi/cross/arm-mv5sft-linux-gnueabi//sys-root --enable-languages=c,c++,fortran,java --disable-multilib --with-arch=armv5te --with-float=soft --with-gmp=/home/seugene/sdk/targets/arm-mv5sft-linux-gnueabi/cross --with-mpfr=/home/seugene/sdk/targets/arm-mv5sft-linux-gnueabi/cross --with-pkgversion=sdk3.2rc1-ct-ng-1.4.1 --disable-sjlj-exceptions --enable-__cxa_atexit --with-local-prefix=/home/seugene/sdk/targets/arm-mv5sft-linux-gnueabi/cross/arm-mv5sft-linux-gnueabi//sys-root --disable-nls --enable-threads=posix --enable-symvers=gnu --enable-c99 --enable-long-long --enable-target-optspace
Thread model: posix
gcc version 4.3.2 (sdk3.2rc1-ct-ng-1.4.1) 
configure:2574: $? = 0
configure:2581: arm-mv5sft-linux-gnueabi-gcc -V >&5
arm-mv5sft-linux-gnueabi-gcc: '-V' option must have argument
configure:2584: $? = 1
configure:2607: checking for C compiler default output file name
configure:2634: arm-mv5sft-linux-gnueabi-gcc    conftest.c  >&5
configure:2637: $? = 0
configure:2675: result: a.out
configure:2692: checking whether the C compiler works
configure:2702: ./a.out
./configure: line 2703: ./a.out: cannot execute binary file
configure:2705: $? = 126
configure:2722: result: yes
configure:2729: checking whether we are cross compiling
configure:2731: result: yes
configure:2734: checking for suffix of executables
configure:2741: arm-mv5sft-linux-gnueabi-gcc -o conftest    conftest.c  >&5
configure:2744: $? = 0
configure:2768: result: 
configure:2774: checking for suffix of object files
configure:2800: arm-mv5sft-linux-gnueabi-gcc -c   conftest.c >&5
configure:2803: $? = 0
configure:2826: result: o
configure:2830: checking whether we are using the GNU C compiler
configure:2859: arm-mv5sft-linux-gnueabi-gcc -c   conftest.c >&5
configure:2865: $? = 0
configure:2882: result: yes
configure:2887: checking whether arm-mv5sft-linux-gnueabi-gcc accepts -g
configure:2917: arm-mv5sft-linux-gnueabi-gcc -c -g  conftest.c >&5
configure:2923: $? = 0
configure:3022: result: yes
configure:3039: checking for arm-mv5sft-linux-gnueabi-gcc option to accept ISO C89
configure:3113: arm-mv5sft-linux-gnueabi-gcc  -c -g -O2  conftest.c >&5
configure:3119: $? = 0
configure:3142: result: none needed
configure:3179: checking for style of include used by make
configure:3207: result: GNU
configure:3235: checking dependency style of arm-mv5sft-linux-gnueabi-gcc
configure:3297: result: gcc3
configure:3319: Adding gcc options: -g -O2 -Wunused -Wall
configure:3473: creating ./config.status

## ---------------- ##
## Cache variables. ##
## ---------------- ##

ac_cv_build=i686-pc-linux-gnu
ac_cv_c_compiler_gnu=yes
ac_cv_env_CC_set=set
ac_cv_env_CC_value=arm-mv5sft-linux-gnueabi-gcc
ac_cv_env_CFLAGS_set=
ac_cv_env_CFLAGS_value=
ac_cv_env_CPPFLAGS_set=
ac_cv_env_CPPFLAGS_value=
ac_cv_env_LDFLAGS_set=
ac_cv_env_LDFLAGS_value=
ac_cv_env_LIBS_set=
ac_cv_env_LIBS_value=
ac_cv_env_build_alias_set=
ac_cv_env_build_alias_value=
ac_cv_env_host_alias_set=set
ac_cv_env_host_alias_value=arm-linux
ac_cv_env_target_alias_set=
ac_cv_env_target_alias_value=
ac_cv_host=arm-unknown-linux-gnu
ac_cv_objext=o
ac_cv_path_install='/usr/bin/install -c'
ac_cv_prog_AWK=gawk
ac_cv_prog_CC=arm-mv5sft-linux-gnueabi-gcc
ac_cv_prog_STRIP=arm-mv5sft-linux-gnueabi-strip
ac_cv_prog_cc_c89=
ac_cv_prog_cc_g=yes
ac_cv_prog_make_make_set=yes
ac_cv_target=arm-unknown-linux-gnu
am_cv_CC_dependencies_compiler_type=gcc3

## ----------------- ##
## Output variables. ##
## ----------------- ##

ACLOCAL='${SHELL} /home/jack/DNS-325/GPL_320_325/module-init-tools-3.3-pre1/missing --run aclocal-1.6'
AMDEPBACKSLASH='\'
AMDEP_FALSE='#'
AMDEP_TRUE=''
AMTAR='${SHELL} /home/jack/DNS-325/GPL_320_325/module-init-tools-3.3-pre1/missing --run tar'
AUTOCONF='${SHELL} /home/jack/DNS-325/GPL_320_325/module-init-tools-3.3-pre1/missing --run autoconf'
AUTOHEADER='${SHELL} /home/jack/DNS-325/GPL_320_325/module-init-tools-3.3-pre1/missing --run autoheader'
AUTOMAKE='${SHELL} /home/jack/DNS-325/GPL_320_325/module-init-tools-3.3-pre1/missing --run automake-1.6'
AWK='gawk'
CC='arm-mv5sft-linux-gnueabi-gcc'
CCDEPMODE='depmode=gcc3'
CFLAGS='-g -O2 -Wunused -Wall'
CPPFLAGS=''
DEFS='-DPACKAGE_NAME=\"\" -DPACKAGE_TARNAME=\"\" -DPACKAGE_VERSION=\"\" -DPACKAGE_STRING=\"\" -DPACKAGE_BUGREPORT=\"\" -DPACKAGE=\"module-init-tools\" -DVERSION=\"3.3-pre1\"'
DEPDIR='.deps'
ECHO_C=''
ECHO_N='-n'
ECHO_T=''
EXEEXT=''
INSTALL_DATA='${INSTALL} -m 644'
INSTALL_PROGRAM='${INSTALL}'
INSTALL_SCRIPT='${INSTALL}'
INSTALL_STRIP_PROGRAM='${SHELL} $(install_sh) -c -s'
LDADD=' '
LDFLAGS=''
LIBOBJS=''
LIBS=''
LTLIBOBJS=''
MAKEINFO='${SHELL} /home/jack/DNS-325/GPL_320_325/module-init-tools-3.3-pre1/missing --run makeinfo'
MODULE_DIR=''
OBJEXT='o'
PACKAGE='module-init-tools'
PACKAGE_BUGREPORT=''
PACKAGE_NAME=''
PACKAGE_STRING=''
PACKAGE_TARNAME=''
PACKAGE_VERSION=''
PATH_SEPARATOR=':'
SET_MAKE=''
SHELL='/bin/sh'
STRIP='arm-mv5sft-linux-gnueabi-strip'
VERSION='3.3-pre1'
ac_ct_CC=''
am__include='include'
am__quote=''
bindir='${exec_prefix}/bin'
build='i686-pc-linux-gnu'
build_alias=''
build_cpu='i686'
build_os='linux-gnu'
build_vendor='pc'
datadir='${datarootdir}'
datarootdir='${prefix}/share'
docdir='${datarootdir}/doc/${PACKAGE}'
dvidir='${docdir}'
exec_prefix='${prefix}'
host='arm-unknown-linux-gnu'
host_alias='arm-linux'
host_cpu='arm'
host_os='linux-gnu'
host_vendor='unknown'
htmldir='${docdir}'
includedir='${prefix}/include'
infodir='${datarootdir}/info'
install_sh='/home/jack/DNS-325/GPL_320_325/module-init-tools-3.3-pre1/install-sh'
libdir='${exec_prefix}/lib'
libexecdir='${exec_prefix}/libexec'
localedir='${datarootdir}/locale'
localstatedir='${prefix}/var'
mandir='${datarootdir}/man'
oldincludedir='/usr/include'
pdfdir='${docdir}'
prefix='/usr/local'
program_transform_name='s,x,x,'
psdir='${docdir}'
sbindir='${exec_prefix}/sbin'
sharedstatedir='${prefix}/com'
sysconfdir='${prefix}/etc'
target='arm-unknown-linux-gnu'
target_alias=''
target_cpu='arm'
target_os='linux-gnu'
target_vendor='unknown'

## ----------- ##
## confdefs.h. ##
## ----------- ##

#define PACKAGE_NAME ""
#define PACKAGE_TARNAME ""
#define PACKAGE_VERSION ""
#define PACKAGE_STRING ""
#define PACKAGE_BUGREPORT ""
#define PACKAGE "module-init-tools"
#define VERSION "3.3-pre1"

configure: exit 0

## ---------------------- ##
## Running config.status. ##
## ---------------------- ##

This file was extended by config.status, which was
generated by GNU Autoconf 2.61.  Invocation command line was

  CONFIG_FILES    = 
  CONFIG_HEADERS  = 
  CONFIG_LINKS    = 
  CONFIG_COMMANDS = 
  $ ./config.status Makefile depfiles

on fedora-14

config.status:620: creating Makefile
config.status:755: WARNING:  Makefile.in seems to ignore the --datarootdir setting
config.status:805: executing depfiles commands
