This file contains any messages produced by compilers while
running configure, to aid debugging if configure makes a mistake.

It was created by libtorrent-rasterbar configure 0.15.4, which was
generated by GNU Autoconf 2.65.  Invocation command line was

  $ ./configure --host=arm-mv5sft-linux-gnueabi --prefix=/home/patrick/nas/DNS-345_GPL/libtorrent-rasterbar-0.15.4/../xinst --enable-shared --without-logging --with-dht=on --with-encryption=on --with-zlib=system --with-boost=/home/patrick/nas/DNS-345_GPL/libtorrent-rasterbar-0.15.4/../xinst --with-asio=shipped --with-openssl=/home/patrick/nas/DNS-345_GPL/libtorrent-rasterbar-0.15.4/../openssl-0.9.7 LDFLAGS=-lpthread -L/home/patrick/nas/DNS-345_GPL/libtorrent-rasterbar-0.15.4/../xinst/lib CPPFLAGS=-I/home/patrick/nas/DNS-345_GPL/libtorrent-rasterbar-0.15.4/../xinst/include CFLAGS=-lpthread CXXFLAGS=-pthread

## --------- ##
## Platform. ##
## --------- ##

hostname = swtest4
uname -m = i686
uname -r = 2.6.35.6-45.fc14.i686
uname -s = Linux
uname -v = #1 SMP Mon Oct 18 23:56:17 UTC 2010

/usr/bin/uname -p = unknown
/bin/uname -X     = unknown

/bin/arch              = i686
/usr/bin/arch -k       = unknown
/usr/convex/getsysinfo = unknown
/usr/bin/hostinfo      = unknown
/bin/machine           = unknown
/usr/bin/oslevel       = unknown
/bin/universe          = unknown

PATH: /opt_gccarm/arm-mv5sft-linux-gnueabi/bin
PATH: /usr/local/bin
PATH: /bin
PATH: /usr/bin
PATH: /usr/local/sbin
PATH: /usr/sbin
PATH: /sbin
PATH: /home/patrick/bin
PATH: /home/patrick/nas/DNS-345_GPL/libtorrent-rasterbar-0.15.4/../boost-jam-3.1.18/bin.linuxx86/


## ----------- ##
## Core tests. ##
## ----------- ##

configure:2661: checking for arm-mv5sft-linux-gnueabi-gcc
configure:2688: result: arm-mv5sft-linux-gnueabi-gcc
configure:2957: checking for C compiler version
configure:2966: arm-mv5sft-linux-gnueabi-gcc --version >&5
arm-mv5sft-linux-gnueabi-gcc (sdk3.3-ct-ng-1.4.1) 4.3.2
Copyright (C) 2008 Free Software Foundation, Inc.
This is free software; see the source for copying conditions.  There is NO
warranty; not even for MERCHANTABILITY or FITNESS FOR A PARTICULAR PURPOSE.

configure:2977: $? = 0
configure:2966: arm-mv5sft-linux-gnueabi-gcc -v >&5
Using built-in specs.
Target: arm-mv5sft-linux-gnueabi
Configured with: /home/seugene/sdk/targets/src/gcc-4.3.2/configure --build=i486-build_pc-linux-gnu --host=i486-build_pc-linux-gnu --target=arm-mv5sft-linux-gnueabi --prefix=/home/seugene/sdk/targets/arm-mv5sft-linux-gnueabi/cross --with-sysroot=/home/seugene/sdk/targets/arm-mv5sft-linux-gnueabi/cross/arm-mv5sft-linux-gnueabi//sys-root --enable-languages=c,c++,fortran,java --disable-multilib --with-arch=armv5te --with-float=soft --with-gmp=/home/seugene/sdk/targets/arm-mv5sft-linux-gnueabi/cross --with-mpfr=/home/seugene/sdk/targets/arm-mv5sft-linux-gnueabi/cross --with-pkgversion=sdk3.3-ct-ng-1.4.1 --disable-sjlj-exceptions --enable-__cxa_atexit --with-local-prefix=/home/seugene/sdk/targets/arm-mv5sft-linux-gnueabi/cross/arm-mv5sft-linux-gnueabi//sys-root --disable-nls --enable-threads=posix --enable-symvers=gnu --enable-c99 --enable-long-long --enable-target-optspace
Thread model: posix
gcc version 4.3.2 (sdk3.3-ct-ng-1.4.1) 
configure:2977: $? = 0
configure:2966: arm-mv5sft-linux-gnueabi-gcc -V >&5
arm-mv5sft-linux-gnueabi-gcc: '-V' option must have argument
configure:2977: $? = 1
configure:2966: arm-mv5sft-linux-gnueabi-gcc -qversion >&5
arm-mv5sft-linux-gnueabi-gcc: unrecognized option '-qversion'
arm-mv5sft-linux-gnueabi-gcc: no input files
configure:2977: $? = 1
configure:2997: checking whether the C compiler works
configure:3019: arm-mv5sft-linux-gnueabi-gcc -lpthread -I/home/patrick/nas/DNS-345_GPL/libtorrent-rasterbar-0.15.4/../xinst/include -lpthread -L/home/patrick/nas/DNS-345_GPL/libtorrent-rasterbar-0.15.4/../xinst/lib conftest.c  >&5
configure:3023: $? = 0
configure:3072: result: yes
configure:3075: checking for C compiler default output file name
configure:3077: result: a.out
configure:3083: checking for suffix of executables
configure:3090: arm-mv5sft-linux-gnueabi-gcc -o conftest -lpthread -I/home/patrick/nas/DNS-345_GPL/libtorrent-rasterbar-0.15.4/../xinst/include -lpthread -L/home/patrick/nas/DNS-345_GPL/libtorrent-rasterbar-0.15.4/../xinst/lib conftest.c  >&5
configure:3094: $? = 0
configure:3116: result: 
configure:3138: checking whether we are cross compiling
configure:3146: arm-mv5sft-linux-gnueabi-gcc -o conftest -lpthread -I/home/patrick/nas/DNS-345_GPL/libtorrent-rasterbar-0.15.4/../xinst/include -lpthread -L/home/patrick/nas/DNS-345_GPL/libtorrent-rasterbar-0.15.4/../xinst/lib conftest.c  >&5
configure:3150: $? = 0
configure:3157: ./conftest
./configure: line 3159: ./conftest: cannot execute binary file
configure:3161: $? = 126
configure:3176: result: yes
configure:3181: checking for suffix of object files
configure:3203: arm-mv5sft-linux-gnueabi-gcc -c -lpthread -I/home/patrick/nas/DNS-345_GPL/libtorrent-rasterbar-0.15.4/../xinst/include conftest.c >&5
configure:3207: $? = 0
configure:3228: result: o
configure:3232: checking whether we are using the GNU C compiler
configure:3251: arm-mv5sft-linux-gnueabi-gcc -c -lpthread -I/home/patrick/nas/DNS-345_GPL/libtorrent-rasterbar-0.15.4/../xinst/include conftest.c >&5
configure:3251: $? = 0
configure:3260: result: yes
configure:3269: checking whether arm-mv5sft-linux-gnueabi-gcc accepts -g
configure:3289: arm-mv5sft-linux-gnueabi-gcc -c -g -I/home/patrick/nas/DNS-345_GPL/libtorrent-rasterbar-0.15.4/../xinst/include conftest.c >&5
configure:3289: $? = 0
configure:3330: result: yes
configure:3347: checking for arm-mv5sft-linux-gnueabi-gcc option to accept ISO C89
configure:3411: arm-mv5sft-linux-gnueabi-gcc  -c -lpthread -I/home/patrick/nas/DNS-345_GPL/libtorrent-rasterbar-0.15.4/../xinst/include conftest.c >&5
configure:3411: $? = 0
configure:3424: result: none needed
configure:3449: checking how to run the C preprocessor
configure:3480: arm-mv5sft-linux-gnueabi-gcc -E -I/home/patrick/nas/DNS-345_GPL/libtorrent-rasterbar-0.15.4/../xinst/include conftest.c
configure:3480: $? = 0
configure:3494: arm-mv5sft-linux-gnueabi-gcc -E -I/home/patrick/nas/DNS-345_GPL/libtorrent-rasterbar-0.15.4/../xinst/include conftest.c
conftest.c:9:28: error: ac_nonexistent.h: No such file or directory
configure:3494: $? = 1
configure: failed program was:
| /* confdefs.h */
| #define PACKAGE_NAME "libtorrent-rasterbar"
| #define PACKAGE_TARNAME "libtorrent-rasterbar"
| #define PACKAGE_VERSION "0.15.4"
| #define PACKAGE_STRING "libtorrent-rasterbar 0.15.4"
| #define PACKAGE_BUGREPORT "arvid@cs.umu.se"
| #define PACKAGE_URL "http://www.libtorrent.org"
| /* end confdefs.h.  */
| #include <ac_nonexistent.h>
configure:3519: result: arm-mv5sft-linux-gnueabi-gcc -E
configure:3539: arm-mv5sft-linux-gnueabi-gcc -E -I/home/patrick/nas/DNS-345_GPL/libtorrent-rasterbar-0.15.4/../xinst/include conftest.c
configure:3539: $? = 0
configure:3553: arm-mv5sft-linux-gnueabi-gcc -E -I/home/patrick/nas/DNS-345_GPL/libtorrent-rasterbar-0.15.4/../xinst/include conftest.c
conftest.c:9:28: error: ac_nonexistent.h: No such file or directory
configure:3553: $? = 1
configure: failed program was:
| /* confdefs.h */
| #define PACKAGE_NAME "libtorrent-rasterbar"
| #define PACKAGE_TARNAME "libtorrent-rasterbar"
| #define PACKAGE_VERSION "0.15.4"
| #define PACKAGE_STRING "libtorrent-rasterbar 0.15.4"
| #define PACKAGE_BUGREPORT "arvid@cs.umu.se"
| #define PACKAGE_URL "http://www.libtorrent.org"
| /* end confdefs.h.  */
| #include <ac_nonexistent.h>
configure:3582: checking whether arm-mv5sft-linux-gnueabi-gcc and cc understand -c and -o together
configure:3613: arm-mv5sft-linux-gnueabi-gcc -c conftest.c -o conftest2.o >&5
configure:3617: $? = 0
configure:3623: arm-mv5sft-linux-gnueabi-gcc -c conftest.c -o conftest2.o >&5
configure:3627: $? = 0
configure:3638: cc -c conftest.c >&5
configure:3642: $? = 0
configure:3650: cc -c conftest.c -o conftest2.o >&5
configure:3654: $? = 0
configure:3660: cc -c conftest.c -o conftest2.o >&5
configure:3664: $? = 0
configure:3682: result: yes
configure:3804: checking for C++ compiler version
configure:3813: arm-mv5sft-linux-gnueabi-g++ --version >&5
arm-mv5sft-linux-gnueabi-g++ (sdk3.3-ct-ng-1.4.1) 4.3.2
Copyright (C) 2008 Free Software Foundation, Inc.
This is free software; see the source for copying conditions.  There is NO
warranty; not even for MERCHANTABILITY or FITNESS FOR A PARTICULAR PURPOSE.

configure:3824: $? = 0
configure:3813: arm-mv5sft-linux-gnueabi-g++ -v >&5
Using built-in specs.
Target: arm-mv5sft-linux-gnueabi
Configured with: /home/seugene/sdk/targets/src/gcc-4.3.2/configure --build=i486-build_pc-linux-gnu --host=i486-build_pc-linux-gnu --target=arm-mv5sft-linux-gnueabi --prefix=/home/seugene/sdk/targets/arm-mv5sft-linux-gnueabi/cross --with-sysroot=/home/seugene/sdk/targets/arm-mv5sft-linux-gnueabi/cross/arm-mv5sft-linux-gnueabi//sys-root --enable-languages=c,c++,fortran,java --disable-multilib --with-arch=armv5te --with-float=soft --with-gmp=/home/seugene/sdk/targets/arm-mv5sft-linux-gnueabi/cross --with-mpfr=/home/seugene/sdk/targets/arm-mv5sft-linux-gnueabi/cross --with-pkgversion=sdk3.3-ct-ng-1.4.1 --disable-sjlj-exceptions --enable-__cxa_atexit --with-local-prefix=/home/seugene/sdk/targets/arm-mv5sft-linux-gnueabi/cross/arm-mv5sft-linux-gnueabi//sys-root --disable-nls --enable-threads=posix --enable-symvers=gnu --enable-c99 --enable-long-long --enable-target-optspace
Thread model: posix
gcc version 4.3.2 (sdk3.3-ct-ng-1.4.1) 
configure:3824: $? = 0
configure:3813: arm-mv5sft-linux-gnueabi-g++ -V >&5
arm-mv5sft-linux-gnueabi-g++: '-V' option must have argument
configure:3824: $? = 1
configure:3813: arm-mv5sft-linux-gnueabi-g++ -qversion >&5
arm-mv5sft-linux-gnueabi-g++: unrecognized option '-qversion'
arm-mv5sft-linux-gnueabi-g++: no input files
configure:3824: $? = 1
configure:3828: checking whether we are using the GNU C++ compiler
configure:3847: arm-mv5sft-linux-gnueabi-g++ -c -pthread -I/home/patrick/nas/DNS-345_GPL/libtorrent-rasterbar-0.15.4/../xinst/include conftest.cpp >&5
configure:3847: $? = 0
configure:3856: result: yes
configure:3865: checking whether arm-mv5sft-linux-gnueabi-g++ accepts -g
configure:3885: arm-mv5sft-linux-gnueabi-g++ -c -g -I/home/patrick/nas/DNS-345_GPL/libtorrent-rasterbar-0.15.4/../xinst/include conftest.cpp >&5
configure:3885: $? = 0
configure:3926: result: yes
configure:3954: checking how to run the C++ preprocessor
configure:3981: arm-mv5sft-linux-gnueabi-g++ -E -I/home/patrick/nas/DNS-345_GPL/libtorrent-rasterbar-0.15.4/../xinst/include conftest.cpp
configure:3981: $? = 0
configure:3995: arm-mv5sft-linux-gnueabi-g++ -E -I/home/patrick/nas/DNS-345_GPL/libtorrent-rasterbar-0.15.4/../xinst/include conftest.cpp
conftest.cpp:9:28: error: ac_nonexistent.h: No such file or directory
configure:3995: $? = 1
configure: failed program was:
| /* confdefs.h */
| #define PACKAGE_NAME "libtorrent-rasterbar"
| #define PACKAGE_TARNAME "libtorrent-rasterbar"
| #define PACKAGE_VERSION "0.15.4"
| #define PACKAGE_STRING "libtorrent-rasterbar 0.15.4"
| #define PACKAGE_BUGREPORT "arvid@cs.umu.se"
| #define PACKAGE_URL "http://www.libtorrent.org"
| /* end confdefs.h.  */
| #include <ac_nonexistent.h>
configure:4020: result: arm-mv5sft-linux-gnueabi-g++ -E
configure:4040: arm-mv5sft-linux-gnueabi-g++ -E -I/home/patrick/nas/DNS-345_GPL/libtorrent-rasterbar-0.15.4/../xinst/include conftest.cpp
configure:4040: $? = 0
configure:4054: arm-mv5sft-linux-gnueabi-g++ -E -I/home/patrick/nas/DNS-345_GPL/libtorrent-rasterbar-0.15.4/../xinst/include conftest.cpp
conftest.cpp:9:28: error: ac_nonexistent.h: No such file or directory
configure:4054: $? = 1
configure: failed program was:
| /* confdefs.h */
| #define PACKAGE_NAME "libtorrent-rasterbar"
| #define PACKAGE_TARNAME "libtorrent-rasterbar"
| #define PACKAGE_VERSION "0.15.4"
| #define PACKAGE_STRING "libtorrent-rasterbar 0.15.4"
| #define PACKAGE_BUGREPORT "arvid@cs.umu.se"
| #define PACKAGE_URL "http://www.libtorrent.org"
| /* end confdefs.h.  */
| #include <ac_nonexistent.h>
configure:4087: checking whether arm-mv5sft-linux-gnueabi-g++ understands -c and -o together
configure:4111: arm-mv5sft-linux-gnueabi-g++ -pthread -c conftest.cpp -o conftest2.o >&5
configure:4115: $? = 0
configure:4122: arm-mv5sft-linux-gnueabi-g++ -pthread -c conftest.cpp -o conftest2.o >&5
configure:4126: $? = 0
configure:4134: result: yes
configure:4154: checking build system type
configure:4168: result: i686-pc-linux-gnu
configure:4188: checking host system type
configure:4201: result: arm-mv5sft-linux-gnueabi
configure:4221: checking target system type
configure:4234: result: arm-mv5sft-linux-gnueabi
configure:4279: checking for a BSD-compatible install
configure:4347: result: /usr/bin/install -c
configure:4358: checking whether build environment is sane
configure:4408: result: yes
configure:4457: checking for arm-mv5sft-linux-gnueabi-strip
configure:4484: result: arm-mv5sft-linux-gnueabi-strip
configure:4549: checking for a thread-safe mkdir -p
configure:4588: result: /bin/mkdir -p
configure:4601: checking for gawk
configure:4617: found /bin/gawk
configure:4628: result: gawk
configure:4639: checking whether make sets $(MAKE)
configure:4661: result: yes
configure:4691: checking for style of include used by make
configure:4719: result: GNU
configure:4804: checking dependency style of arm-mv5sft-linux-gnueabi-gcc
configure:4914: result: gcc3
configure:4931: checking dependency style of arm-mv5sft-linux-gnueabi-g++
configure:5041: result: gcc3
configure:5087: checking for a sed that does not truncate output
configure:5151: result: /bin/sed
configure:5169: checking for grep that handles long lines and -e
configure:5227: result: /bin/grep
configure:5232: checking for egrep
configure:5294: result: /bin/grep -E
configure:5299: checking for fgrep
configure:5361: result: /bin/grep -F
configure:5396: checking for ld used by arm-mv5sft-linux-gnueabi-gcc
configure:5463: result: arm-mv5sft-linux-gnueabi-ld
configure:5470: checking if the linker (arm-mv5sft-linux-gnueabi-ld) is GNU ld
configure:5485: result: yes
configure:5497: checking for BSD- or MS-compatible name lister (nm)
configure:5546: result: /opt_gccarm/arm-mv5sft-linux-gnueabi/bin/arm-mv5sft-linux-gnueabi-nm -B
configure:5664: checking the name lister (/opt_gccarm/arm-mv5sft-linux-gnueabi/bin/arm-mv5sft-linux-gnueabi-nm -B) interface
configure:5671: arm-mv5sft-linux-gnueabi-gcc -c -lpthread -I/home/patrick/nas/DNS-345_GPL/libtorrent-rasterbar-0.15.4/../xinst/include conftest.c >&5
configure:5674: /opt_gccarm/arm-mv5sft-linux-gnueabi/bin/arm-mv5sft-linux-gnueabi-nm -B "conftest.o"
configure:5677: output
00000000 B some_variable
configure:5684: result: BSD nm
configure:5687: checking whether ln -s works
configure:5691: result: yes
configure:5699: checking the maximum length of command line arguments
configure:5819: result: 1572864
configure:5836: checking whether the shell understands some XSI constructs
configure:5846: result: yes
configure:5850: checking whether the shell understands "+="
configure:5856: result: yes
configure:5891: checking for arm-mv5sft-linux-gnueabi-ld option to reload object files
configure:5898: result: -r
configure:5927: checking for arm-mv5sft-linux-gnueabi-objdump
configure:5943: found /opt_gccarm/arm-mv5sft-linux-gnueabi/bin/arm-mv5sft-linux-gnueabi-objdump
configure:5954: result: arm-mv5sft-linux-gnueabi-objdump
configure:6026: checking how to recognize dependent libraries
configure:6222: result: pass_all
configure:6242: checking for arm-mv5sft-linux-gnueabi-ar
configure:6258: found /opt_gccarm/arm-mv5sft-linux-gnueabi/bin/arm-mv5sft-linux-gnueabi-ar
configure:6269: result: arm-mv5sft-linux-gnueabi-ar
configure:6347: checking for arm-mv5sft-linux-gnueabi-strip
configure:6374: result: arm-mv5sft-linux-gnueabi-strip
configure:6446: checking for arm-mv5sft-linux-gnueabi-ranlib
configure:6473: result: arm-mv5sft-linux-gnueabi-ranlib
configure:6603: checking command to parse /opt_gccarm/arm-mv5sft-linux-gnueabi/bin/arm-mv5sft-linux-gnueabi-nm -B output from arm-mv5sft-linux-gnueabi-gcc object
configure:6721: arm-mv5sft-linux-gnueabi-gcc -c -lpthread -I/home/patrick/nas/DNS-345_GPL/libtorrent-rasterbar-0.15.4/../xinst/include conftest.c >&5
configure:6724: $? = 0
configure:6728: /opt_gccarm/arm-mv5sft-linux-gnueabi/bin/arm-mv5sft-linux-gnueabi-nm -B conftest.o \| sed -n -e 's/^.*[	 ]\([ABCDGIRSTW][ABCDGIRSTW]*\)[	 ][	 ]*\([_A-Za-z][_A-Za-z0-9]*\)$/\1 \2 \2/p' \> conftest.nm
configure:6731: $? = 0
configure:6785: arm-mv5sft-linux-gnueabi-gcc -o conftest -lpthread -I/home/patrick/nas/DNS-345_GPL/libtorrent-rasterbar-0.15.4/../xinst/include -lpthread -L/home/patrick/nas/DNS-345_GPL/libtorrent-rasterbar-0.15.4/../xinst/lib conftest.c conftstm.o >&5
configure:6788: $? = 0
configure:6826: result: ok
configure:7631: checking for ANSI C header files
configure:7651: arm-mv5sft-linux-gnueabi-gcc -c -lpthread -I/home/patrick/nas/DNS-345_GPL/libtorrent-rasterbar-0.15.4/../xinst/include conftest.c >&5
configure:7651: $? = 0
configure:7735: result: yes
configure:7748: checking for sys/types.h
configure:7748: arm-mv5sft-linux-gnueabi-gcc -c -lpthread -I/home/patrick/nas/DNS-345_GPL/libtorrent-rasterbar-0.15.4/../xinst/include conftest.c >&5
configure:7748: $? = 0
configure:7748: result: yes
configure:7748: checking for sys/stat.h
configure:7748: arm-mv5sft-linux-gnueabi-gcc -c -lpthread -I/home/patrick/nas/DNS-345_GPL/libtorrent-rasterbar-0.15.4/../xinst/include conftest.c >&5
configure:7748: $? = 0
configure:7748: result: yes
configure:7748: checking for stdlib.h
configure:7748: arm-mv5sft-linux-gnueabi-gcc -c -lpthread -I/home/patrick/nas/DNS-345_GPL/libtorrent-rasterbar-0.15.4/../xinst/include conftest.c >&5
configure:7748: $? = 0
configure:7748: result: yes
configure:7748: checking for string.h
configure:7748: arm-mv5sft-linux-gnueabi-gcc -c -lpthread -I/home/patrick/nas/DNS-345_GPL/libtorrent-rasterbar-0.15.4/../xinst/include conftest.c >&5
configure:7748: $? = 0
configure:7748: result: yes
configure:7748: checking for memory.h
configure:7748: arm-mv5sft-linux-gnueabi-gcc -c -lpthread -I/home/patrick/nas/DNS-345_GPL/libtorrent-rasterbar-0.15.4/../xinst/include conftest.c >&5
configure:7748: $? = 0
configure:7748: result: yes
configure:7748: checking for strings.h
configure:7748: arm-mv5sft-linux-gnueabi-gcc -c -lpthread -I/home/patrick/nas/DNS-345_GPL/libtorrent-rasterbar-0.15.4/../xinst/include conftest.c >&5
configure:7748: $? = 0
configure:7748: result: yes
configure:7748: checking for inttypes.h
configure:7748: arm-mv5sft-linux-gnueabi-gcc -c -lpthread -I/home/patrick/nas/DNS-345_GPL/libtorrent-rasterbar-0.15.4/../xinst/include conftest.c >&5
configure:7748: $? = 0
configure:7748: result: yes
configure:7748: checking for stdint.h
configure:7748: arm-mv5sft-linux-gnueabi-gcc -c -lpthread -I/home/patrick/nas/DNS-345_GPL/libtorrent-rasterbar-0.15.4/../xinst/include conftest.c >&5
configure:7748: $? = 0
configure:7748: result: yes
configure:7748: checking for unistd.h
configure:7748: arm-mv5sft-linux-gnueabi-gcc -c -lpthread -I/home/patrick/nas/DNS-345_GPL/libtorrent-rasterbar-0.15.4/../xinst/include conftest.c >&5
configure:7748: $? = 0
configure:7748: result: yes
configure:7763: checking for dlfcn.h
configure:7763: arm-mv5sft-linux-gnueabi-gcc -c -lpthread -I/home/patrick/nas/DNS-345_GPL/libtorrent-rasterbar-0.15.4/../xinst/include conftest.c >&5
configure:7763: $? = 0
configure:7763: result: yes
configure:7888: checking for C++ compiler version
configure:7897: arm-mv5sft-linux-gnueabi-g++ --version >&5
arm-mv5sft-linux-gnueabi-g++ (sdk3.3-ct-ng-1.4.1) 4.3.2
Copyright (C) 2008 Free Software Foundation, Inc.
This is free software; see the source for copying conditions.  There is NO
warranty; not even for MERCHANTABILITY or FITNESS FOR A PARTICULAR PURPOSE.

configure:7908: $? = 0
configure:7897: arm-mv5sft-linux-gnueabi-g++ -v >&5
Using built-in specs.
Target: arm-mv5sft-linux-gnueabi
Configured with: /home/seugene/sdk/targets/src/gcc-4.3.2/configure --build=i486-build_pc-linux-gnu --host=i486-build_pc-linux-gnu --target=arm-mv5sft-linux-gnueabi --prefix=/home/seugene/sdk/targets/arm-mv5sft-linux-gnueabi/cross --with-sysroot=/home/seugene/sdk/targets/arm-mv5sft-linux-gnueabi/cross/arm-mv5sft-linux-gnueabi//sys-root --enable-languages=c,c++,fortran,java --disable-multilib --with-arch=armv5te --with-float=soft --with-gmp=/home/seugene/sdk/targets/arm-mv5sft-linux-gnueabi/cross --with-mpfr=/home/seugene/sdk/targets/arm-mv5sft-linux-gnueabi/cross --with-pkgversion=sdk3.3-ct-ng-1.4.1 --disable-sjlj-exceptions --enable-__cxa_atexit --with-local-prefix=/home/seugene/sdk/targets/arm-mv5sft-linux-gnueabi/cross/arm-mv5sft-linux-gnueabi//sys-root --disable-nls --enable-threads=posix --enable-symvers=gnu --enable-c99 --enable-long-long --enable-target-optspace
Thread model: posix
gcc version 4.3.2 (sdk3.3-ct-ng-1.4.1) 
configure:7908: $? = 0
configure:7897: arm-mv5sft-linux-gnueabi-g++ -V >&5
arm-mv5sft-linux-gnueabi-g++: '-V' option must have argument
configure:7908: $? = 1
configure:7897: arm-mv5sft-linux-gnueabi-g++ -qversion >&5
arm-mv5sft-linux-gnueabi-g++: unrecognized option '-qversion'
arm-mv5sft-linux-gnueabi-g++: no input files
configure:7908: $? = 1
configure:7912: checking whether we are using the GNU C++ compiler
configure:7940: result: yes
configure:7949: checking whether arm-mv5sft-linux-gnueabi-g++ accepts -g
configure:8010: result: yes
configure:8041: checking how to run the C++ preprocessor
configure:8107: result: arm-mv5sft-linux-gnueabi-g++ -E
configure:8127: arm-mv5sft-linux-gnueabi-g++ -E -I/home/patrick/nas/DNS-345_GPL/libtorrent-rasterbar-0.15.4/../xinst/include conftest.cpp
configure:8127: $? = 0
configure:8141: arm-mv5sft-linux-gnueabi-g++ -E -I/home/patrick/nas/DNS-345_GPL/libtorrent-rasterbar-0.15.4/../xinst/include conftest.cpp
conftest.cpp:22:28: error: ac_nonexistent.h: No such file or directory
configure:8141: $? = 1
configure: failed program was:
| /* confdefs.h */
| #define PACKAGE_NAME "libtorrent-rasterbar"
| #define PACKAGE_TARNAME "libtorrent-rasterbar"
| #define PACKAGE_VERSION "0.15.4"
| #define PACKAGE_STRING "libtorrent-rasterbar 0.15.4"
| #define PACKAGE_BUGREPORT "arvid@cs.umu.se"
| #define PACKAGE_URL "http://www.libtorrent.org"
| #define PACKAGE "libtorrent-rasterbar"
| #define VERSION "0.15.4"
| #define STDC_HEADERS 1
| #define HAVE_SYS_TYPES_H 1
| #define HAVE_SYS_STAT_H 1
| #define HAVE_STDLIB_H 1
| #define HAVE_STRING_H 1
| #define HAVE_MEMORY_H 1
| #define HAVE_STRINGS_H 1
| #define HAVE_INTTYPES_H 1
| #define HAVE_STDINT_H 1
| #define HAVE_UNISTD_H 1
| #define HAVE_DLFCN_H 1
| /* end confdefs.h.  */
| #include <ac_nonexistent.h>
configure:8347: checking for objdir
configure:8362: result: .libs
configure:8658: checking if arm-mv5sft-linux-gnueabi-gcc supports -fno-rtti -fno-exceptions
configure:8676: arm-mv5sft-linux-gnueabi-gcc -c -lpthread -I/home/patrick/nas/DNS-345_GPL/libtorrent-rasterbar-0.15.4/../xinst/include -fno-rtti -fno-exceptions conftest.c >&5
cc1: warning: command line option "-fno-rtti" is valid for C++/ObjC++ but not for C
configure:8680: $? = 0
configure:8693: result: no
configure:8713: checking for arm-mv5sft-linux-gnueabi-gcc option to produce PIC
configure:8985: result: -fPIC -DPIC
configure:8997: checking if arm-mv5sft-linux-gnueabi-gcc PIC flag -fPIC -DPIC works
configure:9015: arm-mv5sft-linux-gnueabi-gcc -c -lpthread -I/home/patrick/nas/DNS-345_GPL/libtorrent-rasterbar-0.15.4/../xinst/include -fPIC -DPIC -DPIC conftest.c >&5
configure:9019: $? = 0
configure:9032: result: yes
configure:9056: checking if arm-mv5sft-linux-gnueabi-gcc static flag -static works
configure:9084: result: yes
configure:9099: checking if arm-mv5sft-linux-gnueabi-gcc supports -c -o file.o
configure:9120: arm-mv5sft-linux-gnueabi-gcc -c -lpthread -I/home/patrick/nas/DNS-345_GPL/libtorrent-rasterbar-0.15.4/../xinst/include -o out/conftest2.o conftest.c >&5
configure:9124: $? = 0
configure:9146: result: yes
configure:9154: checking if arm-mv5sft-linux-gnueabi-gcc supports -c -o file.o
configure:9201: result: yes
configure:9234: checking whether the arm-mv5sft-linux-gnueabi-gcc linker (arm-mv5sft-linux-gnueabi-ld) supports shared libraries
configure:10220: result: yes
configure:10257: checking whether -lc should be explicitly linked in
configure:10262: arm-mv5sft-linux-gnueabi-gcc -c -lpthread -I/home/patrick/nas/DNS-345_GPL/libtorrent-rasterbar-0.15.4/../xinst/include conftest.c >&5
configure:10265: $? = 0
configure:10280: arm-mv5sft-linux-gnueabi-gcc -shared conftest.o  -v -Wl,-soname -Wl,conftest -o conftest 2\>\&1 \| /bin/grep  -lc  \>/dev/null 2\>\&1
configure:10283: $? = 0
configure:10295: result: no
configure:10459: checking dynamic linker characteristics
configure:10892: arm-mv5sft-linux-gnueabi-gcc -o conftest -lpthread -I/home/patrick/nas/DNS-345_GPL/libtorrent-rasterbar-0.15.4/../xinst/include -lpthread -L/home/patrick/nas/DNS-345_GPL/libtorrent-rasterbar-0.15.4/../xinst/lib -Wl,-rpath -Wl,/foo conftest.c  >&5
configure:10892: $? = 0
configure:11110: result: GNU/Linux ld.so
configure:11212: checking how to hardcode library paths into programs
configure:11237: result: immediate
configure:11757: checking whether stripping libraries is possible
configure:11762: result: yes
configure:11797: checking if libtool supports shared libraries
configure:11799: result: yes
configure:11802: checking whether to build shared libraries
configure:11823: result: yes
configure:11826: checking whether to build static libraries
configure:11830: result: yes
configure:11980: checking for ld used by arm-mv5sft-linux-gnueabi-g++
configure:12047: result: arm-mv5sft-linux-gnueabi-ld
configure:12054: checking if the linker (arm-mv5sft-linux-gnueabi-ld) is GNU ld
configure:12069: result: yes
configure:12124: checking whether the arm-mv5sft-linux-gnueabi-g++ linker (arm-mv5sft-linux-gnueabi-ld) supports shared libraries
configure:13037: result: yes
configure:13065: arm-mv5sft-linux-gnueabi-g++ -c -pthread -I/home/patrick/nas/DNS-345_GPL/libtorrent-rasterbar-0.15.4/../xinst/include conftest.cpp >&5
configure:13068: $? = 0
configure:13250: checking for arm-mv5sft-linux-gnueabi-g++ option to produce PIC
configure:13567: result: -fPIC -DPIC
configure:13576: checking if arm-mv5sft-linux-gnueabi-g++ PIC flag -fPIC -DPIC works
configure:13594: arm-mv5sft-linux-gnueabi-g++ -c -pthread -I/home/patrick/nas/DNS-345_GPL/libtorrent-rasterbar-0.15.4/../xinst/include -fPIC -DPIC -DPIC conftest.cpp >&5
configure:13598: $? = 0
configure:13611: result: yes
configure:13632: checking if arm-mv5sft-linux-gnueabi-g++ static flag -static works
configure:13660: result: yes
configure:13672: checking if arm-mv5sft-linux-gnueabi-g++ supports -c -o file.o
configure:13693: arm-mv5sft-linux-gnueabi-g++ -c -pthread -I/home/patrick/nas/DNS-345_GPL/libtorrent-rasterbar-0.15.4/../xinst/include -o out/conftest2.o conftest.cpp >&5
configure:13697: $? = 0
configure:13719: result: yes
configure:13724: checking if arm-mv5sft-linux-gnueabi-g++ supports -c -o file.o
configure:13771: result: yes
configure:13801: checking whether the arm-mv5sft-linux-gnueabi-g++ linker (arm-mv5sft-linux-gnueabi-ld) supports shared libraries
configure:13827: result: yes
configure:13964: checking dynamic linker characteristics
configure:14345: arm-mv5sft-linux-gnueabi-g++ -o conftest -pthread -I/home/patrick/nas/DNS-345_GPL/libtorrent-rasterbar-0.15.4/../xinst/include -lpthread -L/home/patrick/nas/DNS-345_GPL/libtorrent-rasterbar-0.15.4/../xinst/lib -Wl,-rpath -Wl,/foo conftest.cpp  >&5
configure:14345: $? = 0
configure:14563: result: GNU/Linux ld.so
configure:14614: checking how to hardcode library paths into programs
configure:14639: result: immediate
configure:14871: checking for the pthreads library -lpthreads
configure:14904: arm-mv5sft-linux-gnueabi-gcc -o conftest -lpthread  -I/home/patrick/nas/DNS-345_GPL/libtorrent-rasterbar-0.15.4/../xinst/include -lpthread -L/home/patrick/nas/DNS-345_GPL/libtorrent-rasterbar-0.15.4/../xinst/lib conftest.c -lpthreads  >&5
/opt_gccarm/arm-mv5sft-linux-gnueabi/bin/../lib/gcc/arm-mv5sft-linux-gnueabi/4.3.2/../../../../arm-mv5sft-linux-gnueabi/bin/ld: cannot find -lpthreads
collect2: ld returned 1 exit status
configure:14904: $? = 1
configure: failed program was:
| /* confdefs.h */
| #define PACKAGE_NAME "libtorrent-rasterbar"
| #define PACKAGE_TARNAME "libtorrent-rasterbar"
| #define PACKAGE_VERSION "0.15.4"
| #define PACKAGE_STRING "libtorrent-rasterbar 0.15.4"
| #define PACKAGE_BUGREPORT "arvid@cs.umu.se"
| #define PACKAGE_URL "http://www.libtorrent.org"
| #define PACKAGE "libtorrent-rasterbar"
| #define VERSION "0.15.4"
| #define STDC_HEADERS 1
| #define HAVE_SYS_TYPES_H 1
| #define HAVE_SYS_STAT_H 1
| #define HAVE_STDLIB_H 1
| #define HAVE_STRING_H 1
| #define HAVE_MEMORY_H 1
| #define HAVE_STRINGS_H 1
| #define HAVE_INTTYPES_H 1
| #define HAVE_STDINT_H 1
| #define HAVE_UNISTD_H 1
| #define HAVE_DLFCN_H 1
| #define LT_OBJDIR ".libs/"
| /* end confdefs.h.  */
| #include <pthread.h>
| int
| main ()
| {
| pthread_t th; pthread_join(th, 0);
|                      pthread_attr_init(0); pthread_cleanup_push(0, 0);
|                      pthread_create(0,0,0,0); pthread_cleanup_pop(0);
|   ;
|   return 0;
| }
configure:14913: result: no
configure:14816: checking whether pthreads work without any flags
configure:14904: arm-mv5sft-linux-gnueabi-gcc -o conftest -lpthread  -I/home/patrick/nas/DNS-345_GPL/libtorrent-rasterbar-0.15.4/../xinst/include -lpthread -L/home/patrick/nas/DNS-345_GPL/libtorrent-rasterbar-0.15.4/../xinst/lib conftest.c   >&5
configure:14904: $? = 0
configure:14913: result: yes
configure:14932: checking for joinable pthread attribute
configure:14947: arm-mv5sft-linux-gnueabi-gcc -o conftest -lpthread  -I/home/patrick/nas/DNS-345_GPL/libtorrent-rasterbar-0.15.4/../xinst/include -lpthread -L/home/patrick/nas/DNS-345_GPL/libtorrent-rasterbar-0.15.4/../xinst/lib conftest.c   >&5
configure:14947: $? = 0
configure:14953: result: PTHREAD_CREATE_JOINABLE
configure:14963: checking if more special flags are required for pthreads
configure:14970: result: no
configure:15061: checking whether to check for GCC pthread/shared inconsistencies
configure:15074: arm-mv5sft-linux-gnueabi-gcc -o conftest -shared -fPIC -Wl,-z,defs -lpthread  -I/home/patrick/nas/DNS-345_GPL/libtorrent-rasterbar-0.15.4/../xinst/include -lpthread -L/home/patrick/nas/DNS-345_GPL/libtorrent-rasterbar-0.15.4/../xinst/lib conftest.c   >&5
configure:15074: $? = 0
configure:15086: result: yes
configure:15128: checking whether -lpthread fixes that
configure:15144: arm-mv5sft-linux-gnueabi-gcc -o conftest -shared -fPIC -Wl,-z,defs -lpthread  -I/home/patrick/nas/DNS-345_GPL/libtorrent-rasterbar-0.15.4/../xinst/include -lpthread -L/home/patrick/nas/DNS-345_GPL/libtorrent-rasterbar-0.15.4/../xinst/lib conftest.c -lpthread   >&5
configure:15144: $? = 0
configure:15151: result: yes
configure:15288: checking for boostlib >= 1.36
configure:15343: arm-mv5sft-linux-gnueabi-g++ -c -pthread -I/home/patrick/nas/DNS-345_GPL/libtorrent-rasterbar-0.15.4/../xinst/include -I/home/patrick/nas/DNS-345_GPL/libtorrent-rasterbar-0.15.4/../xinst/include conftest.cpp >&5
configure:15343: $? = 0
configure:15345: result: yes
configure:15513: checking whether the Boost::System library is available
configure:15537: arm-mv5sft-linux-gnueabi-g++ -c -pthread -I/home/patrick/nas/DNS-345_GPL/libtorrent-rasterbar-0.15.4/../xinst/include -I/home/patrick/nas/DNS-345_GPL/libtorrent-rasterbar-0.15.4/../xinst/include conftest.cpp >&5
configure:15537: $? = 0
configure:15552: result: yes
configure:15567: checking for exit in -lboost_system
configure:15592: arm-mv5sft-linux-gnueabi-gcc -o conftest  -lpthread -I/home/patrick/nas/DNS-345_GPL/libtorrent-rasterbar-0.15.4/../xinst/include -I/home/patrick/nas/DNS-345_GPL/libtorrent-rasterbar-0.15.4/../xinst/include -lpthread -L/home/patrick/nas/DNS-345_GPL/libtorrent-rasterbar-0.15.4/../xinst/lib -L/home/patrick/nas/DNS-345_GPL/libtorrent-rasterbar-0.15.4/../xinst/lib conftest.c -lboost_system  -lpthread   >&5
conftest.c:33: warning: conflicting types for built-in function 'exit'
configure:15592: $? = 0
configure:15602: result: yes
configure:15761: checking whether the Boost::Filesystem library is available
configure:15785: arm-mv5sft-linux-gnueabi-g++ -c -pthread -I/home/patrick/nas/DNS-345_GPL/libtorrent-rasterbar-0.15.4/../xinst/include -I/home/patrick/nas/DNS-345_GPL/libtorrent-rasterbar-0.15.4/../xinst/include conftest.cpp >&5
configure:15785: $? = 0
configure:15799: result: yes
configure:15810: checking for exit in -lboost_filesystem
configure:15835: arm-mv5sft-linux-gnueabi-gcc -o conftest  -lpthread -I/home/patrick/nas/DNS-345_GPL/libtorrent-rasterbar-0.15.4/../xinst/include -I/home/patrick/nas/DNS-345_GPL/libtorrent-rasterbar-0.15.4/../xinst/include -lpthread -L/home/patrick/nas/DNS-345_GPL/libtorrent-rasterbar-0.15.4/../xinst/lib -L/home/patrick/nas/DNS-345_GPL/libtorrent-rasterbar-0.15.4/../xinst/lib conftest.c -lboost_filesystem  -lpthread   -lboost_system >&5
conftest.c:34: warning: conflicting types for built-in function 'exit'
configure:15835: $? = 0
configure:15845: result: yes
configure:16001: checking whether the Boost::Thread library is available
configure:16026: arm-mv5sft-linux-gnueabi-g++ -c -pthread -I/home/patrick/nas/DNS-345_GPL/libtorrent-rasterbar-0.15.4/../xinst/include -I/home/patrick/nas/DNS-345_GPL/libtorrent-rasterbar-0.15.4/../xinst/include conftest.cpp >&5
configure:16026: $? = 0
configure:16041: result: yes
configure:16063: checking for exit in -lboost_thread
configure:16088: arm-mv5sft-linux-gnueabi-gcc -o conftest  -lpthread -I/home/patrick/nas/DNS-345_GPL/libtorrent-rasterbar-0.15.4/../xinst/include -I/home/patrick/nas/DNS-345_GPL/libtorrent-rasterbar-0.15.4/../xinst/include -lpthread -L/home/patrick/nas/DNS-345_GPL/libtorrent-rasterbar-0.15.4/../xinst/lib -L/home/patrick/nas/DNS-345_GPL/libtorrent-rasterbar-0.15.4/../xinst/lib conftest.c -lboost_thread  -lpthread   >&5
conftest.c:35: warning: conflicting types for built-in function 'exit'
configure:16088: $? = 0
configure:16098: result: yes
configure:16248: checking for arm-mv5sft-linux-gnueabi-pkg-config
configure:16281: result: no
configure:16291: checking for pkg-config
configure:16309: found /usr/bin/pkg-config
configure:16321: result: /usr/bin/pkg-config
configure:16333: WARNING: using cross tools not prefixed with host triplet
configure:16346: checking pkg-config is at least version 0.20
configure:16349: result: yes
configure:16369: checking for special C compiler options needed for large files
configure:16414: result: no
configure:16420: checking for _FILE_OFFSET_BITS value needed for large files
configure:16445: arm-mv5sft-linux-gnueabi-gcc -c  -lpthread -I/home/patrick/nas/DNS-345_GPL/libtorrent-rasterbar-0.15.4/../xinst/include -I/home/patrick/nas/DNS-345_GPL/libtorrent-rasterbar-0.15.4/../xinst/include conftest.c >&5
conftest.c:34: warning: left shift count >= width of type
conftest.c:34: warning: left shift count >= width of type
conftest.c:36: error: size of array 'off_t_is_large' is negative
configure:16445: $? = 1
configure: failed program was:
| /* confdefs.h */
| #define PACKAGE_NAME "libtorrent-rasterbar"
| #define PACKAGE_TARNAME "libtorrent-rasterbar"
| #define PACKAGE_VERSION "0.15.4"
| #define PACKAGE_STRING "libtorrent-rasterbar 0.15.4"
| #define PACKAGE_BUGREPORT "arvid@cs.umu.se"
| #define PACKAGE_URL "http://www.libtorrent.org"
| #define PACKAGE "libtorrent-rasterbar"
| #define VERSION "0.15.4"
| #define STDC_HEADERS 1
| #define HAVE_SYS_TYPES_H 1
| #define HAVE_SYS_STAT_H 1
| #define HAVE_STDLIB_H 1
| #define HAVE_STRING_H 1
| #define HAVE_MEMORY_H 1
| #define HAVE_STRINGS_H 1
| #define HAVE_INTTYPES_H 1
| #define HAVE_STDINT_H 1
| #define HAVE_UNISTD_H 1
| #define HAVE_DLFCN_H 1
| #define LT_OBJDIR ".libs/"
| #define HAVE_PTHREAD 1
| #define HAVE_BOOST 1
| #define HAVE_BOOST_SYSTEM 1
| #define HAVE_BOOST_FILESYSTEM 1
| #define HAVE_BOOST_THREAD 1
| /* end confdefs.h.  */
| #include <sys/types.h>
|  /* Check that off_t can represent 2**63 - 1 correctly.
|     We can't simply define LARGE_OFF_T to be 9223372036854775807,
|     since some C++ compilers masquerading as C compilers
|     incorrectly reject 9223372036854775807.  */
| #define LARGE_OFF_T (((off_t) 1 << 62) - 1 + ((off_t) 1 << 62))
|   int off_t_is_large[(LARGE_OFF_T % 2147483629 == 721
| 		       && LARGE_OFF_T % 2147483647 == 1)
| 		      ? 1 : -1];
| int
| main ()
| {
| 
|   ;
|   return 0;
| }
configure:16469: arm-mv5sft-linux-gnueabi-gcc -c  -lpthread -I/home/patrick/nas/DNS-345_GPL/libtorrent-rasterbar-0.15.4/../xinst/include -I/home/patrick/nas/DNS-345_GPL/libtorrent-rasterbar-0.15.4/../xinst/include conftest.c >&5
configure:16469: $? = 0
configure:16477: result: 64
configure:16561: checking whether ln -s works
configure:16565: result: yes
configure:16572: checking whether make sets $(MAKE)
configure:16594: result: yes
configure:16607: checking for gethostbyname
configure:16607: arm-mv5sft-linux-gnueabi-gcc -o conftest  -lpthread -I/home/patrick/nas/DNS-345_GPL/libtorrent-rasterbar-0.15.4/../xinst/include -I/home/patrick/nas/DNS-345_GPL/libtorrent-rasterbar-0.15.4/../xinst/include -L/home/patrick/nas/DNS-345_GPL/libtorrent-rasterbar-0.15.4/../xinst/lib -lpthread -L/home/patrick/nas/DNS-345_GPL/libtorrent-rasterbar-0.15.4/../xinst/lib conftest.c -lpthread   >&5
configure:16607: $? = 0
configure:16607: result: yes
configure:16830: checking for gethostbyname_r
configure:16830: arm-mv5sft-linux-gnueabi-gcc -o conftest  -lpthread -I/home/patrick/nas/DNS-345_GPL/libtorrent-rasterbar-0.15.4/../xinst/include -I/home/patrick/nas/DNS-345_GPL/libtorrent-rasterbar-0.15.4/../xinst/include -L/home/patrick/nas/DNS-345_GPL/libtorrent-rasterbar-0.15.4/../xinst/lib -lpthread -L/home/patrick/nas/DNS-345_GPL/libtorrent-rasterbar-0.15.4/../xinst/lib conftest.c -lpthread   >&5
configure:16830: $? = 0
configure:16830: result: yes
configure:16858: checking for clock_gettime
configure:16858: arm-mv5sft-linux-gnueabi-gcc -o conftest  -lpthread -I/home/patrick/nas/DNS-345_GPL/libtorrent-rasterbar-0.15.4/../xinst/include -I/home/patrick/nas/DNS-345_GPL/libtorrent-rasterbar-0.15.4/../xinst/include -L/home/patrick/nas/DNS-345_GPL/libtorrent-rasterbar-0.15.4/../xinst/lib -lpthread -L/home/patrick/nas/DNS-345_GPL/libtorrent-rasterbar-0.15.4/../xinst/lib conftest.c -lpthread   >&5
/tmp/cc2JBvEz.o: In function `main':
conftest.c:(.text+0x8): undefined reference to `clock_gettime'
collect2: ld returned 1 exit status
configure:16858: $? = 1
configure: failed program was:
| /* confdefs.h */
| #define PACKAGE_NAME "libtorrent-rasterbar"
| #define PACKAGE_TARNAME "libtorrent-rasterbar"
| #define PACKAGE_VERSION "0.15.4"
| #define PACKAGE_STRING "libtorrent-rasterbar 0.15.4"
| #define PACKAGE_BUGREPORT "arvid@cs.umu.se"
| #define PACKAGE_URL "http://www.libtorrent.org"
| #define PACKAGE "libtorrent-rasterbar"
| #define VERSION "0.15.4"
| #define STDC_HEADERS 1
| #define HAVE_SYS_TYPES_H 1
| #define HAVE_SYS_STAT_H 1
| #define HAVE_STDLIB_H 1
| #define HAVE_STRING_H 1
| #define HAVE_MEMORY_H 1
| #define HAVE_STRINGS_H 1
| #define HAVE_INTTYPES_H 1
| #define HAVE_STDINT_H 1
| #define HAVE_UNISTD_H 1
| #define HAVE_DLFCN_H 1
| #define LT_OBJDIR ".libs/"
| #define HAVE_PTHREAD 1
| #define HAVE_BOOST 1
| #define HAVE_BOOST_SYSTEM 1
| #define HAVE_BOOST_FILESYSTEM 1
| #define HAVE_BOOST_THREAD 1
| #define _FILE_OFFSET_BITS 64
| #define HAVE_GETHOSTBYNAME 1
| #define HAVE_GETHOSTBYNAME_R 1
| #define GETHOSTBYNAME_R_RETURNS_INT 1
| /* end confdefs.h.  */
| /* Define clock_gettime to an innocuous variant, in case <limits.h> declares clock_gettime.
|    For example, HP-UX 11i <limits.h> declares gettimeofday.  */
| #define clock_gettime innocuous_clock_gettime
| 
| /* System header to define __stub macros and hopefully few prototypes,
|     which can conflict with char clock_gettime (); below.
|     Prefer <limits.h> to <assert.h> if __STDC__ is defined, since
|     <limits.h> exists even on freestanding compilers.  */
| 
| #ifdef __STDC__
| # include <limits.h>
| #else
| # include <assert.h>
| #endif
| 
| #undef clock_gettime
| 
| /* Override any GCC internal prototype to avoid an error.
|    Use char because int might match the return type of a GCC
|    builtin and then its argument prototype would still apply.  */
| #ifdef __cplusplus
| extern "C"
| #endif
| char clock_gettime ();
| /* The GNU C library defines this for functions which it implements
|     to always fail with ENOSYS.  Some functions are actually named
|     something starting with __ and the normal name is an alias.  */
| #if defined __stub_clock_gettime || defined __stub___clock_gettime
| choke me
| #endif
| 
| int
| main ()
| {
| return clock_gettime ();
|   ;
|   return 0;
| }
configure:16858: result: no
configure:16865: checking for clock_gettime in -lrt
configure:16890: arm-mv5sft-linux-gnueabi-gcc -o conftest  -lpthread -I/home/patrick/nas/DNS-345_GPL/libtorrent-rasterbar-0.15.4/../xinst/include -I/home/patrick/nas/DNS-345_GPL/libtorrent-rasterbar-0.15.4/../xinst/include -L/home/patrick/nas/DNS-345_GPL/libtorrent-rasterbar-0.15.4/../xinst/lib -lpthread -L/home/patrick/nas/DNS-345_GPL/libtorrent-rasterbar-0.15.4/../xinst/lib conftest.c -lrt  -lpthread   >&5
configure:16890: $? = 0
configure:16899: result: yes
configure:17135: checking whether deprecated functions should be enabled
configure:17140: result: yes
configure:17158: checking whether debug build should be enabled
configure:17173: result: no
configure:17188: checking whether invariant check should be enabled
configure:17201: result: no
configure:17228: checking whether logging to disk should be enabled
configure:17242: result: no
configure:17270: checking whether statistics logging should be enabled
configure:17283: result: no
configure:17293: checking whether disk activity logging should be enabled
configure:17306: result: no
configure:17319: checking whether encryption support should be enabled
configure:17324: result: yes
configure:17326: encryption support: now checking for the OpenSSL library...
configure:17412: checking for openssl/ssl.h in /home/patrick/nas/DNS-345_GPL/libtorrent-rasterbar-0.15.4/../openssl-0.9.7
configure:17419: result: yes
configure:17435: checking whether compiling and linking against OpenSSL works
Trying link with OPENSSL_LDFLAGS=-L/home/patrick/nas/DNS-345_GPL/libtorrent-rasterbar-0.15.4/../openssl-0.9.7/lib; OPENSSL_LIBS=-lssl -lcrypto; OPENSSL_INCLUDES=-I/home/patrick/nas/DNS-345_GPL/libtorrent-rasterbar-0.15.4/../openssl-0.9.7/include
configure:17457: arm-mv5sft-linux-gnueabi-gcc -o conftest  -lpthread -I/home/patrick/nas/DNS-345_GPL/libtorrent-rasterbar-0.15.4/../openssl-0.9.7/include -I/home/patrick/nas/DNS-345_GPL/libtorrent-rasterbar-0.15.4/../xinst/include -I/home/patrick/nas/DNS-345_GPL/libtorrent-rasterbar-0.15.4/../xinst/include -L/home/patrick/nas/DNS-345_GPL/libtorrent-rasterbar-0.15.4/../xinst/lib -lpthread -L/home/patrick/nas/DNS-345_GPL/libtorrent-rasterbar-0.15.4/../xinst/lib -L/home/patrick/nas/DNS-345_GPL/libtorrent-rasterbar-0.15.4/../openssl-0.9.7/lib conftest.c -lssl -lcrypto -lrt -lpthread   >&5
configure:17457: $? = 0
configure:17459: result: yes
configure:17504: checking whether geoip support should be enabled
configure:17509: result: yes
configure:17528: checking whether dht support should be enabled
configure:17533: result: yes
configure:17561: checking whether pool allocators should be enabled
configure:17566: result: yes
configure:17587: checking whether example files should be built
configure:17594: result: no
configure:17603: checking whether test files should be built
configure:17610: result: no
configure:17619: checking whether python bindings should be built
configure:18315: result: no
configure:18328: checking whether to link against system zlib
configure:18333: result: yes
configure:18335: checking zlib.h usability
configure:18335: arm-mv5sft-linux-gnueabi-gcc -c  -lpthread -I/home/patrick/nas/DNS-345_GPL/libtorrent-rasterbar-0.15.4/../xinst/include -I/home/patrick/nas/DNS-345_GPL/libtorrent-rasterbar-0.15.4/../xinst/include conftest.c >&5
configure:18335: $? = 0
configure:18335: result: yes
configure:18335: checking zlib.h presence
configure:18335: arm-mv5sft-linux-gnueabi-gcc -E -I/home/patrick/nas/DNS-345_GPL/libtorrent-rasterbar-0.15.4/../xinst/include -I/home/patrick/nas/DNS-345_GPL/libtorrent-rasterbar-0.15.4/../xinst/include conftest.c
configure:18335: $? = 0
configure:18335: result: yes
configure:18335: checking for zlib.h
configure:18335: result: yes
configure:18338: checking for main in -lz
configure:18357: arm-mv5sft-linux-gnueabi-gcc -o conftest  -lpthread -I/home/patrick/nas/DNS-345_GPL/libtorrent-rasterbar-0.15.4/../xinst/include -I/home/patrick/nas/DNS-345_GPL/libtorrent-rasterbar-0.15.4/../xinst/include -L/home/patrick/nas/DNS-345_GPL/libtorrent-rasterbar-0.15.4/../xinst/lib -lpthread -L/home/patrick/nas/DNS-345_GPL/libtorrent-rasterbar-0.15.4/../xinst/lib conftest.c -lz  -lrt -lpthread   >&5
configure:18357: $? = 0
configure:18366: result: yes
configure:18403: checking for FIEMAP support
configure:18407: checking linux/fiemap.h usability
configure:18407: arm-mv5sft-linux-gnueabi-gcc -c  -lpthread -I/home/patrick/nas/DNS-345_GPL/libtorrent-rasterbar-0.15.4/../xinst/include -I/home/patrick/nas/DNS-345_GPL/libtorrent-rasterbar-0.15.4/../xinst/include conftest.c >&5
conftest.c:69:26: error: linux/fiemap.h: No such file or directory
configure:18407: $? = 1
configure: failed program was:
| /* confdefs.h */
| #define PACKAGE_NAME "libtorrent-rasterbar"
| #define PACKAGE_TARNAME "libtorrent-rasterbar"
| #define PACKAGE_VERSION "0.15.4"
| #define PACKAGE_STRING "libtorrent-rasterbar 0.15.4"
| #define PACKAGE_BUGREPORT "arvid@cs.umu.se"
| #define PACKAGE_URL "http://www.libtorrent.org"
| #define PACKAGE "libtorrent-rasterbar"
| #define VERSION "0.15.4"
| #define STDC_HEADERS 1
| #define HAVE_SYS_TYPES_H 1
| #define HAVE_SYS_STAT_H 1
| #define HAVE_STDLIB_H 1
| #define HAVE_STRING_H 1
| #define HAVE_MEMORY_H 1
| #define HAVE_STRINGS_H 1
| #define HAVE_INTTYPES_H 1
| #define HAVE_STDINT_H 1
| #define HAVE_UNISTD_H 1
| #define HAVE_DLFCN_H 1
| #define LT_OBJDIR ".libs/"
| #define HAVE_PTHREAD 1
| #define HAVE_BOOST 1
| #define HAVE_BOOST_SYSTEM 1
| #define HAVE_BOOST_FILESYSTEM 1
| #define HAVE_BOOST_THREAD 1
| #define _FILE_OFFSET_BITS 64
| #define HAVE_GETHOSTBYNAME 1
| #define HAVE_GETHOSTBYNAME_R 1
| #define GETHOSTBYNAME_R_RETURNS_INT 1
| #define HAVE_LIBRT 1
| #define NDEBUG 1
| #define TORRENT_USE_OPENSSL 1
| #define HAVE_LIBZ 1
| /* end confdefs.h.  */
| #include <stdio.h>
| #ifdef HAVE_SYS_TYPES_H
| # include <sys/types.h>
| #endif
| #ifdef HAVE_SYS_STAT_H
| # include <sys/stat.h>
| #endif
| #ifdef STDC_HEADERS
| # include <stdlib.h>
| # include <stddef.h>
| #else
| # ifdef HAVE_STDLIB_H
| #  include <stdlib.h>
| # endif
| #endif
| #ifdef HAVE_STRING_H
| # if !defined STDC_HEADERS && defined HAVE_MEMORY_H
| #  include <memory.h>
| # endif
| # include <string.h>
| #endif
| #ifdef HAVE_STRINGS_H
| # include <strings.h>
| #endif
| #ifdef HAVE_INTTYPES_H
| # include <inttypes.h>
| #endif
| #ifdef HAVE_STDINT_H
| # include <stdint.h>
| #endif
| #ifdef HAVE_UNISTD_H
| # include <unistd.h>
| #endif
| #include <linux/fiemap.h>
configure:18407: result: no
configure:18407: checking linux/fiemap.h presence
configure:18407: arm-mv5sft-linux-gnueabi-gcc -E -I/home/patrick/nas/DNS-345_GPL/libtorrent-rasterbar-0.15.4/../xinst/include -I/home/patrick/nas/DNS-345_GPL/libtorrent-rasterbar-0.15.4/../xinst/include conftest.c
conftest.c:36:26: error: linux/fiemap.h: No such file or directory
configure:18407: $? = 1
configure: failed program was:
| /* confdefs.h */
| #define PACKAGE_NAME "libtorrent-rasterbar"
| #define PACKAGE_TARNAME "libtorrent-rasterbar"
| #define PACKAGE_VERSION "0.15.4"
| #define PACKAGE_STRING "libtorrent-rasterbar 0.15.4"
| #define PACKAGE_BUGREPORT "arvid@cs.umu.se"
| #define PACKAGE_URL "http://www.libtorrent.org"
| #define PACKAGE "libtorrent-rasterbar"
| #define VERSION "0.15.4"
| #define STDC_HEADERS 1
| #define HAVE_SYS_TYPES_H 1
| #define HAVE_SYS_STAT_H 1
| #define HAVE_STDLIB_H 1
| #define HAVE_STRING_H 1
| #define HAVE_MEMORY_H 1
| #define HAVE_STRINGS_H 1
| #define HAVE_INTTYPES_H 1
| #define HAVE_STDINT_H 1
| #define HAVE_UNISTD_H 1
| #define HAVE_DLFCN_H 1
| #define LT_OBJDIR ".libs/"
| #define HAVE_PTHREAD 1
| #define HAVE_BOOST 1
| #define HAVE_BOOST_SYSTEM 1
| #define HAVE_BOOST_FILESYSTEM 1
| #define HAVE_BOOST_THREAD 1
| #define _FILE_OFFSET_BITS 64
| #define HAVE_GETHOSTBYNAME 1
| #define HAVE_GETHOSTBYNAME_R 1
| #define GETHOSTBYNAME_R_RETURNS_INT 1
| #define HAVE_LIBRT 1
| #define NDEBUG 1
| #define TORRENT_USE_OPENSSL 1
| #define HAVE_LIBZ 1
| /* end confdefs.h.  */
| #include <linux/fiemap.h>
configure:18407: result: no
configure:18407: checking for linux/fiemap.h
configure:18407: result: no
configure:18418: checking whether to link against system libgeoip
configure:18677: result: no
configure:18982: creating ./config.status

## ---------------------- ##
## Running config.status. ##
## ---------------------- ##

This file was extended by libtorrent-rasterbar config.status 0.15.4, which was
generated by GNU Autoconf 2.65.  Invocation command line was

  CONFIG_FILES    = 
  CONFIG_HEADERS  = 
  CONFIG_LINKS    = 
  CONFIG_COMMANDS = 
  $ ./config.status 

on swtest4

config.status:1116: creating Makefile
config.status:1116: creating src/Makefile
config.status:1116: creating include/libtorrent/Makefile
config.status:1116: creating examples/Makefile
config.status:1116: creating test/Makefile
config.status:1116: creating zlib/Makefile
config.status:1116: creating bindings/Makefile
config.status:1116: creating bindings/python/Makefile
config.status:1116: creating bindings/python/setup.py
config.status:1116: creating libtorrent-rasterbar.pc
config.status:1116: creating libtorrent-rasterbar-cmake.pc
config.status:1279: executing depfiles commands
config.status:1279: executing libtool commands
configure:21268: WARNING: unrecognized options: --without-logging, --with-dht, --with-encryption, --with-asio

## ---------------- ##
## Cache variables. ##
## ---------------- ##

ac_cv_build=i686-pc-linux-gnu
ac_cv_c_compiler_gnu=yes
ac_cv_cxx_compiler_gnu=yes
ac_cv_env_CCC_set=
ac_cv_env_CCC_value=
ac_cv_env_CC_set=set
ac_cv_env_CC_value=arm-mv5sft-linux-gnueabi-gcc
ac_cv_env_CFLAGS_set=set
ac_cv_env_CFLAGS_value=-lpthread
ac_cv_env_CPPFLAGS_set=set
ac_cv_env_CPPFLAGS_value=-I/home/patrick/nas/DNS-345_GPL/libtorrent-rasterbar-0.15.4/../xinst/include
ac_cv_env_CPP_set=
ac_cv_env_CPP_value=
ac_cv_env_CXXCPP_set=
ac_cv_env_CXXCPP_value=
ac_cv_env_CXXFLAGS_set=set
ac_cv_env_CXXFLAGS_value=-pthread
ac_cv_env_CXX_set=set
ac_cv_env_CXX_value=arm-mv5sft-linux-gnueabi-g++
ac_cv_env_GEOIP_CFLAGS_set=
ac_cv_env_GEOIP_CFLAGS_value=
ac_cv_env_GEOIP_LIBS_set=
ac_cv_env_GEOIP_LIBS_value=
ac_cv_env_LDFLAGS_set=set
ac_cv_env_LDFLAGS_value='-lpthread -L/home/patrick/nas/DNS-345_GPL/libtorrent-rasterbar-0.15.4/../xinst/lib'
ac_cv_env_LIBS_set=
ac_cv_env_LIBS_value=
ac_cv_env_PKG_CONFIG_set=
ac_cv_env_PKG_CONFIG_value=
ac_cv_env_PYTHON_INSTALL_PARAMS_set=
ac_cv_env_PYTHON_INSTALL_PARAMS_value=
ac_cv_env_PYTHON_VERSION_set=
ac_cv_env_PYTHON_VERSION_value=
ac_cv_env_build_alias_set=
ac_cv_env_build_alias_value=
ac_cv_env_host_alias_set=set
ac_cv_env_host_alias_value=arm-mv5sft-linux-gnueabi
ac_cv_env_target_alias_set=
ac_cv_env_target_alias_value=
ac_cv_func_clock_gettime=no
ac_cv_func_gethostbyname=yes
ac_cv_func_gethostbyname_r=yes
ac_cv_header_dlfcn_h=yes
ac_cv_header_inttypes_h=yes
ac_cv_header_linux_fiemap_h=no
ac_cv_header_memory_h=yes
ac_cv_header_stdc=yes
ac_cv_header_stdint_h=yes
ac_cv_header_stdlib_h=yes
ac_cv_header_string_h=yes
ac_cv_header_strings_h=yes
ac_cv_header_sys_stat_h=yes
ac_cv_header_sys_types_h=yes
ac_cv_header_unistd_h=yes
ac_cv_header_zlib_h=yes
ac_cv_host=arm-mv5sft-linux-gnueabi
ac_cv_lib_boost_filesystem___exit=yes
ac_cv_lib_boost_system___exit=yes
ac_cv_lib_boost_thread___exit=yes
ac_cv_lib_rt_clock_gettime=yes
ac_cv_lib_z_main=yes
ac_cv_objext=o
ac_cv_path_EGREP='/bin/grep -E'
ac_cv_path_FGREP='/bin/grep -F'
ac_cv_path_GREP=/bin/grep
ac_cv_path_SED=/bin/sed
ac_cv_path_ac_pt_PKG_CONFIG=/usr/bin/pkg-config
ac_cv_path_install='/usr/bin/install -c'
ac_cv_path_mkdir=/bin/mkdir
ac_cv_prog_AR=arm-mv5sft-linux-gnueabi-ar
ac_cv_prog_AWK=gawk
ac_cv_prog_CC=arm-mv5sft-linux-gnueabi-gcc
ac_cv_prog_CPP='arm-mv5sft-linux-gnueabi-gcc -E'
ac_cv_prog_CXXCPP='arm-mv5sft-linux-gnueabi-g++ -E'
ac_cv_prog_OBJDUMP=arm-mv5sft-linux-gnueabi-objdump
ac_cv_prog_RANLIB=arm-mv5sft-linux-gnueabi-ranlib
ac_cv_prog_STRIP=arm-mv5sft-linux-gnueabi-strip
ac_cv_prog_cc_arm_mv5sft_linux_gnueabi_gcc_c_o=yes
ac_cv_prog_cc_c89=
ac_cv_prog_cc_g=yes
ac_cv_prog_cxx_c_o=yes
ac_cv_prog_cxx_g=yes
ac_cv_prog_make_make_set=yes
ac_cv_sys_file_offset_bits=64
ac_cv_sys_largefile_CC=no
ac_cv_target=arm-mv5sft-linux-gnueabi
am_cv_CC_dependencies_compiler_type=gcc3
am_cv_CXX_dependencies_compiler_type=gcc3
ax_cv_boost_filesystem=yes
ax_cv_boost_system=yes
ax_cv_boost_thread=yes
lt_cv_deplibs_check_method=pass_all
lt_cv_file_magic_cmd='$MAGIC_CMD'
lt_cv_file_magic_test_file=
lt_cv_ld_reload_flag=-r
lt_cv_nm_interface='BSD nm'
lt_cv_objdir=.libs
lt_cv_path_LD=arm-mv5sft-linux-gnueabi-ld
lt_cv_path_LDCXX=arm-mv5sft-linux-gnueabi-ld
lt_cv_path_NM='/opt_gccarm/arm-mv5sft-linux-gnueabi/bin/arm-mv5sft-linux-gnueabi-nm -B'
lt_cv_prog_compiler_c_o=yes
lt_cv_prog_compiler_c_o_CXX=yes
lt_cv_prog_compiler_pic_works=yes
lt_cv_prog_compiler_pic_works_CXX=yes
lt_cv_prog_compiler_rtti_exceptions=no
lt_cv_prog_compiler_static_works=yes
lt_cv_prog_compiler_static_works_CXX=yes
lt_cv_prog_gnu_ld=yes
lt_cv_prog_gnu_ldcxx=yes
lt_cv_sys_global_symbol_pipe='sed -n -e '\''s/^.*[	 ]\([ABCDGIRSTW][ABCDGIRSTW]*\)[	 ][	 ]*\([_A-Za-z][_A-Za-z0-9]*\)$/\1 \2 \2/p'\'''
lt_cv_sys_global_symbol_to_c_name_address='sed -n -e '\''s/^: \([^ ]*\) $/  {\"\1\", (void *) 0},/p'\'' -e '\''s/^[ABCDGIRSTW]* \([^ ]*\) \([^ ]*\)$/  {"\2", (void *) \&\2},/p'\'''
lt_cv_sys_global_symbol_to_c_name_address_lib_prefix='sed -n -e '\''s/^: \([^ ]*\) $/  {\"\1\", (void *) 0},/p'\'' -e '\''s/^[ABCDGIRSTW]* \([^ ]*\) \(lib[^ ]*\)$/  {"\2", (void *) \&\2},/p'\'' -e '\''s/^[ABCDGIRSTW]* \([^ ]*\) \([^ ]*\)$/  {"lib\2", (void *) \&\2},/p'\'''
lt_cv_sys_global_symbol_to_cdecl='sed -n -e '\''s/^T .* \(.*\)$/extern int \1();/p'\'' -e '\''s/^[ABCDGIRSTW]* .* \(.*\)$/extern char \1;/p'\'''
lt_cv_sys_max_cmd_len=1572864

## ----------------- ##
## Output variables. ##
## ----------------- ##

ACLOCAL='${SHELL} /home/patrick/nas/DNS-345_GPL/libtorrent-rasterbar-0.15.4/build-aux/missing --run aclocal-1.11'
AMDEPBACKSLASH='\'
AMDEP_FALSE='#'
AMDEP_TRUE=''
AMTAR='${SHELL} /home/patrick/nas/DNS-345_GPL/libtorrent-rasterbar-0.15.4/build-aux/missing --run tar'
AM_BACKSLASH='\'
AM_DEFAULT_VERBOSITY='0'
AR='arm-mv5sft-linux-gnueabi-ar'
AUTOCONF='${SHELL} /home/patrick/nas/DNS-345_GPL/libtorrent-rasterbar-0.15.4/build-aux/missing --run autoconf'
AUTOHEADER='${SHELL} /home/patrick/nas/DNS-345_GPL/libtorrent-rasterbar-0.15.4/build-aux/missing --run autoheader'
AUTOMAKE='${SHELL} /home/patrick/nas/DNS-345_GPL/libtorrent-rasterbar-0.15.4/build-aux/missing --run automake-1.11'
AWK='gawk'
BOOST_CPPFLAGS='-I/home/patrick/nas/DNS-345_GPL/libtorrent-rasterbar-0.15.4/../xinst/include'
BOOST_FILESYSTEM_LIB='-lboost_filesystem'
BOOST_LDFLAGS='-L/home/patrick/nas/DNS-345_GPL/libtorrent-rasterbar-0.15.4/../xinst/lib'
BOOST_PYTHON_LIB=''
BOOST_SYSTEM_LIB='-lboost_system'
BOOST_THREAD_LIB='-lboost_thread'
BOOST_VERSION=''
CC='arm-mv5sft-linux-gnueabi-gcc'
CCDEPMODE='depmode=gcc3'
CFLAGS=' -lpthread'
COMPILETIME_OPTIONS='-DTORRENT_USE_OPENSSL -DWITH_SHIPPED_GEOIP_H -DBOOST_ASIO_HASH_MAP_BUCKETS=1021 -DBOOST_EXCEPTION_DISABLE -DTORRENT_LINKING_SHARED '
CPP='arm-mv5sft-linux-gnueabi-gcc -E'
CPPFLAGS='-I/home/patrick/nas/DNS-345_GPL/libtorrent-rasterbar-0.15.4/../xinst/include -I/home/patrick/nas/DNS-345_GPL/libtorrent-rasterbar-0.15.4/../xinst/include'
CXX='arm-mv5sft-linux-gnueabi-g++'
CXXCPP='arm-mv5sft-linux-gnueabi-g++ -E'
CXXDEPMODE='depmode=gcc3'
CXXFLAGS='-pthread'
CYGPATH_W='echo'
DEBUGFLAGS='-Os'
DEFS='-DPACKAGE_NAME=\"libtorrent-rasterbar\" -DPACKAGE_TARNAME=\"libtorrent-rasterbar\" -DPACKAGE_VERSION=\"0.15.4\" -DPACKAGE_STRING=\"libtorrent-rasterbar\ 0.15.4\" -DPACKAGE_BUGREPORT=\"arvid@cs.umu.se\" -DPACKAGE_URL=\"http://www.libtorrent.org\" -DPACKAGE=\"libtorrent-rasterbar\" -DVERSION=\"0.15.4\" -DSTDC_HEADERS=1 -DHAVE_SYS_TYPES_H=1 -DHAVE_SYS_STAT_H=1 -DHAVE_STDLIB_H=1 -DHAVE_STRING_H=1 -DHAVE_MEMORY_H=1 -DHAVE_STRINGS_H=1 -DHAVE_INTTYPES_H=1 -DHAVE_STDINT_H=1 -DHAVE_UNISTD_H=1 -DHAVE_DLFCN_H=1 -DLT_OBJDIR=\".libs/\" -DHAVE_PTHREAD=1 -DHAVE_BOOST=1 -DHAVE_BOOST_SYSTEM=1 -DHAVE_BOOST_FILESYSTEM=1 -DHAVE_BOOST_THREAD=1 -D_FILE_OFFSET_BITS=64 -DHAVE_GETHOSTBYNAME=1 -DHAVE_GETHOSTBYNAME_R=1 -DGETHOSTBYNAME_R_RETURNS_INT=1 -DHAVE_LIBRT=1 -DNDEBUG=1 -DTORRENT_USE_OPENSSL=1 -DHAVE_LIBZ=1 -DWITH_SHIPPED_GEOIP_H=1 -DBOOST_ASIO_HASH_MAP_BUCKETS=1021 -DBOOST_EXCEPTION_DISABLE=1 -DTORRENT_BUILDING_SHARED=1'
DEPDIR='.deps'
DSYMUTIL=''
DUMPBIN=''
ECHO_C=''
ECHO_N='-n'
ECHO_T=''
EGREP='/bin/grep -E'
ENABLE_DHT_FALSE='#'
ENABLE_DHT_TRUE=''
ENABLE_EXAMPLES_FALSE=''
ENABLE_EXAMPLES_TRUE='#'
ENABLE_PYTHON_BINDING_FALSE=''
ENABLE_PYTHON_BINDING_TRUE='#'
ENABLE_TESTS_FALSE=''
ENABLE_TESTS_TRUE='#'
EXEEXT=''
FGREP='/bin/grep -F'
GEOIP_CFLAGS=''
GEOIP_LIBS=''
GREP='/bin/grep'
INSTALL_DATA='${INSTALL} -m 644'
INSTALL_PROGRAM='${INSTALL}'
INSTALL_SCRIPT='${INSTALL}'
INSTALL_STRIP_PROGRAM='$(install_sh) -c -s'
INTERFACE_VERSION_INFO='6:0:0'
LD='arm-mv5sft-linux-gnueabi-ld'
LDFLAGS='-L/home/patrick/nas/DNS-345_GPL/libtorrent-rasterbar-0.15.4/../xinst/lib -lpthread -L/home/patrick/nas/DNS-345_GPL/libtorrent-rasterbar-0.15.4/../xinst/lib'
LIBOBJS=''
LIBS='-lz -lrt -lpthread  '
LIBTOOL='$(SHELL) $(top_builddir)/libtool'
LIPO=''
LN_S='ln -s'
LTLIBOBJS=''
MAKEINFO='${SHELL} /home/patrick/nas/DNS-345_GPL/libtorrent-rasterbar-0.15.4/build-aux/missing --run makeinfo'
MKDIR_P='/bin/mkdir -p'
NM='/opt_gccarm/arm-mv5sft-linux-gnueabi/bin/arm-mv5sft-linux-gnueabi-nm -B'
NMEDIT=''
OBJDUMP='arm-mv5sft-linux-gnueabi-objdump'
OBJEXT='o'
OPENSSL_INCLUDES='-I/home/patrick/nas/DNS-345_GPL/libtorrent-rasterbar-0.15.4/../openssl-0.9.7/include'
OPENSSL_LDFLAGS='-L/home/patrick/nas/DNS-345_GPL/libtorrent-rasterbar-0.15.4/../openssl-0.9.7/lib'
OPENSSL_LIBS='-lssl -lcrypto'
OTOOL64=''
OTOOL=''
PACKAGE='libtorrent-rasterbar'
PACKAGE_BUGREPORT='arvid@cs.umu.se'
PACKAGE_NAME='libtorrent-rasterbar'
PACKAGE_STRING='libtorrent-rasterbar 0.15.4'
PACKAGE_TARNAME='libtorrent-rasterbar'
PACKAGE_URL='http://www.libtorrent.org'
PACKAGE_VERSION='0.15.4'
PATH_SEPARATOR=':'
PKG_CONFIG='/usr/bin/pkg-config'
PTHREAD_CC='arm-mv5sft-linux-gnueabi-gcc'
PTHREAD_CFLAGS=''
PTHREAD_LIBS='-lpthread '
PYTHON=''
PYTHON_CPPFLAGS=''
PYTHON_EXEC_PREFIX=''
PYTHON_EXTRA_LDFLAGS=''
PYTHON_EXTRA_LIBS=''
PYTHON_INSTALL_PARAMS='--prefix=$(DESTDIR)$(prefix)'
PYTHON_LDFLAGS=''
PYTHON_PLATFORM=''
PYTHON_PREFIX=''
PYTHON_SITE_PKG=''
PYTHON_VERSION=''
RANLIB='arm-mv5sft-linux-gnueabi-ranlib'
SED='/bin/sed'
SET_MAKE=''
SHELL='/bin/sh'
STRIP='arm-mv5sft-linux-gnueabi-strip'
VERSION='0.15.4'
WITH_SHIPPED_GEOIP_FALSE='#'
WITH_SHIPPED_GEOIP_TRUE=''
WITH_SHIPPED_ZLIB_FALSE=''
WITH_SHIPPED_ZLIB_TRUE='#'
ac_ct_CC=''
ac_ct_CXX=''
ac_ct_DUMPBIN=''
am__EXEEXT_FALSE=''
am__EXEEXT_TRUE='#'
am__fastdepCC_FALSE='#'
am__fastdepCC_TRUE=''
am__fastdepCXX_FALSE='#'
am__fastdepCXX_TRUE=''
am__include='include'
am__isrc=''
am__leading_dot='.'
am__quote=''
am__tar='${AMTAR} chof - "$$tardir"'
am__untar='${AMTAR} xf -'
ax_pthread_config=''
bindir='${exec_prefix}/bin'
build='i686-pc-linux-gnu'
build_alias=''
build_cpu='i686'
build_os='linux-gnu'
build_vendor='pc'
datadir='${datarootdir}'
datarootdir='${prefix}/share'
docdir='${datarootdir}/doc/${PACKAGE_TARNAME}'
dvidir='${docdir}'
exec_prefix='${prefix}'
host='arm-mv5sft-linux-gnueabi'
host_alias='arm-mv5sft-linux-gnueabi'
host_cpu='arm'
host_os='linux-gnueabi'
host_vendor='mv5sft'
htmldir='${docdir}'
includedir='${prefix}/include'
infodir='${datarootdir}/info'
install_sh='${SHELL} /home/patrick/nas/DNS-345_GPL/libtorrent-rasterbar-0.15.4/build-aux/install-sh'
libdir='${exec_prefix}/lib'
libexecdir='${exec_prefix}/libexec'
localedir='${datarootdir}/locale'
localstatedir='${prefix}/var'
lt_ECHO='echo'
mandir='${datarootdir}/man'
mkdir_p='/bin/mkdir -p'
oldincludedir='/usr/include'
pdfdir='${docdir}'
pkgpyexecdir=''
pkgpythondir=''
prefix='/home/patrick/nas/DNS-345_GPL/libtorrent-rasterbar-0.15.4/../xinst'
program_transform_name='s,x,x,'
psdir='${docdir}'
pyexecdir=''
pythondir=''
sbindir='${exec_prefix}/sbin'
sharedstatedir='${prefix}/com'
sysconfdir='${prefix}/etc'
target='arm-mv5sft-linux-gnueabi'
target_alias=''
target_cpu='arm'
target_os='linux-gnueabi'
target_vendor='mv5sft'

## ----------- ##
## confdefs.h. ##
## ----------- ##

/* confdefs.h */
#define PACKAGE_NAME "libtorrent-rasterbar"
#define PACKAGE_TARNAME "libtorrent-rasterbar"
#define PACKAGE_VERSION "0.15.4"
#define PACKAGE_STRING "libtorrent-rasterbar 0.15.4"
#define PACKAGE_BUGREPORT "arvid@cs.umu.se"
#define PACKAGE_URL "http://www.libtorrent.org"
#define PACKAGE "libtorrent-rasterbar"
#define VERSION "0.15.4"
#define STDC_HEADERS 1
#define HAVE_SYS_TYPES_H 1
#define HAVE_SYS_STAT_H 1
#define HAVE_STDLIB_H 1
#define HAVE_STRING_H 1
#define HAVE_MEMORY_H 1
#define HAVE_STRINGS_H 1
#define HAVE_INTTYPES_H 1
#define HAVE_STDINT_H 1
#define HAVE_UNISTD_H 1
#define HAVE_DLFCN_H 1
#define LT_OBJDIR ".libs/"
#define HAVE_PTHREAD 1
#define HAVE_BOOST 1
#define HAVE_BOOST_SYSTEM 1
#define HAVE_BOOST_FILESYSTEM 1
#define HAVE_BOOST_THREAD 1
#define _FILE_OFFSET_BITS 64
#define HAVE_GETHOSTBYNAME 1
#define HAVE_GETHOSTBYNAME_R 1
#define GETHOSTBYNAME_R_RETURNS_INT 1
#define HAVE_LIBRT 1
#define NDEBUG 1
#define TORRENT_USE_OPENSSL 1
#define HAVE_LIBZ 1
#define WITH_SHIPPED_GEOIP_H 1
#define BOOST_ASIO_HASH_MAP_BUCKETS 1021
#define BOOST_EXCEPTION_DISABLE 1
#define TORRENT_BUILDING_SHARED 1

configure: exit 0
