This file contains any messages produced by compilers while
running configure, to aid debugging if configure makes a mistake.

It was created by Kerberos 5 configure 1.7.1, which was
generated by GNU Autoconf 2.59.  Invocation command line was

  $ ./configure --build=i386-linux --host=arm-mv5sft-linux-gnueabi --prefix=/home/roy/DNS-345_GPL/packages/krb5-1.7.1/src/_install CFLAGS=-DUSE_LINKER_FINI_OPTION --cache-file=linux-cache

## --------- ##
## Platform. ##
## --------- ##

hostname = fedora-14
uname -m = i686
uname -r = 2.6.35.6-45.fc14.i686
uname -s = Linux
uname -v = #1 SMP Mon Oct 18 23:56:17 UTC 2010

/usr/bin/uname -p = unknown
/bin/uname -X     = unknown

/bin/arch              = i686
/usr/bin/arch -k       = unknown
/usr/convex/getsysinfo = unknown
hostinfo               = unknown
/bin/machine           = unknown
/usr/bin/oslevel       = unknown
/bin/universe          = unknown

PATH: /opt_gccarm/arm-mv5sft-linux-gnueabi/bin
PATH: /usr/lib/qt-3.3/bin
PATH: /usr/lib/ccache
PATH: /usr/local/bin
PATH: /bin
PATH: /usr/bin
PATH: /usr/local/sbin
PATH: /usr/sbin
PATH: /sbin
PATH: /home/roy/bin


## ----------- ##
## Core tests. ##
## ----------- ##

configure:1291: loading cache linux-cache
configure:1466: checking for arm-mv5sft-linux-gnueabi-gcc
configure:1492: result: arm-mv5sft-linux-gnueabi-gcc
configure:1774: checking for C compiler version
configure:1777: arm-mv5sft-linux-gnueabi-gcc --version </dev/null >&5
arm-mv5sft-linux-gnueabi-gcc (sdk3.2rc1-ct-ng-1.4.1) 4.3.2
Copyright (C) 2008 Free Software Foundation, Inc.
This is free software; see the source for copying conditions.  There is NO
warranty; not even for MERCHANTABILITY or FITNESS FOR A PARTICULAR PURPOSE.

configure:1780: $? = 0
configure:1782: arm-mv5sft-linux-gnueabi-gcc -v </dev/null >&5
Using built-in specs.
Target: arm-mv5sft-linux-gnueabi
Configured with: /home/seugene/sdk/targets/src/gcc-4.3.2/configure --build=i486-build_pc-linux-gnu --host=i486-build_pc-linux-gnu --target=arm-mv5sft-linux-gnueabi --prefix=/home/seugene/sdk/targets/arm-mv5sft-linux-gnueabi/cross --with-sysroot=/home/seugene/sdk/targets/arm-mv5sft-linux-gnueabi/cross/arm-mv5sft-linux-gnueabi//sys-root --enable-languages=c,c++,fortran,java --disable-multilib --with-arch=armv5te --with-float=soft --with-gmp=/home/seugene/sdk/targets/arm-mv5sft-linux-gnueabi/cross --with-mpfr=/home/seugene/sdk/targets/arm-mv5sft-linux-gnueabi/cross --with-pkgversion=sdk3.2rc1-ct-ng-1.4.1 --disable-sjlj-exceptions --enable-__cxa_atexit --with-local-prefix=/home/seugene/sdk/targets/arm-mv5sft-linux-gnueabi/cross/arm-mv5sft-linux-gnueabi//sys-root --disable-nls --enable-threads=posix --enable-symvers=gnu --enable-c99 --enable-long-long --enable-target-optspace
Thread model: posix
gcc version 4.3.2 (sdk3.2rc1-ct-ng-1.4.1) 
configure:1785: $? = 0
configure:1787: arm-mv5sft-linux-gnueabi-gcc -V </dev/null >&5
arm-mv5sft-linux-gnueabi-gcc: '-V' option must have argument
configure:1790: $? = 1
configure:1813: checking for C compiler default output file name
configure:1816: arm-mv5sft-linux-gnueabi-gcc -DUSE_LINKER_FINI_OPTION   conftest.c  >&5
configure:1819: $? = 0
configure:1865: result: a.out
configure:1870: checking whether the C compiler works
configure:1896: result: yes
configure:1903: checking whether we are cross compiling
configure:1905: result: yes
configure:1908: checking for suffix of executables
configure:1910: arm-mv5sft-linux-gnueabi-gcc -o conftest -DUSE_LINKER_FINI_OPTION   conftest.c  >&5
configure:1913: $? = 0
configure:1938: result: 
configure:1944: checking for suffix of object files
configure:1990: result: o
configure:1994: checking whether we are using the GNU C compiler
configure:2050: result: yes
configure:2056: checking whether arm-mv5sft-linux-gnueabi-gcc accepts -g
configure:2107: result: yes
configure:2124: checking for arm-mv5sft-linux-gnueabi-gcc option to accept ANSI C
configure:2231: result: none needed
configure:2249: arm-mv5sft-linux-gnueabi-gcc -c -DUSE_LINKER_FINI_OPTION  conftest.c >&5
conftest.c:2: error: expected '=', ',', ';', 'asm' or '__attribute__' before 'me'
configure:2255: $? = 1
configure: failed program was:
| #ifndef __cplusplus
|   choke me
| #endif
configure:2398: checking for arm-mv5sft-linux-gnueabi-g++
configure:2424: result: arm-mv5sft-linux-gnueabi-g++
configure:2482: checking for C++ compiler version
configure:2485: arm-mv5sft-linux-gnueabi-g++ --version </dev/null >&5
arm-mv5sft-linux-gnueabi-g++ (sdk3.2rc1-ct-ng-1.4.1) 4.3.2
Copyright (C) 2008 Free Software Foundation, Inc.
This is free software; see the source for copying conditions.  There is NO
warranty; not even for MERCHANTABILITY or FITNESS FOR A PARTICULAR PURPOSE.

configure:2488: $? = 0
configure:2490: arm-mv5sft-linux-gnueabi-g++ -v </dev/null >&5
Using built-in specs.
Target: arm-mv5sft-linux-gnueabi
Configured with: /home/seugene/sdk/targets/src/gcc-4.3.2/configure --build=i486-build_pc-linux-gnu --host=i486-build_pc-linux-gnu --target=arm-mv5sft-linux-gnueabi --prefix=/home/seugene/sdk/targets/arm-mv5sft-linux-gnueabi/cross --with-sysroot=/home/seugene/sdk/targets/arm-mv5sft-linux-gnueabi/cross/arm-mv5sft-linux-gnueabi//sys-root --enable-languages=c,c++,fortran,java --disable-multilib --with-arch=armv5te --with-float=soft --with-gmp=/home/seugene/sdk/targets/arm-mv5sft-linux-gnueabi/cross --with-mpfr=/home/seugene/sdk/targets/arm-mv5sft-linux-gnueabi/cross --with-pkgversion=sdk3.2rc1-ct-ng-1.4.1 --disable-sjlj-exceptions --enable-__cxa_atexit --with-local-prefix=/home/seugene/sdk/targets/arm-mv5sft-linux-gnueabi/cross/arm-mv5sft-linux-gnueabi//sys-root --disable-nls --enable-threads=posix --enable-symvers=gnu --enable-c99 --enable-long-long --enable-target-optspace
Thread model: posix
gcc version 4.3.2 (sdk3.2rc1-ct-ng-1.4.1) 
configure:2493: $? = 0
configure:2495: arm-mv5sft-linux-gnueabi-g++ -V </dev/null >&5
arm-mv5sft-linux-gnueabi-g++: '-V' option must have argument
configure:2498: $? = 1
configure:2501: checking whether we are using the GNU C++ compiler
configure:2557: result: yes
configure:2563: checking whether arm-mv5sft-linux-gnueabi-g++ accepts -g
configure:2614: result: yes
configure:2656: arm-mv5sft-linux-gnueabi-g++ -c -g -O2  conftest.cc >&5
configure:2662: $? = 0
configure:2666: test -z 
			 || test ! -s conftest.err
configure:2669: $? = 0
configure:2672: test -s conftest.o
configure:2675: $? = 0
configure:2701: arm-mv5sft-linux-gnueabi-g++ -c -g -O2  conftest.cc >&5
conftest.cc: In function 'int main()':
conftest.cc:13: error: 'exit' was not declared in this scope
configure:2707: $? = 1
configure: failed program was:
| /* confdefs.h.  */
| 
| #define PACKAGE_NAME "Kerberos 5"
| #define PACKAGE_TARNAME "krb5"
| #define PACKAGE_VERSION "1.7.1"
| #define PACKAGE_STRING "Kerberos 5 1.7.1"
| #define PACKAGE_BUGREPORT "krb5-bugs@mit.edu"
| /* end confdefs.h.  */
| 
| int
| main ()
| {
| exit (42);
|   ;
|   return 0;
| }
configure:2656: arm-mv5sft-linux-gnueabi-g++ -c -g -O2  conftest.cc >&5
conftest.cc:9: error: 'void std::exit(int)' should have been declared inside 'std'
configure:2662: $? = 1
configure: failed program was:
| /* confdefs.h.  */
| 
| #define PACKAGE_NAME "Kerberos 5"
| #define PACKAGE_TARNAME "krb5"
| #define PACKAGE_VERSION "1.7.1"
| #define PACKAGE_STRING "Kerberos 5 1.7.1"
| #define PACKAGE_BUGREPORT "krb5-bugs@mit.edu"
| /* end confdefs.h.  */
| extern "C" void std::exit (int) throw (); using std::exit;
| #include <stdlib.h>
| int
| main ()
| {
| exit (42);
|   ;
|   return 0;
| }
configure:2656: arm-mv5sft-linux-gnueabi-g++ -c -g -O2  conftest.cc >&5
conftest.cc:9: error: 'void std::exit(int)' should have been declared inside 'std'
In file included from conftest.cc:10:
/opt_gccarm/arm-mv5sft-linux-gnueabi/bin/../arm-mv5sft-linux-gnueabi//sys-root/usr/include/stdlib.h:531: error: declaration of 'void std::exit(int) throw ()' throws different exceptions
conftest.cc:9: error: from previous declaration 'void std::exit(int)'
configure:2662: $? = 1
configure: failed program was:
| /* confdefs.h.  */
| 
| #define PACKAGE_NAME "Kerberos 5"
| #define PACKAGE_TARNAME "krb5"
| #define PACKAGE_VERSION "1.7.1"
| #define PACKAGE_STRING "Kerberos 5 1.7.1"
| #define PACKAGE_BUGREPORT "krb5-bugs@mit.edu"
| /* end confdefs.h.  */
| extern "C" void std::exit (int); using std::exit;
| #include <stdlib.h>
| int
| main ()
| {
| exit (42);
|   ;
|   return 0;
| }
configure:2656: arm-mv5sft-linux-gnueabi-g++ -c -g -O2  conftest.cc >&5
configure:2662: $? = 0
configure:2666: test -z 
			 || test ! -s conftest.err
configure:2669: $? = 0
configure:2672: test -s conftest.o
configure:2675: $? = 0
configure:2701: arm-mv5sft-linux-gnueabi-g++ -c -g -O2  conftest.cc >&5
configure:2707: $? = 0
configure:2711: test -z 
			 || test ! -s conftest.err
configure:2714: $? = 0
configure:2717: test -s conftest.o
configure:2720: $? = 0
configure:2749: checking how to run the C preprocessor
configure:2867: result: arm-mv5sft-linux-gnueabi-gcc -E
configure:2891: arm-mv5sft-linux-gnueabi-gcc -E  conftest.c
configure:2897: $? = 0
configure:2929: arm-mv5sft-linux-gnueabi-gcc -E  conftest.c
conftest.c:12:28: error: ac_nonexistent.h: No such file or directory
configure:2935: $? = 1
configure: failed program was:
| /* confdefs.h.  */
| 
| #define PACKAGE_NAME "Kerberos 5"
| #define PACKAGE_TARNAME "krb5"
| #define PACKAGE_VERSION "1.7.1"
| #define PACKAGE_STRING "Kerberos 5 1.7.1"
| #define PACKAGE_BUGREPORT "krb5-bugs@mit.edu"
| #ifdef __cplusplus
| extern "C" void exit (int) throw ();
| #endif
| /* end confdefs.h.  */
| #include <ac_nonexistent.h>
configure:2985: checking build system type
configure:3003: result: i386-pc-linux-gnu
configure:3011: checking host system type
configure:3025: result: arm-mv5sft-linux-gnueabi
configure:3033: checking for egrep
configure:3043: result: grep -E
configure:3048: checking for ANSI C header files
configure:3204: result: yes
configure:3228: checking for sys/types.h
configure:3274: result: yes
configure:3228: checking for sys/stat.h
configure:3274: result: yes
configure:3228: checking for stdlib.h
configure:3274: result: yes
configure:3228: checking for string.h
configure:3274: result: yes
configure:3228: checking for memory.h
configure:3274: result: yes
configure:3228: checking for strings.h
configure:3274: result: yes
configure:3228: checking for inttypes.h
configure:3274: result: yes
configure:3228: checking for stdint.h
configure:3274: result: yes
configure:3228: checking for unistd.h
configure:3274: result: yes
configure:3293: checking for GNU linker
configure:3310: result: yes
configure:3345: adding extra warning flags for gcc
configure:3352: skipping pedantic warnings on Linux
configure:3362: adding extra warning flags for g++
configure:3369: checking if C compiler supports -Wno-format-zero-length
configure:3470: result: yes
configure:3481: checking if C compiler supports -Woverflow
configure:3582: result: yes
configure:3481: checking if C compiler supports -Wstrict-overflow
configure:3582: result: yes
configure:3481: checking if C compiler supports -Wmissing-format-attribute
configure:3582: result: yes
configure:3481: checking if C compiler supports -Wmissing-prototypes
configure:3582: result: yes
configure:3481: checking if C compiler supports -Wreturn-type
configure:3582: result: yes
configure:3481: checking if C compiler supports -Wmissing-braces
configure:3582: result: yes
configure:3481: checking if C compiler supports -Wparentheses
configure:3582: result: yes
configure:3481: checking if C compiler supports -Wswitch
configure:3582: result: yes
configure:3481: checking if C compiler supports -Wunused-function
configure:3582: result: yes
configure:3481: checking if C compiler supports -Wunused-label
configure:3582: result: yes
configure:3481: checking if C compiler supports -Wunused-variable
configure:3582: result: yes
configure:3481: checking if C compiler supports -Wunused-value
configure:3582: result: yes
configure:3481: checking if C compiler supports -Wunknown-pragmas
configure:3582: result: yes
configure:3481: checking if C compiler supports -Wsign-compare
configure:3582: result: yes
configure:3481: checking if C compiler supports -Wnewline-eof
configure:3582: result: no
configure:3605: checking if C compiler supports -Werror=declaration-after-statement
configure:3706: result: yes
configure:3605: checking if C compiler supports -Werror=variadic-macros
configure:3706: result: yes
configure:3899: checking which version of com_err to use
configure:3907: result: krb5
configure:4184: checking which version of subsystem package to use
configure:4251: result: krb5
configure:4301: checking for an ANSI C-conforming const
configure:4398: result: yes
configure:4425: checking for gethostbyname
configure:4513: result: yes
configure:4818: checking for socket
configure:4906: result: yes
configure:5091: checking for main in -lresolv
configure:5147: result: yes
configure:5173: checking for res_ninit
configure:5231: result: yes
configure:5173: checking for res_nclose
configure:5231: result: yes
configure:5173: checking for res_ndestroy
configure:5231: result: no
configure:5173: checking for res_nsearch
configure:5231: result: yes
configure:5173: checking for ns_initparse
configure:5231: result: no
configure:5173: checking for ns_name_uncompress
configure:5231: result: no
configure:5173: checking for dn_skipname
configure:5231: result: yes
configure:5173: checking for res_search
configure:5231: result: yes
configure:5484: checking whether pragma weak references are supported
configure:5537: result: yes
configure:5621: checking for constructor/destructor attribute support
configure:5697: result: yes
configure:5746: enabling thread support
configure:5947: checking for the pthreads library -lpthreads
configure:5985: arm-mv5sft-linux-gnueabi-gcc -o conftest -DUSE_LINKER_FINI_OPTION    conftest.c -lpthreads -lresolv  >&5
/opt_gccarm/arm-mv5sft-linux-gnueabi/bin/../lib/gcc/arm-mv5sft-linux-gnueabi/4.3.2/../../../../arm-mv5sft-linux-gnueabi/bin/ld: cannot find -lpthreads
collect2: ld returned 1 exit status
configure:5991: $? = 1
configure: failed program was:
| /* confdefs.h.  */
| 
| #define PACKAGE_NAME "Kerberos 5"
| #define PACKAGE_TARNAME "krb5"
| #define PACKAGE_VERSION "1.7.1"
| #define PACKAGE_STRING "Kerberos 5 1.7.1"
| #define PACKAGE_BUGREPORT "krb5-bugs@mit.edu"
| #ifdef __cplusplus
| extern "C" void exit (int) throw ();
| #endif
| #define STDC_HEADERS 1
| #define HAVE_SYS_TYPES_H 1
| #define HAVE_SYS_STAT_H 1
| #define HAVE_STDLIB_H 1
| #define HAVE_STRING_H 1
| #define HAVE_MEMORY_H 1
| #define HAVE_STRINGS_H 1
| #define HAVE_INTTYPES_H 1
| #define HAVE_STDINT_H 1
| #define HAVE_UNISTD_H 1
| #define HAVE_BT_RSEQ 1
| #define KRB5_DNS_LOOKUP_KDC 1
| #define KRB5_DNS_LOOKUP 1
| #define HAVE_LIBRESOLV 1
| #define HAVE_RES_NINIT 1
| #define HAVE_RES_NCLOSE 1
| #define HAVE_RES_NSEARCH 1
| #define HAVE_DN_SKIPNAME 1
| #define HAVE_RES_SEARCH 1
| #define HAVE_PRAGMA_WEAK_REF 1
| #define DELAY_INITIALIZER 1
| #define ENABLE_THREADS 1
| /* end confdefs.h.  */
| #include <pthread.h>
| int
| main ()
| {
| pthread_t th; pthread_join(th, 0);
|                      pthread_attr_init(0); pthread_cleanup_push(0, 0);
|                      pthread_create(0,0,0,0); pthread_cleanup_pop(0);
|   ;
|   return 0;
| }
configure:6018: result: no
configure:5894: checking whether pthreads work without any flags
configure:5985: arm-mv5sft-linux-gnueabi-gcc -o conftest -DUSE_LINKER_FINI_OPTION    conftest.c  -lresolv  >&5
/tmp/cc8wkwku.o: In function `main':
conftest.c:(.text+0x14): undefined reference to `pthread_join'
conftest.c:(.text+0x74): undefined reference to `__pthread_register_cancel'
conftest.c:(.text+0x88): undefined reference to `pthread_create'
conftest.c:(.text+0x94): undefined reference to `__pthread_unregister_cancel'
collect2: ld returned 1 exit status
configure:5991: $? = 1
configure: failed program was:
| /* confdefs.h.  */
| 
| #define PACKAGE_NAME "Kerberos 5"
| #define PACKAGE_TARNAME "krb5"
| #define PACKAGE_VERSION "1.7.1"
| #define PACKAGE_STRING "Kerberos 5 1.7.1"
| #define PACKAGE_BUGREPORT "krb5-bugs@mit.edu"
| #ifdef __cplusplus
| extern "C" void exit (int) throw ();
| #endif
| #define STDC_HEADERS 1
| #define HAVE_SYS_TYPES_H 1
| #define HAVE_SYS_STAT_H 1
| #define HAVE_STDLIB_H 1
| #define HAVE_STRING_H 1
| #define HAVE_MEMORY_H 1
| #define HAVE_STRINGS_H 1
| #define HAVE_INTTYPES_H 1
| #define HAVE_STDINT_H 1
| #define HAVE_UNISTD_H 1
| #define HAVE_BT_RSEQ 1
| #define KRB5_DNS_LOOKUP_KDC 1
| #define KRB5_DNS_LOOKUP 1
| #define HAVE_LIBRESOLV 1
| #define HAVE_RES_NINIT 1
| #define HAVE_RES_NCLOSE 1
| #define HAVE_RES_NSEARCH 1
| #define HAVE_DN_SKIPNAME 1
| #define HAVE_RES_SEARCH 1
| #define HAVE_PRAGMA_WEAK_REF 1
| #define DELAY_INITIALIZER 1
| #define ENABLE_THREADS 1
| /* end confdefs.h.  */
| #include <pthread.h>
| int
| main ()
| {
| pthread_t th; pthread_join(th, 0);
|                      pthread_attr_init(0); pthread_cleanup_push(0, 0);
|                      pthread_create(0,0,0,0); pthread_cleanup_pop(0);
|   ;
|   return 0;
| }
configure:6018: result: no
configure:5899: checking whether pthreads work with -Kthread
configure:5985: arm-mv5sft-linux-gnueabi-gcc -o conftest -DUSE_LINKER_FINI_OPTION -Kthread   conftest.c  -lresolv  >&5
arm-mv5sft-linux-gnueabi-gcc: unrecognized option '-Kthread'
/tmp/ccAgHTcE.o: In function `main':
conftest.c:(.text+0x14): undefined reference to `pthread_join'
conftest.c:(.text+0x74): undefined reference to `__pthread_register_cancel'
conftest.c:(.text+0x88): undefined reference to `pthread_create'
conftest.c:(.text+0x94): undefined reference to `__pthread_unregister_cancel'
collect2: ld returned 1 exit status
configure:5991: $? = 1
configure: failed program was:
| /* confdefs.h.  */
| 
| #define PACKAGE_NAME "Kerberos 5"
| #define PACKAGE_TARNAME "krb5"
| #define PACKAGE_VERSION "1.7.1"
| #define PACKAGE_STRING "Kerberos 5 1.7.1"
| #define PACKAGE_BUGREPORT "krb5-bugs@mit.edu"
| #ifdef __cplusplus
| extern "C" void exit (int) throw ();
| #endif
| #define STDC_HEADERS 1
| #define HAVE_SYS_TYPES_H 1
| #define HAVE_SYS_STAT_H 1
| #define HAVE_STDLIB_H 1
| #define HAVE_STRING_H 1
| #define HAVE_MEMORY_H 1
| #define HAVE_STRINGS_H 1
| #define HAVE_INTTYPES_H 1
| #define HAVE_STDINT_H 1
| #define HAVE_UNISTD_H 1
| #define HAVE_BT_RSEQ 1
| #define KRB5_DNS_LOOKUP_KDC 1
| #define KRB5_DNS_LOOKUP 1
| #define HAVE_LIBRESOLV 1
| #define HAVE_RES_NINIT 1
| #define HAVE_RES_NCLOSE 1
| #define HAVE_RES_NSEARCH 1
| #define HAVE_DN_SKIPNAME 1
| #define HAVE_RES_SEARCH 1
| #define HAVE_PRAGMA_WEAK_REF 1
| #define DELAY_INITIALIZER 1
| #define ENABLE_THREADS 1
| /* end confdefs.h.  */
| #include <pthread.h>
| int
| main ()
| {
| pthread_t th; pthread_join(th, 0);
|                      pthread_attr_init(0); pthread_cleanup_push(0, 0);
|                      pthread_create(0,0,0,0); pthread_cleanup_pop(0);
|   ;
|   return 0;
| }
configure:6018: result: no
configure:5899: checking whether pthreads work with -kthread
configure:5985: arm-mv5sft-linux-gnueabi-gcc -o conftest -DUSE_LINKER_FINI_OPTION -kthread   conftest.c  -lresolv  >&5
arm-mv5sft-linux-gnueabi-gcc: unrecognized option '-kthread'
/tmp/ccIz16FQ.o: In function `main':
conftest.c:(.text+0x14): undefined reference to `pthread_join'
conftest.c:(.text+0x74): undefined reference to `__pthread_register_cancel'
conftest.c:(.text+0x88): undefined reference to `pthread_create'
conftest.c:(.text+0x94): undefined reference to `__pthread_unregister_cancel'
collect2: ld returned 1 exit status
configure:5991: $? = 1
configure: failed program was:
| /* confdefs.h.  */
| 
| #define PACKAGE_NAME "Kerberos 5"
| #define PACKAGE_TARNAME "krb5"
| #define PACKAGE_VERSION "1.7.1"
| #define PACKAGE_STRING "Kerberos 5 1.7.1"
| #define PACKAGE_BUGREPORT "krb5-bugs@mit.edu"
| #ifdef __cplusplus
| extern "C" void exit (int) throw ();
| #endif
| #define STDC_HEADERS 1
| #define HAVE_SYS_TYPES_H 1
| #define HAVE_SYS_STAT_H 1
| #define HAVE_STDLIB_H 1
| #define HAVE_STRING_H 1
| #define HAVE_MEMORY_H 1
| #define HAVE_STRINGS_H 1
| #define HAVE_INTTYPES_H 1
| #define HAVE_STDINT_H 1
| #define HAVE_UNISTD_H 1
| #define HAVE_BT_RSEQ 1
| #define KRB5_DNS_LOOKUP_KDC 1
| #define KRB5_DNS_LOOKUP 1
| #define HAVE_LIBRESOLV 1
| #define HAVE_RES_NINIT 1
| #define HAVE_RES_NCLOSE 1
| #define HAVE_RES_NSEARCH 1
| #define HAVE_DN_SKIPNAME 1
| #define HAVE_RES_SEARCH 1
| #define HAVE_PRAGMA_WEAK_REF 1
| #define DELAY_INITIALIZER 1
| #define ENABLE_THREADS 1
| /* end confdefs.h.  */
| #include <pthread.h>
| int
| main ()
| {
| pthread_t th; pthread_join(th, 0);
|                      pthread_attr_init(0); pthread_cleanup_push(0, 0);
|                      pthread_create(0,0,0,0); pthread_cleanup_pop(0);
|   ;
|   return 0;
| }
configure:6018: result: no
configure:5947: checking for the pthreads library -llthread
configure:5985: arm-mv5sft-linux-gnueabi-gcc -o conftest -DUSE_LINKER_FINI_OPTION    conftest.c -llthread -lresolv  >&5
/opt_gccarm/arm-mv5sft-linux-gnueabi/bin/../lib/gcc/arm-mv5sft-linux-gnueabi/4.3.2/../../../../arm-mv5sft-linux-gnueabi/bin/ld: cannot find -llthread
collect2: ld returned 1 exit status
configure:5991: $? = 1
configure: failed program was:
| /* confdefs.h.  */
| 
| #define PACKAGE_NAME "Kerberos 5"
| #define PACKAGE_TARNAME "krb5"
| #define PACKAGE_VERSION "1.7.1"
| #define PACKAGE_STRING "Kerberos 5 1.7.1"
| #define PACKAGE_BUGREPORT "krb5-bugs@mit.edu"
| #ifdef __cplusplus
| extern "C" void exit (int) throw ();
| #endif
| #define STDC_HEADERS 1
| #define HAVE_SYS_TYPES_H 1
| #define HAVE_SYS_STAT_H 1
| #define HAVE_STDLIB_H 1
| #define HAVE_STRING_H 1
| #define HAVE_MEMORY_H 1
| #define HAVE_STRINGS_H 1
| #define HAVE_INTTYPES_H 1
| #define HAVE_STDINT_H 1
| #define HAVE_UNISTD_H 1
| #define HAVE_BT_RSEQ 1
| #define KRB5_DNS_LOOKUP_KDC 1
| #define KRB5_DNS_LOOKUP 1
| #define HAVE_LIBRESOLV 1
| #define HAVE_RES_NINIT 1
| #define HAVE_RES_NCLOSE 1
| #define HAVE_RES_NSEARCH 1
| #define HAVE_DN_SKIPNAME 1
| #define HAVE_RES_SEARCH 1
| #define HAVE_PRAGMA_WEAK_REF 1
| #define DELAY_INITIALIZER 1
| #define ENABLE_THREADS 1
| /* end confdefs.h.  */
| #include <pthread.h>
| int
| main ()
| {
| pthread_t th; pthread_join(th, 0);
|                      pthread_attr_init(0); pthread_cleanup_push(0, 0);
|                      pthread_create(0,0,0,0); pthread_cleanup_pop(0);
|   ;
|   return 0;
| }
configure:6018: result: no
configure:5899: checking whether pthreads work with -pthread
configure:5985: arm-mv5sft-linux-gnueabi-gcc -o conftest -DUSE_LINKER_FINI_OPTION -pthread   conftest.c  -lresolv  >&5
configure:5991: $? = 0
configure:5995: test -z 
			 || test ! -s conftest.err
configure:5998: $? = 0
configure:6001: test -s conftest
configure:6004: $? = 0
configure:6018: result: yes
configure:6038: checking for joinable pthread attribute
configure:6056: arm-mv5sft-linux-gnueabi-gcc -o conftest -DUSE_LINKER_FINI_OPTION -pthread   conftest.c  -lresolv  >&5
configure:6062: $? = 0
configure:6066: test -z 
			 || test ! -s conftest.err
configure:6069: $? = 0
configure:6072: test -s conftest
configure:6075: $? = 0
configure:6141: result: PTHREAD_CREATE_JOINABLE
configure:6148: checking if more special flags are required for pthreads
configure:6155: result: no
configure:6167: checking for cc_r
configure:6194: result: arm-mv5sft-linux-gnueabi-gcc
configure:6230: PTHREAD_CC = arm-mv5sft-linux-gnueabi-gcc
configure:6232: PTHREAD_CFLAGS = -pthread
configure:6234: PTHREAD_LIBS = 
configure:6287: checking for pthread_once
configure:6375: result: no
configure:6287: checking for pthread_rwlock_init
configure:6375: result: no
configure:6393: rechecking with PTHREAD_... options
configure:6395: checking for pthread_rwlock_init in -lc
configure:6457: result: yes
configure:6474: checking for library containing dlopen
configure:6593: result: -ldl
configure:6617: checking for keyutils.h
configure:6622: result: no
configure:6840: checking if va_copy is available
configure:6892: result: yes
configure:6901: checking if va_list objects can be copied by assignment
configure:6945: result: yes
configure:7013: using shared libraries
configure:7092: checking for tclConfig.sh
configure:7113: result: not found
configure:8153: WARNING: Could not find Tcl which is needed for some tests
configure:8176: checking for memmove
configure:8264: result: yes
configure:8280: checking whether ln -s works
configure:8284: result: yes
configure:8294: checking for arm-mv5sft-linux-gnueabi-ranlib
configure:8320: result: arm-mv5sft-linux-gnueabi-ranlib
configure:8373: checking for ar
configure:8400: result: ar cqv
configure:8409: checking for ar
configure:8436: result: ar cruv
configure:8456: checking for a BSD-compatible install
configure:8511: result: /usr/bin/install -c
configure:8524: checking for ar
configure:8551: result: ar
configure:8560: checking for perl
configure:8587: result: perl
configure:8619: checking for working regcomp
configure:8668: result: yes
configure:8860: checking for mode_t
configure:8914: result: yes
configure:8939: checking for a BSD-compatible install
configure:8994: result: /usr/bin/install -c
configure:9008: checking if daemon needs a prototype provided
configure:9065: result: no
configure:9085: checking if getsockname() takes arguments struct sockaddr * and size_t *
configure:9142: result: yes
configure:9185: checking for main in -lutil
configure:9241: result: yes
configure:9264: checking for syslog.h
configure:9269: result: yes
configure:9264: checking for stdarg.h
configure:9269: result: yes
configure:9264: checking for sys/select.h
configure:9269: result: yes
configure:9264: checking for sys/sockio.h
configure:9269: result: no
configure:9264: checking for ifaddrs.h
configure:9269: result: yes
configure:9264: checking for unistd.h
configure:9269: result: yes
configure:9419: checking for openlog
configure:9507: result: yes
configure:9419: checking for syslog
configure:9507: result: yes
configure:9419: checking for closelog
configure:9507: result: yes
configure:9419: checking for strftime
configure:9507: result: yes
configure:9419: checking for vsprintf
configure:9507: result: yes
configure:9419: checking for vasprintf
configure:9507: result: yes
configure:9419: checking for vsnprintf
configure:9507: result: yes
configure:9521: checking for strlcpy
configure:9609: result: no
configure:9620: checking for strlcpy
configure:9708: result: no
configure:9718: checking for vasprintf
configure:9806: result: yes
configure:9821: checking if vasprintf needs a prototype provided
configure:9878: result: yes
configure:9891: checking if swab needs a prototype provided
configure:9952: result: yes
configure:9965: checking if isblank needs a prototype provided
configure:10020: result: yes
configure:10035: checking for gawk
configure:10061: result: gawk
configure:10071: checking for struct sockaddr.sa_len
configure:10174: result: no
configure:10194: checking for sys/types.h
configure:10199: result: yes
configure:10194: checking for sys/socket.h
configure:10199: result: yes
configure:10194: checking for netinet/in.h
configure:10199: result: yes
configure:10194: checking for netdb.h
configure:10199: result: yes
configure:10345: checking for inet_ntop
configure:10433: result: yes
configure:10345: checking for inet_pton
configure:10433: result: yes
configure:10345: checking for getnameinfo
configure:10433: result: yes
configure:10443: checking for getaddrinfo
configure:10501: result: yes
configure:10515: checking for IPv6 compile-time support
configure:10583: result: yes
configure:10671: checking for struct sockaddr.sa_len
configure:10774: result: no
configure:10786: checking for sigprocmask
configure:10874: result: yes
configure:10877: checking for sigset_t and POSIX_SIGNALS
configure:10929: result: yes
configure:10994: checking return type of signal handlers
configure:11055: result: void
configure:11080: checking for a BSD-compatible install
configure:11135: result: /usr/bin/install -c
configure:11150: checking for gawk
configure:11176: result: gawk
configure:11190: checking for flex
configure:11216: result: flex
configure:11229: checking for yywrap in -lfl
configure:11291: result: yes
configure:11369: checking lex output file root
configure:11395: result: lex.yy
configure:11400: checking whether yytext is a pointer
configure:11449: result: yes
configure:11460: checking for an ANSI C-conforming const
configure:11557: result: yes
configure:11575: checking for dirent.h that defines DIR
configure:11629: result: yes
configure:11642: checking for library containing opendir
configure:11761: result: none required
configure:11948: checking for strdup
configure:12036: result: yes
configure:11948: checking for setvbuf
configure:12036: result: yes
configure:11948: checking for inet_ntoa
configure:12036: result: yes
configure:11948: checking for inet_aton
configure:12036: result: yes
configure:11948: checking for seteuid
configure:12036: result: yes
configure:11948: checking for setresuid
configure:12036: result: yes
configure:11948: checking for setreuid
configure:12036: result: yes
configure:11948: checking for setegid
configure:12036: result: yes
configure:11948: checking for setresgid
configure:12036: result: yes
configure:11948: checking for setregid
configure:12036: result: yes
configure:11948: checking for setsid
configure:12036: result: yes
configure:11948: checking for flock
configure:12036: result: yes
configure:11948: checking for fchmod
configure:12036: result: yes
configure:11948: checking for chmod
configure:12036: result: yes
configure:11948: checking for strftime
configure:12036: result: yes
configure:11948: checking for strptime
configure:12036: result: yes
configure:11948: checking for geteuid
configure:12036: result: yes
configure:11948: checking for setenv
configure:12036: result: yes
configure:11948: checking for unsetenv
configure:12036: result: yes
configure:11948: checking for getenv
configure:12036: result: yes
configure:11948: checking for gethostbyname2
configure:12036: result: yes
configure:11948: checking for getifaddrs
configure:12036: result: yes
configure:11948: checking for gmtime_r
configure:12036: result: yes
configure:11948: checking for localtime_r
configure:12036: result: yes
configure:11948: checking for pthread_mutex_lock
configure:12036: result: yes
configure:11948: checking for sched_yield
configure:12036: result: yes
configure:11948: checking for bswap16
configure:12036: result: no
configure:11948: checking for bswap64
configure:12036: result: no
configure:11948: checking for mkstemp
configure:12036: result: yes
configure:11948: checking for getusershell
configure:12036: result: yes
configure:11948: checking for lstat
configure:12036: result: yes
configure:11948: checking for access
configure:12036: result: yes
configure:11948: checking for ftime
configure:12036: result: yes
configure:11948: checking for getcwd
configure:12036: result: yes
configure:11948: checking for srand48
configure:12036: result: yes
configure:11948: checking for srand
configure:12036: result: yes
configure:11948: checking for srandom
configure:12036: result: yes
configure:11948: checking for stat
configure:12036: result: yes
configure:11948: checking for strchr
configure:12036: result: yes
configure:11948: checking for strerror
configure:12036: result: yes
configure:11948: checking for strerror_r
configure:12036: result: yes
configure:11948: checking for strstr
configure:12036: result: yes
configure:11948: checking for timezone
configure:12036: result: yes
configure:11948: checking for umask
configure:12036: result: yes
configure:11948: checking for waitpid
configure:12036: result: yes
configure:11948: checking for sem_init
configure:12036: result: no
configure:11948: checking for sem_trywait
configure:12036: result: no
configure:11948: checking for daemon
configure:12036: result: yes
configure:12046: checking for mkstemp
configure:12134: result: yes
configure:12150: checking for stdarg.h
configure:12209: result: yes
configure:12294: checking for sys_errlist declaration
configure:12346: result: yes
configure:12461: checking for unistd.h
configure:12466: result: yes
configure:12461: checking for paths.h
configure:12466: result: yes
configure:12461: checking for regex.h
configure:12466: result: yes
configure:12461: checking for regexpr.h
configure:12466: result: no
configure:12461: checking for fcntl.h
configure:12466: result: yes
configure:12461: checking for memory.h
configure:12466: result: yes
configure:12461: checking for ifaddrs.h
configure:12466: result: yes
configure:12461: checking for sys/filio.h
configure:12466: result: no
configure:12461: checking for sched.h
configure:12466: result: yes
configure:12461: checking for byteswap.h
configure:12466: result: yes
configure:12461: checking for machine/endian.h
configure:12466: result: no
configure:12461: checking for machine/byte_order.h
configure:12466: result: no
configure:12461: checking for sys/bswap.h
configure:12466: result: no
configure:12461: checking for endian.h
configure:12466: result: yes
configure:12461: checking for pwd.h
configure:12466: result: yes
configure:12461: checking for arpa/inet.h
configure:12466: result: yes
configure:12461: checking for alloca.h
configure:12466: result: yes
configure:12461: checking for dlfcn.h
configure:12466: result: yes
configure:12461: checking for limits.h
configure:12466: result: yes
configure:12461: checking for pthread.h
configure:12466: result: yes
configure:12461: checking for semaphore.h
configure:12466: result: yes
configure:12461: checking for krb_db.h
configure:12466: result: no
configure:12461: checking for kdc.h
configure:12466: result: no
configure:12606: checking for regexp.h
configure:12658: result: no
configure:12662: checking for struct sockaddr_in.sin_len
configure:12765: result: no
configure:12775: checking for struct sockaddr.sa_len
configure:12878: result: no
configure:12889: checking for struct stat.st_mtimensec
configure:12992: result: no
configure:13002: checking for struct stat.st_mtimespec.tv_nsec
configure:13105: result: no
configure:13115: checking for struct stat.st_mtim.tv_nsec
configure:13218: result: yes
configure:13236: checking for re_comp
configure:13324: result: yes
configure:13236: checking for re_exec
configure:13324: result: yes
configure:13236: checking for regexec
configure:13324: result: yes
configure:13335: checking for off_t
configure:13389: result: yes
configure:13401: checking for perror declaration
configure:13424: result: no
configure:13435: checking if strptime needs a prototype provided
configure:13490: result: yes
configure:13502: checking if argument to wait is int *
configure:13604: result: no
configure:13615: checking for use of sigprocmask
configure:13713: result: yes
configure:13723: checking for uid_t in sys/types.h
configure:13746: result: yes
configure:13761: checking type of array argument to getgroups
configure:13840: result: gid_t
configure:13849: checking for sigsetjmp
configure:13937: result: no
configure:14004: checking return type of setrpcent
configure:14059: result: void
configure:14066: checking return type of endrpcent
configure:14121: result: void
configure:14128: checking for bswap_16
configure:14184: result: yes
configure:14193: checking for bswap_64
configure:14249: result: yes
configure:14344: checking for gethostbyname_r
configure:14432: result: yes
configure:14438: checking if gethostbyname_r returns an int
configure:14491: result: yes
configure:14494: checking if gethostbyname_r returns a pointer
configure:14547: result: no
configure:14569: checking for gethostbyaddr_r
configure:14657: result: yes
configure:14665: checking for getpwnam_r
configure:14753: result: yes
configure:14761: checking for getpwuid_r
configure:14849: result: yes
configure:14858: checking return type of getpwnam_r
configure:14962: result: int
configure:14977: checking number of arguments to getpwnam_r
configure:15081: result: 5
configure:15128: checking whether gmtime_r returns int
configure:15237: result: no
configure:15249: checking for getservbyname_r
configure:15337: result: yes
configure:15343: checking if getservbyname_r returns an int
configure:15396: result: yes
configure:15399: checking if getservbyname_r returns a pointer
configure:15452: result: no
configure:15474: checking for getservbyport_r
configure:15562: result: yes
configure:15569: checking for yylineno declaration
configure:15585: result: yes
configure:15597: checking for dirent.h
configure:15602: result: yes
configure:15742: checking for uid_t in sys/types.h
configure:15765: result: yes
configure:15780: checking for mode_t
configure:15834: result: yes
configure:15847: checking for termios.h
configure:15852: result: yes
configure:15984: checking for tcsetattr
configure:16072: result: yes
configure:16086: checking POSIX signal handlers
configure:16143: result: yes
configure:16183: checking for stdlib.h
configure:16188: result: yes
configure:16183: checking for string.h
configure:16188: result: yes
configure:16183: checking for stddef.h
configure:16188: result: yes
configure:16183: checking for sys/types.h
configure:16188: result: yes
configure:16183: checking for sys/file.h
configure:16188: result: yes
configure:16183: checking for sys/param.h
configure:16188: result: yes
configure:16183: checking for sys/stat.h
configure:16188: result: yes
configure:16183: checking for sys/time.h
configure:16188: result: yes
configure:16183: checking for netinet/in.h
configure:16188: result: yes
configure:16183: checking for sys/uio.h
configure:16188: result: yes
configure:16183: checking for sys/filio.h
configure:16188: result: no
configure:16183: checking for sys/select.h
configure:16188: result: yes
configure:16183: checking for time.h
configure:16188: result: yes
configure:16183: checking for paths.h
configure:16188: result: yes
configure:16183: checking for errno.h
configure:16188: result: yes
configure:16330: checking for stdarg.h
configure:16389: result: yes
configure:16483: checking for sys/types.h
configure:16488: result: yes
configure:16483: checking for sys/socket.h
configure:16488: result: yes
configure:16483: checking for netinet/in.h
configure:16488: result: yes
configure:16483: checking for netdb.h
configure:16488: result: yes
configure:16634: checking for inet_ntop
configure:16722: result: yes
configure:16634: checking for inet_pton
configure:16722: result: yes
configure:16634: checking for getnameinfo
configure:16722: result: yes
configure:16732: checking for getaddrinfo
configure:16790: result: yes
configure:16804: checking for IPv6 compile-time support
configure:16872: result: yes
configure:16961: checking for in6addr_any definition in library
configure:17024: result: yes
configure:17035: checking for ANSI stdio
configure:17083: result: yes
configure:17092: checking whether time.h and sys/time.h may both be included
configure:17147: result: yes
configure:17157: checking for time_t
configure:17211: result: yes
configure:17223: checking for replay cache directory
configure:17235: result: /var/tmp
configure:17239: checking for socklen_t
configure:17293: result: yes
configure:17302: checking for struct lifconf
configure:17356: result: no
configure:17365: checking for struct if_laddrconf
configure:17420: result: no
configure:17429: checking for h_errno in netdb.h
configure:17481: result: yes
configure:17500: checking for inline
configure:17552: result: inline
configure:17581: checking for inttypes.h
configure:17586: result: yes
configure:17581: checking for stdint.h
configure:17586: result: yes
configure:17726: checking for uint32_t
configure:17787: result: yes
configure:17797: checking for int32_t
configure:17858: result: yes
configure:17868: checking for uint64_t
configure:17929: result: yes
configure:17939: checking for int64_t
configure:18000: result: yes
configure:18010: checking for uint_least32_t
configure:18071: result: yes
configure:18081: checking for uintptr_t
configure:18142: result: yes
configure:18152: checking for uintmax_t
configure:18213: result: yes
configure:18223: checking for long long
configure:18284: result: yes
configure:18295: checking for struct cmsghdr
configure:18354: result: yes
configure:18364: checking for struct in_pktinfo
configure:18423: result: yes
configure:18433: checking for struct in6_pktinfo
configure:18492: result: no
configure:18502: checking for struct sockaddr_storage
configure:18561: result: yes
configure:18572: checking for struct rt_msghdr
configure:18631: result: no
configure:18645: checking for ssize_t
configure:18699: result: yes
configure:18709: checking for u_char
configure:18763: result: yes
configure:18773: checking for u_int
configure:18827: result: yes
configure:18837: checking for u_long
configure:18891: result: yes
configure:18901: checking for u_int8_t
configure:18955: result: yes
configure:18965: checking for u_int16_t
configure:19019: result: yes
configure:19029: checking for u_int32_t
configure:19083: result: yes
configure:19093: checking for int8_t
configure:19147: result: yes
configure:19157: checking for int16_t
configure:19211: result: yes
configure:19221: checking for int32_t
configure:19275: result: yes
configure:19289: checking for sh
configure:19320: result: /bin/sh
configure:19329: checking for sh5
configure:19360: result: false
configure:19369: checking for bash
configure:19400: result: /bin/sh
configure:19408: checking if /bin/sh supports functions
configure:19411: result: yes
configure:19421: checking for POSIX printf positional specification support
configure:19428: error: Cannot test for printf positional argument support when cross compiling
configure:19477: result: 
configure:19483: checking for bison
configure:19509: result: bison -y
configure:19528: checking for runtest
configure:19557: result: no
configure:19563: checking for perl
configure:19589: result: perl
configure:19632: checking for tclConfig.sh
configure:19653: result: not found
configure:20693: WARNING: Could not find Tcl which is needed for some tests
configure:20720: checking for perl
configure:20750: result: /usr/bin/perl
configure:20759: checking for expect
configure:20792: result: no
configure:20800: checking whether to use priocntl hack
configure:20829: result: no
configure:20841: checking for runtest
configure:20870: result: no
configure:20876: checking for perl
configure:20902: result: perl
configure:20910: checking for stdint.h
configure:20915: result: yes
configure:21056: checking for inttypes.h
configure:21061: result: yes
configure:21202: checking for xom.h
configure:21207: result: no
configure:21363: checking where struct rpcent is declared
configure:21383: arm-mv5sft-linux-gnueabi-gcc -c -DUSE_LINKER_FINI_OPTION  conftest.c >&5
configure:21389: $? = 0
configure:21393: test -z 
			 || test ! -s conftest.err
configure:21396: $? = 0
configure:21399: test -s conftest.o
configure:21402: $? = 0
configure:21422: arm-mv5sft-linux-gnueabi-gcc -c -DUSE_LINKER_FINI_OPTION  conftest.c >&5
configure:21428: $? = 0
configure:21432: test -z 
			 || test ! -s conftest.err
configure:21435: $? = 0
configure:21438: test -s conftest.o
configure:21441: $? = 0
configure:21443: result: rpc/netdb.h
configure:21472: checking for sys/select.h
configure:21477: result: yes
configure:21472: checking for sys/time.h
configure:21477: result: yes
configure:21472: checking for unistd.h
configure:21477: result: yes
configure:21636: checking for MAXHOSTNAMELEN in sys/param.h
configure:21687: result: yes
configure:21689: checking for MAXHOSTNAMELEN in netdb.h
configure:21740: result: no
configure:21758: checking for uint32_t in sys/types.h
configure:21809: result: no
configure:21811: checking for uint32_t in stdint.h
configure:21862: result: yes
configure:21864: checking for uint32_t in inttypes.h
configure:21915: result: yes
configure:21939: checking for BSD type aliases
configure:21995: result: yes
configure:22006: checking for struct sockaddr_in.sin_len
configure:22109: result: no
configure:22120: checking for struct sockaddr.sa_len
configure:22223: result: no
configure:22235: checking return type of setrpcent
configure:22290: result: void
configure:22297: checking return type of endrpcent
configure:22352: result: void
configure:22381: checking for a recent enough OpenSSL
configure:22425: result: no
configure:22429: checking for PKCS7_get_signer_info in -lcrypto
configure:22491: result: no
configure:22515: Disabling PKINIT support.
configure:22523: checking for daemon
configure:22611: result: yes
configure:22654: checking for gethostbyname_r
configure:22742: result: yes
configure:22654: checking for getservbyname_r
configure:22742: result: yes
configure:22654: checking for gmtime_r
configure:22742: result: yes
configure:22654: checking for localtime_r
configure:22742: result: yes
configure:23325: checking for Python.h
configure:23330: result: no
configure:23325: checking for python2.3/Python.h
configure:23330: result: no
configure:23325: checking for python2.5/Python.h
configure:23330: result: no
configure:23470: checking for main in -lpython2.3
configure:23526: result: no
configure:23531: checking for main in -lpython2.5
configure:23587: result: no
configure:23809: creating ./config.status

## ---------------------- ##
## Running config.status. ##
## ---------------------- ##

This file was extended by Kerberos 5 config.status 1.7.1, which was
generated by GNU Autoconf 2.59.  Invocation command line was

  CONFIG_FILES    = 
  CONFIG_HEADERS  = 
  CONFIG_LINKS    = 
  CONFIG_COMMANDS = 
  $ ./config.status 

on fedora-14

config.status:904: creating kadmin/testing/scripts/env-setup.sh
config.status:904: creating include/gssrpc/types.h
config.status:904: creating util/et/Makefile
config.status:904: creating util/ss/Makefile
config.status:904: creating krb5-config
config.status:904: creating ./Makefile
config.status:904: creating util/Makefile
config.status:904: creating util/support/Makefile
config.status:904: creating util/profile/Makefile
config.status:904: creating util/send-pr/Makefile
config.status:904: creating lib/Makefile
config.status:904: creating lib/kdb/Makefile
config.status:904: creating lib/crypto/Makefile
config.status:904: creating lib/crypto/crc32/Makefile
config.status:904: creating lib/crypto/des/Makefile
config.status:904: creating lib/crypto/dk/Makefile
config.status:904: creating lib/crypto/enc_provider/Makefile
config.status:904: creating lib/crypto/hash_provider/Makefile
config.status:904: creating lib/crypto/keyhash_provider/Makefile
config.status:904: creating lib/crypto/md4/Makefile
config.status:904: creating lib/crypto/md5/Makefile
config.status:904: creating lib/crypto/old/Makefile
config.status:904: creating lib/crypto/raw/Makefile
config.status:904: creating lib/crypto/sha1/Makefile
config.status:904: creating lib/crypto/arcfour/Makefile
config.status:904: creating lib/crypto/yarrow/Makefile
config.status:904: creating lib/crypto/aes/Makefile
config.status:904: creating lib/krb5/Makefile
config.status:904: creating lib/krb5/error_tables/Makefile
config.status:904: creating lib/krb5/asn.1/Makefile
config.status:904: creating lib/krb5/ccache/Makefile
config.status:904: creating lib/krb5/keytab/Makefile
config.status:904: creating lib/krb5/krb/Makefile
config.status:904: creating lib/krb5/rcache/Makefile
config.status:904: creating lib/krb5/os/Makefile
config.status:904: creating lib/krb5/unicode/Makefile
config.status:904: creating lib/gssapi/Makefile
config.status:904: creating lib/gssapi/generic/Makefile
config.status:904: creating lib/gssapi/krb5/Makefile
config.status:904: creating lib/gssapi/spnego/Makefile
config.status:904: creating lib/gssapi/mechglue/Makefile
config.status:904: creating lib/rpc/Makefile
config.status:904: creating lib/rpc/unit-test/Makefile
config.status:904: creating lib/kadm5/Makefile
config.status:904: creating lib/kadm5/clnt/Makefile
config.status:904: creating lib/kadm5/srv/Makefile
config.status:904: creating lib/kadm5/unit-test/Makefile
config.status:904: creating lib/apputils/Makefile
config.status:904: creating kdc/Makefile
config.status:904: creating slave/Makefile
config.status:904: creating config-files/Makefile
config.status:904: creating gen-manpages/Makefile
config.status:904: creating include/Makefile
config.status:904: creating plugins/locate/python/Makefile
config.status:904: creating plugins/kdb/db2/Makefile
config.status:904: creating plugins/kdb/db2/libdb2/Makefile
config.status:904: creating plugins/kdb/db2/libdb2/hash/Makefile
config.status:904: creating plugins/kdb/db2/libdb2/btree/Makefile
config.status:904: creating plugins/kdb/db2/libdb2/db/Makefile
config.status:904: creating plugins/kdb/db2/libdb2/mpool/Makefile
config.status:904: creating plugins/kdb/db2/libdb2/recno/Makefile
config.status:904: creating plugins/kdb/db2/libdb2/test/Makefile
config.status:904: creating plugins/preauth/cksum_body/Makefile
config.status:904: creating plugins/preauth/encrypted_challenge/Makefile
config.status:904: creating plugins/preauth/wpse/Makefile
config.status:904: creating plugins/authdata/greet/Makefile
config.status:904: creating clients/Makefile
config.status:904: creating clients/klist/Makefile
config.status:904: creating clients/kinit/Makefile
config.status:904: creating clients/kvno/Makefile
config.status:904: creating clients/kdestroy/Makefile
config.status:904: creating clients/kpasswd/Makefile
config.status:904: creating clients/ksu/Makefile
config.status:904: creating kadmin/Makefile
config.status:904: creating kadmin/cli/Makefile
config.status:904: creating kadmin/dbutil/Makefile
config.status:904: creating kadmin/passwd/Makefile
config.status:904: creating kadmin/passwd/unit-test/Makefile
config.status:904: creating kadmin/ktutil/Makefile
config.status:904: creating kadmin/server/Makefile
config.status:904: creating kadmin/testing/Makefile
config.status:904: creating kadmin/testing/scripts/Makefile
config.status:904: creating kadmin/testing/util/Makefile
config.status:904: creating appl/Makefile
config.status:904: creating appl/sample/Makefile
config.status:904: creating appl/sample/sclient/Makefile
config.status:904: creating appl/sample/sserver/Makefile
config.status:904: creating appl/simple/Makefile
config.status:904: creating appl/simple/client/Makefile
config.status:904: creating appl/simple/server/Makefile
config.status:904: creating appl/gss-sample/Makefile
config.status:904: creating appl/user_user/Makefile
config.status:904: creating tests/Makefile
config.status:904: creating tests/resolve/Makefile
config.status:904: creating tests/asn.1/Makefile
config.status:904: creating tests/create/Makefile
config.status:904: creating tests/hammer/Makefile
config.status:904: creating tests/verify/Makefile
config.status:904: creating tests/gssapi/Makefile
config.status:904: creating tests/dejagnu/Makefile
config.status:904: creating tests/threads/Makefile
config.status:904: creating tests/shlib/Makefile
config.status:904: creating tests/gss-threads/Makefile
config.status:904: creating tests/misc/Makefile
config.status:904: creating tests/mkeystash_compat/Makefile
config.status:904: creating util/collected-client-lib/Makefile
config.status:1012: creating include/autoconf.h
config.status:1606: include/autoconf.h is unchanged
configure:25139: configuring in appl/libpty
configure:25256: running /bin/sh './configure' --prefix=/home/roy/DNS-345_GPL/packages/krb5-1.7.1/src/_install  '--build=i386-linux' '--host=arm-mv5sft-linux-gnueabi' '--prefix=/home/roy/DNS-345_GPL/packages/krb5-1.7.1/src/_install' 'CFLAGS=-DUSE_LINKER_FINI_OPTION' '--cache-file=linux-cache' 'CC=arm-mv5sft-linux-gnueabi-gcc' 'CXX=arm-mv5sft-linux-gnueabi-g++' 'LD=arm-mv5sft-linux-gnueabi-ld' 'build_alias=i386-linux' 'host_alias=arm-mv5sft-linux-gnueabi' --cache-file=../../linux-cache --srcdir=.
configure:25139: configuring in appl/bsd
configure:25256: running /bin/sh './configure' --prefix=/home/roy/DNS-345_GPL/packages/krb5-1.7.1/src/_install  '--build=i386-linux' '--host=arm-mv5sft-linux-gnueabi' '--prefix=/home/roy/DNS-345_GPL/packages/krb5-1.7.1/src/_install' 'CFLAGS=-DUSE_LINKER_FINI_OPTION' '--cache-file=linux-cache' 'CC=arm-mv5sft-linux-gnueabi-gcc' 'CXX=arm-mv5sft-linux-gnueabi-g++' 'LD=arm-mv5sft-linux-gnueabi-ld' 'build_alias=i386-linux' 'host_alias=arm-mv5sft-linux-gnueabi' --cache-file=../../linux-cache --srcdir=.
configure:25139: configuring in appl/gssftp
configure:25256: running /bin/sh './configure' --prefix=/home/roy/DNS-345_GPL/packages/krb5-1.7.1/src/_install  '--build=i386-linux' '--host=arm-mv5sft-linux-gnueabi' '--prefix=/home/roy/DNS-345_GPL/packages/krb5-1.7.1/src/_install' 'CFLAGS=-DUSE_LINKER_FINI_OPTION' '--cache-file=linux-cache' 'CC=arm-mv5sft-linux-gnueabi-gcc' 'CXX=arm-mv5sft-linux-gnueabi-g++' 'LD=arm-mv5sft-linux-gnueabi-ld' 'build_alias=i386-linux' 'host_alias=arm-mv5sft-linux-gnueabi' --cache-file=../../linux-cache --srcdir=.
configure:25139: configuring in appl/telnet
configure:25256: running /bin/sh './configure' --prefix=/home/roy/DNS-345_GPL/packages/krb5-1.7.1/src/_install  '--build=i386-linux' '--host=arm-mv5sft-linux-gnueabi' '--prefix=/home/roy/DNS-345_GPL/packages/krb5-1.7.1/src/_install' 'CFLAGS=-DUSE_LINKER_FINI_OPTION' '--cache-file=linux-cache' 'CC=arm-mv5sft-linux-gnueabi-gcc' 'CXX=arm-mv5sft-linux-gnueabi-g++' 'LD=arm-mv5sft-linux-gnueabi-ld' 'build_alias=i386-linux' 'host_alias=arm-mv5sft-linux-gnueabi' --cache-file=../../linux-cache --srcdir=.

## ---------------- ##
## Cache variables. ##
## ---------------- ##

ac_cv_build=i386-pc-linux-gnu
ac_cv_build_alias=i386-linux
ac_cv_c_compiler_gnu=yes
ac_cv_c_const=yes
ac_cv_c_inline=inline
ac_cv_cxx_compiler_gnu=yes
ac_cv_env_CC_set=set
ac_cv_env_CC_value=arm-mv5sft-linux-gnueabi-gcc
ac_cv_env_CFLAGS_set=set
ac_cv_env_CFLAGS_value=-DUSE_LINKER_FINI_OPTION
ac_cv_env_CPPFLAGS_set=
ac_cv_env_CPPFLAGS_value=
ac_cv_env_CPP_set=
ac_cv_env_CPP_value=
ac_cv_env_CXXFLAGS_set=
ac_cv_env_CXXFLAGS_value=
ac_cv_env_CXX_set=set
ac_cv_env_CXX_value=arm-mv5sft-linux-gnueabi-g++
ac_cv_env_DB_HEADER_set=
ac_cv_env_DB_HEADER_value=
ac_cv_env_DB_LIB_set=
ac_cv_env_DB_LIB_value=
ac_cv_env_LDFLAGS_set=
ac_cv_env_LDFLAGS_value=
ac_cv_env_LD_set=set
ac_cv_env_LD_value=arm-mv5sft-linux-gnueabi-ld
ac_cv_env_SS_LIB_set=
ac_cv_env_SS_LIB_value=
ac_cv_env_build_alias_set=set
ac_cv_env_build_alias_value=i386-linux
ac_cv_env_host_alias_set=set
ac_cv_env_host_alias_value=arm-mv5sft-linux-gnueabi
ac_cv_env_target_alias_set=
ac_cv_env_target_alias_value=
ac_cv_exeext=
ac_cv_file__etc_TIMEZONE=yes
ac_cv_file__etc_environment=yes
ac_cv_func__getpty=no
ac_cv_func_access=yes
ac_cv_func_bswap16=no
ac_cv_func_bswap64=no
ac_cv_func_cfsetispeed=yes
ac_cv_func_chmod=yes
ac_cv_func_closelog=yes
ac_cv_func_daemon=yes
ac_cv_func_fchmod=yes
ac_cv_func_fchown=yes
ac_cv_func_flock=yes
ac_cv_func_ftime=yes
ac_cv_func_getaddrinfo=yes
ac_cv_func_getcwd=yes
ac_cv_func_getenv=yes
ac_cv_func_geteuid=yes
ac_cv_func_gethostbyaddr_r=yes
ac_cv_func_gethostbyname=yes
ac_cv_func_gethostbyname2=yes
ac_cv_func_gethostbyname_r=yes
ac_cv_func_getifaddrs=yes
ac_cv_func_getnameinfo=yes
ac_cv_func_getpwnam_r=yes
ac_cv_func_getpwuid_r=yes
ac_cv_func_getservbyname_r=yes
ac_cv_func_getservbyport_r=yes
ac_cv_func_gettosbyname=no
ac_cv_func_getusershell=yes
ac_cv_func_getutmp=yes
ac_cv_func_getutmpx=yes
ac_cv_func_gmtime_r=yes
ac_cv_func_grantpt=yes
ac_cv_func_inet_aton=yes
ac_cv_func_inet_ntoa=yes
ac_cv_func_inet_ntop=yes
ac_cv_func_inet_pton=yes
ac_cv_func_killpg=yes
ac_cv_func_line_push=no
ac_cv_func_localtime_r=yes
ac_cv_func_logwtmp=yes
ac_cv_func_lstat=yes
ac_cv_func_memmove=yes
ac_cv_func_mkstemp=yes
ac_cv_func_openlog=yes
ac_cv_func_openpty=yes
ac_cv_func_pthread_mutex_lock=yes
ac_cv_func_pthread_once=no
ac_cv_func_pthread_rwlock_init=no
ac_cv_func_ptsname=yes
ac_cv_func_re_comp=yes
ac_cv_func_re_exec=yes
ac_cv_func_regcomp=yes
ac_cv_func_regexec=yes
ac_cv_func_revoke=no
ac_cv_func_sched_yield=yes
ac_cv_func_sem_init=no
ac_cv_func_sem_trywait=no
ac_cv_func_setegid=yes
ac_cv_func_setenv=yes
ac_cv_func_seteuid=yes
ac_cv_func_setregid=yes
ac_cv_func_setresgid=yes
ac_cv_func_setresuid=yes
ac_cv_func_setreuid=yes
ac_cv_func_setsid=yes
ac_cv_func_setutent=yes
ac_cv_func_setutsent=no
ac_cv_func_setutxent=yes
ac_cv_func_setvbuf=yes
ac_cv_func_sigprocmask=yes
ac_cv_func_sigsetjmp=no
ac_cv_func_socket=yes
ac_cv_func_srand=yes
ac_cv_func_srand48=yes
ac_cv_func_srandom=yes
ac_cv_func_stat=yes
ac_cv_func_strchr=yes
ac_cv_func_strdup=yes
ac_cv_func_strerror=yes
ac_cv_func_strerror_r=yes
ac_cv_func_strftime=yes
ac_cv_func_strlcpy=no
ac_cv_func_strptime=yes
ac_cv_func_strstr=yes
ac_cv_func_syslog=yes
ac_cv_func_tcsetattr=yes
ac_cv_func_timezone=yes
ac_cv_func_ttyname=yes
ac_cv_func_umask=yes
ac_cv_func_unsetenv=yes
ac_cv_func_updwtmp=yes
ac_cv_func_updwtmpx=yes
ac_cv_func_utmpname=yes
ac_cv_func_utmpxname=yes
ac_cv_func_vasprintf=yes
ac_cv_func_vhangup=yes
ac_cv_func_vsnprintf=yes
ac_cv_func_vsprintf=yes
ac_cv_func_waitpid=yes
ac_cv_header_Python_h=no
ac_cv_header_alloca_h=yes
ac_cv_header_arpa_inet_h=yes
ac_cv_header_byteswap_h=yes
ac_cv_header_dirent_dirent_h=yes
ac_cv_header_dirent_h=yes
ac_cv_header_dlfcn_h=yes
ac_cv_header_endian_h=yes
ac_cv_header_errno_h=yes
ac_cv_header_fcntl_h=yes
ac_cv_header_ifaddrs_h=yes
ac_cv_header_inttypes_h=yes
ac_cv_header_kdc_h=no
ac_cv_header_keyutils_h=no
ac_cv_header_krb_db_h=no
ac_cv_header_lastlog_h=yes
ac_cv_header_libutil_h=no
ac_cv_header_limits_h=yes
ac_cv_header_machine_byte_order_h=no
ac_cv_header_machine_endian_h=no
ac_cv_header_memory_h=yes
ac_cv_header_netdb_h=yes
ac_cv_header_netinet_in_h=yes
ac_cv_header_paths_h=yes
ac_cv_header_pthread_h=yes
ac_cv_header_pty_h=yes
ac_cv_header_pwd_h=yes
ac_cv_header_python2_3_Python_h=no
ac_cv_header_python2_5_Python_h=no
ac_cv_header_regex_h=yes
ac_cv_header_regexp_h=no
ac_cv_header_regexpr_h=no
ac_cv_header_sched_h=yes
ac_cv_header_semaphore_h=yes
ac_cv_header_stdarg_h=yes
ac_cv_header_stdc=yes
ac_cv_header_stddef_h=yes
ac_cv_header_stdint_h=yes
ac_cv_header_stdlib_h=yes
ac_cv_header_string_h=yes
ac_cv_header_strings_h=yes
ac_cv_header_sys_bswap_h=no
ac_cv_header_sys_file_h=yes
ac_cv_header_sys_filio_h=no
ac_cv_header_sys_label_h=no
ac_cv_header_sys_param_h=yes
ac_cv_header_sys_ptyvar_h=no
ac_cv_header_sys_select_h=yes
ac_cv_header_sys_socket_h=yes
ac_cv_header_sys_sockio_h=no
ac_cv_header_sys_stat_h=yes
ac_cv_header_sys_stream_h=no
ac_cv_header_sys_time_h=yes
ac_cv_header_sys_tty_h=no
ac_cv_header_sys_types_h=yes
ac_cv_header_sys_uio_h=yes
ac_cv_header_sys_wait_h=yes
ac_cv_header_syslog_h=yes
ac_cv_header_termios_h=yes
ac_cv_header_time=yes
ac_cv_header_time_h=yes
ac_cv_header_ttyent_h=yes
ac_cv_header_unistd_h=yes
ac_cv_header_util_h=no
ac_cv_header_utmp_h=yes
ac_cv_header_utmpx_h=yes
ac_cv_header_xom_h=no
ac_cv_host=arm-mv5sft-linux-gnueabi
ac_cv_host_alias=arm-mv5sft-linux-gnueabi
ac_cv_lib_c_pthread_rwlock_init=yes
ac_cv_lib_crypto_PKCS7_get_signer_info=no
ac_cv_lib_fl_yywrap=yes
ac_cv_lib_python2_3_main=no
ac_cv_lib_python2_5_main=no
ac_cv_lib_resolv_main=yes
ac_cv_lib_util_main=yes
ac_cv_lib_util_openpty=yes
ac_cv_member_struct_sockaddr_in_sin_len=no
ac_cv_member_struct_sockaddr_sa_len=no
ac_cv_member_struct_stat_st_mtim_tv_nsec=yes
ac_cv_member_struct_stat_st_mtimensec=no
ac_cv_member_struct_stat_st_mtimespec_tv_nsec=no
ac_cv_objext=o
ac_cv_path_BASH=/bin/sh
ac_cv_path_PERL_PATH=/usr/bin/perl
ac_cv_path_SH=/bin/sh
ac_cv_path_SH5=false
ac_cv_path_install='/usr/bin/install -c'
ac_cv_prog_AR=ar
ac_cv_prog_ARADD='ar cruv'
ac_cv_prog_ARCHIVE='ar cqv'
ac_cv_prog_AWK=gawk
ac_cv_prog_CC=arm-mv5sft-linux-gnueabi-gcc
ac_cv_prog_CPP='arm-mv5sft-linux-gnueabi-gcc -E'
ac_cv_prog_CXX=arm-mv5sft-linux-gnueabi-g++
ac_cv_prog_LEX=flex
ac_cv_prog_PERL=perl
ac_cv_prog_PTHREAD_CC=arm-mv5sft-linux-gnueabi-gcc
ac_cv_prog_RANLIB=arm-mv5sft-linux-gnueabi-ranlib
ac_cv_prog_YACC='bison -y'
ac_cv_prog_cc_g=yes
ac_cv_prog_cc_stdc=
ac_cv_prog_cxx_g=yes
ac_cv_prog_egrep='grep -E'
ac_cv_prog_have_PERL=perl
ac_cv_prog_lex_root=lex.yy
ac_cv_prog_lex_yytext_pointer=yes
ac_cv_search_dlopen=-ldl
ac_cv_search_opendir='none required'
ac_cv_type_getgroups=gid_t
ac_cv_type_int16_t=yes
ac_cv_type_int32_t=yes
ac_cv_type_int64_t=yes
ac_cv_type_int8_t=yes
ac_cv_type_long_long=yes
ac_cv_type_mode_t=yes
ac_cv_type_off_t=yes
ac_cv_type_signal=void
ac_cv_type_ssize_t=yes
ac_cv_type_struct_cmsghdr=yes
ac_cv_type_struct_in6_pktinfo=no
ac_cv_type_struct_in_pktinfo=yes
ac_cv_type_struct_rt_msghdr=no
ac_cv_type_struct_sockaddr_storage=yes
ac_cv_type_time_t=yes
ac_cv_type_u_char=yes
ac_cv_type_u_int=yes
ac_cv_type_u_int16_t=yes
ac_cv_type_u_int32_t=yes
ac_cv_type_u_int8_t=yes
ac_cv_type_u_long=yes
ac_cv_type_uid_t=yes
ac_cv_type_uint32_t=yes
ac_cv_type_uint64_t=yes
ac_cv_type_uint_least32_t=yes
ac_cv_type_uintmax_t=yes
ac_cv_type_uintptr_t=yes
k5_cv_openssl_version_okay=no
k5_cv_type_endrpcent=void
k5_cv_type_setrpcent=void
krb5_cv_attr_constructor_destructor=yes
krb5_cv_bswap_16=yes
krb5_cv_bswap_64=yes
krb5_cv_cc_flag__Werror_declaration_after_statement=yes
krb5_cv_cc_flag__Werror_variadic_macros=yes
krb5_cv_cc_flag__Wmissing_braces=yes
krb5_cv_cc_flag__Wmissing_format_attribute=yes
krb5_cv_cc_flag__Wmissing_prototypes=yes
krb5_cv_cc_flag__Wnewline_eof=no
krb5_cv_cc_flag__Wno_format_zero_length=yes
krb5_cv_cc_flag__Woverflow=yes
krb5_cv_cc_flag__Wparentheses=yes
krb5_cv_cc_flag__Wreturn_type=yes
krb5_cv_cc_flag__Wsign_compare=yes
krb5_cv_cc_flag__Wstrict_overflow=yes
krb5_cv_cc_flag__Wswitch=yes
krb5_cv_cc_flag__Wunknown_pragmas=yes
krb5_cv_cc_flag__Wunused_function=yes
krb5_cv_cc_flag__Wunused_label=yes
krb5_cv_cc_flag__Wunused_value=yes
krb5_cv_cc_flag__Wunused_variable=yes
krb5_cv_decl_perror=no
krb5_cv_decl_sys_errlist=yes
krb5_cv_func_daemon_noproto=no
krb5_cv_func_dn_skipname=yes
krb5_cv_func_getutmp_noproto=yes
krb5_cv_func_isblank_noproto=yes
krb5_cv_func_logwtmp_noproto=no
krb5_cv_func_ns_initparse=no
krb5_cv_func_ns_name_uncompress=no
krb5_cv_func_res_nclose=yes
krb5_cv_func_res_ndestroy=no
krb5_cv_func_res_ninit=yes
krb5_cv_func_res_nsearch=yes
krb5_cv_func_res_search=yes
krb5_cv_func_sigprocmask_use=yes
krb5_cv_func_strptime_noproto=yes
krb5_cv_func_swab_noproto=yes
krb5_cv_func_vasprintf_noproto=yes
krb5_cv_gethostbyname_r_returns_int=yes
krb5_cv_gethostbyname_r_returns_ptr=no
krb5_cv_getpgrp_args=void
krb5_cv_getpwnam_r_args=5
krb5_cv_getpwnam_r_return_type=int
krb5_cv_getservbyname_r_returns_int=yes
krb5_cv_getservbyname_r_returns_ptr=no
krb5_cv_getsockname_proto_struct_sockaddr_p_size_t_p=yes
krb5_cv_gmtime_r_returns_int=no
krb5_cv_has_ansi_stdio=yes
krb5_cv_has_posix_signals=yes
krb5_cv_has_streams=no
krb5_cv_has_struct_if_laddrconf=no
krb5_cv_has_struct_lifconf=no
krb5_cv_has_type_socklen_t=yes
krb5_cv_header_inttypes_h_uint32_t=yes
krb5_cv_header_netdb_h_h_errno=yes
krb5_cv_header_netdb_h_maxhostnamelen=no
krb5_cv_header_stdint_h_uint32_t=yes
krb5_cv_header_sys_param_h_maxhostnamelen=yes
krb5_cv_header_sys_types_h_uint32_t=no
krb5_cv_host=arm-mv5sft-linux-gnueabi
krb5_cv_inet6=yes
krb5_cv_pragma_weak_ref=yes
krb5_cv_priocntl_hack=no
krb5_cv_prog_gnu_ld=yes
krb5_cv_setpgrp_args=void
krb5_cv_struct_utmp_ut_addr=yes
krb5_cv_struct_utmp_ut_exit=yes
krb5_cv_struct_utmp_ut_exit___e_exit=no
krb5_cv_struct_utmp_ut_exit_e_exit=yes
krb5_cv_struct_utmp_ut_exit_ut_e_exit=no
krb5_cv_struct_utmp_ut_exit_ut_exit=no
krb5_cv_struct_utmp_ut_host=yes
krb5_cv_struct_utmp_ut_id=yes
krb5_cv_struct_utmp_ut_pid=yes
krb5_cv_struct_utmp_ut_syslen=no
krb5_cv_struct_utmp_ut_type=yes
krb5_cv_struct_utmpx_ut_addr=no
krb5_cv_struct_utmpx_ut_exit=yes
krb5_cv_struct_utmpx_ut_exit___e_exit=yes
krb5_cv_struct_utmpx_ut_exit_e_exit=no
krb5_cv_struct_utmpx_ut_exit_ut_e_exit=no
krb5_cv_struct_utmpx_ut_exit_ut_exit=no
krb5_cv_struct_utmpx_ut_host=yes
krb5_cv_struct_utmpx_ut_id=yes
krb5_cv_struct_utmpx_ut_pid=yes
krb5_cv_struct_utmpx_ut_syslen=no
krb5_cv_struct_utmpx_ut_type=yes
krb5_cv_struct_wait=no
krb5_cv_sys_rcdir=/var/tmp
krb5_cv_type_bsdaliases=yes
krb5_cv_type_sigset_t=yes
krb5_cv_type_yylineno=yes
krb5_cv_va_copy=yes
krb5_cv_va_simple_copy=yes
krb5_cv_var_in6addr_any=yes

## ----------------- ##
## Output variables. ##
## ----------------- ##

AR='ar'
ARADD='ar cruv'
ARCHIVE='ar cqv'
AWK='gawk'
BASH='/bin/sh'
CC='arm-mv5sft-linux-gnueabi-gcc'
CC_LINK='$(CC) $(PROG_LIBPATH) $(PROG_RPATH_FLAGS) $(CFLAGS) $(LDFLAGS)'
CFLAGS='-DUSE_LINKER_FINI_OPTION'
COM_ERR_VERSION='k5'
CONFIG_RELTOPDIR='.'
CPP='arm-mv5sft-linux-gnueabi-gcc -E'
CPPFLAGS=''
CRYPTO_LIBS=''
CXX='arm-mv5sft-linux-gnueabi-g++'
CXXFLAGS='-g -O2'
CXX_LINK='$(CXX) $(PROG_LIBPATH) $(PROG_RPATH_FLAGS) $(CXXFLAGS) $(LDFLAGS)'
DB_EXTRA_LIBS=''
DB_HEADER='db.h'
DB_HEADER_VERSION='k5'
DB_LIB='-ldb'
DB_VERSION='k5'
DEFS='-DHAVE_CONFIG_H'
DEPLIBEXT='.so'
DL_LIB='-ldl'
DO_ALL=''
DO_TCL=''
DO_TEST=''
DYNOBJEXT='$(SHLIBEXT)'
DYNOBJ_EXPDEPS='$(SHLIB_EXPDEPS)'
DYNOBJ_EXPFLAGS='$(SHLIB_EXPFLAGS)'
ECHO_C=''
ECHO_N='-n'
ECHO_T=''
EGREP='grep -E'
EXEEXT=''
EXPECT=''
EXTRA_FILES=''
EXTRA_SUPPORT_SYMS=' krb5int_strlcpy krb5int_strlcat'
FCTSH='/bin/sh'
GEN_LIB=''
GSSRPC__BSD_TYPEALIASES='/* #undef GSSRPC__BSD_TYPEALIASES */'
GSSRPC__FAKE_UINT32='/* #undef GSSRPC__FAKE_INT32 */'
GSSRPC__INTTYPES_H='/* #include <inttypes.h> */'
GSSRPC__NETDB_H='/* #include <netdb.h> */'
GSSRPC__STDINT_H='#include <stdint.h>'
GSSRPC__SYS_PARAM_H='#include <sys/param.h>'
GSSRPC__SYS_SELECT_H='#include <sys/select.h>'
GSSRPC__SYS_TIME_H='#include <sys/time.h>'
GSSRPC__UNISTD_H='#include <unistd.h>'
HAVE_GCC='yes'
HAVE_RUNTEST='no'
HESIOD_DEFS=''
HESIOD_LIBS=''
INSTALL_DATA='${INSTALL} -m 644'
INSTALL_PROGRAM='${INSTALL}'
INSTALL_SCRIPT='${INSTALL}'
INSTALL_SHLIB='$(INSTALL_DATA)'
KDB5_DB_LIB=''
KRB5_RCTMPDIR='/var/tmp'
KRB5_RUN_ENV='LD_LIBRARY_PATH=`echo $(PROG_LIBPATH) | sed -e "s/-L//g" -e "s/ /:/g"`; export LD_LIBRARY_PATH; '
KRB5_VERSION='1.7.1'
KSU_LIBS=''
LD='arm-mv5sft-linux-gnueabi-ld'
LDAP='no'
LDAP_LIBS=''
LDFLAGS=''
LEX='flex'
LEXLIB='-lfl'
LEX_OUTPUT_ROOT='lex.yy'
LIBINSTLIST='install-shlib-soname'
LIBLINKS='$(TOPLIBD)/lib$(LIBBASE)$(SHLIBEXT) $(TOPLIBD)/lib$(LIBBASE)$(SHLIBVEXT) $(TOPLIBD)/lib$(LIBBASE)$(SHLIBSEXT)'
LIBLIST='lib$(LIBBASE)$(SHLIBEXT) lib$(LIBBASE)$(SHLIBSEXT)'
LIBOBJS=''
LIBS='-lresolv '
LIBUTIL='-lutil'
LN_S='ln -s'
LTLIBOBJS=''
MAINT='#'
MAINTAINER_MODE_FALSE=''
MAINTAINER_MODE_TRUE='#'
MAKE_DYNOBJ_COMMAND='$(MAKE_SHLIB_COMMAND)'
MAKE_SHLIB_COMMAND='$(CC) -shared -fPIC -Wl,-h,$(LIBPREFIX)$(LIBBASE)$(SHLIBSEXT),--no-undefined $(LDFLAGS) -o $@ $$objlist $(SHLIB_EXPFLAGS) -Wl,--version-script binutils.versions && $(PERL) -w $(SRCTOP)/util/export-check.pl $(SHLIB_EXPORT_FILE) $@'
MKSTEMP_OBJ=''
MKSTEMP_ST_OBJ=''
OBJEXT='o'
OBJLISTS='OBJS.SH'
PACKAGE_BUGREPORT='krb5-bugs@mit.edu'
PACKAGE_NAME='Kerberos 5'
PACKAGE_STRING='Kerberos 5 1.7.1'
PACKAGE_TARNAME='krb5'
PACKAGE_VERSION='1.7.1'
PASS='tcp udp'
PATH_SEPARATOR=':'
PERL='perl'
PERL_PATH='/usr/bin/perl'
PFLIBEXT='_p.a'
PFOBJEXT='.po'
PICFLAGS='-fPIC'
PRINTF_OBJ=''
PRINTF_ST_OBJ=''
PRIOCNTL_HACK='0'
PROFFLAGS='-pg'
PROG_RPATH_FLAGS='$(RPATH_FLAG)$(PROG_RPATH)'
PTHREAD_CC='arm-mv5sft-linux-gnueabi-gcc'
PTHREAD_CFLAGS='-pthread'
PTHREAD_LIBS=''
PYTHON_LIB=''
RANLIB='arm-mv5sft-linux-gnueabi-ranlib'
RBUILD='/home/roy/DNS-345_GPL/packages/krb5-1.7.1/src'
RPATH_FLAG='-Wl,-rpath -Wl,'
RUNTEST=''
SETENVOBJ=''
SH5='false'
SH='/bin/sh'
SHELL='/bin/sh'
SHLIBEXT='.so'
SHLIBSEXT='.so.$(LIBMAJOR)'
SHLIBVEXT='.so.$(LIBMAJOR).$(LIBMINOR)'
SHLIB_EXPFLAGS='$(SHLIB_RPATH_FLAGS) $(SHLIB_DIRS) $(SHLIB_EXPLIBS)'
SHLIB_EXPORT_FILE_DEP='binutils.versions'
SHLIB_HAVE_MINOR_VERS='yes'
SHLIB_RPATH_FLAGS='-Wl,-R$(SHLIB_RDIRS)'
SHOBJEXT='.so'
SS_LIB=''
SS_VERSION='k5'
STLIBEXT='.a'
STOBJEXT='.o'
STRLCPY_OBJ='$(OUTPRE)strlcpy.$(OBJEXT)'
STRLCPY_ST_OBJ='strlcpy.o'
SUPPORTLIB_MAJOR='0'
S_TOP='/home/roy/DNS-345_GPL/packages/krb5-1.7.1/src/.'
TCL_INCLUDES=''
TCL_LIBPATH=''
TCL_LIBS=''
TCL_MAYBE_RPATH=''
TCL_RPATH=''
THREAD_SUPPORT='1'
WARN_CFLAGS=' -Wall -Wcast-qual -Wcast-align -Wshadow -Wmissing-prototypes -Wno-format-zero-length -Woverflow -Wstrict-overflow -Wmissing-format-attribute -Wmissing-prototypes -Wreturn-type -Wmissing-braces -Wparentheses -Wswitch -Wunused-function -Wunused-label -Wunused-variable -Wunused-value -Wunknown-pragmas -Wsign-compare -Werror=declaration-after-statement -Werror=variadic-macros'
WARN_CXXFLAGS=' -Wall -Wcast-qual -Wcast-align -Wshadow'
YACC='bison -y'
ac_ct_CC=''
ac_ct_CXX=''
ac_ct_RANLIB=''
acx_pthread_config=''
bindir='${exec_prefix}/bin'
build='i386-pc-linux-gnu'
build_alias='i386-linux'
build_cpu='i386'
build_os='linux-gnu'
build_vendor='pc'
compile_et=''
datadir='${prefix}/share'
exec_prefix='${prefix}'
have_PERL='perl'
have_RUNTEST=''
host='arm-mv5sft-linux-gnueabi'
host_alias='arm-mv5sft-linux-gnueabi'
host_cpu='arm'
host_os='linux-gnueabi'
host_vendor='mv5sft'
include_inttypes='awk 'END{printf("%cinclude <inttypes.h>\n", 35);}' < /dev/null'
include_stdint='awk 'END{printf("%cinclude <stdint.h>\n", 35);}' < /dev/null'
include_xom='echo "/* no xom.h */"'
includedir='${prefix}/include'
infodir='${prefix}/info'
krb5_cv_host='arm-mv5sft-linux-gnueabi'
ldap_plugin_dir=''
libdir='${exec_prefix}/lib'
libexecdir='${exec_prefix}/libexec'
localstatedir='${prefix}/var'
mandir='${prefix}/man'
oldincludedir='/usr/include'
prefix='/home/roy/DNS-345_GPL/packages/krb5-1.7.1/src/_install'
program_transform_name='s,x,x,'
rpcent_define='#define STRUCT_RPCENT_IN_RPC_NETDB_H'
sbindir='${exec_prefix}/sbin'
sharedstatedir='${prefix}/com'
subdirs=' appl/libpty appl/bsd appl/gssftp appl/telnet'
sysconfdir='${prefix}/etc'
target_alias=''

## ------------- ##
## Output files. ##
## ------------- ##

lib_frag='././config/lib.in'
libnodeps_frag='././config/libnodeps.in'
libnover_frag='././config/libnover.in'
libobj_frag='././config/libobj.in'
libpriv_frag='././config/libpriv.in'

## ----------- ##
## confdefs.h. ##
## ----------- ##

#define ANSI_STDIO 1
#define CAN_COPY_VA_LIST 1
#define DELAY_INITIALIZER 1
#define DISABLE_PKINIT 1
#define ENABLE_THREADS 1
#define ENDRPCENT_TYPE void
#define ENDRPCENT_TYPE void
#define GETGROUPS_T gid_t
#define GETHOSTBYNAME_R_RETURNS_INT 1
#define GETPEERNAME_ARG2_TYPE GETSOCKNAME_ARG2_TYPE
#define GETPEERNAME_ARG3_TYPE GETSOCKNAME_ARG3_TYPE
#define GETPWNAM_R_RETURNS_INT 1
#define GETSERVBYNAME_R_RETURNS_INT 1
#define GETSOCKNAME_ARG2_TYPE struct sockaddr
#define GETSOCKNAME_ARG3_TYPE size_t
#define HAS_VA_COPY 1
#define HAVE_ACCESS 1
#define HAVE_ALLOCA_H 1
#define HAVE_ARPA_INET_H 1
#define HAVE_BSWAP_16 1
#define HAVE_BSWAP_64 1
#define HAVE_BT_RSEQ 1
#define HAVE_BYTESWAP_H 1
#define HAVE_CHMOD 1
#define HAVE_CLOSELOG 1
#define HAVE_DAEMON 1
#define HAVE_DAEMON 1
#define HAVE_DIRENT_H 1
#define HAVE_DLFCN_H 1
#define HAVE_DN_SKIPNAME 1
#define HAVE_ENDIAN_H 1
#define HAVE_ERRNO_H 1
#define HAVE_FCHMOD 1
#define HAVE_FCNTL_H 1
#define HAVE_FLOCK 1
#define HAVE_FTIME 1
#define HAVE_GETADDRINFO 1
#define HAVE_GETADDRINFO 1
#define HAVE_GETCWD 1
#define HAVE_GETENV 1
#define HAVE_GETEUID 1
#define HAVE_GETHOSTBYNAME2 1
#define HAVE_GETHOSTBYNAME_R 1
#define HAVE_GETHOSTBYNAME_R 1
#define HAVE_GETIFADDRS 1
#define HAVE_GETNAMEINFO 1
#define HAVE_GETNAMEINFO 1
#define HAVE_GETPWNAM_R 1
#define HAVE_GETPWUID_R 1
#define HAVE_GETSERVBYNAME_R 1
#define HAVE_GETSERVBYNAME_R 1
#define HAVE_GETUSERSHELL 1
#define HAVE_GMTIME_R 1
#define HAVE_GMTIME_R 1
#define HAVE_IFADDRS_H 1
#define HAVE_IFADDRS_H 1
#define HAVE_INET_ATON 1
#define HAVE_INET_NTOA 1
#define HAVE_INET_NTOP 1
#define HAVE_INET_NTOP 1
#define HAVE_INET_PTON 1
#define HAVE_INET_PTON 1
#define HAVE_INT16_T 1
#define HAVE_INT32_T 1
#define HAVE_INT32_T 1
#define HAVE_INT64_T 1
#define HAVE_INT8_T 1
#define HAVE_INTTYPES_H 1
#define HAVE_INTTYPES_H 1
#define HAVE_LIBRESOLV 1
#define HAVE_LIBUTIL 1
#define HAVE_LIMITS_H 1
#define HAVE_LOCALTIME_R 1
#define HAVE_LOCALTIME_R 1
#define HAVE_LONG_LONG 1
#define HAVE_LSTAT 1
#define HAVE_MEMMOVE 1
#define HAVE_MEMORY_H 1
#define HAVE_MEMORY_H 1
#define HAVE_MKSTEMP 1
#define HAVE_NETDB_H 1
#define HAVE_NETDB_H 1
#define HAVE_NETDB_H_H_ERRNO 1
#define HAVE_NETINET_IN_H 1
#define HAVE_NETINET_IN_H 1
#define HAVE_NETINET_IN_H 1
#define HAVE_OPENLOG 1
#define HAVE_PATHS_H 1
#define HAVE_PATHS_H 1
#define HAVE_PRAGMA_WEAK_REF 1
#define HAVE_PTHREAD 1
#define HAVE_PTHREAD_H 1
#define HAVE_PTHREAD_MUTEX_LOCK 1
#define HAVE_PTHREAD_RWLOCK_INIT_IN_THREAD_LIB 1
#define HAVE_PWD_H 1
#define HAVE_REGCOMP 1
#define HAVE_REGEXEC 1
#define HAVE_REGEX_H 1
#define HAVE_RES_NCLOSE 1
#define HAVE_RES_NINIT 1
#define HAVE_RES_NSEARCH 1
#define HAVE_RES_SEARCH 1
#define HAVE_RE_COMP 1
#define HAVE_RE_EXEC 1
#define HAVE_SCHED_H 1
#define HAVE_SCHED_YIELD 1
#define HAVE_SEMAPHORE_H 1
#define HAVE_SETEGID 1
#define HAVE_SETENV 1
#define HAVE_SETEUID 1
#define HAVE_SETREGID 1
#define HAVE_SETRESGID 1
#define HAVE_SETRESUID 1
#define HAVE_SETREUID 1
#define HAVE_SETSID 1
#define HAVE_SETVBUF 1
#define HAVE_SOCKLEN_T 1
#define HAVE_SRAND 1
#define HAVE_SRAND48 1
#define HAVE_SRANDOM 1
#define HAVE_SSIZE_T 1
#define HAVE_STAT 1
#define HAVE_STDARG_H 1
#define HAVE_STDARG_H 1
#define HAVE_STDARG_H 1
#define HAVE_STDDEF_H 1
#define HAVE_STDINT_H 1
#define HAVE_STDINT_H 1
#define HAVE_STDLIB_H 1
#define HAVE_STDLIB_H 1
#define HAVE_STRCHR 1
#define HAVE_STRDUP 1
#define HAVE_STRERROR 1
#define HAVE_STRERROR_R 1
#define HAVE_STRFTIME 1
#define HAVE_STRFTIME 1
#define HAVE_STRINGS_H 1
#define HAVE_STRING_H 1
#define HAVE_STRING_H 1
#define HAVE_STRPTIME 1
#define HAVE_STRSTR 1
#define HAVE_STRUCT_CMSGHDR 1
#define HAVE_STRUCT_IN_PKTINFO 1
#define HAVE_STRUCT_SOCKADDR_STORAGE 1
#define HAVE_STRUCT_STAT_ST_MTIM_TV_NSEC 1
#define HAVE_SYSLOG 1
#define HAVE_SYSLOG_H 1
#define HAVE_SYS_ERRLIST 1
#define HAVE_SYS_FILE_H 1
#define HAVE_SYS_PARAM_H 1
#define HAVE_SYS_SELECT_H 1
#define HAVE_SYS_SELECT_H 1
#define HAVE_SYS_SELECT_H 1
#define HAVE_SYS_SOCKET_H 1
#define HAVE_SYS_SOCKET_H 1
#define HAVE_SYS_STAT_H 1
#define HAVE_SYS_STAT_H 1
#define HAVE_SYS_TIME_H 1
#define HAVE_SYS_TIME_H 1
#define HAVE_SYS_TYPES_H 1
#define HAVE_SYS_TYPES_H 1
#define HAVE_SYS_TYPES_H 1
#define HAVE_SYS_TYPES_H 1
#define HAVE_SYS_UIO_H 1
#define HAVE_TIMEZONE 1
#define HAVE_TIME_H 1
#define HAVE_UINT32_T 1
#define HAVE_UINT64_T 1
#define HAVE_UINTMAX_T 1
#define HAVE_UINTPTR_T 1
#define HAVE_UINT_LEAST32_T 1
#define HAVE_UMASK 1
#define HAVE_UNISTD_H 1
#define HAVE_UNISTD_H 1
#define HAVE_UNISTD_H 1
#define HAVE_UNISTD_H 1
#define HAVE_UNSETENV 1
#define HAVE_U_CHAR 1
#define HAVE_U_INT 1
#define HAVE_U_INT16_T 1
#define HAVE_U_INT32_T 1
#define HAVE_U_INT8_T 1
#define HAVE_U_LONG 1
#define HAVE_VASPRINTF 1
#define HAVE_VSNPRINTF 1
#define HAVE_VSPRINTF 1
#define HAVE_WAITPID 1
#define KRB5_DNS_LOOKUP 1
#define KRB5_DNS_LOOKUP_KDC 1
#define KRB5_USE_INET6 1
#define KRB5_USE_INET6 1
#define NEED_ISBLANK_PROTO 1
#define NEED_STRPTIME_PROTO 1
#define NEED_SWAB_PROTO 1
#define NEED_VASPRINTF_PROTO 1
#define PACKAGE_BUGREPORT "krb5-bugs@mit.edu"
#define PACKAGE_NAME "Kerberos 5"
#define PACKAGE_STRING "Kerberos 5 1.7.1"
#define PACKAGE_TARNAME "krb5"
#define PACKAGE_VERSION "1.7.1"
#define POSIX_SIGNALS 1
#define POSIX_SIGTYPE 1
#define POSIX_TERMIOS 1
#define RETSIGTYPE void
#define SETRPCENT_TYPE void
#define SETRPCENT_TYPE void
#define STDC_HEADERS 1
#define SYS_ERRLIST_DECLARED 1
#define TIME_WITH_SYS_TIME 1
#define USE_DIRENT_H 1
#define USE_DLOPEN 1
#define USE_RCACHE 1
#define USE_SIGPROCMASK 1
#define WAIT_USES_INT 1
#define YYTEXT_POINTER 1
#define krb5_sigtype void
#endif
#ifdef __cplusplus
extern "C" void exit (int) throw ();

configure: exit 0

## ---------------------- ##
## Running config.status. ##
## ---------------------- ##

This file was extended by Kerberos 5 config.status 1.7.1, which was
generated by GNU Autoconf 2.59.  Invocation command line was

  CONFIG_FILES    = 
  CONFIG_HEADERS  = 
  CONFIG_LINKS    = 
  CONFIG_COMMANDS = 
  $ config.status include/gssrpc/types.h

on fedora-14

config.status:904: creating include/gssrpc/types.h

## ---------------------- ##
## Running config.status. ##
## ---------------------- ##

This file was extended by Kerberos 5 config.status 1.7.1, which was
generated by GNU Autoconf 2.59.  Invocation command line was

  CONFIG_FILES    = kadmin/testing/scripts/env-setup.sh:kadmin/testing/scripts/env-setup.shin
  CONFIG_HEADERS  = 
  CONFIG_LINKS    = 
  CONFIG_COMMANDS = 
  $ config.status 

on fedora-14

config.status:904: creating kadmin/testing/scripts/env-setup.sh
config.status:1012: creating include/autoconf.h
config.status:1606: include/autoconf.h is unchanged
