This file contains any messages produced by compilers while
running configure, to aid debugging if configure makes a mistake.

It was created by ntp configure 4.2.2p4, which was
generated by GNU Autoconf 2.67.  Invocation command line was

  $ ../configure --host=arm-linux --prefix=/usr --with-sntp --with-openssl-libdir=/home/momo/works/project/GIT/GPL_320_325/ntp-4.2.2p4/xbuild/../../openssl-0.9.7 --with-openssl-incdir=/home/momo/works/project/GIT/GPL_320_325/ntp-4.2.2p4/xbuild/../../openssl-0.9.7/include

## --------- ##
## Platform. ##
## --------- ##

hostname = mocore
uname -m = x86_64
uname -r = 2.6.32-5-amd64
uname -s = Linux
uname -v = #1 SMP Wed Jan 12 03:40:32 UTC 2011

/usr/bin/uname -p = unknown
/bin/uname -X     = unknown

/bin/arch              = unknown
/usr/bin/arch -k       = unknown
/usr/convex/getsysinfo = unknown
/usr/bin/hostinfo      = unknown
/bin/machine           = unknown
/usr/bin/oslevel       = unknown
/bin/universe          = unknown

PATH: /home/momo/works/toolchain/arm-mv5sft-linux-gnueabi/bin
PATH: /usr/local/bin
PATH: /usr/bin
PATH: /bin
PATH: /usr/local/games
PATH: /usr/games
PATH: /sbin
PATH: /usr/sbin
PATH: /usr/local/sbin


## ----------- ##
## Core tests. ##
## ----------- ##

configure:2644: checking for a BSD-compatible install
configure:2712: result: /usr/bin/install -c
configure:2723: checking whether build environment is sane
configure:2760: result: yes
configure:2822: checking for gawk
configure:2838: found /usr/bin/gawk
configure:2849: result: gawk
configure:2860: checking whether make sets $(MAKE)
configure:2882: result: yes
configure:2903: error: source directory already configured; run "make distclean" there first

## ---------------- ##
## Cache variables. ##
## ---------------- ##

ac_cv_env_CC_set=set
ac_cv_env_CC_value=arm-mv5sft-linux-gnueabi-gcc
ac_cv_env_CFLAGS_set=set
ac_cv_env_CFLAGS_value=-I/home/momo/works/project/GIT/TWO-BAY-CODEPATH/module/xml_tool/include
ac_cv_env_CPPFLAGS_set=
ac_cv_env_CPPFLAGS_value=
ac_cv_env_CPP_set=
ac_cv_env_CPP_value=
ac_cv_env_LDFLAGS_set=set
ac_cv_env_LDFLAGS_value='-L/home/momo/works/project/GIT/TWO-BAY-CODEPATH/module/xml_tool/xmldb -lxmldbc'
ac_cv_env_LIBS_set=
ac_cv_env_LIBS_value=
ac_cv_env_build_alias_set=
ac_cv_env_build_alias_value=
ac_cv_env_host_alias_set=set
ac_cv_env_host_alias_value=arm-linux
ac_cv_env_target_alias_set=
ac_cv_env_target_alias_value=
ac_cv_path_install='/usr/bin/install -c'
ac_cv_prog_AWK=gawk
ac_cv_prog_make_make_set=yes

## ----------------- ##
## Output variables. ##
## ----------------- ##

ACLOCAL=''
AMDEPBACKSLASH=''
AMDEP_FALSE=''
AMDEP_TRUE=''
AMTAR=''
ANSI2KNR=''
ARLIB_DIR=''
AUTOCONF=''
AUTOHEADER=''
AUTOMAKE=''
AWK='gawk'
BINSUBDIR=''
CC='arm-mv5sft-linux-gnueabi-gcc'
CCDEPMODE=''
CFLAGS='-I/home/momo/works/project/GIT/TWO-BAY-CODEPATH/module/xml_tool/include'
CHUTEST=''
CLKTEST=''
CPP=''
CPPFLAGS=''
CYGPATH_W=''
DCFD=''
DEFS=''
DEPDIR=''
ECHO_C=''
ECHO_N='-n'
ECHO_T=''
EF_LIBS=''
EF_PROGS=''
EGREP=''
EXEEXT=''
GREP=''
INSTALL_DATA='${INSTALL} -m 644'
INSTALL_PROGRAM='${INSTALL}'
INSTALL_SCRIPT='${INSTALL}'
INSTALL_STRIP_PROGRAM=''
LCRYPTO=''
LDFLAGS='-L/home/momo/works/project/GIT/TWO-BAY-CODEPATH/module/xml_tool/xmldb -lxmldbc'
LIBOBJS=''
LIBPARSE=''
LIBS=''
LN_S=''
LTLIBOBJS=''
MAKEINFO=''
MAKE_ADJTIMED=''
MAKE_CHECK_LAYOUT=''
MAKE_CHECK_Y2K=''
MAKE_LIBNTPSIM=''
MAKE_LIBPARSE=''
MAKE_LIBPARSE_KERNEL=''
MAKE_NTPDSIM=''
MAKE_NTPTIME=''
MAKE_PARSEKMODULE=''
MAKE_SNTP=''
MAKE_TICKADJ=''
MAKE_TIMETRIM=''
OBJEXT=''
OPENSSL=''
OPENSSL_INC=''
OPENSSL_LIB=''
PACKAGE=''
PACKAGE_BUGREPORT=''
PACKAGE_NAME='ntp'
PACKAGE_STRING='ntp 4.2.2p4'
PACKAGE_TARNAME='ntp'
PACKAGE_URL=''
PACKAGE_VERSION='4.2.2p4'
PATH_PERL=''
PATH_SEPARATOR=':'
PATH_SH=''
PROPDELAY=''
RANLIB='arm-mv5sft-linux-gnueabi-ranlib'
READLINE_LIBS=''
SET_MAKE=''
SHELL='/bin/bash'
STRIP='arm-mv5sft-linux-gnueabi-strip'
TESTDCF=''
U=''
VERSION=''
ac_ct_CC=''
am__fastdepCC_FALSE=''
am__fastdepCC_TRUE=''
am__include=''
am__leading_dot='.'
am__quote=''
am__tar=''
am__untar=''
bindir='${exec_prefix}/bin'
build=''
build_alias=''
build_cpu=''
build_os=''
build_vendor=''
datadir='${datarootdir}'
datarootdir='${prefix}/share'
docdir='${datarootdir}/doc/${PACKAGE_TARNAME}'
dvidir='${docdir}'
exec_prefix='NONE'
host='arm-linux'
host_alias='arm-linux'
host_cpu=''
host_os=''
host_vendor=''
htmldir='${docdir}'
includedir='${prefix}/include'
infodir='${datarootdir}/info'
install_sh=''
libdir='${exec_prefix}/lib'
libexecdir='${exec_prefix}/libexec'
localedir='${datarootdir}/locale'
localstatedir='${prefix}/var'
mandir='${datarootdir}/man'
mkdir_p='mkdir -p --'
oldincludedir='/usr/include'
pdfdir='${docdir}'
prefix='/usr'
program_transform_name='s,x,x,'
psdir='${docdir}'
sbindir='${exec_prefix}/sbin'
sharedstatedir='${prefix}/com'
subdirs=''
sysconfdir='${prefix}/etc'
target_alias=''

## ----------- ##
## confdefs.h. ##
## ----------- ##

/* confdefs.h */
#define PACKAGE_NAME "ntp"
#define PACKAGE_TARNAME "ntp"
#define PACKAGE_VERSION "4.2.2p4"
#define PACKAGE_STRING "ntp 4.2.2p4"
#define PACKAGE_BUGREPORT ""
#define PACKAGE_URL ""

configure: exit 1
