This file contains any messages produced by compilers while
running configure, to aid debugging if configure makes a mistake.

It was created by libtool configure 1.5.6, which was
generated by GNU Autoconf 2.59.  Invocation command line was

  $ ./configure --host=arm-mv5sft-linux-gnueabi --enable-shared=yes CC=arm-mv5sft-linux-gnueabi-gcc host_alias=arm-linux --enable-ltdl-install CXX=arm-mv5sft-linux-gnueabi-g++ --no-create --no-recursion

## --------- ##
## Platform. ##
## --------- ##

hostname = fedora-14
uname -m = i686
uname -r = 2.6.35.6-45.fc14.i686
uname -s = Linux
uname -v = #1 SMP Mon Oct 18 23:56:17 UTC 2010

/usr/bin/uname -p = unknown
/bin/uname -X     = unknown

/bin/arch              = i686
/usr/bin/arch -k       = unknown
/usr/convex/getsysinfo = unknown
hostinfo               = unknown
/bin/machine           = unknown
/usr/bin/oslevel       = unknown
/bin/universe          = unknown

PATH: /opt_gccarm/arm-mv5sft-linux-gnueabi/bin
PATH: /usr/lib/qt-3.3/bin
PATH: /usr/lib/ccache
PATH: /usr/local/bin
PATH: /bin
PATH: /usr/bin
PATH: /usr/local/sbin
PATH: /usr/sbin
PATH: /sbin
PATH: /home/jack/bin


## ----------- ##
## Core tests. ##
## ----------- ##

configure:1583: checking for a BSD-compatible install
configure:1638: result: /usr/bin/install -c
configure:1649: checking whether build environment is sane
configure:1692: result: yes
configure:1749: checking for gawk
configure:1765: found /bin/gawk
configure:1775: result: gawk
configure:1785: checking whether make sets $(MAKE)
configure:1805: result: yes
configure:1884: checking for arm-linux-strip
configure:1910: result: arm-mv5sft-linux-gnueabi-strip
configure:2023: checking for arm-linux-gcc
configure:2049: result: arm-mv5sft-linux-gnueabi-gcc
configure:2331: checking for C compiler version
configure:2334: arm-mv5sft-linux-gnueabi-gcc --version </dev/null >&5
arm-mv5sft-linux-gnueabi-gcc (sdk3.2rc1-ct-ng-1.4.1) 4.3.2
Copyright (C) 2008 Free Software Foundation, Inc.
This is free software; see the source for copying conditions.  There is NO
warranty; not even for MERCHANTABILITY or FITNESS FOR A PARTICULAR PURPOSE.

configure:2337: $? = 0
configure:2339: arm-mv5sft-linux-gnueabi-gcc -v </dev/null >&5
Using built-in specs.
Target: arm-mv5sft-linux-gnueabi
Configured with: /home/seugene/sdk/targets/src/gcc-4.3.2/configure --build=i486-build_pc-linux-gnu --host=i486-build_pc-linux-gnu --target=arm-mv5sft-linux-gnueabi --prefix=/home/seugene/sdk/targets/arm-mv5sft-linux-gnueabi/cross --with-sysroot=/home/seugene/sdk/targets/arm-mv5sft-linux-gnueabi/cross/arm-mv5sft-linux-gnueabi//sys-root --enable-languages=c,c++,fortran,java --disable-multilib --with-arch=armv5te --with-float=soft --with-gmp=/home/seugene/sdk/targets/arm-mv5sft-linux-gnueabi/cross --with-mpfr=/home/seugene/sdk/targets/arm-mv5sft-linux-gnueabi/cross --with-pkgversion=sdk3.2rc1-ct-ng-1.4.1 --disable-sjlj-exceptions --enable-__cxa_atexit --with-local-prefix=/home/seugene/sdk/targets/arm-mv5sft-linux-gnueabi/cross/arm-mv5sft-linux-gnueabi//sys-root --disable-nls --enable-threads=posix --enable-symvers=gnu --enable-c99 --enable-long-long --enable-target-optspace
Thread model: posix
gcc version 4.3.2 (sdk3.2rc1-ct-ng-1.4.1) 
configure:2342: $? = 0
configure:2344: arm-mv5sft-linux-gnueabi-gcc -V </dev/null >&5
arm-mv5sft-linux-gnueabi-gcc: '-V' option must have argument
configure:2347: $? = 1
configure:2370: checking for C compiler default output file name
configure:2373: arm-mv5sft-linux-gnueabi-gcc    conftest.c  >&5
configure:2376: $? = 0
configure:2422: result: a.out
configure:2427: checking whether the C compiler works
configure:2433: ./a.out
./configure: line 2434: ./a.out: cannot execute binary file
configure:2436: $? = 126
configure:2453: result: yes
configure:2460: checking whether we are cross compiling
configure:2462: result: yes
configure:2465: checking for suffix of executables
configure:2467: arm-mv5sft-linux-gnueabi-gcc -o conftest    conftest.c  >&5
configure:2470: $? = 0
configure:2495: result: 
configure:2501: checking for suffix of object files
configure:2522: arm-mv5sft-linux-gnueabi-gcc -c   conftest.c >&5
configure:2525: $? = 0
configure:2547: result: o
configure:2551: checking whether we are using the GNU C compiler
configure:2575: arm-mv5sft-linux-gnueabi-gcc -c   conftest.c >&5
configure:2581: $? = 0
configure:2585: test -z 
			 || test ! -s conftest.err
configure:2588: $? = 0
configure:2591: test -s conftest.o
configure:2594: $? = 0
configure:2607: result: yes
configure:2613: checking whether arm-mv5sft-linux-gnueabi-gcc accepts -g
configure:2634: arm-mv5sft-linux-gnueabi-gcc -c -g  conftest.c >&5
configure:2640: $? = 0
configure:2644: test -z 
			 || test ! -s conftest.err
configure:2647: $? = 0
configure:2650: test -s conftest.o
configure:2653: $? = 0
configure:2664: result: yes
configure:2681: checking for arm-mv5sft-linux-gnueabi-gcc option to accept ANSI C
configure:2751: arm-mv5sft-linux-gnueabi-gcc  -c -g -O2  conftest.c >&5
configure:2757: $? = 0
configure:2761: test -z 
			 || test ! -s conftest.err
configure:2764: $? = 0
configure:2767: test -s conftest.o
configure:2770: $? = 0
configure:2788: result: none needed
configure:2806: arm-mv5sft-linux-gnueabi-gcc -c -g -O2  conftest.c >&5
conftest.c:2: error: expected '=', ',', ';', 'asm' or '__attribute__' before 'me'
configure:2812: $? = 1
configure: failed program was:
| #ifndef __cplusplus
|   choke me
| #endif
configure:2956: checking for style of include used by make
configure:2984: result: GNU
configure:3012: checking dependency style of arm-mv5sft-linux-gnueabi-gcc
configure:3097: result: none
configure:3115: checking for a sed that does not truncate output
configure:3169: result: /bin/sed
configure:3178: checking build system type
configure:3196: result: i686-pc-linux-gnu
configure:3204: checking host system type
configure:3218: result: arm-unknown-linux-gnu
configure:3226: checking for egrep
configure:3236: result: grep -E
configure:3252: checking for ld used by arm-mv5sft-linux-gnueabi-gcc
configure:3319: result: arm-mv5sft-linux-gnueabi-ld
configure:3328: checking if the linker (arm-mv5sft-linux-gnueabi-ld) is GNU ld
configure:3343: result: yes
configure:3349: checking for BSD-compatible nm
configure:3391: result: nm
configure:3396: checking whether ln -s works
configure:3400: result: yes
configure:3419: checking for arm-linux-g++
configure:3445: result: arm-mv5sft-linux-gnueabi-g++
configure:3503: checking for C++ compiler version
configure:3506: arm-mv5sft-linux-gnueabi-g++ --version </dev/null >&5
arm-mv5sft-linux-gnueabi-g++ (sdk3.2rc1-ct-ng-1.4.1) 4.3.2
Copyright (C) 2008 Free Software Foundation, Inc.
This is free software; see the source for copying conditions.  There is NO
warranty; not even for MERCHANTABILITY or FITNESS FOR A PARTICULAR PURPOSE.

configure:3509: $? = 0
configure:3511: arm-mv5sft-linux-gnueabi-g++ -v </dev/null >&5
Using built-in specs.
Target: arm-mv5sft-linux-gnueabi
Configured with: /home/seugene/sdk/targets/src/gcc-4.3.2/configure --build=i486-build_pc-linux-gnu --host=i486-build_pc-linux-gnu --target=arm-mv5sft-linux-gnueabi --prefix=/home/seugene/sdk/targets/arm-mv5sft-linux-gnueabi/cross --with-sysroot=/home/seugene/sdk/targets/arm-mv5sft-linux-gnueabi/cross/arm-mv5sft-linux-gnueabi//sys-root --enable-languages=c,c++,fortran,java --disable-multilib --with-arch=armv5te --with-float=soft --with-gmp=/home/seugene/sdk/targets/arm-mv5sft-linux-gnueabi/cross --with-mpfr=/home/seugene/sdk/targets/arm-mv5sft-linux-gnueabi/cross --with-pkgversion=sdk3.2rc1-ct-ng-1.4.1 --disable-sjlj-exceptions --enable-__cxa_atexit --with-local-prefix=/home/seugene/sdk/targets/arm-mv5sft-linux-gnueabi/cross/arm-mv5sft-linux-gnueabi//sys-root --disable-nls --enable-threads=posix --enable-symvers=gnu --enable-c99 --enable-long-long --enable-target-optspace
Thread model: posix
gcc version 4.3.2 (sdk3.2rc1-ct-ng-1.4.1) 
configure:3514: $? = 0
configure:3516: arm-mv5sft-linux-gnueabi-g++ -V </dev/null >&5
arm-mv5sft-linux-gnueabi-g++: '-V' option must have argument
configure:3519: $? = 1
configure:3522: checking whether we are using the GNU C++ compiler
configure:3546: arm-mv5sft-linux-gnueabi-g++ -c   conftest.cc >&5
configure:3552: $? = 0
configure:3556: test -z 
			 || test ! -s conftest.err
configure:3559: $? = 0
configure:3562: test -s conftest.o
configure:3565: $? = 0
configure:3578: result: yes
configure:3584: checking whether arm-mv5sft-linux-gnueabi-g++ accepts -g
configure:3605: arm-mv5sft-linux-gnueabi-g++ -c -g  conftest.cc >&5
configure:3611: $? = 0
configure:3615: test -z 
			 || test ! -s conftest.err
configure:3618: $? = 0
configure:3621: test -s conftest.o
configure:3624: $? = 0
configure:3635: result: yes
configure:3677: arm-mv5sft-linux-gnueabi-g++ -c -g -O2  conftest.cc >&5
configure:3683: $? = 0
configure:3687: test -z 
			 || test ! -s conftest.err
configure:3690: $? = 0
configure:3693: test -s conftest.o
configure:3696: $? = 0
configure:3722: arm-mv5sft-linux-gnueabi-g++ -c -g -O2  conftest.cc >&5
conftest.cc: In function 'int main()':
conftest.cc:15: error: 'exit' was not declared in this scope
configure:3728: $? = 1
configure: failed program was:
| /* confdefs.h.  */
| 
| #define PACKAGE_NAME "libtool"
| #define PACKAGE_TARNAME "libtool"
| #define PACKAGE_VERSION "1.5.6"
| #define PACKAGE_STRING "libtool 1.5.6"
| #define PACKAGE_BUGREPORT "bug-libtool@gnu.org"
| #define PACKAGE "libtool"
| #define VERSION "1.5.6"
| /* end confdefs.h.  */
| 
| int
| main ()
| {
| exit (42);
|   ;
|   return 0;
| }
configure:3677: arm-mv5sft-linux-gnueabi-g++ -c -g -O2  conftest.cc >&5
conftest.cc:11: error: 'void std::exit(int)' should have been declared inside 'std'
configure:3683: $? = 1
configure: failed program was:
| /* confdefs.h.  */
| 
| #define PACKAGE_NAME "libtool"
| #define PACKAGE_TARNAME "libtool"
| #define PACKAGE_VERSION "1.5.6"
| #define PACKAGE_STRING "libtool 1.5.6"
| #define PACKAGE_BUGREPORT "bug-libtool@gnu.org"
| #define PACKAGE "libtool"
| #define VERSION "1.5.6"
| /* end confdefs.h.  */
| extern "C" void std::exit (int) throw (); using std::exit;
| #include <stdlib.h>
| int
| main ()
| {
| exit (42);
|   ;
|   return 0;
| }
configure:3677: arm-mv5sft-linux-gnueabi-g++ -c -g -O2  conftest.cc >&5
conftest.cc:11: error: 'void std::exit(int)' should have been declared inside 'std'
In file included from conftest.cc:12:
/opt_gccarm/arm-mv5sft-linux-gnueabi/bin/../arm-mv5sft-linux-gnueabi//sys-root/usr/include/stdlib.h:531: error: declaration of 'void std::exit(int) throw ()' throws different exceptions
conftest.cc:11: error: from previous declaration 'void std::exit(int)'
configure:3683: $? = 1
configure: failed program was:
| /* confdefs.h.  */
| 
| #define PACKAGE_NAME "libtool"
| #define PACKAGE_TARNAME "libtool"
| #define PACKAGE_VERSION "1.5.6"
| #define PACKAGE_STRING "libtool 1.5.6"
| #define PACKAGE_BUGREPORT "bug-libtool@gnu.org"
| #define PACKAGE "libtool"
| #define VERSION "1.5.6"
| /* end confdefs.h.  */
| extern "C" void std::exit (int); using std::exit;
| #include <stdlib.h>
| int
| main ()
| {
| exit (42);
|   ;
|   return 0;
| }
configure:3677: arm-mv5sft-linux-gnueabi-g++ -c -g -O2  conftest.cc >&5
configure:3683: $? = 0
configure:3687: test -z 
			 || test ! -s conftest.err
configure:3690: $? = 0
configure:3693: test -s conftest.o
configure:3696: $? = 0
configure:3722: arm-mv5sft-linux-gnueabi-g++ -c -g -O2  conftest.cc >&5
configure:3728: $? = 0
configure:3732: test -z 
			 || test ! -s conftest.err
configure:3735: $? = 0
configure:3738: test -s conftest.o
configure:3741: $? = 0
configure:3766: checking dependency style of arm-mv5sft-linux-gnueabi-g++
configure:3851: result: none
configure:3890: checking for arm-linux-g77
configure:3919: result: no
configure:3890: checking for arm-linux-f77
configure:3919: result: no
configure:3890: checking for arm-linux-xlf
configure:3919: result: no
configure:3890: checking for arm-linux-frt
configure:3919: result: no
configure:3890: checking for arm-linux-pgf77
configure:3919: result: no
configure:3890: checking for arm-linux-fort77
configure:3919: result: no
configure:3890: checking for arm-linux-fl32
configure:3919: result: no
configure:3890: checking for arm-linux-af77
configure:3919: result: no
configure:3890: checking for arm-linux-f90
configure:3919: result: no
configure:3890: checking for arm-linux-xlf90
configure:3919: result: no
configure:3890: checking for arm-linux-pgf90
configure:3919: result: no
configure:3890: checking for arm-linux-epcf90
configure:3919: result: no
configure:3890: checking for arm-linux-f95
configure:3919: result: no
configure:3890: checking for arm-linux-fort
configure:3919: result: no
configure:3890: checking for arm-linux-xlf95
configure:3919: result: no
configure:3890: checking for arm-linux-ifc
configure:3919: result: no
configure:3890: checking for arm-linux-efc
configure:3919: result: no
configure:3890: checking for arm-linux-pgf95
configure:3919: result: no
configure:3890: checking for arm-linux-lf95
configure:3919: result: no
configure:3890: checking for arm-linux-gfortran
configure:3919: result: no
configure:3932: checking for g77
configure:3961: result: no
configure:3932: checking for f77
configure:3961: result: no
configure:3932: checking for xlf
configure:3961: result: no
configure:3932: checking for frt
configure:3961: result: no
configure:3932: checking for pgf77
configure:3961: result: no
configure:3932: checking for fort77
configure:3961: result: no
configure:3932: checking for fl32
configure:3961: result: no
configure:3932: checking for af77
configure:3961: result: no
configure:3932: checking for f90
configure:3961: result: no
configure:3932: checking for xlf90
configure:3961: result: no
configure:3932: checking for pgf90
configure:3961: result: no
configure:3932: checking for epcf90
configure:3961: result: no
configure:3932: checking for f95
configure:3948: found /usr/bin/f95
configure:3958: result: f95
configure:3973: checking for Fortran 77 compiler version
configure:3976: f95 --version </dev/null >&5
GNU Fortran (GCC) 4.5.1 20100924 (Red Hat 4.5.1-4)
Copyright (C) 2010 Free Software Foundation, Inc.

GNU Fortran comes with NO WARRANTY, to the extent permitted by law.
You may redistribute copies of GNU Fortran
under the terms of the GNU General Public License.
For more information about these matters, see the file named COPYING

configure:3979: $? = 0
configure:3981: f95 -v </dev/null >&5
Using built-in specs.
COLLECT_GCC=f95
COLLECT_LTO_WRAPPER=/usr/libexec/gcc/i686-redhat-linux/4.5.1/lto-wrapper
Target: i686-redhat-linux
Configured with: ../configure --prefix=/usr --mandir=/usr/share/man --infodir=/usr/share/info --with-bugurl=http://bugzilla.redhat.com/bugzilla --enable-bootstrap --enable-shared --enable-threads=posix --enable-checking=release --with-system-zlib --enable-__cxa_atexit --disable-libunwind-exceptions --enable-gnu-unique-object --enable-linker-build-id --enable-languages=c,c++,objc,obj-c++,java,fortran,ada,lto --enable-plugin --enable-java-awt=gtk --disable-dssi --with-java-home=/usr/lib/jvm/java-1.5.0-gcj-1.5.0.0/jre --enable-libgcj-multifile --enable-java-maintainer-mode --with-ecj-jar=/usr/share/java/eclipse-ecj.jar --disable-libjava-multilib --with-ppl --with-cloog --with-tune=generic --with-arch=i686 --build=i686-redhat-linux
Thread model: posix
gcc version 4.5.1 20100924 (Red Hat 4.5.1-4) (GCC) 
configure:3984: $? = 0
configure:3986: f95 -V </dev/null >&5
f95: '-V' option must have argument
configure:3989: $? = 1
configure:3997: checking whether we are using the GNU Fortran 77 compiler
configure:4011: f95 -c  conftest.F >&5
configure:4017: $? = 0
configure:4021: test -z 
			 || test ! -s conftest.err
configure:4024: $? = 0
configure:4027: test -s conftest.o
configure:4030: $? = 0
configure:4043: result: yes
configure:4049: checking whether f95 accepts -g
configure:4061: f95 -c -g conftest.f >&5
configure:4067: $? = 0
configure:4071: test -z 
			 || test ! -s conftest.err
configure:4074: $? = 0
configure:4077: test -s conftest.o
configure:4080: $? = 0
configure:4092: result: yes
configure:4135: checking for arm-linux-gcj
configure:4164: result: no
configure:4173: checking for gcj
configure:4200: result: no
configure:4229: checking for arm-linux-windres
configure:4258: result: no
configure:4267: checking for windres
configure:4294: result: no
configure:4399: checking for arm-mv5sft-linux-gnueabi-ld option to reload object files
configure:4406: result: -r
configure:4415: checking how to recognise dependent libraries
configure:4598: result: pass_all
configure:5053: checking how to run the C preprocessor
configure:5088: arm-mv5sft-linux-gnueabi-gcc -E  conftest.c
configure:5094: $? = 0
configure:5126: arm-mv5sft-linux-gnueabi-gcc -E  conftest.c
conftest.c:14:28: error: ac_nonexistent.h: No such file or directory
configure:5132: $? = 1
configure: failed program was:
| /* confdefs.h.  */
| 
| #define PACKAGE_NAME "libtool"
| #define PACKAGE_TARNAME "libtool"
| #define PACKAGE_VERSION "1.5.6"
| #define PACKAGE_STRING "libtool 1.5.6"
| #define PACKAGE_BUGREPORT "bug-libtool@gnu.org"
| #define PACKAGE "libtool"
| #define VERSION "1.5.6"
| #ifdef __cplusplus
| extern "C" void exit (int) throw ();
| #endif
| /* end confdefs.h.  */
| #include <ac_nonexistent.h>
configure:5171: result: arm-mv5sft-linux-gnueabi-gcc -E
configure:5195: arm-mv5sft-linux-gnueabi-gcc -E  conftest.c
configure:5201: $? = 0
configure:5233: arm-mv5sft-linux-gnueabi-gcc -E  conftest.c
conftest.c:14:28: error: ac_nonexistent.h: No such file or directory
configure:5239: $? = 1
configure: failed program was:
| /* confdefs.h.  */
| 
| #define PACKAGE_NAME "libtool"
| #define PACKAGE_TARNAME "libtool"
| #define PACKAGE_VERSION "1.5.6"
| #define PACKAGE_STRING "libtool 1.5.6"
| #define PACKAGE_BUGREPORT "bug-libtool@gnu.org"
| #define PACKAGE "libtool"
| #define VERSION "1.5.6"
| #ifdef __cplusplus
| extern "C" void exit (int) throw ();
| #endif
| /* end confdefs.h.  */
| #include <ac_nonexistent.h>
configure:5283: checking for ANSI C header files
configure:5308: arm-mv5sft-linux-gnueabi-gcc -c -g -O2  conftest.c >&5
configure:5314: $? = 0
configure:5318: test -z 
			 || test ! -s conftest.err
configure:5321: $? = 0
configure:5324: test -s conftest.o
configure:5327: $? = 0
configure:5439: result: yes
configure:5463: checking for sys/types.h
configure:5479: arm-mv5sft-linux-gnueabi-gcc -c -g -O2  conftest.c >&5
configure:5485: $? = 0
configure:5489: test -z 
			 || test ! -s conftest.err
configure:5492: $? = 0
configure:5495: test -s conftest.o
configure:5498: $? = 0
configure:5509: result: yes
configure:5463: checking for sys/stat.h
configure:5479: arm-mv5sft-linux-gnueabi-gcc -c -g -O2  conftest.c >&5
configure:5485: $? = 0
configure:5489: test -z 
			 || test ! -s conftest.err
configure:5492: $? = 0
configure:5495: test -s conftest.o
configure:5498: $? = 0
configure:5509: result: yes
configure:5463: checking for stdlib.h
configure:5479: arm-mv5sft-linux-gnueabi-gcc -c -g -O2  conftest.c >&5
configure:5485: $? = 0
configure:5489: test -z 
			 || test ! -s conftest.err
configure:5492: $? = 0
configure:5495: test -s conftest.o
configure:5498: $? = 0
configure:5509: result: yes
configure:5463: checking for string.h
configure:5479: arm-mv5sft-linux-gnueabi-gcc -c -g -O2  conftest.c >&5
configure:5485: $? = 0
configure:5489: test -z 
			 || test ! -s conftest.err
configure:5492: $? = 0
configure:5495: test -s conftest.o
configure:5498: $? = 0
configure:5509: result: yes
configure:5463: checking for memory.h
configure:5479: arm-mv5sft-linux-gnueabi-gcc -c -g -O2  conftest.c >&5
configure:5485: $? = 0
configure:5489: test -z 
			 || test ! -s conftest.err
configure:5492: $? = 0
configure:5495: test -s conftest.o
configure:5498: $? = 0
configure:5509: result: yes
configure:5463: checking for strings.h
configure:5479: arm-mv5sft-linux-gnueabi-gcc -c -g -O2  conftest.c >&5
configure:5485: $? = 0
configure:5489: test -z 
			 || test ! -s conftest.err
configure:5492: $? = 0
configure:5495: test -s conftest.o
configure:5498: $? = 0
configure:5509: result: yes
configure:5463: checking for inttypes.h
configure:5479: arm-mv5sft-linux-gnueabi-gcc -c -g -O2  conftest.c >&5
configure:5485: $? = 0
configure:5489: test -z 
			 || test ! -s conftest.err
configure:5492: $? = 0
configure:5495: test -s conftest.o
configure:5498: $? = 0
configure:5509: result: yes
configure:5463: checking for stdint.h
configure:5479: arm-mv5sft-linux-gnueabi-gcc -c -g -O2  conftest.c >&5
configure:5485: $? = 0
configure:5489: test -z 
			 || test ! -s conftest.err
configure:5492: $? = 0
configure:5495: test -s conftest.o
configure:5498: $? = 0
configure:5509: result: yes
configure:5463: checking for unistd.h
configure:5479: arm-mv5sft-linux-gnueabi-gcc -c -g -O2  conftest.c >&5
configure:5485: $? = 0
configure:5489: test -z 
			 || test ! -s conftest.err
configure:5492: $? = 0
configure:5495: test -s conftest.o
configure:5498: $? = 0
configure:5509: result: yes
configure:5535: checking dlfcn.h usability
configure:5547: arm-mv5sft-linux-gnueabi-gcc -c -g -O2  conftest.c >&5
configure:5553: $? = 0
configure:5557: test -z 
			 || test ! -s conftest.err
configure:5560: $? = 0
configure:5563: test -s conftest.o
configure:5566: $? = 0
configure:5576: result: yes
configure:5580: checking dlfcn.h presence
configure:5590: arm-mv5sft-linux-gnueabi-gcc -E  conftest.c
configure:5596: $? = 0
configure:5616: result: yes
configure:5651: checking for dlfcn.h
configure:5658: result: yes
configure:5676: checking how to run the C++ preprocessor
configure:5707: arm-mv5sft-linux-gnueabi-g++ -E  conftest.cc
configure:5713: $? = 0
configure:5745: arm-mv5sft-linux-gnueabi-g++ -E  conftest.cc
conftest.cc:25:28: error: ac_nonexistent.h: No such file or directory
configure:5751: $? = 1
configure: failed program was:
| /* confdefs.h.  */
| 
| #define PACKAGE_NAME "libtool"
| #define PACKAGE_TARNAME "libtool"
| #define PACKAGE_VERSION "1.5.6"
| #define PACKAGE_STRING "libtool 1.5.6"
| #define PACKAGE_BUGREPORT "bug-libtool@gnu.org"
| #define PACKAGE "libtool"
| #define VERSION "1.5.6"
| #ifdef __cplusplus
| extern "C" void exit (int) throw ();
| #endif
| #define STDC_HEADERS 1
| #define HAVE_SYS_TYPES_H 1
| #define HAVE_SYS_STAT_H 1
| #define HAVE_STDLIB_H 1
| #define HAVE_STRING_H 1
| #define HAVE_MEMORY_H 1
| #define HAVE_STRINGS_H 1
| #define HAVE_INTTYPES_H 1
| #define HAVE_STDINT_H 1
| #define HAVE_UNISTD_H 1
| #define HAVE_DLFCN_H 1
| /* end confdefs.h.  */
| #include <ac_nonexistent.h>
configure:5790: result: arm-mv5sft-linux-gnueabi-g++ -E
configure:5814: arm-mv5sft-linux-gnueabi-g++ -E  conftest.cc
configure:5820: $? = 0
configure:5852: arm-mv5sft-linux-gnueabi-g++ -E  conftest.cc
conftest.cc:25:28: error: ac_nonexistent.h: No such file or directory
configure:5858: $? = 1
configure: failed program was:
| /* confdefs.h.  */
| 
| #define PACKAGE_NAME "libtool"
| #define PACKAGE_TARNAME "libtool"
| #define PACKAGE_VERSION "1.5.6"
| #define PACKAGE_STRING "libtool 1.5.6"
| #define PACKAGE_BUGREPORT "bug-libtool@gnu.org"
| #define PACKAGE "libtool"
| #define VERSION "1.5.6"
| #ifdef __cplusplus
| extern "C" void exit (int) throw ();
| #endif
| #define STDC_HEADERS 1
| #define HAVE_SYS_TYPES_H 1
| #define HAVE_SYS_STAT_H 1
| #define HAVE_STDLIB_H 1
| #define HAVE_STRING_H 1
| #define HAVE_MEMORY_H 1
| #define HAVE_STRINGS_H 1
| #define HAVE_INTTYPES_H 1
| #define HAVE_STDINT_H 1
| #define HAVE_UNISTD_H 1
| #define HAVE_DLFCN_H 1
| /* end confdefs.h.  */
| #include <ac_nonexistent.h>
configure:5907: checking the maximum length of command line arguments
configure:5972: result: 32768
configure:5983: checking command to parse nm output from arm-mv5sft-linux-gnueabi-gcc object
configure:6072: arm-mv5sft-linux-gnueabi-g++ -c -g -O2  conftest.cc >&5
configure:6075: $? = 0
configure:6079: nm conftest.o \| sed -n -e 's/^.*[ 	]\([ABCDGIRSTW][ABCDGIRSTW]*\)[ 	][ 	]*\(\)\([_A-Za-z][_A-Za-z0-9]*\)$/\1 \2\3 \3/p' \> conftest.nm
configure:6082: $? = 0
configure:6134: arm-mv5sft-linux-gnueabi-g++ -o conftest -g -O2   conftest.cc conftstm.o >&5
configure:6137: $? = 0
configure:6175: result: ok
configure:6179: checking for objdir
configure:6194: result: .libs
configure:6246: checking for arm-linux-ar
configure:6275: result: no
configure:6284: checking for ar
configure:6300: found /usr/bin/ar
configure:6311: result: ar
configure:6326: checking for arm-linux-ranlib
configure:6352: result: arm-mv5sft-linux-gnueabi-ranlib
configure:6406: checking for arm-linux-strip
configure:6432: result: arm-mv5sft-linux-gnueabi-strip
configure:6733: checking if arm-mv5sft-linux-gnueabi-gcc static flag  works
configure:6756: result: yes
configure:6778: checking if arm-mv5sft-linux-gnueabi-gcc supports -fno-rtti -fno-exceptions
configure:6796: arm-mv5sft-linux-gnueabi-gcc -c -g -O2  -fno-rtti -fno-exceptions conftest.c >&5
cc1: warning: command line option "-fno-rtti" is valid for C++/ObjC++ but not for C
configure:6800: $? = 0
configure:6811: result: no
configure:6826: checking for arm-mv5sft-linux-gnueabi-gcc option to produce PIC
configure:7003: result: -fPIC
configure:7011: checking if arm-mv5sft-linux-gnueabi-gcc PIC flag -fPIC works
configure:7029: arm-mv5sft-linux-gnueabi-gcc -c -g -O2  -fPIC -DPIC conftest.c >&5
configure:7033: $? = 0
configure:7044: result: yes
configure:7068: checking if arm-mv5sft-linux-gnueabi-gcc supports -c -o file.o
configure:7089: arm-mv5sft-linux-gnueabi-gcc -c -g -O2  -o out/conftest2.o conftest.c >&5
configure:7093: $? = 0
configure:7113: result: yes
configure:7139: checking whether the arm-mv5sft-linux-gnueabi-gcc linker (arm-mv5sft-linux-gnueabi-ld) supports shared libraries
configure:7987: result: yes
configure:8013: checking whether -lc should be explicitly linked in
configure:8018: arm-mv5sft-linux-gnueabi-gcc -c -g -O2  conftest.c >&5
configure:8021: $? = 0
configure:8035: arm-mv5sft-linux-gnueabi-gcc -shared conftest.o  -v -Wl,-soname -Wl,conftest -o conftest 2\>\&1 \| grep  -lc  \>/dev/null 2\>\&1
configure:8038: $? = 0
configure:8050: result: no
configure:8058: checking dynamic linker characteristics
configure:8598: result: GNU/Linux ld.so
configure:8602: checking how to hardcode library paths into programs
configure:8627: result: immediate
configure:8641: checking whether stripping libraries is possible
configure:8646: result: yes
configure:8772: checking for shl_load
configure:8829: arm-mv5sft-linux-gnueabi-gcc -o conftest -g -O2   conftest.c  >&5
/tmp/cci3C8NA.o: In function `main':
/home/tmp/DNS-345_GPL/libtool-1.5.6/conftest.c:68: undefined reference to `shl_load'
/tmp/cci3C8NA.o:(.data+0x0): undefined reference to `shl_load'
collect2: ld returned 1 exit status
configure:8835: $? = 1
configure: failed program was:
| /* confdefs.h.  */
| 
| #define PACKAGE_NAME "libtool"
| #define PACKAGE_TARNAME "libtool"
| #define PACKAGE_VERSION "1.5.6"
| #define PACKAGE_STRING "libtool 1.5.6"
| #define PACKAGE_BUGREPORT "bug-libtool@gnu.org"
| #define PACKAGE "libtool"
| #define VERSION "1.5.6"
| #ifdef __cplusplus
| extern "C" void exit (int) throw ();
| #endif
| #define STDC_HEADERS 1
| #define HAVE_SYS_TYPES_H 1
| #define HAVE_SYS_STAT_H 1
| #define HAVE_STDLIB_H 1
| #define HAVE_STRING_H 1
| #define HAVE_MEMORY_H 1
| #define HAVE_STRINGS_H 1
| #define HAVE_INTTYPES_H 1
| #define HAVE_STDINT_H 1
| #define HAVE_UNISTD_H 1
| #define HAVE_DLFCN_H 1
| /* end confdefs.h.  */
| /* Define shl_load to an innocuous variant, in case <limits.h> declares shl_load.
|    For example, HP-UX 11i <limits.h> declares gettimeofday.  */
| #define shl_load innocuous_shl_load
| 
| /* System header to define __stub macros and hopefully few prototypes,
|     which can conflict with char shl_load (); below.
|     Prefer <limits.h> to <assert.h> if __STDC__ is defined, since
|     <limits.h> exists even on freestanding compilers.  */
| 
| #ifdef __STDC__
| # include <limits.h>
| #else
| # include <assert.h>
| #endif
| 
| #undef shl_load
| 
| /* Override any gcc2 internal prototype to avoid an error.  */
| #ifdef __cplusplus
| extern "C"
| {
| #endif
| /* We use char because int might match the return type of a gcc2
|    builtin and then its argument prototype would still apply.  */
| char shl_load ();
| /* The GNU C library defines this for functions which it implements
|     to always fail with ENOSYS.  Some functions are actually named
|     something starting with __ and the normal name is an alias.  */
| #if defined (__stub_shl_load) || defined (__stub___shl_load)
| choke me
| #else
| char (*f) () = shl_load;
| #endif
| #ifdef __cplusplus
| }
| #endif
| 
| int
| main ()
| {
| return f != shl_load;
|   ;
|   return 0;
| }
configure:8860: result: no
configure:8865: checking for shl_load in -ldld
configure:8895: arm-mv5sft-linux-gnueabi-gcc -o conftest -g -O2   conftest.c -ldld   >&5
/opt_gccarm/arm-mv5sft-linux-gnueabi/bin/../lib/gcc/arm-mv5sft-linux-gnueabi/4.3.2/../../../../arm-mv5sft-linux-gnueabi/bin/ld: cannot find -ldld
collect2: ld returned 1 exit status
configure:8901: $? = 1
configure: failed program was:
| /* confdefs.h.  */
| 
| #define PACKAGE_NAME "libtool"
| #define PACKAGE_TARNAME "libtool"
| #define PACKAGE_VERSION "1.5.6"
| #define PACKAGE_STRING "libtool 1.5.6"
| #define PACKAGE_BUGREPORT "bug-libtool@gnu.org"
| #define PACKAGE "libtool"
| #define VERSION "1.5.6"
| #ifdef __cplusplus
| extern "C" void exit (int) throw ();
| #endif
| #define STDC_HEADERS 1
| #define HAVE_SYS_TYPES_H 1
| #define HAVE_SYS_STAT_H 1
| #define HAVE_STDLIB_H 1
| #define HAVE_STRING_H 1
| #define HAVE_MEMORY_H 1
| #define HAVE_STRINGS_H 1
| #define HAVE_INTTYPES_H 1
| #define HAVE_STDINT_H 1
| #define HAVE_UNISTD_H 1
| #define HAVE_DLFCN_H 1
| /* end confdefs.h.  */
| 
| /* Override any gcc2 internal prototype to avoid an error.  */
| #ifdef __cplusplus
| extern "C"
| #endif
| /* We use char because int might match the return type of a gcc2
|    builtin and then its argument prototype would still apply.  */
| char shl_load ();
| int
| main ()
| {
| shl_load ();
|   ;
|   return 0;
| }
configure:8927: result: no
configure:8932: checking for dlopen
configure:8989: arm-mv5sft-linux-gnueabi-gcc -o conftest -g -O2   conftest.c  >&5
/tmp/cccIo1fQ.o: In function `main':
/home/tmp/DNS-345_GPL/libtool-1.5.6/conftest.c:68: undefined reference to `dlopen'
/tmp/cccIo1fQ.o:(.data+0x0): undefined reference to `dlopen'
collect2: ld returned 1 exit status
configure:8995: $? = 1
configure: failed program was:
| /* confdefs.h.  */
| 
| #define PACKAGE_NAME "libtool"
| #define PACKAGE_TARNAME "libtool"
| #define PACKAGE_VERSION "1.5.6"
| #define PACKAGE_STRING "libtool 1.5.6"
| #define PACKAGE_BUGREPORT "bug-libtool@gnu.org"
| #define PACKAGE "libtool"
| #define VERSION "1.5.6"
| #ifdef __cplusplus
| extern "C" void exit (int) throw ();
| #endif
| #define STDC_HEADERS 1
| #define HAVE_SYS_TYPES_H 1
| #define HAVE_SYS_STAT_H 1
| #define HAVE_STDLIB_H 1
| #define HAVE_STRING_H 1
| #define HAVE_MEMORY_H 1
| #define HAVE_STRINGS_H 1
| #define HAVE_INTTYPES_H 1
| #define HAVE_STDINT_H 1
| #define HAVE_UNISTD_H 1
| #define HAVE_DLFCN_H 1
| /* end confdefs.h.  */
| /* Define dlopen to an innocuous variant, in case <limits.h> declares dlopen.
|    For example, HP-UX 11i <limits.h> declares gettimeofday.  */
| #define dlopen innocuous_dlopen
| 
| /* System header to define __stub macros and hopefully few prototypes,
|     which can conflict with char dlopen (); below.
|     Prefer <limits.h> to <assert.h> if __STDC__ is defined, since
|     <limits.h> exists even on freestanding compilers.  */
| 
| #ifdef __STDC__
| # include <limits.h>
| #else
| # include <assert.h>
| #endif
| 
| #undef dlopen
| 
| /* Override any gcc2 internal prototype to avoid an error.  */
| #ifdef __cplusplus
| extern "C"
| {
| #endif
| /* We use char because int might match the return type of a gcc2
|    builtin and then its argument prototype would still apply.  */
| char dlopen ();
| /* The GNU C library defines this for functions which it implements
|     to always fail with ENOSYS.  Some functions are actually named
|     something starting with __ and the normal name is an alias.  */
| #if defined (__stub_dlopen) || defined (__stub___dlopen)
| choke me
| #else
| char (*f) () = dlopen;
| #endif
| #ifdef __cplusplus
| }
| #endif
| 
| int
| main ()
| {
| return f != dlopen;
|   ;
|   return 0;
| }
configure:9020: result: no
configure:9025: checking for dlopen in -ldl
configure:9055: arm-mv5sft-linux-gnueabi-gcc -o conftest -g -O2   conftest.c -ldl   >&5
configure:9061: $? = 0
configure:9065: test -z 
			 || test ! -s conftest.err
configure:9068: $? = 0
configure:9071: test -s conftest
configure:9074: $? = 0
configure:9087: result: yes
configure:9262: checking whether a program can dlopen itself
configure:9355: result: cross
configure:9476: checking if libtool supports shared libraries
configure:9478: result: yes
configure:9481: checking whether to build shared libraries
configure:9539: result: yes
configure:9542: checking whether to build static libraries
configure:9546: result: yes
configure:9638: creating libtool
configure:10185: checking for ld used by arm-mv5sft-linux-gnueabi-g++
configure:10252: result: arm-mv5sft-linux-gnueabi-ld
configure:10261: checking if the linker (arm-mv5sft-linux-gnueabi-ld) is GNU ld
configure:10276: result: yes
configure:10327: checking whether the arm-mv5sft-linux-gnueabi-g++ linker (arm-mv5sft-linux-gnueabi-ld) supports shared libraries
configure:11155: result: yes
configure:11177: arm-mv5sft-linux-gnueabi-g++ -c -g -O2  conftest.cc >&5
configure:11180: $? = 0
configure:11276: checking for arm-mv5sft-linux-gnueabi-g++ option to produce PIC
configure:11528: result: -fPIC
configure:11536: checking if arm-mv5sft-linux-gnueabi-g++ PIC flag -fPIC works
configure:11554: arm-mv5sft-linux-gnueabi-g++ -c -g -O2  -fPIC -DPIC conftest.cc >&5
configure:11558: $? = 0
configure:11569: result: yes
configure:11593: checking if arm-mv5sft-linux-gnueabi-g++ supports -c -o file.o
configure:11614: arm-mv5sft-linux-gnueabi-g++ -c -g -O2  -o out/conftest2.o conftest.cc >&5
configure:11618: $? = 0
configure:11638: result: yes
configure:11664: checking whether the arm-mv5sft-linux-gnueabi-g++ linker (arm-mv5sft-linux-gnueabi-ld) supports shared libraries
configure:11689: result: yes
configure:11760: checking dynamic linker characteristics
configure:12300: result: GNU/Linux ld.so
configure:12304: checking how to hardcode library paths into programs
configure:12329: result: immediate
configure:12343: checking whether stripping libraries is possible
configure:12348: result: yes
configure:12474: checking for shl_load
configure:12562: result: no
configure:12567: checking for shl_load in -ldld
configure:12629: result: no
configure:12634: checking for dlopen
configure:12722: result: no
configure:12727: checking for dlopen in -ldl
configure:12789: result: yes
configure:12964: checking whether a program can dlopen itself
configure:13057: result: cross
configure:13655: checking if libtool supports shared libraries
configure:13657: result: yes
configure:13660: checking whether to build shared libraries
configure:13678: result: yes
configure:13681: checking whether to build static libraries
configure:13685: result: yes
configure:13697: checking for f95 option to produce PIC
configure:13874: result: -fPIC
configure:13882: checking if f95 PIC flag -fPIC works
configure:13900: f95 -c -g -O2 -fPIC conftest.f >&5
configure:13904: $? = 0
configure:13915: result: yes
configure:13939: checking if f95 supports -c -o file.o
configure:13960: f95 -c -g -O2 -o out/conftest2.o conftest.f >&5
configure:13964: $? = 0
configure:13984: result: yes
configure:14010: checking whether the f95 linker (arm-mv5sft-linux-gnueabi-ld) supports shared libraries
configure:14838: result: yes
configure:14909: checking dynamic linker characteristics
configure:15449: result: GNU/Linux ld.so
configure:15453: checking how to hardcode library paths into programs
configure:15478: result: immediate
configure:15492: checking whether stripping libraries is possible
configure:15497: result: yes
configure:19773: creating ./config.status

## ---------------- ##
## Cache variables. ##
## ---------------- ##

ac_cv_build=i686-pc-linux-gnu
ac_cv_build_alias=i686-pc-linux-gnu
ac_cv_c_compiler_gnu=yes
ac_cv_cxx_compiler_gnu=yes
ac_cv_env_CC_set=set
ac_cv_env_CC_value=arm-mv5sft-linux-gnueabi-gcc
ac_cv_env_CFLAGS_set=
ac_cv_env_CFLAGS_value=
ac_cv_env_CPPFLAGS_set=
ac_cv_env_CPPFLAGS_value=
ac_cv_env_CPP_set=
ac_cv_env_CPP_value=
ac_cv_env_CXXCPP_set=
ac_cv_env_CXXCPP_value=
ac_cv_env_CXXFLAGS_set=
ac_cv_env_CXXFLAGS_value=
ac_cv_env_CXX_set=set
ac_cv_env_CXX_value=arm-mv5sft-linux-gnueabi-g++
ac_cv_env_F77_set=
ac_cv_env_F77_value=
ac_cv_env_FFLAGS_set=
ac_cv_env_FFLAGS_value=
ac_cv_env_LDFLAGS_set=
ac_cv_env_LDFLAGS_value=
ac_cv_env_build_alias_set=
ac_cv_env_build_alias_value=
ac_cv_env_host_alias_set=set
ac_cv_env_host_alias_value=arm-linux
ac_cv_env_target_alias_set=
ac_cv_env_target_alias_value=
ac_cv_exeext=
ac_cv_f77_compiler_gnu=yes
ac_cv_func_dlopen=no
ac_cv_func_shl_load=no
ac_cv_header_dlfcn_h=yes
ac_cv_header_inttypes_h=yes
ac_cv_header_memory_h=yes
ac_cv_header_stdc=yes
ac_cv_header_stdint_h=yes
ac_cv_header_stdlib_h=yes
ac_cv_header_string_h=yes
ac_cv_header_strings_h=yes
ac_cv_header_sys_stat_h=yes
ac_cv_header_sys_types_h=yes
ac_cv_header_unistd_h=yes
ac_cv_host=arm-unknown-linux-gnu
ac_cv_host_alias=arm-linux
ac_cv_lib_dl_dlopen=yes
ac_cv_lib_dld_shl_load=no
ac_cv_objext=o
ac_cv_path_install='/usr/bin/install -c'
ac_cv_prog_AWK=gawk
ac_cv_prog_CC=arm-mv5sft-linux-gnueabi-gcc
ac_cv_prog_CPP='arm-mv5sft-linux-gnueabi-gcc -E'
ac_cv_prog_CXX=arm-mv5sft-linux-gnueabi-g++
ac_cv_prog_CXXCPP='arm-mv5sft-linux-gnueabi-g++ -E'
ac_cv_prog_RANLIB=arm-mv5sft-linux-gnueabi-ranlib
ac_cv_prog_STRIP=arm-mv5sft-linux-gnueabi-strip
ac_cv_prog_ac_ct_AR=ar
ac_cv_prog_ac_ct_F77=f95
ac_cv_prog_ac_ct_GCJ=no
ac_cv_prog_ac_ct_RC=no
ac_cv_prog_cc_g=yes
ac_cv_prog_cc_stdc=
ac_cv_prog_cxx_g=yes
ac_cv_prog_egrep='grep -E'
ac_cv_prog_f77_g=yes
ac_cv_prog_make_make_set=yes
am_cv_CC_dependencies_compiler_type=none
am_cv_CXX_dependencies_compiler_type=none
lt_cv_deplibs_check_method=pass_all
lt_cv_dlopen=dlopen
lt_cv_dlopen_libs=-ldl
lt_cv_dlopen_self=cross
lt_cv_file_magic_cmd='$MAGIC_CMD'
lt_cv_file_magic_test_file='/lib/libc.so.6 /lib/libc-2.12.90.so'
lt_cv_ld_reload_flag=-r
lt_cv_objdir=.libs
lt_cv_path_LD=arm-mv5sft-linux-gnueabi-ld
lt_cv_path_LDCXX=arm-mv5sft-linux-gnueabi-ld
lt_cv_path_NM=nm
lt_cv_path_SED=/bin/sed
lt_cv_prog_compiler_c_o=yes
lt_cv_prog_compiler_c_o_CXX=yes
lt_cv_prog_compiler_c_o_F77=yes
lt_cv_prog_compiler_rtti_exceptions=no
lt_cv_prog_gnu_ld=yes
lt_cv_prog_gnu_ldcxx=yes
lt_cv_sys_global_symbol_pipe='sed -n -e '\''s/^.*[ 	]\([ABCDGIRSTW][ABCDGIRSTW]*\)[ 	][ 	]*\(\)\([_A-Za-z][_A-Za-z0-9]*\)$/\1 \2\3 \3/p'\'''
lt_cv_sys_global_symbol_to_c_name_address='sed -n -e '\''s/^: \([^ ]*\) $/  {\"\1\", (lt_ptr) 0},/p'\'' -e '\''s/^[BCDEGRST] \([^ ]*\) \([^ ]*\)$/  {"\2", (lt_ptr) \&\2},/p'\'''
lt_cv_sys_global_symbol_to_cdecl='sed -n -e '\''s/^. .* \(.*\)$/extern int \1;/p'\'''
lt_cv_sys_max_cmd_len=32768
lt_lt_cv_prog_compiler_c_o='"yes"'
lt_lt_cv_prog_compiler_c_o_CXX='"yes"'
lt_lt_cv_prog_compiler_c_o_F77='"yes"'
lt_lt_cv_sys_global_symbol_pipe='"sed -n -e '\''s/^.*[ 	]\\([ABCDGIRSTW][ABCDGIRSTW]*\\)[ 	][ 	]*\\(\\)\\([_A-Za-z][_A-Za-z0-9]*\\)\$/\\1 \\2\\3 \\3/p'\''"'
lt_lt_cv_sys_global_symbol_to_c_name_address='"sed -n -e '\''s/^: \\([^ ]*\\) \$/  {\\\"\\1\\\", (lt_ptr) 0},/p'\'' -e '\''s/^[BCDEGRST] \\([^ ]*\\) \\([^ ]*\\)\$/  {\"\\2\", (lt_ptr) \\&\\2},/p'\''"'
lt_lt_cv_sys_global_symbol_to_cdecl='"sed -n -e '\''s/^. .* \\(.*\\)\$/extern int \\1;/p'\''"'

## ----------------- ##
## Output variables. ##
## ----------------- ##

ACINCLUDE_M4_LIST='./acinclude.m4 ./cdemo/acinclude.m4 ./pdemo/acinclude.m4 ./demo/acinclude.m4 ./depdemo/acinclude.m4 ./mdemo/acinclude.m4 ./mdemo2/acinclude.m4 ./tagdemo/acinclude.m4 ./f77demo/acinclude.m4'
ACLOCAL='${SHELL} /home/tmp/DNS-345_GPL/libtool-1.5.6/missing --run aclocal-1.8'
AMDEPBACKSLASH='\'
AMDEP_FALSE='#'
AMDEP_TRUE=''
AMTAR='${SHELL} /home/tmp/DNS-345_GPL/libtool-1.5.6/missing --run tar'
AR='ar'
AS='as'
AUTOCONF='${SHELL} /home/tmp/DNS-345_GPL/libtool-1.5.6/missing --run autoconf'
AUTOHEADER='${SHELL} /home/tmp/DNS-345_GPL/libtool-1.5.6/missing --run autoheader'
AUTOMAKE='${SHELL} /home/tmp/DNS-345_GPL/libtool-1.5.6/missing --run automake-1.8'
AWK='gawk'
CC='arm-mv5sft-linux-gnueabi-gcc'
CCDEPMODE='depmode=none'
CFLAGS='-g -O2'
CONF_SUBDIRS='cdemo pdemo demo depdemo mdemo mdemo2 tagdemo f77demo'
CPP='arm-mv5sft-linux-gnueabi-gcc -E'
CPPFLAGS=''
CXX='arm-mv5sft-linux-gnueabi-g++'
CXXCPP='arm-mv5sft-linux-gnueabi-g++ -E'
CXXDEPMODE='depmode=none'
CXXFLAGS='-g -O2'
CYGPATH_W='echo'
DEFS='-DPACKAGE_NAME=\"libtool\" -DPACKAGE_TARNAME=\"libtool\" -DPACKAGE_VERSION=\"1.5.6\" -DPACKAGE_STRING=\"libtool\ 1.5.6\" -DPACKAGE_BUGREPORT=\"bug-libtool@gnu.org\" -DPACKAGE=\"libtool\" -DVERSION=\"1.5.6\" -DSTDC_HEADERS=1 -DHAVE_SYS_TYPES_H=1 -DHAVE_SYS_STAT_H=1 -DHAVE_STDLIB_H=1 -DHAVE_STRING_H=1 -DHAVE_MEMORY_H=1 -DHAVE_STRINGS_H=1 -DHAVE_INTTYPES_H=1 -DHAVE_STDINT_H=1 -DHAVE_UNISTD_H=1 -DHAVE_DLFCN_H=1 '
DEPDIR='.deps'
DIST_MAKEFILE_LIST='cdemo/Makefile pdemo/Makefile demo/Makefile depdemo/Makefile mdemo/Makefile mdemo2/Makefile tagdemo/Makefile f77demo/Makefile '
DLLTOOL='dlltool'
ECHO='echo'
ECHO_C=''
ECHO_N='-n'
ECHO_T=''
EGREP='grep -E'
EXEEXT=''
F77='f95'
FFLAGS='-g -O2'
GCJ='no'
GCJFLAGS='-g -O2'
HAVE_CXX_FALSE='#'
HAVE_CXX_TRUE=''
HAVE_F77_FALSE='#'
HAVE_F77_TRUE=''
HAVE_GCJ_FALSE=''
HAVE_GCJ_TRUE='#'
HAVE_RC_FALSE=''
HAVE_RC_TRUE='#'
INSTALL_DATA='${INSTALL} -m 644'
INSTALL_PROGRAM='${INSTALL}'
INSTALL_SCRIPT='${INSTALL}'
INSTALL_STRIP_PROGRAM='${SHELL} $(install_sh) -c -s'
LD='arm-mv5sft-linux-gnueabi-ld'
LDFLAGS=''
LIBOBJS=''
LIBS=''
LIBTOOL='$(SHELL) $(top_builddir)/libtool'
LN_S='ln -s'
LTLIBOBJS=''
MAKEINFO='${SHELL} /home/tmp/DNS-345_GPL/libtool-1.5.6/missing --run makeinfo'
NM='nm'
OBJDUMP='objdump'
OBJEXT='o'
PACKAGE='libtool'
PACKAGE_BUGREPORT='bug-libtool@gnu.org'
PACKAGE_NAME='libtool'
PACKAGE_STRING='libtool 1.5.6'
PACKAGE_TARNAME='libtool'
PACKAGE_VERSION='1.5.6'
PATH_SEPARATOR=':'
RANLIB='arm-mv5sft-linux-gnueabi-ranlib'
RC='no'
SET_MAKE=''
SHELL='/bin/sh'
STRIP='arm-mv5sft-linux-gnueabi-strip'
TIMESTAMP=''
VERSION='1.5.6'
ac_ct_AR='ar'
ac_ct_AS=''
ac_ct_CC=''
ac_ct_CXX=''
ac_ct_DLLTOOL=''
ac_ct_F77='f95'
ac_ct_GCJ='no'
ac_ct_OBJDUMP=''
ac_ct_RANLIB=''
ac_ct_RC='no'
ac_ct_STRIP=''
aclocaldir='${datadir}/aclocal'
am__fastdepCC_FALSE=''
am__fastdepCC_TRUE='#'
am__fastdepCXX_FALSE=''
am__fastdepCXX_TRUE='#'
am__include='include'
am__leading_dot='.'
am__quote=''
bindir='${exec_prefix}/bin'
build='i686-pc-linux-gnu'
build_alias=''
build_cpu='i686'
build_os='linux-gnu'
build_vendor='pc'
datadir='${prefix}/share'
exec_prefix='${prefix}'
host='arm-unknown-linux-gnu'
host_alias='arm-linux'
host_cpu='arm'
host_os='linux-gnu'
host_vendor='unknown'
includedir='${prefix}/include'
infodir='${prefix}/info'
install_sh='/home/tmp/DNS-345_GPL/libtool-1.5.6/install-sh'
libdir='${exec_prefix}/lib'
libexecdir='${exec_prefix}/libexec'
localstatedir='${prefix}/var'
mandir='${prefix}/man'
mkdir_p='mkdir -p -- .'
oldincludedir='/usr/include'
pkgdatadir='${datadir}/libtool'
prefix='/usr/local'
program_transform_name='s,x,x,'
sbindir='${exec_prefix}/sbin'
sharedstatedir='${prefix}/com'
subdirs=' libltdl'
sysconfdir='${prefix}/etc'
target_alias=''

## ----------- ##
## confdefs.h. ##
## ----------- ##

#define HAVE_DLFCN_H 1
#define HAVE_INTTYPES_H 1
#define HAVE_MEMORY_H 1
#define HAVE_STDINT_H 1
#define HAVE_STDLIB_H 1
#define HAVE_STRINGS_H 1
#define HAVE_STRING_H 1
#define HAVE_SYS_STAT_H 1
#define HAVE_SYS_TYPES_H 1
#define HAVE_UNISTD_H 1
#define PACKAGE "libtool"
#define PACKAGE_BUGREPORT "bug-libtool@gnu.org"
#define PACKAGE_NAME "libtool"
#define PACKAGE_STRING "libtool 1.5.6"
#define PACKAGE_TARNAME "libtool"
#define PACKAGE_VERSION "1.5.6"
#define STDC_HEADERS 1
#define VERSION "1.5.6"
#endif
#ifdef __cplusplus
extern "C" void exit (int) throw ();

configure: exit 0
