This file contains any messages produced by compilers while
running configure, to aid debugging if configure makes a mistake.

It was created by msmtp configure 1.4.15, which was
generated by GNU Autoconf 2.66.  Invocation command line was

  $ ./configure --host=arm-mv5sft-linux-gnueabi --with-libssl-prefix=/home/ibuki/cvmod/DNS345/DNS-325_GPL/msmtp-1.4.15/../tmp_install/

## --------- ##
## Platform. ##
## --------- ##

hostname = fedora-14
uname -m = i686
uname -r = 2.6.35.6-45.fc14.i686
uname -s = Linux
uname -v = #1 SMP Mon Oct 18 23:56:17 UTC 2010

/usr/bin/uname -p = unknown
/bin/uname -X     = unknown

/bin/arch              = i686
/usr/bin/arch -k       = unknown
/usr/convex/getsysinfo = unknown
/usr/bin/hostinfo      = unknown
/bin/machine           = unknown
/usr/bin/oslevel       = unknown
/bin/universe          = unknown

PATH: /opt_gccarm/arm-mv5sft-linux-gnueabi/bin
PATH: /usr/lib/qt-3.3/bin
PATH: /usr/lib/ccache
PATH: /usr/local/bin
PATH: /bin
PATH: /usr/bin
PATH: /usr/local/sbin
PATH: /usr/sbin
PATH: /sbin
PATH: /home/ibuki/bin


## ----------- ##
## Core tests. ##
## ----------- ##

configure:2688: checking build system type
configure:2702: result: i686-pc-linux-gnu
configure:2722: checking host system type
configure:2735: result: arm-mv5sft-linux-gnueabi
configure:2755: checking target system type
configure:2768: result: arm-mv5sft-linux-gnueabi
configure:2812: checking for a BSD-compatible install
configure:2880: result: /usr/bin/install -c
configure:2891: checking whether build environment is sane
configure:2928: result: yes
configure:2953: checking for a thread-safe mkdir -p
configure:2992: result: /bin/mkdir -p
configure:3005: checking for gawk
configure:3021: found /bin/gawk
configure:3032: result: gawk
configure:3043: checking whether make sets $(MAKE)
configure:3065: result: yes
configure:3143: checking for arm-mv5sft-linux-gnueabi-strip
configure:3170: result: arm-mv5sft-linux-gnueabi-strip
configure:3258: checking for arm-mv5sft-linux-gnueabi-gcc
configure:3285: result: arm-mv5sft-linux-gnueabi-gcc
configure:3554: checking for C compiler version
configure:3563: arm-mv5sft-linux-gnueabi-gcc --version >&5
arm-mv5sft-linux-gnueabi-gcc (sdk3.2rc1-ct-ng-1.4.1) 4.3.2
Copyright (C) 2008 Free Software Foundation, Inc.
This is free software; see the source for copying conditions.  There is NO
warranty; not even for MERCHANTABILITY or FITNESS FOR A PARTICULAR PURPOSE.

configure:3574: $? = 0
configure:3563: arm-mv5sft-linux-gnueabi-gcc -v >&5
Using built-in specs.
Target: arm-mv5sft-linux-gnueabi
Configured with: /home/seugene/sdk/targets/src/gcc-4.3.2/configure --build=i486-build_pc-linux-gnu --host=i486-build_pc-linux-gnu --target=arm-mv5sft-linux-gnueabi --prefix=/home/seugene/sdk/targets/arm-mv5sft-linux-gnueabi/cross --with-sysroot=/home/seugene/sdk/targets/arm-mv5sft-linux-gnueabi/cross/arm-mv5sft-linux-gnueabi//sys-root --enable-languages=c,c++,fortran,java --disable-multilib --with-arch=armv5te --with-float=soft --with-gmp=/home/seugene/sdk/targets/arm-mv5sft-linux-gnueabi/cross --with-mpfr=/home/seugene/sdk/targets/arm-mv5sft-linux-gnueabi/cross --with-pkgversion=sdk3.2rc1-ct-ng-1.4.1 --disable-sjlj-exceptions --enable-__cxa_atexit --with-local-prefix=/home/seugene/sdk/targets/arm-mv5sft-linux-gnueabi/cross/arm-mv5sft-linux-gnueabi//sys-root --disable-nls --enable-threads=posix --enable-symvers=gnu --enable-c99 --enable-long-long --enable-target-optspace
Thread model: posix
gcc version 4.3.2 (sdk3.2rc1-ct-ng-1.4.1) 
configure:3574: $? = 0
configure:3563: arm-mv5sft-linux-gnueabi-gcc -V >&5
arm-mv5sft-linux-gnueabi-gcc: '-V' option must have argument
configure:3574: $? = 1
configure:3563: arm-mv5sft-linux-gnueabi-gcc -qversion >&5
arm-mv5sft-linux-gnueabi-gcc: unrecognized option '-qversion'
arm-mv5sft-linux-gnueabi-gcc: no input files
configure:3574: $? = 1
configure:3594: checking whether the C compiler works
configure:3616: arm-mv5sft-linux-gnueabi-gcc    conftest.c  >&5
configure:3620: $? = 0
configure:3668: result: yes
configure:3671: checking for C compiler default output file name
configure:3673: result: a.out
configure:3679: checking for suffix of executables
configure:3686: arm-mv5sft-linux-gnueabi-gcc -o conftest    conftest.c  >&5
configure:3690: $? = 0
configure:3712: result: 
configure:3734: checking whether we are cross compiling
configure:3742: arm-mv5sft-linux-gnueabi-gcc -o conftest    conftest.c  >&5
configure:3746: $? = 0
configure:3753: ./conftest
./configure: line 3755: ./conftest: cannot execute binary file
configure:3757: $? = 126
configure:3772: result: yes
configure:3777: checking for suffix of object files
configure:3799: arm-mv5sft-linux-gnueabi-gcc -c   conftest.c >&5
configure:3803: $? = 0
configure:3824: result: o
configure:3828: checking whether we are using the GNU C compiler
configure:3847: arm-mv5sft-linux-gnueabi-gcc -c   conftest.c >&5
configure:3847: $? = 0
configure:3856: result: yes
configure:3865: checking whether arm-mv5sft-linux-gnueabi-gcc accepts -g
configure:3885: arm-mv5sft-linux-gnueabi-gcc -c -g  conftest.c >&5
configure:3885: $? = 0
configure:3926: result: yes
configure:3943: checking for arm-mv5sft-linux-gnueabi-gcc option to accept ISO C89
configure:4007: arm-mv5sft-linux-gnueabi-gcc  -c -g -O2  conftest.c >&5
configure:4007: $? = 0
configure:4020: result: none needed
configure:4051: checking for style of include used by make
configure:4079: result: GNU
configure:4104: checking dependency style of arm-mv5sft-linux-gnueabi-gcc
configure:4195: result: gcc3
configure:4213: checking for arm-mv5sft-linux-gnueabi-ranlib
configure:4240: result: arm-mv5sft-linux-gnueabi-ranlib
configure:4308: checking how to run the C preprocessor
configure:4339: arm-mv5sft-linux-gnueabi-gcc -E  conftest.c
configure:4339: $? = 0
configure:4353: arm-mv5sft-linux-gnueabi-gcc -E  conftest.c
conftest.c:11:28: error: ac_nonexistent.h: No such file or directory
configure:4353: $? = 1
configure: failed program was:
| /* confdefs.h */
| #define PACKAGE_NAME "msmtp"
| #define PACKAGE_TARNAME "msmtp"
| #define PACKAGE_VERSION "1.4.15"
| #define PACKAGE_STRING "msmtp 1.4.15"
| #define PACKAGE_BUGREPORT "marlam@marlam.de"
| #define PACKAGE_URL ""
| #define PACKAGE "msmtp"
| #define VERSION "1.4.15"
| /* end confdefs.h.  */
| #include <ac_nonexistent.h>
configure:4378: result: arm-mv5sft-linux-gnueabi-gcc -E
configure:4398: arm-mv5sft-linux-gnueabi-gcc -E  conftest.c
configure:4398: $? = 0
configure:4412: arm-mv5sft-linux-gnueabi-gcc -E  conftest.c
conftest.c:11:28: error: ac_nonexistent.h: No such file or directory
configure:4412: $? = 1
configure: failed program was:
| /* confdefs.h */
| #define PACKAGE_NAME "msmtp"
| #define PACKAGE_TARNAME "msmtp"
| #define PACKAGE_VERSION "1.4.15"
| #define PACKAGE_STRING "msmtp 1.4.15"
| #define PACKAGE_BUGREPORT "marlam@marlam.de"
| #define PACKAGE_URL ""
| #define PACKAGE "msmtp"
| #define VERSION "1.4.15"
| /* end confdefs.h.  */
| #include <ac_nonexistent.h>
configure:4441: checking for grep that handles long lines and -e
configure:4499: result: /bin/grep
configure:4504: checking for egrep
configure:4566: result: /bin/grep -E
configure:4571: checking for ANSI C header files
configure:4591: arm-mv5sft-linux-gnueabi-gcc -c -g -O2  conftest.c >&5
configure:4591: $? = 0
configure:4675: result: yes
configure:4688: checking for sys/types.h
configure:4688: arm-mv5sft-linux-gnueabi-gcc -c -g -O2  conftest.c >&5
configure:4688: $? = 0
configure:4688: result: yes
configure:4688: checking for sys/stat.h
configure:4688: arm-mv5sft-linux-gnueabi-gcc -c -g -O2  conftest.c >&5
configure:4688: $? = 0
configure:4688: result: yes
configure:4688: checking for stdlib.h
configure:4688: arm-mv5sft-linux-gnueabi-gcc -c -g -O2  conftest.c >&5
configure:4688: $? = 0
configure:4688: result: yes
configure:4688: checking for string.h
configure:4688: arm-mv5sft-linux-gnueabi-gcc -c -g -O2  conftest.c >&5
configure:4688: $? = 0
configure:4688: result: yes
configure:4688: checking for memory.h
configure:4688: arm-mv5sft-linux-gnueabi-gcc -c -g -O2  conftest.c >&5
configure:4688: $? = 0
configure:4688: result: yes
configure:4688: checking for strings.h
configure:4688: arm-mv5sft-linux-gnueabi-gcc -c -g -O2  conftest.c >&5
configure:4688: $? = 0
configure:4688: result: yes
configure:4688: checking for inttypes.h
configure:4688: arm-mv5sft-linux-gnueabi-gcc -c -g -O2  conftest.c >&5
configure:4688: $? = 0
configure:4688: result: yes
configure:4688: checking for stdint.h
configure:4688: arm-mv5sft-linux-gnueabi-gcc -c -g -O2  conftest.c >&5
configure:4688: $? = 0
configure:4688: result: yes
configure:4688: checking for unistd.h
configure:4688: arm-mv5sft-linux-gnueabi-gcc -c -g -O2  conftest.c >&5
configure:4688: $? = 0
configure:4688: result: yes
configure:4701: checking minix/config.h usability
configure:4701: arm-mv5sft-linux-gnueabi-gcc -c -g -O2  conftest.c >&5
conftest.c:54:26: error: minix/config.h: No such file or directory
configure:4701: $? = 1
configure: failed program was:
| /* confdefs.h */
| #define PACKAGE_NAME "msmtp"
| #define PACKAGE_TARNAME "msmtp"
| #define PACKAGE_VERSION "1.4.15"
| #define PACKAGE_STRING "msmtp 1.4.15"
| #define PACKAGE_BUGREPORT "marlam@marlam.de"
| #define PACKAGE_URL ""
| #define PACKAGE "msmtp"
| #define VERSION "1.4.15"
| #define STDC_HEADERS 1
| #define HAVE_SYS_TYPES_H 1
| #define HAVE_SYS_STAT_H 1
| #define HAVE_STDLIB_H 1
| #define HAVE_STRING_H 1
| #define HAVE_MEMORY_H 1
| #define HAVE_STRINGS_H 1
| #define HAVE_INTTYPES_H 1
| #define HAVE_STDINT_H 1
| #define HAVE_UNISTD_H 1
| /* end confdefs.h.  */
| #include <stdio.h>
| #ifdef HAVE_SYS_TYPES_H
| # include <sys/types.h>
| #endif
| #ifdef HAVE_SYS_STAT_H
| # include <sys/stat.h>
| #endif
| #ifdef STDC_HEADERS
| # include <stdlib.h>
| # include <stddef.h>
| #else
| # ifdef HAVE_STDLIB_H
| #  include <stdlib.h>
| # endif
| #endif
| #ifdef HAVE_STRING_H
| # if !defined STDC_HEADERS && defined HAVE_MEMORY_H
| #  include <memory.h>
| # endif
| # include <string.h>
| #endif
| #ifdef HAVE_STRINGS_H
| # include <strings.h>
| #endif
| #ifdef HAVE_INTTYPES_H
| # include <inttypes.h>
| #endif
| #ifdef HAVE_STDINT_H
| # include <stdint.h>
| #endif
| #ifdef HAVE_UNISTD_H
| # include <unistd.h>
| #endif
| #include <minix/config.h>
configure:4701: result: no
configure:4701: checking minix/config.h presence
configure:4701: arm-mv5sft-linux-gnueabi-gcc -E  conftest.c
conftest.c:21:26: error: minix/config.h: No such file or directory
configure:4701: $? = 1
configure: failed program was:
| /* confdefs.h */
| #define PACKAGE_NAME "msmtp"
| #define PACKAGE_TARNAME "msmtp"
| #define PACKAGE_VERSION "1.4.15"
| #define PACKAGE_STRING "msmtp 1.4.15"
| #define PACKAGE_BUGREPORT "marlam@marlam.de"
| #define PACKAGE_URL ""
| #define PACKAGE "msmtp"
| #define VERSION "1.4.15"
| #define STDC_HEADERS 1
| #define HAVE_SYS_TYPES_H 1
| #define HAVE_SYS_STAT_H 1
| #define HAVE_STDLIB_H 1
| #define HAVE_STRING_H 1
| #define HAVE_MEMORY_H 1
| #define HAVE_STRINGS_H 1
| #define HAVE_INTTYPES_H 1
| #define HAVE_STDINT_H 1
| #define HAVE_UNISTD_H 1
| /* end confdefs.h.  */
| #include <minix/config.h>
configure:4701: result: no
configure:4701: checking for minix/config.h
configure:4701: result: no
configure:4722: checking whether it is safe to define __EXTENSIONS__
configure:4740: arm-mv5sft-linux-gnueabi-gcc -c -g -O2  conftest.c >&5
configure:4740: $? = 0
configure:4747: result: yes
configure:4762: checking for _LARGEFILE_SOURCE value needed for large files
configure:4781: arm-mv5sft-linux-gnueabi-gcc -o conftest -g -O2   conftest.c  >&5
configure:4781: $? = 0
configure:4809: result: no
configure:4834: checking for arm-mv5sft-linux-gnueabi-gcc option to accept ISO C99
configure:4983: arm-mv5sft-linux-gnueabi-gcc  -c -g -O2  conftest.c >&5
conftest.c:77: error: expected ';', ',' or ')' before 'text'
conftest.c: In function 'main':
conftest.c:131: error: expected '=', ',', ';', 'asm' or '__attribute__' before 'newvar'
conftest.c:131: error: 'newvar' undeclared (first use in this function)
conftest.c:131: error: (Each undeclared identifier is reported only once
conftest.c:131: error: for each function it appears in.)
conftest.c:141: error: 'for' loop initial declaration used outside C99 mode
configure:4983: $? = 1
configure: failed program was:
| /* confdefs.h */
| #define PACKAGE_NAME "msmtp"
| #define PACKAGE_TARNAME "msmtp"
| #define PACKAGE_VERSION "1.4.15"
| #define PACKAGE_STRING "msmtp 1.4.15"
| #define PACKAGE_BUGREPORT "marlam@marlam.de"
| #define PACKAGE_URL ""
| #define PACKAGE "msmtp"
| #define VERSION "1.4.15"
| #define STDC_HEADERS 1
| #define HAVE_SYS_TYPES_H 1
| #define HAVE_SYS_STAT_H 1
| #define HAVE_STDLIB_H 1
| #define HAVE_STRING_H 1
| #define HAVE_MEMORY_H 1
| #define HAVE_STRINGS_H 1
| #define HAVE_INTTYPES_H 1
| #define HAVE_STDINT_H 1
| #define HAVE_UNISTD_H 1
| #define __EXTENSIONS__ 1
| #define _ALL_SOURCE 1
| #define _GNU_SOURCE 1
| #define _POSIX_PTHREAD_SEMANTICS 1
| #define _TANDEM_SOURCE 1
| #define HAVE_FSEEKO 1
| /* end confdefs.h.  */
| #include <stdarg.h>
| #include <stdbool.h>
| #include <stdlib.h>
| #include <wchar.h>
| #include <stdio.h>
| 
| // Check varargs macros.  These examples are taken from C99 6.10.3.5.
| #define debug(...) fprintf (stderr, __VA_ARGS__)
| #define showlist(...) puts (#__VA_ARGS__)
| #define report(test,...) ((test) ? puts (#test) : printf (__VA_ARGS__))
| static void
| test_varargs_macros (void)
| {
|   int x = 1234;
|   int y = 5678;
|   debug ("Flag");
|   debug ("X = %d\n", x);
|   showlist (The first, second, and third items.);
|   report (x>y, "x is %d but y is %d", x, y);
| }
| 
| // Check long long types.
| #define BIG64 18446744073709551615ull
| #define BIG32 4294967295ul
| #define BIG_OK (BIG64 / BIG32 == 4294967297ull && BIG64 % BIG32 == 0)
| #if !BIG_OK
|   your preprocessor is broken;
| #endif
| #if BIG_OK
| #else
|   your preprocessor is broken;
| #endif
| static long long int bignum = -9223372036854775807LL;
| static unsigned long long int ubignum = BIG64;
| 
| struct incomplete_array
| {
|   int datasize;
|   double data[];
| };
| 
| struct named_init {
|   int number;
|   const wchar_t *name;
|   double average;
| };
| 
| typedef const char *ccp;
| 
| static inline int
| test_restrict (ccp restrict text)
| {
|   // See if C++-style comments work.
|   // Iterate through items via the restricted pointer.
|   // Also check for declarations in for loops.
|   for (unsigned int i = 0; *(text+i) != '\0'; ++i)
|     continue;
|   return 0;
| }
| 
| // Check varargs and va_copy.
| static void
| test_varargs (const char *format, ...)
| {
|   va_list args;
|   va_start (args, format);
|   va_list args_copy;
|   va_copy (args_copy, args);
| 
|   const char *str;
|   int number;
|   float fnumber;
| 
|   while (*format)
|     {
|       switch (*format++)
| 	{
| 	case 's': // string
| 	  str = va_arg (args_copy, const char *);
| 	  break;
| 	case 'd': // int
| 	  number = va_arg (args_copy, int);
| 	  break;
| 	case 'f': // float
| 	  fnumber = va_arg (args_copy, double);
| 	  break;
| 	default:
| 	  break;
| 	}
|     }
|   va_end (args_copy);
|   va_end (args);
| }
| 
| int
| main ()
| {
| 
|   // Check bool.
|   _Bool success = false;
| 
|   // Check restrict.
|   if (test_restrict ("String literal") == 0)
|     success = true;
|   char *restrict newvar = "Another string";
| 
|   // Check varargs.
|   test_varargs ("s, d' f .", "string", 65, 34.234);
|   test_varargs_macros ();
| 
|   // Check flexible array members.
|   struct incomplete_array *ia =
|     malloc (sizeof (struct incomplete_array) + (sizeof (double) * 10));
|   ia->datasize = 10;
|   for (int i = 0; i < ia->datasize; ++i)
|     ia->data[i] = i * 1.234;
| 
|   // Check named initializers.
|   struct named_init ni = {
|     .number = 34,
|     .name = L"Test wide string",
|     .average = 543.34343,
|   };
| 
|   ni.number = 58;
| 
|   int dynamic_array[ni.number];
|   dynamic_array[ni.number - 1] = 543;
| 
|   // work around unused variable warnings
|   return (!success || bignum == 0LL || ubignum == 0uLL || newvar[0] == 'x'
| 	  || dynamic_array[ni.number - 1] != 543);
| 
|   ;
|   return 0;
| }
configure:4983: arm-mv5sft-linux-gnueabi-gcc -std=gnu99 -c -g -O2  conftest.c >&5
configure:4983: $? = 0
configure:5003: result: -std=gnu99
configure:5105: checking for arm-mv5sft-linux-gnueabi-gcc -std=gnu99 option to accept ISO Standard C
configure:5119: result: -std=gnu99
configure:5133: checking for arm-mv5sft-linux-gnueabi-ranlib
configure:5160: result: arm-mv5sft-linux-gnueabi-ranlib
configure:5230: checking for special C compiler options needed for large files
configure:5275: result: no
configure:5281: checking for _FILE_OFFSET_BITS value needed for large files
configure:5306: arm-mv5sft-linux-gnueabi-gcc -std=gnu99 -c -g -O2  conftest.c >&5
conftest.c:33: warning: left shift count >= width of type
conftest.c:33: warning: left shift count >= width of type
conftest.c:35: error: size of array 'off_t_is_large' is negative
configure:5306: $? = 1
configure: failed program was:
| /* confdefs.h */
| #define PACKAGE_NAME "msmtp"
| #define PACKAGE_TARNAME "msmtp"
| #define PACKAGE_VERSION "1.4.15"
| #define PACKAGE_STRING "msmtp 1.4.15"
| #define PACKAGE_BUGREPORT "marlam@marlam.de"
| #define PACKAGE_URL ""
| #define PACKAGE "msmtp"
| #define VERSION "1.4.15"
| #define STDC_HEADERS 1
| #define HAVE_SYS_TYPES_H 1
| #define HAVE_SYS_STAT_H 1
| #define HAVE_STDLIB_H 1
| #define HAVE_STRING_H 1
| #define HAVE_MEMORY_H 1
| #define HAVE_STRINGS_H 1
| #define HAVE_INTTYPES_H 1
| #define HAVE_STDINT_H 1
| #define HAVE_UNISTD_H 1
| #define __EXTENSIONS__ 1
| #define _ALL_SOURCE 1
| #define _GNU_SOURCE 1
| #define _POSIX_PTHREAD_SEMANTICS 1
| #define _TANDEM_SOURCE 1
| #define HAVE_FSEEKO 1
| /* end confdefs.h.  */
| #include <sys/types.h>
|  /* Check that off_t can represent 2**63 - 1 correctly.
|     We can't simply define LARGE_OFF_T to be 9223372036854775807,
|     since some C++ compilers masquerading as C compilers
|     incorrectly reject 9223372036854775807.  */
| #define LARGE_OFF_T (((off_t) 1 << 62) - 1 + ((off_t) 1 << 62))
|   int off_t_is_large[(LARGE_OFF_T % 2147483629 == 721
| 		       && LARGE_OFF_T % 2147483647 == 1)
| 		      ? 1 : -1];
| int
| main ()
| {
| 
|   ;
|   return 0;
| }
configure:5330: arm-mv5sft-linux-gnueabi-gcc -std=gnu99 -c -g -O2  conftest.c >&5
configure:5330: $? = 0
configure:5338: result: 64
configure:5429: checking for working alloca.h
configure:5446: arm-mv5sft-linux-gnueabi-gcc -std=gnu99 -o conftest -g -O2   conftest.c  >&5
configure:5446: $? = 0
configure:5454: result: yes
configure:5462: checking for alloca
configure:5499: arm-mv5sft-linux-gnueabi-gcc -std=gnu99 -o conftest -g -O2   conftest.c  >&5
configure:5499: $? = 0
configure:5507: result: yes
configure:5620: checking for inline
configure:5636: arm-mv5sft-linux-gnueabi-gcc -std=gnu99 -c -g -O2  conftest.c >&5
configure:5636: $? = 0
configure:5644: result: inline
configure:5662: checking for C/C++ restrict keyword
configure:5687: arm-mv5sft-linux-gnueabi-gcc -std=gnu99 -c -g -O2  conftest.c >&5
configure:5687: $? = 0
configure:5695: result: __restrict
configure:5708: checking whether byte ordering is bigendian
configure:5723: arm-mv5sft-linux-gnueabi-gcc -std=gnu99 -c -g -O2  conftest.c >&5
conftest.c:32: error: expected '=', ',', ';', 'asm' or '__attribute__' before 'a'
configure:5723: $? = 1
configure: failed program was:
| /* confdefs.h */
| #define PACKAGE_NAME "msmtp"
| #define PACKAGE_TARNAME "msmtp"
| #define PACKAGE_VERSION "1.4.15"
| #define PACKAGE_STRING "msmtp 1.4.15"
| #define PACKAGE_BUGREPORT "marlam@marlam.de"
| #define PACKAGE_URL ""
| #define PACKAGE "msmtp"
| #define VERSION "1.4.15"
| #define STDC_HEADERS 1
| #define HAVE_SYS_TYPES_H 1
| #define HAVE_SYS_STAT_H 1
| #define HAVE_STDLIB_H 1
| #define HAVE_STRING_H 1
| #define HAVE_MEMORY_H 1
| #define HAVE_STRINGS_H 1
| #define HAVE_INTTYPES_H 1
| #define HAVE_STDINT_H 1
| #define HAVE_UNISTD_H 1
| #define __EXTENSIONS__ 1
| #define _ALL_SOURCE 1
| #define _GNU_SOURCE 1
| #define _POSIX_PTHREAD_SEMANTICS 1
| #define _TANDEM_SOURCE 1
| #define HAVE_FSEEKO 1
| #define _FILE_OFFSET_BITS 64
| #define HAVE_ALLOCA_H 1
| #define HAVE_ALLOCA 1
| #define restrict __restrict
| /* end confdefs.h.  */
| #ifndef __APPLE_CC__
| 	       not a universal capable compiler
| 	     #endif
| 	     typedef int dummy;
| 
configure:5768: arm-mv5sft-linux-gnueabi-gcc -std=gnu99 -c -g -O2  conftest.c >&5
configure:5768: $? = 0
configure:5786: arm-mv5sft-linux-gnueabi-gcc -std=gnu99 -c -g -O2  conftest.c >&5
conftest.c: In function 'main':
conftest.c:38: error: 'not' undeclared (first use in this function)
conftest.c:38: error: (Each undeclared identifier is reported only once
conftest.c:38: error: for each function it appears in.)
conftest.c:38: error: expected ';' before 'big'
configure:5786: $? = 1
configure: failed program was:
| /* confdefs.h */
| #define PACKAGE_NAME "msmtp"
| #define PACKAGE_TARNAME "msmtp"
| #define PACKAGE_VERSION "1.4.15"
| #define PACKAGE_STRING "msmtp 1.4.15"
| #define PACKAGE_BUGREPORT "marlam@marlam.de"
| #define PACKAGE_URL ""
| #define PACKAGE "msmtp"
| #define VERSION "1.4.15"
| #define STDC_HEADERS 1
| #define HAVE_SYS_TYPES_H 1
| #define HAVE_SYS_STAT_H 1
| #define HAVE_STDLIB_H 1
| #define HAVE_STRING_H 1
| #define HAVE_MEMORY_H 1
| #define HAVE_STRINGS_H 1
| #define HAVE_INTTYPES_H 1
| #define HAVE_STDINT_H 1
| #define HAVE_UNISTD_H 1
| #define __EXTENSIONS__ 1
| #define _ALL_SOURCE 1
| #define _GNU_SOURCE 1
| #define _POSIX_PTHREAD_SEMANTICS 1
| #define _TANDEM_SOURCE 1
| #define HAVE_FSEEKO 1
| #define _FILE_OFFSET_BITS 64
| #define HAVE_ALLOCA_H 1
| #define HAVE_ALLOCA 1
| #define restrict __restrict
| /* end confdefs.h.  */
| #include <sys/types.h>
| 		#include <sys/param.h>
| 
| int
| main ()
| {
| #if BYTE_ORDER != BIG_ENDIAN
| 		 not big endian
| 		#endif
| 
|   ;
|   return 0;
| }
configure:5914: result: no
configure:5934: checking whether the preprocessor supports include_next
configure:5962: arm-mv5sft-linux-gnueabi-gcc -std=gnu99 -c -g -O2  -Iconftestd1 -Iconftestd2 conftest.c >&5
configure:5962: $? = 0
configure:5972: result: yes
configure:5993: checking float.h usability
configure:5993: arm-mv5sft-linux-gnueabi-gcc -std=gnu99 -c -g -O2  conftest.c >&5
configure:5993: $? = 0
configure:5993: result: yes
configure:5993: checking float.h presence
configure:5993: arm-mv5sft-linux-gnueabi-gcc -E  conftest.c
configure:5993: $? = 0
configure:5993: result: yes
configure:5993: checking for float.h
configure:5993: result: yes
configure:5993: checking stdio_ext.h usability
configure:5993: arm-mv5sft-linux-gnueabi-gcc -std=gnu99 -c -g -O2  conftest.c >&5
configure:5993: $? = 0
configure:5993: result: yes
configure:5993: checking stdio_ext.h presence
configure:5993: arm-mv5sft-linux-gnueabi-gcc -E  conftest.c
configure:5993: $? = 0
configure:5993: result: yes
configure:5993: checking for stdio_ext.h
configure:5993: result: yes
configure:5993: checking termios.h usability
configure:5993: arm-mv5sft-linux-gnueabi-gcc -std=gnu99 -c -g -O2  conftest.c >&5
configure:5993: $? = 0
configure:5993: result: yes
configure:5993: checking termios.h presence
configure:5993: arm-mv5sft-linux-gnueabi-gcc -E  conftest.c
configure:5993: $? = 0
configure:5993: result: yes
configure:5993: checking for termios.h
configure:5993: result: yes
configure:5993: checking sys/socket.h usability
configure:5993: arm-mv5sft-linux-gnueabi-gcc -std=gnu99 -c -g -O2  conftest.c >&5
configure:5993: $? = 0
configure:5993: result: yes
configure:5993: checking sys/socket.h presence
configure:5993: arm-mv5sft-linux-gnueabi-gcc -E  conftest.c
configure:5993: $? = 0
configure:5993: result: yes
configure:5993: checking for sys/socket.h
configure:5993: result: yes
configure:5993: checking stdarg.h usability
configure:5993: arm-mv5sft-linux-gnueabi-gcc -std=gnu99 -c -g -O2  conftest.c >&5
configure:5993: $? = 0
configure:5993: result: yes
configure:5993: checking stdarg.h presence
configure:5993: arm-mv5sft-linux-gnueabi-gcc -E  conftest.c
configure:5993: $? = 0
configure:5993: result: yes
configure:5993: checking for stdarg.h
configure:5993: result: yes
configure:5993: checking for stdint.h
configure:5993: result: yes
configure:5993: checking wchar.h usability
configure:5993: arm-mv5sft-linux-gnueabi-gcc -std=gnu99 -c -g -O2  conftest.c >&5
configure:5993: $? = 0
configure:5993: result: yes
configure:5993: checking wchar.h presence
configure:5993: arm-mv5sft-linux-gnueabi-gcc -E  conftest.c
configure:5993: $? = 0
configure:5993: result: yes
configure:5993: checking for wchar.h
configure:5993: result: yes
configure:5993: checking stdio.h usability
configure:5993: arm-mv5sft-linux-gnueabi-gcc -std=gnu99 -c -g -O2  conftest.c >&5
configure:5993: $? = 0
configure:5993: result: yes
configure:5993: checking stdio.h presence
configure:5993: arm-mv5sft-linux-gnueabi-gcc -E  conftest.c
configure:5993: $? = 0
configure:5993: result: yes
configure:5993: checking for stdio.h
configure:5993: result: yes
configure:5993: checking for stdlib.h
configure:5993: result: yes
configure:5993: checking sysexits.h usability
configure:5993: arm-mv5sft-linux-gnueabi-gcc -std=gnu99 -c -g -O2  conftest.c >&5
configure:5993: $? = 0
configure:5993: result: yes
configure:5993: checking sysexits.h presence
configure:5993: arm-mv5sft-linux-gnueabi-gcc -E  conftest.c
configure:5993: $? = 0
configure:5993: result: yes
configure:5993: checking for sysexits.h
configure:5993: result: yes
configure:5993: checking for unistd.h
configure:5993: result: yes
configure:6052: checking whether stdin defaults to large file offsets
configure:6076: arm-mv5sft-linux-gnueabi-gcc -std=gnu99 -o conftest -g -O2   conftest.c  >&5
configure:6076: $? = 0
configure:6084: result: yes
configure:6088: checking whether getdelim is declared
configure:6088: arm-mv5sft-linux-gnueabi-gcc -std=gnu99 -c -g -O2  conftest.c >&5
configure:6088: $? = 0
configure:6088: result: yes
configure:6101: checking whether getline is declared
configure:6101: arm-mv5sft-linux-gnueabi-gcc -std=gnu99 -c -g -O2  conftest.c >&5
configure:6101: $? = 0
configure:6101: result: yes
configure:6117: checking getopt.h usability
configure:6117: arm-mv5sft-linux-gnueabi-gcc -std=gnu99 -c -g -O2  conftest.c >&5
configure:6117: $? = 0
configure:6117: result: yes
configure:6117: checking getopt.h presence
configure:6117: arm-mv5sft-linux-gnueabi-gcc -E  conftest.c
configure:6117: $? = 0
configure:6117: result: yes
configure:6117: checking for getopt.h
configure:6117: result: yes
configure:6134: checking for getopt_long_only
configure:6134: arm-mv5sft-linux-gnueabi-gcc -std=gnu99 -o conftest -g -O2   conftest.c  >&5
configure:6134: $? = 0
configure:6134: result: yes
configure:6148: checking whether optreset is declared
configure:6148: arm-mv5sft-linux-gnueabi-gcc -std=gnu99 -c -g -O2  conftest.c >&5
conftest.c: In function 'main':
conftest.c:56: error: 'optreset' undeclared (first use in this function)
conftest.c:56: error: (Each undeclared identifier is reported only once
conftest.c:56: error: for each function it appears in.)
configure:6148: $? = 1
configure: failed program was:
| /* confdefs.h */
| #define PACKAGE_NAME "msmtp"
| #define PACKAGE_TARNAME "msmtp"
| #define PACKAGE_VERSION "1.4.15"
| #define PACKAGE_STRING "msmtp 1.4.15"
| #define PACKAGE_BUGREPORT "marlam@marlam.de"
| #define PACKAGE_URL ""
| #define PACKAGE "msmtp"
| #define VERSION "1.4.15"
| #define STDC_HEADERS 1
| #define HAVE_SYS_TYPES_H 1
| #define HAVE_SYS_STAT_H 1
| #define HAVE_STDLIB_H 1
| #define HAVE_STRING_H 1
| #define HAVE_MEMORY_H 1
| #define HAVE_STRINGS_H 1
| #define HAVE_INTTYPES_H 1
| #define HAVE_STDINT_H 1
| #define HAVE_UNISTD_H 1
| #define __EXTENSIONS__ 1
| #define _ALL_SOURCE 1
| #define _GNU_SOURCE 1
| #define _POSIX_PTHREAD_SEMANTICS 1
| #define _TANDEM_SOURCE 1
| #define HAVE_FSEEKO 1
| #define _FILE_OFFSET_BITS 64
| #define HAVE_ALLOCA_H 1
| #define HAVE_ALLOCA 1
| #define restrict __restrict
| #define HAVE_INCLUDE_NEXT 1
| #define HAVE_FLOAT_H 1
| #define HAVE_STDIO_EXT_H 1
| #define HAVE_TERMIOS_H 1
| #define HAVE_SYS_SOCKET_H 1
| #define HAVE_STDARG_H 1
| #define HAVE_STDINT_H 1
| #define HAVE_WCHAR_H 1
| #define HAVE_STDIO_H 1
| #define HAVE_STDLIB_H 1
| #define HAVE_SYSEXITS_H 1
| #define HAVE_UNISTD_H 1
| #define HAVE_DECL_GETDELIM 1
| #define HAVE_DECL_GETLINE 1
| #define HAVE_GETOPT_H 1
| #define HAVE_GETOPT_LONG_ONLY 1
| /* end confdefs.h.  */
| #include <getopt.h>
| 
| int
| main ()
| {
| #ifndef optreset
| #ifdef __cplusplus
|   (void) optreset;
| #else
|   (void) optreset;
| #endif
| #endif
| 
|   ;
|   return 0;
| }
configure:6148: result: no
configure:6157: checking for working GNU getopt function
configure:6163: checking whether getopt_clip is declared
configure:6163: arm-mv5sft-linux-gnueabi-gcc -std=gnu99 -c -g -O2  conftest.c >&5
conftest.c: In function 'main':
conftest.c:56: error: 'getopt_clip' undeclared (first use in this function)
conftest.c:56: error: (Each undeclared identifier is reported only once
conftest.c:56: error: for each function it appears in.)
configure:6163: $? = 1
configure: failed program was:
| /* confdefs.h */
| #define PACKAGE_NAME "msmtp"
| #define PACKAGE_TARNAME "msmtp"
| #define PACKAGE_VERSION "1.4.15"
| #define PACKAGE_STRING "msmtp 1.4.15"
| #define PACKAGE_BUGREPORT "marlam@marlam.de"
| #define PACKAGE_URL ""
| #define PACKAGE "msmtp"
| #define VERSION "1.4.15"
| #define STDC_HEADERS 1
| #define HAVE_SYS_TYPES_H 1
| #define HAVE_SYS_STAT_H 1
| #define HAVE_STDLIB_H 1
| #define HAVE_STRING_H 1
| #define HAVE_MEMORY_H 1
| #define HAVE_STRINGS_H 1
| #define HAVE_INTTYPES_H 1
| #define HAVE_STDINT_H 1
| #define HAVE_UNISTD_H 1
| #define __EXTENSIONS__ 1
| #define _ALL_SOURCE 1
| #define _GNU_SOURCE 1
| #define _POSIX_PTHREAD_SEMANTICS 1
| #define _TANDEM_SOURCE 1
| #define HAVE_FSEEKO 1
| #define _FILE_OFFSET_BITS 64
| #define HAVE_ALLOCA_H 1
| #define HAVE_ALLOCA 1
| #define restrict __restrict
| #define HAVE_INCLUDE_NEXT 1
| #define HAVE_FLOAT_H 1
| #define HAVE_STDIO_EXT_H 1
| #define HAVE_TERMIOS_H 1
| #define HAVE_SYS_SOCKET_H 1
| #define HAVE_STDARG_H 1
| #define HAVE_STDINT_H 1
| #define HAVE_WCHAR_H 1
| #define HAVE_STDIO_H 1
| #define HAVE_STDLIB_H 1
| #define HAVE_SYSEXITS_H 1
| #define HAVE_UNISTD_H 1
| #define HAVE_DECL_GETDELIM 1
| #define HAVE_DECL_GETLINE 1
| #define HAVE_GETOPT_H 1
| #define HAVE_GETOPT_LONG_ONLY 1
| /* end confdefs.h.  */
| #include <getopt.h>
| 
| int
| main ()
| {
| #ifndef getopt_clip
| #ifdef __cplusplus
|   (void) getopt_clip;
| #else
|   (void) getopt_clip;
| #endif
| #endif
| 
|   ;
|   return 0;
| }
configure:6163: result: no
configure:6199: result: yes
configure:6207: checking whether getenv is declared
configure:6207: arm-mv5sft-linux-gnueabi-gcc -std=gnu99 -c -g -O2  conftest.c >&5
configure:6207: $? = 0
configure:6207: result: yes
configure:6220: checking whether getpass is declared
configure:6220: arm-mv5sft-linux-gnueabi-gcc -std=gnu99 -c -g -O2  conftest.c >&5
configure:6220: $? = 0
configure:6220: result: yes
configure:6249: checking for __fsetlocking
configure:6249: arm-mv5sft-linux-gnueabi-gcc -std=gnu99 -o conftest -g -O2   conftest.c  >&5
configure:6249: $? = 0
configure:6249: result: yes
configure:6249: checking for tcgetattr
configure:6249: arm-mv5sft-linux-gnueabi-gcc -std=gnu99 -o conftest -g -O2   conftest.c  >&5
configure:6249: $? = 0
configure:6249: result: yes
configure:6249: checking for tcsetattr
configure:6249: arm-mv5sft-linux-gnueabi-gcc -std=gnu99 -o conftest -g -O2   conftest.c  >&5
configure:6249: $? = 0
configure:6249: result: yes
configure:6249: checking for vasnprintf
configure:6249: arm-mv5sft-linux-gnueabi-gcc -std=gnu99 -o conftest -g -O2   conftest.c  >&5
/tmp/ccUvu1C4.o: In function `main':
/home/ibuki/cvmod/DNS345/DNS-325_GPL/msmtp-1.4.15/conftest.c:86: undefined reference to `vasnprintf'
collect2: ld returned 1 exit status
configure:6249: $? = 1
configure: failed program was:
| /* confdefs.h */
| #define PACKAGE_NAME "msmtp"
| #define PACKAGE_TARNAME "msmtp"
| #define PACKAGE_VERSION "1.4.15"
| #define PACKAGE_STRING "msmtp 1.4.15"
| #define PACKAGE_BUGREPORT "marlam@marlam.de"
| #define PACKAGE_URL ""
| #define PACKAGE "msmtp"
| #define VERSION "1.4.15"
| #define STDC_HEADERS 1
| #define HAVE_SYS_TYPES_H 1
| #define HAVE_SYS_STAT_H 1
| #define HAVE_STDLIB_H 1
| #define HAVE_STRING_H 1
| #define HAVE_MEMORY_H 1
| #define HAVE_STRINGS_H 1
| #define HAVE_INTTYPES_H 1
| #define HAVE_STDINT_H 1
| #define HAVE_UNISTD_H 1
| #define __EXTENSIONS__ 1
| #define _ALL_SOURCE 1
| #define _GNU_SOURCE 1
| #define _POSIX_PTHREAD_SEMANTICS 1
| #define _TANDEM_SOURCE 1
| #define HAVE_FSEEKO 1
| #define _FILE_OFFSET_BITS 64
| #define HAVE_ALLOCA_H 1
| #define HAVE_ALLOCA 1
| #define restrict __restrict
| #define HAVE_INCLUDE_NEXT 1
| #define HAVE_FLOAT_H 1
| #define HAVE_STDIO_EXT_H 1
| #define HAVE_TERMIOS_H 1
| #define HAVE_SYS_SOCKET_H 1
| #define HAVE_STDARG_H 1
| #define HAVE_STDINT_H 1
| #define HAVE_WCHAR_H 1
| #define HAVE_STDIO_H 1
| #define HAVE_STDLIB_H 1
| #define HAVE_SYSEXITS_H 1
| #define HAVE_UNISTD_H 1
| #define HAVE_DECL_GETDELIM 1
| #define HAVE_DECL_GETLINE 1
| #define HAVE_GETOPT_H 1
| #define HAVE_GETOPT_LONG_ONLY 1
| #define HAVE_DECL_GETENV 1
| #define HAVE_DECL_GETPASS 1
| #define HAVE___FSETLOCKING 1
| #define HAVE_TCGETATTR 1
| #define HAVE_TCSETATTR 1
| /* end confdefs.h.  */
| /* Define vasnprintf to an innocuous variant, in case <limits.h> declares vasnprintf.
|    For example, HP-UX 11i <limits.h> declares gettimeofday.  */
| #define vasnprintf innocuous_vasnprintf
| 
| /* System header to define __stub macros and hopefully few prototypes,
|     which can conflict with char vasnprintf (); below.
|     Prefer <limits.h> to <assert.h> if __STDC__ is defined, since
|     <limits.h> exists even on freestanding compilers.  */
| 
| #ifdef __STDC__
| # include <limits.h>
| #else
| # include <assert.h>
| #endif
| 
| #undef vasnprintf
| 
| /* Override any GCC internal prototype to avoid an error.
|    Use char because int might match the return type of a GCC
|    builtin and then its argument prototype would still apply.  */
| #ifdef __cplusplus
| extern "C"
| #endif
| char vasnprintf ();
| /* The GNU C library defines this for functions which it implements
|     to always fail with ENOSYS.  Some functions are actually named
|     something starting with __ and the normal name is an alias.  */
| #if defined __stub_vasnprintf || defined __stub___vasnprintf
| choke me
| #endif
| 
| int
| main ()
| {
| return vasnprintf ();
|   ;
|   return 0;
| }
configure:6249: result: no
configure:6273: checking whether fflush_unlocked is declared
configure:6273: arm-mv5sft-linux-gnueabi-gcc -std=gnu99 -c -g -O2  conftest.c >&5
configure:6273: $? = 0
configure:6273: result: yes
configure:6286: checking whether flockfile is declared
configure:6286: arm-mv5sft-linux-gnueabi-gcc -std=gnu99 -c -g -O2  conftest.c >&5
configure:6286: $? = 0
configure:6286: result: yes
configure:6299: checking whether fputs_unlocked is declared
configure:6299: arm-mv5sft-linux-gnueabi-gcc -std=gnu99 -c -g -O2  conftest.c >&5
configure:6299: $? = 0
configure:6299: result: yes
configure:6312: checking whether funlockfile is declared
configure:6312: arm-mv5sft-linux-gnueabi-gcc -std=gnu99 -c -g -O2  conftest.c >&5
configure:6312: $? = 0
configure:6312: result: yes
configure:6325: checking whether putc_unlocked is declared
configure:6325: arm-mv5sft-linux-gnueabi-gcc -std=gnu99 -c -g -O2  conftest.c >&5
configure:6325: $? = 0
configure:6325: result: yes
configure:6367: checking whether malloc, realloc, calloc are POSIX compliant
configure:6387: arm-mv5sft-linux-gnueabi-gcc -std=gnu99 -c -g -O2  conftest.c >&5
configure:6387: $? = 0
configure:6395: result: yes
configure:6432: checking whether <sys/socket.h> is self-contained
configure:6449: arm-mv5sft-linux-gnueabi-gcc -std=gnu99 -c -g -O2  conftest.c >&5
configure:6449: $? = 0
configure:6457: result: yes
configure:6463: checking for shutdown
configure:6463: arm-mv5sft-linux-gnueabi-gcc -std=gnu99 -o conftest -g -O2   conftest.c  >&5
configure:6463: $? = 0
configure:6463: result: yes
configure:6473: checking whether <sys/socket.h> defines the SHUT_* macros
configure:6490: arm-mv5sft-linux-gnueabi-gcc -std=gnu99 -c -g -O2  conftest.c >&5
configure:6490: $? = 0
configure:6498: result: yes
configure:6594: checking for stdbool.h that conforms to C99
configure:6677: arm-mv5sft-linux-gnueabi-gcc -std=gnu99 -c -g -O2  conftest.c >&5
configure:6677: $? = 0
configure:6684: result: yes
configure:6686: checking for _Bool
configure:6686: arm-mv5sft-linux-gnueabi-gcc -std=gnu99 -c -g -O2  conftest.c >&5
configure:6686: $? = 0
configure:6686: arm-mv5sft-linux-gnueabi-gcc -std=gnu99 -c -g -O2  conftest.c >&5
conftest.c: In function 'main':
conftest.c:94: error: expected expression before ')' token
configure:6686: $? = 1
configure: failed program was:
| /* confdefs.h */
| #define PACKAGE_NAME "msmtp"
| #define PACKAGE_TARNAME "msmtp"
| #define PACKAGE_VERSION "1.4.15"
| #define PACKAGE_STRING "msmtp 1.4.15"
| #define PACKAGE_BUGREPORT "marlam@marlam.de"
| #define PACKAGE_URL ""
| #define PACKAGE "msmtp"
| #define VERSION "1.4.15"
| #define STDC_HEADERS 1
| #define HAVE_SYS_TYPES_H 1
| #define HAVE_SYS_STAT_H 1
| #define HAVE_STDLIB_H 1
| #define HAVE_STRING_H 1
| #define HAVE_MEMORY_H 1
| #define HAVE_STRINGS_H 1
| #define HAVE_INTTYPES_H 1
| #define HAVE_STDINT_H 1
| #define HAVE_UNISTD_H 1
| #define __EXTENSIONS__ 1
| #define _ALL_SOURCE 1
| #define _GNU_SOURCE 1
| #define _POSIX_PTHREAD_SEMANTICS 1
| #define _TANDEM_SOURCE 1
| #define HAVE_FSEEKO 1
| #define _FILE_OFFSET_BITS 64
| #define HAVE_ALLOCA_H 1
| #define HAVE_ALLOCA 1
| #define restrict __restrict
| #define HAVE_INCLUDE_NEXT 1
| #define HAVE_FLOAT_H 1
| #define HAVE_STDIO_EXT_H 1
| #define HAVE_TERMIOS_H 1
| #define HAVE_SYS_SOCKET_H 1
| #define HAVE_STDARG_H 1
| #define HAVE_STDINT_H 1
| #define HAVE_WCHAR_H 1
| #define HAVE_STDIO_H 1
| #define HAVE_STDLIB_H 1
| #define HAVE_SYSEXITS_H 1
| #define HAVE_UNISTD_H 1
| #define HAVE_DECL_GETDELIM 1
| #define HAVE_DECL_GETLINE 1
| #define HAVE_GETOPT_H 1
| #define HAVE_GETOPT_LONG_ONLY 1
| #define HAVE_DECL_GETENV 1
| #define HAVE_DECL_GETPASS 1
| #define HAVE___FSETLOCKING 1
| #define HAVE_TCGETATTR 1
| #define HAVE_TCSETATTR 1
| #define HAVE_DECL_FFLUSH_UNLOCKED 1
| #define HAVE_DECL_FLOCKFILE 1
| #define HAVE_DECL_FPUTS_UNLOCKED 1
| #define HAVE_DECL_FUNLOCKFILE 1
| #define HAVE_DECL_PUTC_UNLOCKED 1
| #define HAVE_SHUTDOWN 1
| /* end confdefs.h.  */
| #include <stdio.h>
| #ifdef HAVE_SYS_TYPES_H
| # include <sys/types.h>
| #endif
| #ifdef HAVE_SYS_STAT_H
| # include <sys/stat.h>
| #endif
| #ifdef STDC_HEADERS
| # include <stdlib.h>
| # include <stddef.h>
| #else
| # ifdef HAVE_STDLIB_H
| #  include <stdlib.h>
| # endif
| #endif
| #ifdef HAVE_STRING_H
| # if !defined STDC_HEADERS && defined HAVE_MEMORY_H
| #  include <memory.h>
| # endif
| # include <string.h>
| #endif
| #ifdef HAVE_STRINGS_H
| # include <strings.h>
| #endif
| #ifdef HAVE_INTTYPES_H
| # include <inttypes.h>
| #endif
| #ifdef HAVE_STDINT_H
| # include <stdint.h>
| #endif
| #ifdef HAVE_UNISTD_H
| # include <unistd.h>
| #endif
| int
| main ()
| {
| if (sizeof ((_Bool)))
| 	    return 0;
|   ;
|   return 0;
| }
configure:6686: result: yes
configure:6702: checking for long long int
configure:6739: arm-mv5sft-linux-gnueabi-gcc -std=gnu99 -o conftest -g -O2   conftest.c  >&5
configure:6739: $? = 0
configure:6784: result: yes
configure:6793: checking for unsigned long long int
configure:6830: arm-mv5sft-linux-gnueabi-gcc -std=gnu99 -o conftest -g -O2   conftest.c  >&5
configure:6830: $? = 0
configure:6838: result: yes
configure:6882: checking for wchar_t
configure:6899: arm-mv5sft-linux-gnueabi-gcc -std=gnu99 -c -g -O2  conftest.c >&5
configure:6899: $? = 0
configure:6906: result: yes
configure:6915: checking for wint_t
configure:6940: arm-mv5sft-linux-gnueabi-gcc -std=gnu99 -c -g -O2  conftest.c >&5
configure:6940: $? = 0
configure:6947: result: yes
configure:6955: checking for size_t
configure:6955: arm-mv5sft-linux-gnueabi-gcc -std=gnu99 -c -g -O2  conftest.c >&5
configure:6955: $? = 0
configure:6955: arm-mv5sft-linux-gnueabi-gcc -std=gnu99 -c -g -O2  conftest.c >&5
conftest.c: In function 'main':
conftest.c:100: error: expected expression before ')' token
configure:6955: $? = 1
configure: failed program was:
| /* confdefs.h */
| #define PACKAGE_NAME "msmtp"
| #define PACKAGE_TARNAME "msmtp"
| #define PACKAGE_VERSION "1.4.15"
| #define PACKAGE_STRING "msmtp 1.4.15"
| #define PACKAGE_BUGREPORT "marlam@marlam.de"
| #define PACKAGE_URL ""
| #define PACKAGE "msmtp"
| #define VERSION "1.4.15"
| #define STDC_HEADERS 1
| #define HAVE_SYS_TYPES_H 1
| #define HAVE_SYS_STAT_H 1
| #define HAVE_STDLIB_H 1
| #define HAVE_STRING_H 1
| #define HAVE_MEMORY_H 1
| #define HAVE_STRINGS_H 1
| #define HAVE_INTTYPES_H 1
| #define HAVE_STDINT_H 1
| #define HAVE_UNISTD_H 1
| #define __EXTENSIONS__ 1
| #define _ALL_SOURCE 1
| #define _GNU_SOURCE 1
| #define _POSIX_PTHREAD_SEMANTICS 1
| #define _TANDEM_SOURCE 1
| #define HAVE_FSEEKO 1
| #define _FILE_OFFSET_BITS 64
| #define HAVE_ALLOCA_H 1
| #define HAVE_ALLOCA 1
| #define restrict __restrict
| #define HAVE_INCLUDE_NEXT 1
| #define HAVE_FLOAT_H 1
| #define HAVE_STDIO_EXT_H 1
| #define HAVE_TERMIOS_H 1
| #define HAVE_SYS_SOCKET_H 1
| #define HAVE_STDARG_H 1
| #define HAVE_STDINT_H 1
| #define HAVE_WCHAR_H 1
| #define HAVE_STDIO_H 1
| #define HAVE_STDLIB_H 1
| #define HAVE_SYSEXITS_H 1
| #define HAVE_UNISTD_H 1
| #define HAVE_DECL_GETDELIM 1
| #define HAVE_DECL_GETLINE 1
| #define HAVE_GETOPT_H 1
| #define HAVE_GETOPT_LONG_ONLY 1
| #define HAVE_DECL_GETENV 1
| #define HAVE_DECL_GETPASS 1
| #define HAVE___FSETLOCKING 1
| #define HAVE_TCGETATTR 1
| #define HAVE_TCSETATTR 1
| #define HAVE_DECL_FFLUSH_UNLOCKED 1
| #define HAVE_DECL_FLOCKFILE 1
| #define HAVE_DECL_FPUTS_UNLOCKED 1
| #define HAVE_DECL_FUNLOCKFILE 1
| #define HAVE_DECL_PUTC_UNLOCKED 1
| #define HAVE_SHUTDOWN 1
| #define HAVE__BOOL 1
| #define HAVE_STDBOOL_H 1
| #define HAVE_LONG_LONG_INT 1
| #define HAVE_UNSIGNED_LONG_LONG_INT 1
| #define HAVE_WCHAR_T 1
| #define HAVE_WINT_T 1
| /* end confdefs.h.  */
| #include <stdio.h>
| #ifdef HAVE_SYS_TYPES_H
| # include <sys/types.h>
| #endif
| #ifdef HAVE_SYS_STAT_H
| # include <sys/stat.h>
| #endif
| #ifdef STDC_HEADERS
| # include <stdlib.h>
| # include <stddef.h>
| #else
| # ifdef HAVE_STDLIB_H
| #  include <stdlib.h>
| # endif
| #endif
| #ifdef HAVE_STRING_H
| # if !defined STDC_HEADERS && defined HAVE_MEMORY_H
| #  include <memory.h>
| # endif
| # include <string.h>
| #endif
| #ifdef HAVE_STRINGS_H
| # include <strings.h>
| #endif
| #ifdef HAVE_INTTYPES_H
| # include <inttypes.h>
| #endif
| #ifdef HAVE_STDINT_H
| # include <stdint.h>
| #endif
| #ifdef HAVE_UNISTD_H
| # include <unistd.h>
| #endif
| int
| main ()
| {
| if (sizeof ((size_t)))
| 	    return 0;
|   ;
|   return 0;
| }
configure:6955: result: yes
configure:6967: checking for inttypes.h
configure:6984: arm-mv5sft-linux-gnueabi-gcc -std=gnu99 -c -g -O2  conftest.c >&5
configure:6984: $? = 0
configure:6991: result: yes
configure:7002: checking for stdint.h
configure:7019: arm-mv5sft-linux-gnueabi-gcc -std=gnu99 -c -g -O2  conftest.c >&5
configure:7019: $? = 0
configure:7026: result: yes
configure:7039: checking for intmax_t
configure:7064: arm-mv5sft-linux-gnueabi-gcc -std=gnu99 -c -g -O2  conftest.c >&5
configure:7064: $? = 0
configure:7071: result: yes
configure:7122: checking for EOVERFLOW
configure:7179: result: yes
configure:7202: checking for alloca as a compiler built-in
configure:7226: result: yes
configure:7338: checking for fseeko
configure:7355: arm-mv5sft-linux-gnueabi-gcc -std=gnu99 -o conftest -g -O2   conftest.c  >&5
configure:7355: $? = 0
configure:7364: result: yes
configure:7418: checking for getdelim
configure:7418: arm-mv5sft-linux-gnueabi-gcc -std=gnu99 -o conftest -g -O2   conftest.c  >&5
configure:7418: $? = 0
configure:7418: result: yes
configure:7479: checking for getline
configure:7479: arm-mv5sft-linux-gnueabi-gcc -std=gnu99 -o conftest -g -O2   conftest.c  >&5
configure:7479: $? = 0
configure:7479: result: yes
configure:7487: checking for working getline function
configure:7544: result: yes
configure:7716: checking whether __fsetlocking is declared
configure:7716: arm-mv5sft-linux-gnueabi-gcc -std=gnu99 -c -g -O2  conftest.c >&5
configure:7716: $? = 0
configure:7716: result: yes
configure:7777: checking whether the compiler generally respects inline
configure:7798: arm-mv5sft-linux-gnueabi-gcc -std=gnu99 -c -g -O2  conftest.c >&5
configure:7798: $? = 0
configure:7807: result: yes
configure:7818: checking whether lseek detects pipes
configure:7858: arm-mv5sft-linux-gnueabi-gcc -std=gnu99 -c -g -O2  conftest.c >&5
configure:7858: $? = 0
configure:7866: result: yes
configure:7934: checking for stdint.h
configure:7934: result: yes
configure:7944: checking for SIZE_MAX
configure:8016: result: yes
configure:8026: checking for socklen_t
configure:8026: arm-mv5sft-linux-gnueabi-gcc -std=gnu99 -c -g -O2  conftest.c >&5
configure:8026: $? = 0
configure:8026: arm-mv5sft-linux-gnueabi-gcc -std=gnu99 -c -g -O2  conftest.c >&5
conftest.c: In function 'main':
conftest.c:84: error: expected expression before ')' token
configure:8026: $? = 1
configure: failed program was:
| /* confdefs.h */
| #define PACKAGE_NAME "msmtp"
| #define PACKAGE_TARNAME "msmtp"
| #define PACKAGE_VERSION "1.4.15"
| #define PACKAGE_STRING "msmtp 1.4.15"
| #define PACKAGE_BUGREPORT "marlam@marlam.de"
| #define PACKAGE_URL ""
| #define PACKAGE "msmtp"
| #define VERSION "1.4.15"
| #define STDC_HEADERS 1
| #define HAVE_SYS_TYPES_H 1
| #define HAVE_SYS_STAT_H 1
| #define HAVE_STDLIB_H 1
| #define HAVE_STRING_H 1
| #define HAVE_MEMORY_H 1
| #define HAVE_STRINGS_H 1
| #define HAVE_INTTYPES_H 1
| #define HAVE_STDINT_H 1
| #define HAVE_UNISTD_H 1
| #define __EXTENSIONS__ 1
| #define _ALL_SOURCE 1
| #define _GNU_SOURCE 1
| #define _POSIX_PTHREAD_SEMANTICS 1
| #define _TANDEM_SOURCE 1
| #define HAVE_FSEEKO 1
| #define _FILE_OFFSET_BITS 64
| #define HAVE_ALLOCA_H 1
| #define HAVE_ALLOCA 1
| #define restrict __restrict
| #define HAVE_INCLUDE_NEXT 1
| #define HAVE_FLOAT_H 1
| #define HAVE_STDIO_EXT_H 1
| #define HAVE_TERMIOS_H 1
| #define HAVE_SYS_SOCKET_H 1
| #define HAVE_STDARG_H 1
| #define HAVE_STDINT_H 1
| #define HAVE_WCHAR_H 1
| #define HAVE_STDIO_H 1
| #define HAVE_STDLIB_H 1
| #define HAVE_SYSEXITS_H 1
| #define HAVE_UNISTD_H 1
| #define HAVE_DECL_GETDELIM 1
| #define HAVE_DECL_GETLINE 1
| #define HAVE_GETOPT_H 1
| #define HAVE_GETOPT_LONG_ONLY 1
| #define HAVE_DECL_GETENV 1
| #define HAVE_DECL_GETPASS 1
| #define HAVE___FSETLOCKING 1
| #define HAVE_TCGETATTR 1
| #define HAVE_TCSETATTR 1
| #define HAVE_DECL_FFLUSH_UNLOCKED 1
| #define HAVE_DECL_FLOCKFILE 1
| #define HAVE_DECL_FPUTS_UNLOCKED 1
| #define HAVE_DECL_FUNLOCKFILE 1
| #define HAVE_DECL_PUTC_UNLOCKED 1
| #define HAVE_SHUTDOWN 1
| #define HAVE__BOOL 1
| #define HAVE_STDBOOL_H 1
| #define HAVE_LONG_LONG_INT 1
| #define HAVE_UNSIGNED_LONG_LONG_INT 1
| #define HAVE_WCHAR_T 1
| #define HAVE_WINT_T 1
| #define HAVE_INTTYPES_H_WITH_UINTMAX 1
| #define HAVE_STDINT_H_WITH_UINTMAX 1
| #define HAVE_INTMAX_T 1
| #define HAVE_ALLOCA 1
| #define HAVE_GETDELIM 1
| #define HAVE_DECL___FSETLOCKING 1
| #define getpass gnu_getpass
| #define HAVE_INLINE 1
| #define HAVE_REALLOC_POSIX 1
| #define HAVE_STDINT_H 1
| /* end confdefs.h.  */
| #include <sys/types.h>
|       #if HAVE_SYS_SOCKET_H
|       # include <sys/socket.h>
|       #elif HAVE_WS2TCPIP_H
|       # include <ws2tcpip.h>
|       #endif
| 
| int
| main ()
| {
| if (sizeof ((socklen_t)))
| 	    return 0;
|   ;
|   return 0;
| }
configure:8026: result: yes
configure:8087: checking for va_copy
configure:8108: arm-mv5sft-linux-gnueabi-gcc -std=gnu99 -c -g -O2  conftest.c >&5
configure:8108: $? = 0
configure:8116: result: yes
configure:8329: checking whether stdint.h conforms to C99
configure:8498: arm-mv5sft-linux-gnueabi-gcc -std=gnu99 -c -g -O2  conftest.c >&5
configure:8498: $? = 0
configure:8503: result: yes
configure:8821: checking whether <sys/socket.h> is self-contained
configure:8846: result: yes
configure:8852: checking for shutdown
configure:8852: result: yes
configure:8862: checking whether <sys/socket.h> defines the SHUT_* macros
configure:8887: result: yes
configure:9065: arm-mv5sft-linux-gnueabi-gcc -std=gnu99 -c -g -O2  conftest.c >&5
configure:9065: $? = 0
configure:9213: checking for ptrdiff_t
configure:9213: arm-mv5sft-linux-gnueabi-gcc -std=gnu99 -c -g -O2  conftest.c >&5
configure:9213: $? = 0
configure:9213: arm-mv5sft-linux-gnueabi-gcc -std=gnu99 -c -g -O2  conftest.c >&5
conftest.c: In function 'main':
conftest.c:111: error: expected expression before ')' token
configure:9213: $? = 1
configure: failed program was:
| /* confdefs.h */
| #define PACKAGE_NAME "msmtp"
| #define PACKAGE_TARNAME "msmtp"
| #define PACKAGE_VERSION "1.4.15"
| #define PACKAGE_STRING "msmtp 1.4.15"
| #define PACKAGE_BUGREPORT "marlam@marlam.de"
| #define PACKAGE_URL ""
| #define PACKAGE "msmtp"
| #define VERSION "1.4.15"
| #define STDC_HEADERS 1
| #define HAVE_SYS_TYPES_H 1
| #define HAVE_SYS_STAT_H 1
| #define HAVE_STDLIB_H 1
| #define HAVE_STRING_H 1
| #define HAVE_MEMORY_H 1
| #define HAVE_STRINGS_H 1
| #define HAVE_INTTYPES_H 1
| #define HAVE_STDINT_H 1
| #define HAVE_UNISTD_H 1
| #define __EXTENSIONS__ 1
| #define _ALL_SOURCE 1
| #define _GNU_SOURCE 1
| #define _POSIX_PTHREAD_SEMANTICS 1
| #define _TANDEM_SOURCE 1
| #define HAVE_FSEEKO 1
| #define _FILE_OFFSET_BITS 64
| #define HAVE_ALLOCA_H 1
| #define HAVE_ALLOCA 1
| #define restrict __restrict
| #define HAVE_INCLUDE_NEXT 1
| #define HAVE_FLOAT_H 1
| #define HAVE_STDIO_EXT_H 1
| #define HAVE_TERMIOS_H 1
| #define HAVE_SYS_SOCKET_H 1
| #define HAVE_STDARG_H 1
| #define HAVE_STDINT_H 1
| #define HAVE_WCHAR_H 1
| #define HAVE_STDIO_H 1
| #define HAVE_STDLIB_H 1
| #define HAVE_SYSEXITS_H 1
| #define HAVE_UNISTD_H 1
| #define HAVE_DECL_GETDELIM 1
| #define HAVE_DECL_GETLINE 1
| #define HAVE_GETOPT_H 1
| #define HAVE_GETOPT_LONG_ONLY 1
| #define HAVE_DECL_GETENV 1
| #define HAVE_DECL_GETPASS 1
| #define HAVE___FSETLOCKING 1
| #define HAVE_TCGETATTR 1
| #define HAVE_TCSETATTR 1
| #define HAVE_DECL_FFLUSH_UNLOCKED 1
| #define HAVE_DECL_FLOCKFILE 1
| #define HAVE_DECL_FPUTS_UNLOCKED 1
| #define HAVE_DECL_FUNLOCKFILE 1
| #define HAVE_DECL_PUTC_UNLOCKED 1
| #define HAVE_SHUTDOWN 1
| #define HAVE__BOOL 1
| #define HAVE_STDBOOL_H 1
| #define HAVE_LONG_LONG_INT 1
| #define HAVE_UNSIGNED_LONG_LONG_INT 1
| #define HAVE_WCHAR_T 1
| #define HAVE_WINT_T 1
| #define HAVE_INTTYPES_H_WITH_UINTMAX 1
| #define HAVE_STDINT_H_WITH_UINTMAX 1
| #define HAVE_INTMAX_T 1
| #define HAVE_ALLOCA 1
| #define HAVE_GETDELIM 1
| #define HAVE_DECL___FSETLOCKING 1
| #define getpass gnu_getpass
| #define HAVE_INLINE 1
| #define HAVE_REALLOC_POSIX 1
| #define HAVE_STDINT_H 1
| #define HAVE_SHUTDOWN 1
| /* end confdefs.h.  */
| #include <stdio.h>
| #ifdef HAVE_SYS_TYPES_H
| # include <sys/types.h>
| #endif
| #ifdef HAVE_SYS_STAT_H
| # include <sys/stat.h>
| #endif
| #ifdef STDC_HEADERS
| # include <stdlib.h>
| # include <stddef.h>
| #else
| # ifdef HAVE_STDLIB_H
| #  include <stdlib.h>
| # endif
| #endif
| #ifdef HAVE_STRING_H
| # if !defined STDC_HEADERS && defined HAVE_MEMORY_H
| #  include <memory.h>
| # endif
| # include <string.h>
| #endif
| #ifdef HAVE_STRINGS_H
| # include <strings.h>
| #endif
| #ifdef HAVE_INTTYPES_H
| # include <inttypes.h>
| #endif
| #ifdef HAVE_STDINT_H
| # include <stdint.h>
| #endif
| #ifdef HAVE_UNISTD_H
| # include <unistd.h>
| #endif
| int
| main ()
| {
| if (sizeof ((ptrdiff_t)))
| 	    return 0;
|   ;
|   return 0;
| }
configure:9213: result: yes
configure:9233: checking for snprintf
configure:9233: arm-mv5sft-linux-gnueabi-gcc -std=gnu99 -o conftest -g -O2   conftest.c  >&5
conftest.c:98: warning: conflicting types for built-in function 'snprintf'
configure:9233: $? = 0
configure:9233: result: yes
configure:9233: checking for wcslen
configure:9233: arm-mv5sft-linux-gnueabi-gcc -std=gnu99 -o conftest -g -O2   conftest.c  >&5
configure:9233: $? = 0
configure:9233: result: yes
configure:9242: checking whether _snprintf is declared
configure:9242: arm-mv5sft-linux-gnueabi-gcc -std=gnu99 -c -g -O2  conftest.c >&5
conftest.c: In function 'main':
conftest.c:86: error: '_snprintf' undeclared (first use in this function)
conftest.c:86: error: (Each undeclared identifier is reported only once
conftest.c:86: error: for each function it appears in.)
configure:9242: $? = 1
configure: failed program was:
| /* confdefs.h */
| #define PACKAGE_NAME "msmtp"
| #define PACKAGE_TARNAME "msmtp"
| #define PACKAGE_VERSION "1.4.15"
| #define PACKAGE_STRING "msmtp 1.4.15"
| #define PACKAGE_BUGREPORT "marlam@marlam.de"
| #define PACKAGE_URL ""
| #define PACKAGE "msmtp"
| #define VERSION "1.4.15"
| #define STDC_HEADERS 1
| #define HAVE_SYS_TYPES_H 1
| #define HAVE_SYS_STAT_H 1
| #define HAVE_STDLIB_H 1
| #define HAVE_STRING_H 1
| #define HAVE_MEMORY_H 1
| #define HAVE_STRINGS_H 1
| #define HAVE_INTTYPES_H 1
| #define HAVE_STDINT_H 1
| #define HAVE_UNISTD_H 1
| #define __EXTENSIONS__ 1
| #define _ALL_SOURCE 1
| #define _GNU_SOURCE 1
| #define _POSIX_PTHREAD_SEMANTICS 1
| #define _TANDEM_SOURCE 1
| #define HAVE_FSEEKO 1
| #define _FILE_OFFSET_BITS 64
| #define HAVE_ALLOCA_H 1
| #define HAVE_ALLOCA 1
| #define restrict __restrict
| #define HAVE_INCLUDE_NEXT 1
| #define HAVE_FLOAT_H 1
| #define HAVE_STDIO_EXT_H 1
| #define HAVE_TERMIOS_H 1
| #define HAVE_SYS_SOCKET_H 1
| #define HAVE_STDARG_H 1
| #define HAVE_STDINT_H 1
| #define HAVE_WCHAR_H 1
| #define HAVE_STDIO_H 1
| #define HAVE_STDLIB_H 1
| #define HAVE_SYSEXITS_H 1
| #define HAVE_UNISTD_H 1
| #define HAVE_DECL_GETDELIM 1
| #define HAVE_DECL_GETLINE 1
| #define HAVE_GETOPT_H 1
| #define HAVE_GETOPT_LONG_ONLY 1
| #define HAVE_DECL_GETENV 1
| #define HAVE_DECL_GETPASS 1
| #define HAVE___FSETLOCKING 1
| #define HAVE_TCGETATTR 1
| #define HAVE_TCSETATTR 1
| #define HAVE_DECL_FFLUSH_UNLOCKED 1
| #define HAVE_DECL_FLOCKFILE 1
| #define HAVE_DECL_FPUTS_UNLOCKED 1
| #define HAVE_DECL_FUNLOCKFILE 1
| #define HAVE_DECL_PUTC_UNLOCKED 1
| #define HAVE_SHUTDOWN 1
| #define HAVE__BOOL 1
| #define HAVE_STDBOOL_H 1
| #define HAVE_LONG_LONG_INT 1
| #define HAVE_UNSIGNED_LONG_LONG_INT 1
| #define HAVE_WCHAR_T 1
| #define HAVE_WINT_T 1
| #define HAVE_INTTYPES_H_WITH_UINTMAX 1
| #define HAVE_STDINT_H_WITH_UINTMAX 1
| #define HAVE_INTMAX_T 1
| #define HAVE_ALLOCA 1
| #define HAVE_GETDELIM 1
| #define HAVE_DECL___FSETLOCKING 1
| #define getpass gnu_getpass
| #define HAVE_INLINE 1
| #define HAVE_REALLOC_POSIX 1
| #define HAVE_STDINT_H 1
| #define HAVE_SHUTDOWN 1
| #define HAVE_SNPRINTF 1
| #define HAVE_WCSLEN 1
| /* end confdefs.h.  */
| #include <stdio.h>
| 
| int
| main ()
| {
| #ifndef _snprintf
| #ifdef __cplusplus
|   (void) _snprintf;
| #else
|   (void) _snprintf;
| #endif
| #endif
| 
|   ;
|   return 0;
| }
configure:9242: result: no
configure:9263: checking for vasprintf
configure:9263: arm-mv5sft-linux-gnueabi-gcc -std=gnu99 -o conftest -g -O2   conftest.c  >&5
configure:9263: $? = 0
configure:9263: result: yes
configure:9324: checking whether <wchar.h> is standalone
configure:9334: arm-mv5sft-linux-gnueabi-gcc -std=gnu99 -c -g -O2  conftest.c >&5
configure:9334: $? = 0
configure:9341: result: yes
configure:9431: checking for stdint.h
configure:9431: result: yes
configure:9483: checking whether NLS is requested
configure:9492: result: yes
configure:9533: checking for msgfmt
configure: trying /usr/bin/msgfmt...
0 translated messages.
configure:9565: result: /usr/bin/msgfmt
configure:9574: checking for gmsgfmt
configure:9605: result: /usr/bin/msgfmt
configure:9656: checking for xgettext
configure: trying /usr/bin/xgettext...
/usr/bin/xgettext: warning: file `/dev/null' extension `' is unknown; will try C
configure:9688: result: /usr/bin/xgettext
configure:9734: checking for msgmerge
configure: trying /usr/bin/msgmerge...
configure:9765: result: /usr/bin/msgmerge
configure:9822: checking for ld used by GCC
configure:9886: result: arm-mv5sft-linux-gnueabi-ld
configure:9893: checking if the linker (arm-mv5sft-linux-gnueabi-ld) is GNU ld
configure:9906: result: yes
configure:9913: checking for shared library run path origin
configure:9926: result: done
configure:10435: checking for CFPreferencesCopyAppValue
configure:10453: arm-mv5sft-linux-gnueabi-gcc -std=gnu99 -o conftest -g -O2   conftest.c  -Wl,-framework -Wl,CoreFoundation >&5
conftest.c:80:42: error: CoreFoundation/CFPreferences.h: No such file or directory
conftest.c: In function 'main':
conftest.c:84: warning: implicit declaration of function 'CFPreferencesCopyAppValue'
conftest.c:84: error: 'NULL' undeclared (first use in this function)
conftest.c:84: error: (Each undeclared identifier is reported only once
conftest.c:84: error: for each function it appears in.)
configure:10453: $? = 1
configure: failed program was:
| /* confdefs.h */
| #define PACKAGE_NAME "msmtp"
| #define PACKAGE_TARNAME "msmtp"
| #define PACKAGE_VERSION "1.4.15"
| #define PACKAGE_STRING "msmtp 1.4.15"
| #define PACKAGE_BUGREPORT "marlam@marlam.de"
| #define PACKAGE_URL ""
| #define PACKAGE "msmtp"
| #define VERSION "1.4.15"
| #define STDC_HEADERS 1
| #define HAVE_SYS_TYPES_H 1
| #define HAVE_SYS_STAT_H 1
| #define HAVE_STDLIB_H 1
| #define HAVE_STRING_H 1
| #define HAVE_MEMORY_H 1
| #define HAVE_STRINGS_H 1
| #define HAVE_INTTYPES_H 1
| #define HAVE_STDINT_H 1
| #define HAVE_UNISTD_H 1
| #define __EXTENSIONS__ 1
| #define _ALL_SOURCE 1
| #define _GNU_SOURCE 1
| #define _POSIX_PTHREAD_SEMANTICS 1
| #define _TANDEM_SOURCE 1
| #define HAVE_FSEEKO 1
| #define _FILE_OFFSET_BITS 64
| #define HAVE_ALLOCA_H 1
| #define HAVE_ALLOCA 1
| #define restrict __restrict
| #define HAVE_INCLUDE_NEXT 1
| #define HAVE_FLOAT_H 1
| #define HAVE_STDIO_EXT_H 1
| #define HAVE_TERMIOS_H 1
| #define HAVE_SYS_SOCKET_H 1
| #define HAVE_STDARG_H 1
| #define HAVE_STDINT_H 1
| #define HAVE_WCHAR_H 1
| #define HAVE_STDIO_H 1
| #define HAVE_STDLIB_H 1
| #define HAVE_SYSEXITS_H 1
| #define HAVE_UNISTD_H 1
| #define HAVE_DECL_GETDELIM 1
| #define HAVE_DECL_GETLINE 1
| #define HAVE_GETOPT_H 1
| #define HAVE_GETOPT_LONG_ONLY 1
| #define HAVE_DECL_GETENV 1
| #define HAVE_DECL_GETPASS 1
| #define HAVE___FSETLOCKING 1
| #define HAVE_TCGETATTR 1
| #define HAVE_TCSETATTR 1
| #define HAVE_DECL_FFLUSH_UNLOCKED 1
| #define HAVE_DECL_FLOCKFILE 1
| #define HAVE_DECL_FPUTS_UNLOCKED 1
| #define HAVE_DECL_FUNLOCKFILE 1
| #define HAVE_DECL_PUTC_UNLOCKED 1
| #define HAVE_SHUTDOWN 1
| #define HAVE__BOOL 1
| #define HAVE_STDBOOL_H 1
| #define HAVE_LONG_LONG_INT 1
| #define HAVE_UNSIGNED_LONG_LONG_INT 1
| #define HAVE_WCHAR_T 1
| #define HAVE_WINT_T 1
| #define HAVE_INTTYPES_H_WITH_UINTMAX 1
| #define HAVE_STDINT_H_WITH_UINTMAX 1
| #define HAVE_INTMAX_T 1
| #define HAVE_ALLOCA 1
| #define HAVE_GETDELIM 1
| #define HAVE_DECL___FSETLOCKING 1
| #define getpass gnu_getpass
| #define HAVE_INLINE 1
| #define HAVE_REALLOC_POSIX 1
| #define HAVE_STDINT_H 1
| #define HAVE_SHUTDOWN 1
| #define HAVE_SNPRINTF 1
| #define HAVE_WCSLEN 1
| #define HAVE_DECL__SNPRINTF 0
| #define HAVE_VASPRINTF 1
| #define HAVE_STDINT_H 1
| /* end confdefs.h.  */
| #include <CoreFoundation/CFPreferences.h>
| int
| main ()
| {
| CFPreferencesCopyAppValue(NULL, NULL)
|   ;
|   return 0;
| }
configure:10462: result: no
configure:10469: checking for CFLocaleCopyCurrent
configure:10487: arm-mv5sft-linux-gnueabi-gcc -std=gnu99 -o conftest -g -O2   conftest.c  -Wl,-framework -Wl,CoreFoundation >&5
conftest.c:80:37: error: CoreFoundation/CFLocale.h: No such file or directory
conftest.c: In function 'main':
conftest.c:84: warning: implicit declaration of function 'CFLocaleCopyCurrent'
configure:10487: $? = 1
configure: failed program was:
| /* confdefs.h */
| #define PACKAGE_NAME "msmtp"
| #define PACKAGE_TARNAME "msmtp"
| #define PACKAGE_VERSION "1.4.15"
| #define PACKAGE_STRING "msmtp 1.4.15"
| #define PACKAGE_BUGREPORT "marlam@marlam.de"
| #define PACKAGE_URL ""
| #define PACKAGE "msmtp"
| #define VERSION "1.4.15"
| #define STDC_HEADERS 1
| #define HAVE_SYS_TYPES_H 1
| #define HAVE_SYS_STAT_H 1
| #define HAVE_STDLIB_H 1
| #define HAVE_STRING_H 1
| #define HAVE_MEMORY_H 1
| #define HAVE_STRINGS_H 1
| #define HAVE_INTTYPES_H 1
| #define HAVE_STDINT_H 1
| #define HAVE_UNISTD_H 1
| #define __EXTENSIONS__ 1
| #define _ALL_SOURCE 1
| #define _GNU_SOURCE 1
| #define _POSIX_PTHREAD_SEMANTICS 1
| #define _TANDEM_SOURCE 1
| #define HAVE_FSEEKO 1
| #define _FILE_OFFSET_BITS 64
| #define HAVE_ALLOCA_H 1
| #define HAVE_ALLOCA 1
| #define restrict __restrict
| #define HAVE_INCLUDE_NEXT 1
| #define HAVE_FLOAT_H 1
| #define HAVE_STDIO_EXT_H 1
| #define HAVE_TERMIOS_H 1
| #define HAVE_SYS_SOCKET_H 1
| #define HAVE_STDARG_H 1
| #define HAVE_STDINT_H 1
| #define HAVE_WCHAR_H 1
| #define HAVE_STDIO_H 1
| #define HAVE_STDLIB_H 1
| #define HAVE_SYSEXITS_H 1
| #define HAVE_UNISTD_H 1
| #define HAVE_DECL_GETDELIM 1
| #define HAVE_DECL_GETLINE 1
| #define HAVE_GETOPT_H 1
| #define HAVE_GETOPT_LONG_ONLY 1
| #define HAVE_DECL_GETENV 1
| #define HAVE_DECL_GETPASS 1
| #define HAVE___FSETLOCKING 1
| #define HAVE_TCGETATTR 1
| #define HAVE_TCSETATTR 1
| #define HAVE_DECL_FFLUSH_UNLOCKED 1
| #define HAVE_DECL_FLOCKFILE 1
| #define HAVE_DECL_FPUTS_UNLOCKED 1
| #define HAVE_DECL_FUNLOCKFILE 1
| #define HAVE_DECL_PUTC_UNLOCKED 1
| #define HAVE_SHUTDOWN 1
| #define HAVE__BOOL 1
| #define HAVE_STDBOOL_H 1
| #define HAVE_LONG_LONG_INT 1
| #define HAVE_UNSIGNED_LONG_LONG_INT 1
| #define HAVE_WCHAR_T 1
| #define HAVE_WINT_T 1
| #define HAVE_INTTYPES_H_WITH_UINTMAX 1
| #define HAVE_STDINT_H_WITH_UINTMAX 1
| #define HAVE_INTMAX_T 1
| #define HAVE_ALLOCA 1
| #define HAVE_GETDELIM 1
| #define HAVE_DECL___FSETLOCKING 1
| #define getpass gnu_getpass
| #define HAVE_INLINE 1
| #define HAVE_REALLOC_POSIX 1
| #define HAVE_STDINT_H 1
| #define HAVE_SHUTDOWN 1
| #define HAVE_SNPRINTF 1
| #define HAVE_WCSLEN 1
| #define HAVE_DECL__SNPRINTF 0
| #define HAVE_VASPRINTF 1
| #define HAVE_STDINT_H 1
| /* end confdefs.h.  */
| #include <CoreFoundation/CFLocale.h>
| int
| main ()
| {
| CFLocaleCopyCurrent();
|   ;
|   return 0;
| }
configure:10496: result: no
configure:10545: checking for GNU gettext in libc
configure:10565: arm-mv5sft-linux-gnueabi-gcc -std=gnu99 -o conftest -g -O2   conftest.c  >&5
configure:10565: $? = 0
configure:10574: result: yes
configure:11328: checking whether to use NLS
configure:11330: result: yes
configure:11333: checking where the gettext function comes from
configure:11344: result: libc
configure:11404: checking for syslog
configure:11404: arm-mv5sft-linux-gnueabi-gcc -std=gnu99 -o conftest -g -O2   conftest.c  >&5
configure:11404: $? = 0
configure:11404: result: yes
configure:11413: checking for library containing nanosleep
configure:11444: arm-mv5sft-linux-gnueabi-gcc -std=gnu99 -o conftest -g -O2   conftest.c  >&5
configure:11444: $? = 0
configure:11461: result: none required
configure:11483: checking for socket
configure:11483: arm-mv5sft-linux-gnueabi-gcc -std=gnu99 -o conftest -g -O2   conftest.c  >&5
configure:11483: $? = 0
configure:11483: result: yes
configure:11529: checking for getaddrinfo
configure:11529: arm-mv5sft-linux-gnueabi-gcc -std=gnu99 -o conftest -g -O2   conftest.c  >&5
configure:11529: $? = 0
configure:11529: result: yes
configure:12136: checking for libgnutls
configure:12156: arm-mv5sft-linux-gnueabi-gcc -std=gnu99 -o conftest -g -O2   conftest.c  -lgnutls >&5
conftest.c:85:27: error: gnutls/gnutls.h: No such file or directory
conftest.c:86:27: error: gnutls/x509.h: No such file or directory
conftest.c: In function 'main':
conftest.c:90: warning: implicit declaration of function 'gnutls_x509_crt_sign2'
configure:12156: $? = 1
configure: failed program was:
| /* confdefs.h */
| #define PACKAGE_NAME "msmtp"
| #define PACKAGE_TARNAME "msmtp"
| #define PACKAGE_VERSION "1.4.15"
| #define PACKAGE_STRING "msmtp 1.4.15"
| #define PACKAGE_BUGREPORT "marlam@marlam.de"
| #define PACKAGE_URL ""
| #define PACKAGE "msmtp"
| #define VERSION "1.4.15"
| #define STDC_HEADERS 1
| #define HAVE_SYS_TYPES_H 1
| #define HAVE_SYS_STAT_H 1
| #define HAVE_STDLIB_H 1
| #define HAVE_STRING_H 1
| #define HAVE_MEMORY_H 1
| #define HAVE_STRINGS_H 1
| #define HAVE_INTTYPES_H 1
| #define HAVE_STDINT_H 1
| #define HAVE_UNISTD_H 1
| #define __EXTENSIONS__ 1
| #define _ALL_SOURCE 1
| #define _GNU_SOURCE 1
| #define _POSIX_PTHREAD_SEMANTICS 1
| #define _TANDEM_SOURCE 1
| #define HAVE_FSEEKO 1
| #define _FILE_OFFSET_BITS 64
| #define HAVE_ALLOCA_H 1
| #define HAVE_ALLOCA 1
| #define restrict __restrict
| #define HAVE_INCLUDE_NEXT 1
| #define HAVE_FLOAT_H 1
| #define HAVE_STDIO_EXT_H 1
| #define HAVE_TERMIOS_H 1
| #define HAVE_SYS_SOCKET_H 1
| #define HAVE_STDARG_H 1
| #define HAVE_STDINT_H 1
| #define HAVE_WCHAR_H 1
| #define HAVE_STDIO_H 1
| #define HAVE_STDLIB_H 1
| #define HAVE_SYSEXITS_H 1
| #define HAVE_UNISTD_H 1
| #define HAVE_DECL_GETDELIM 1
| #define HAVE_DECL_GETLINE 1
| #define HAVE_GETOPT_H 1
| #define HAVE_GETOPT_LONG_ONLY 1
| #define HAVE_DECL_GETENV 1
| #define HAVE_DECL_GETPASS 1
| #define HAVE___FSETLOCKING 1
| #define HAVE_TCGETATTR 1
| #define HAVE_TCSETATTR 1
| #define HAVE_DECL_FFLUSH_UNLOCKED 1
| #define HAVE_DECL_FLOCKFILE 1
| #define HAVE_DECL_FPUTS_UNLOCKED 1
| #define HAVE_DECL_FUNLOCKFILE 1
| #define HAVE_DECL_PUTC_UNLOCKED 1
| #define HAVE_SHUTDOWN 1
| #define HAVE__BOOL 1
| #define HAVE_STDBOOL_H 1
| #define HAVE_LONG_LONG_INT 1
| #define HAVE_UNSIGNED_LONG_LONG_INT 1
| #define HAVE_WCHAR_T 1
| #define HAVE_WINT_T 1
| #define HAVE_INTTYPES_H_WITH_UINTMAX 1
| #define HAVE_STDINT_H_WITH_UINTMAX 1
| #define HAVE_INTMAX_T 1
| #define HAVE_ALLOCA 1
| #define HAVE_GETDELIM 1
| #define HAVE_DECL___FSETLOCKING 1
| #define getpass gnu_getpass
| #define HAVE_INLINE 1
| #define HAVE_REALLOC_POSIX 1
| #define HAVE_STDINT_H 1
| #define HAVE_SHUTDOWN 1
| #define HAVE_SNPRINTF 1
| #define HAVE_WCSLEN 1
| #define HAVE_DECL__SNPRINTF 0
| #define HAVE_VASPRINTF 1
| #define HAVE_STDINT_H 1
| #define ENABLE_NLS 1
| #define HAVE_GETTEXT 1
| #define HAVE_DCGETTEXT 1
| #define HAVE_SYSLOG 1
| #define HAVE_GETADDRINFO /**/
| /* end confdefs.h.  */
| #include <gnutls/gnutls.h>
| 	 #include <gnutls/x509.h>
| int
| main ()
| {
| gnutls_x509_crt_sign2(0, 0, 0, 0, 0)
|   ;
|   return 0;
| }
configure:12166: result: no
configure:12192: WARNING: Cannot find GNU TLS, disabling
configure:13224: checking for libssl
configure:13244: arm-mv5sft-linux-gnueabi-gcc -std=gnu99 -o conftest -g -O2 -I/home/ibuki/cvmod/DNS345/DNS-325_GPL/msmtp-1.4.15/../tmp_install//include  conftest.c  /home/ibuki/cvmod/DNS345/DNS-325_GPL/msmtp-1.4.15/../tmp_install//lib/libssl.so /home/ibuki/cvmod/DNS345/DNS-325_GPL/msmtp-1.4.15/../tmp_install//lib/libcrypto.so -Wl,-rpath -Wl,/home/ibuki/cvmod/DNS345/DNS-325_GPL/msmtp-1.4.15/../tmp_install//lib >&5
configure:13244: $? = 0
configure:13254: result: yes
configure:13261: checking how to link with libssl
configure:13263: result: /home/ibuki/cvmod/DNS345/DNS-325_GPL/msmtp-1.4.15/../tmp_install//lib/libssl.so /home/ibuki/cvmod/DNS345/DNS-325_GPL/msmtp-1.4.15/../tmp_install//lib/libcrypto.so -Wl,-rpath -Wl,/home/ibuki/cvmod/DNS345/DNS-325_GPL/msmtp-1.4.15/../tmp_install//lib
configure:13790: checking for libgsasl
configure:13809: arm-mv5sft-linux-gnueabi-gcc -std=gnu99 -o conftest -g -O2 -I/home/ibuki/cvmod/DNS345/DNS-325_GPL/msmtp-1.4.15/../tmp_install//include  conftest.c  /home/ibuki/cvmod/DNS345/DNS-325_GPL/msmtp-1.4.15/../tmp_install//lib/libssl.so /home/ibuki/cvmod/DNS345/DNS-325_GPL/msmtp-1.4.15/../tmp_install//lib/libcrypto.so -Wl,-rpath -Wl,/home/ibuki/cvmod/DNS345/DNS-325_GPL/msmtp-1.4.15/../tmp_install//lib -lgsasl >&5
conftest.c:88:19: error: gsasl.h: No such file or directory
conftest.c: In function 'main':
conftest.c:92: warning: implicit declaration of function 'gsasl_check_version'
configure:13809: $? = 1
configure: failed program was:
| /* confdefs.h */
| #define PACKAGE_NAME "msmtp"
| #define PACKAGE_TARNAME "msmtp"
| #define PACKAGE_VERSION "1.4.15"
| #define PACKAGE_STRING "msmtp 1.4.15"
| #define PACKAGE_BUGREPORT "marlam@marlam.de"
| #define PACKAGE_URL ""
| #define PACKAGE "msmtp"
| #define VERSION "1.4.15"
| #define STDC_HEADERS 1
| #define HAVE_SYS_TYPES_H 1
| #define HAVE_SYS_STAT_H 1
| #define HAVE_STDLIB_H 1
| #define HAVE_STRING_H 1
| #define HAVE_MEMORY_H 1
| #define HAVE_STRINGS_H 1
| #define HAVE_INTTYPES_H 1
| #define HAVE_STDINT_H 1
| #define HAVE_UNISTD_H 1
| #define __EXTENSIONS__ 1
| #define _ALL_SOURCE 1
| #define _GNU_SOURCE 1
| #define _POSIX_PTHREAD_SEMANTICS 1
| #define _TANDEM_SOURCE 1
| #define HAVE_FSEEKO 1
| #define _FILE_OFFSET_BITS 64
| #define HAVE_ALLOCA_H 1
| #define HAVE_ALLOCA 1
| #define restrict __restrict
| #define HAVE_INCLUDE_NEXT 1
| #define HAVE_FLOAT_H 1
| #define HAVE_STDIO_EXT_H 1
| #define HAVE_TERMIOS_H 1
| #define HAVE_SYS_SOCKET_H 1
| #define HAVE_STDARG_H 1
| #define HAVE_STDINT_H 1
| #define HAVE_WCHAR_H 1
| #define HAVE_STDIO_H 1
| #define HAVE_STDLIB_H 1
| #define HAVE_SYSEXITS_H 1
| #define HAVE_UNISTD_H 1
| #define HAVE_DECL_GETDELIM 1
| #define HAVE_DECL_GETLINE 1
| #define HAVE_GETOPT_H 1
| #define HAVE_GETOPT_LONG_ONLY 1
| #define HAVE_DECL_GETENV 1
| #define HAVE_DECL_GETPASS 1
| #define HAVE___FSETLOCKING 1
| #define HAVE_TCGETATTR 1
| #define HAVE_TCSETATTR 1
| #define HAVE_DECL_FFLUSH_UNLOCKED 1
| #define HAVE_DECL_FLOCKFILE 1
| #define HAVE_DECL_FPUTS_UNLOCKED 1
| #define HAVE_DECL_FUNLOCKFILE 1
| #define HAVE_DECL_PUTC_UNLOCKED 1
| #define HAVE_SHUTDOWN 1
| #define HAVE__BOOL 1
| #define HAVE_STDBOOL_H 1
| #define HAVE_LONG_LONG_INT 1
| #define HAVE_UNSIGNED_LONG_LONG_INT 1
| #define HAVE_WCHAR_T 1
| #define HAVE_WINT_T 1
| #define HAVE_INTTYPES_H_WITH_UINTMAX 1
| #define HAVE_STDINT_H_WITH_UINTMAX 1
| #define HAVE_INTMAX_T 1
| #define HAVE_ALLOCA 1
| #define HAVE_GETDELIM 1
| #define HAVE_DECL___FSETLOCKING 1
| #define getpass gnu_getpass
| #define HAVE_INLINE 1
| #define HAVE_REALLOC_POSIX 1
| #define HAVE_STDINT_H 1
| #define HAVE_SHUTDOWN 1
| #define HAVE_SNPRINTF 1
| #define HAVE_WCSLEN 1
| #define HAVE_DECL__SNPRINTF 0
| #define HAVE_VASPRINTF 1
| #define HAVE_STDINT_H 1
| #define ENABLE_NLS 1
| #define HAVE_GETTEXT 1
| #define HAVE_DCGETTEXT 1
| #define HAVE_SYSLOG 1
| #define HAVE_GETADDRINFO /**/
| #define HAVE_LIBSSL 1
| #define HAVE_OPENSSL /**/
| #define HAVE_TLS /**/
| /* end confdefs.h.  */
| #include <gsasl.h>
| int
| main ()
| {
| gsasl_check_version(0);
|   ;
|   return 0;
| }
configure:13819: result: no
configure:13846: WARNING: Cannot find GNU SASL, disabling
configure:14338: checking for libidn
configure:14357: arm-mv5sft-linux-gnueabi-gcc -std=gnu99 -o conftest -g -O2 -I/home/ibuki/cvmod/DNS345/DNS-325_GPL/msmtp-1.4.15/../tmp_install//include  conftest.c  /home/ibuki/cvmod/DNS345/DNS-325_GPL/msmtp-1.4.15/../tmp_install//lib/libssl.so /home/ibuki/cvmod/DNS345/DNS-325_GPL/msmtp-1.4.15/../tmp_install//lib/libcrypto.so -Wl,-rpath -Wl,/home/ibuki/cvmod/DNS345/DNS-325_GPL/msmtp-1.4.15/../tmp_install//lib -lidn >&5
conftest.c:88:24: error: stringprep.h: No such file or directory
conftest.c: In function 'main':
conftest.c:92: warning: implicit declaration of function 'stringprep_check_version'
configure:14357: $? = 1
configure: failed program was:
| /* confdefs.h */
| #define PACKAGE_NAME "msmtp"
| #define PACKAGE_TARNAME "msmtp"
| #define PACKAGE_VERSION "1.4.15"
| #define PACKAGE_STRING "msmtp 1.4.15"
| #define PACKAGE_BUGREPORT "marlam@marlam.de"
| #define PACKAGE_URL ""
| #define PACKAGE "msmtp"
| #define VERSION "1.4.15"
| #define STDC_HEADERS 1
| #define HAVE_SYS_TYPES_H 1
| #define HAVE_SYS_STAT_H 1
| #define HAVE_STDLIB_H 1
| #define HAVE_STRING_H 1
| #define HAVE_MEMORY_H 1
| #define HAVE_STRINGS_H 1
| #define HAVE_INTTYPES_H 1
| #define HAVE_STDINT_H 1
| #define HAVE_UNISTD_H 1
| #define __EXTENSIONS__ 1
| #define _ALL_SOURCE 1
| #define _GNU_SOURCE 1
| #define _POSIX_PTHREAD_SEMANTICS 1
| #define _TANDEM_SOURCE 1
| #define HAVE_FSEEKO 1
| #define _FILE_OFFSET_BITS 64
| #define HAVE_ALLOCA_H 1
| #define HAVE_ALLOCA 1
| #define restrict __restrict
| #define HAVE_INCLUDE_NEXT 1
| #define HAVE_FLOAT_H 1
| #define HAVE_STDIO_EXT_H 1
| #define HAVE_TERMIOS_H 1
| #define HAVE_SYS_SOCKET_H 1
| #define HAVE_STDARG_H 1
| #define HAVE_STDINT_H 1
| #define HAVE_WCHAR_H 1
| #define HAVE_STDIO_H 1
| #define HAVE_STDLIB_H 1
| #define HAVE_SYSEXITS_H 1
| #define HAVE_UNISTD_H 1
| #define HAVE_DECL_GETDELIM 1
| #define HAVE_DECL_GETLINE 1
| #define HAVE_GETOPT_H 1
| #define HAVE_GETOPT_LONG_ONLY 1
| #define HAVE_DECL_GETENV 1
| #define HAVE_DECL_GETPASS 1
| #define HAVE___FSETLOCKING 1
| #define HAVE_TCGETATTR 1
| #define HAVE_TCSETATTR 1
| #define HAVE_DECL_FFLUSH_UNLOCKED 1
| #define HAVE_DECL_FLOCKFILE 1
| #define HAVE_DECL_FPUTS_UNLOCKED 1
| #define HAVE_DECL_FUNLOCKFILE 1
| #define HAVE_DECL_PUTC_UNLOCKED 1
| #define HAVE_SHUTDOWN 1
| #define HAVE__BOOL 1
| #define HAVE_STDBOOL_H 1
| #define HAVE_LONG_LONG_INT 1
| #define HAVE_UNSIGNED_LONG_LONG_INT 1
| #define HAVE_WCHAR_T 1
| #define HAVE_WINT_T 1
| #define HAVE_INTTYPES_H_WITH_UINTMAX 1
| #define HAVE_STDINT_H_WITH_UINTMAX 1
| #define HAVE_INTMAX_T 1
| #define HAVE_ALLOCA 1
| #define HAVE_GETDELIM 1
| #define HAVE_DECL___FSETLOCKING 1
| #define getpass gnu_getpass
| #define HAVE_INLINE 1
| #define HAVE_REALLOC_POSIX 1
| #define HAVE_STDINT_H 1
| #define HAVE_SHUTDOWN 1
| #define HAVE_SNPRINTF 1
| #define HAVE_WCSLEN 1
| #define HAVE_DECL__SNPRINTF 0
| #define HAVE_VASPRINTF 1
| #define HAVE_STDINT_H 1
| #define ENABLE_NLS 1
| #define HAVE_GETTEXT 1
| #define HAVE_DCGETTEXT 1
| #define HAVE_SYSLOG 1
| #define HAVE_GETADDRINFO /**/
| #define HAVE_LIBSSL 1
| #define HAVE_OPENSSL /**/
| #define HAVE_TLS /**/
| /* end confdefs.h.  */
| #include <stringprep.h>
| int
| main ()
| {
| stringprep_check_version(0);
|   ;
|   return 0;
| }
configure:14367: result: no
configure:14394: WARNING: Cannot find GNU Libidn, disabling
configure:14402: checking for SecKeychainGetVersion
configure:14420: arm-mv5sft-linux-gnueabi-gcc -std=gnu99 -o conftest -g -O2 -I/home/ibuki/cvmod/DNS345/DNS-325_GPL/msmtp-1.4.15/../tmp_install//include  conftest.c  /home/ibuki/cvmod/DNS345/DNS-325_GPL/msmtp-1.4.15/../tmp_install//lib/libssl.so /home/ibuki/cvmod/DNS345/DNS-325_GPL/msmtp-1.4.15/../tmp_install//lib/libcrypto.so -Wl,-rpath -Wl,/home/ibuki/cvmod/DNS345/DNS-325_GPL/msmtp-1.4.15/../tmp_install//lib -Wl,-framework -Wl,Security >&5
conftest.c:88:31: error: Security/Security.h: No such file or directory
conftest.c: In function 'main':
conftest.c:92: warning: implicit declaration of function 'SecKeychainGetVersion'
conftest.c:92: error: 'NULL' undeclared (first use in this function)
conftest.c:92: error: (Each undeclared identifier is reported only once
conftest.c:92: error: for each function it appears in.)
configure:14420: $? = 1
configure: failed program was:
| /* confdefs.h */
| #define PACKAGE_NAME "msmtp"
| #define PACKAGE_TARNAME "msmtp"
| #define PACKAGE_VERSION "1.4.15"
| #define PACKAGE_STRING "msmtp 1.4.15"
| #define PACKAGE_BUGREPORT "marlam@marlam.de"
| #define PACKAGE_URL ""
| #define PACKAGE "msmtp"
| #define VERSION "1.4.15"
| #define STDC_HEADERS 1
| #define HAVE_SYS_TYPES_H 1
| #define HAVE_SYS_STAT_H 1
| #define HAVE_STDLIB_H 1
| #define HAVE_STRING_H 1
| #define HAVE_MEMORY_H 1
| #define HAVE_STRINGS_H 1
| #define HAVE_INTTYPES_H 1
| #define HAVE_STDINT_H 1
| #define HAVE_UNISTD_H 1
| #define __EXTENSIONS__ 1
| #define _ALL_SOURCE 1
| #define _GNU_SOURCE 1
| #define _POSIX_PTHREAD_SEMANTICS 1
| #define _TANDEM_SOURCE 1
| #define HAVE_FSEEKO 1
| #define _FILE_OFFSET_BITS 64
| #define HAVE_ALLOCA_H 1
| #define HAVE_ALLOCA 1
| #define restrict __restrict
| #define HAVE_INCLUDE_NEXT 1
| #define HAVE_FLOAT_H 1
| #define HAVE_STDIO_EXT_H 1
| #define HAVE_TERMIOS_H 1
| #define HAVE_SYS_SOCKET_H 1
| #define HAVE_STDARG_H 1
| #define HAVE_STDINT_H 1
| #define HAVE_WCHAR_H 1
| #define HAVE_STDIO_H 1
| #define HAVE_STDLIB_H 1
| #define HAVE_SYSEXITS_H 1
| #define HAVE_UNISTD_H 1
| #define HAVE_DECL_GETDELIM 1
| #define HAVE_DECL_GETLINE 1
| #define HAVE_GETOPT_H 1
| #define HAVE_GETOPT_LONG_ONLY 1
| #define HAVE_DECL_GETENV 1
| #define HAVE_DECL_GETPASS 1
| #define HAVE___FSETLOCKING 1
| #define HAVE_TCGETATTR 1
| #define HAVE_TCSETATTR 1
| #define HAVE_DECL_FFLUSH_UNLOCKED 1
| #define HAVE_DECL_FLOCKFILE 1
| #define HAVE_DECL_FPUTS_UNLOCKED 1
| #define HAVE_DECL_FUNLOCKFILE 1
| #define HAVE_DECL_PUTC_UNLOCKED 1
| #define HAVE_SHUTDOWN 1
| #define HAVE__BOOL 1
| #define HAVE_STDBOOL_H 1
| #define HAVE_LONG_LONG_INT 1
| #define HAVE_UNSIGNED_LONG_LONG_INT 1
| #define HAVE_WCHAR_T 1
| #define HAVE_WINT_T 1
| #define HAVE_INTTYPES_H_WITH_UINTMAX 1
| #define HAVE_STDINT_H_WITH_UINTMAX 1
| #define HAVE_INTMAX_T 1
| #define HAVE_ALLOCA 1
| #define HAVE_GETDELIM 1
| #define HAVE_DECL___FSETLOCKING 1
| #define getpass gnu_getpass
| #define HAVE_INLINE 1
| #define HAVE_REALLOC_POSIX 1
| #define HAVE_STDINT_H 1
| #define HAVE_SHUTDOWN 1
| #define HAVE_SNPRINTF 1
| #define HAVE_WCSLEN 1
| #define HAVE_DECL__SNPRINTF 0
| #define HAVE_VASPRINTF 1
| #define HAVE_STDINT_H 1
| #define ENABLE_NLS 1
| #define HAVE_GETTEXT 1
| #define HAVE_DCGETTEXT 1
| #define HAVE_SYSLOG 1
| #define HAVE_GETADDRINFO /**/
| #define HAVE_LIBSSL 1
| #define HAVE_OPENSSL /**/
| #define HAVE_TLS /**/
| /* end confdefs.h.  */
| #include <Security/Security.h>
| int
| main ()
| {
| SecKeychainGetVersion(NULL);
|   ;
|   return 0;
| }
configure:14429: result: no
configure:14592: creating ./config.status

## ---------------------- ##
## Running config.status. ##
## ---------------------- ##

This file was extended by msmtp config.status 1.4.15, which was
generated by GNU Autoconf 2.66.  Invocation command line was

  CONFIG_FILES    = 
  CONFIG_HEADERS  = 
  CONFIG_LINKS    = 
  CONFIG_COMMANDS = 
  $ ./config.status 

on fedora-14

config.status:1135: creating Makefile
config.status:1135: creating build-aux/Makefile
config.status:1135: creating gnulib/Makefile
config.status:1135: creating src/Makefile
config.status:1135: creating po/Makefile.in
config.status:1135: creating doc/Makefile
config.status:1135: creating scripts/Makefile
config.status:1135: creating config.h
config.status:1315: config.h is unchanged
config.status:1363: executing depfiles commands
config.status:1363: executing po-directories commands

## ---------------- ##
## Cache variables. ##
## ---------------- ##

ac_cv_build=i686-pc-linux-gnu
ac_cv_c_bigendian=no
ac_cv_c_compiler_gnu=yes
ac_cv_c_inline=inline
ac_cv_c_restrict=__restrict
ac_cv_decl_EOVERFLOW=yes
ac_cv_env_CC_set=set
ac_cv_env_CC_value=arm-mv5sft-linux-gnueabi-gcc
ac_cv_env_CFLAGS_set=
ac_cv_env_CFLAGS_value=
ac_cv_env_CPPFLAGS_set=
ac_cv_env_CPPFLAGS_value=
ac_cv_env_CPP_set=
ac_cv_env_CPP_value=
ac_cv_env_LDFLAGS_set=
ac_cv_env_LDFLAGS_value=
ac_cv_env_LIBS_set=
ac_cv_env_LIBS_value=
ac_cv_env_build_alias_set=
ac_cv_env_build_alias_value=
ac_cv_env_host_alias_set=set
ac_cv_env_host_alias_value=arm-mv5sft-linux-gnueabi
ac_cv_env_target_alias_set=
ac_cv_env_target_alias_value=
ac_cv_func_SecKeychainGetVersion=no
ac_cv_func___fsetlocking=yes
ac_cv_func_alloca_works=yes
ac_cv_func_getaddrinfo=yes
ac_cv_func_getdelim=yes
ac_cv_func_getline=yes
ac_cv_func_getopt_long_only=yes
ac_cv_func_shutdown=yes
ac_cv_func_snprintf=yes
ac_cv_func_socket=yes
ac_cv_func_syslog=yes
ac_cv_func_tcgetattr=yes
ac_cv_func_tcsetattr=yes
ac_cv_func_vasnprintf=no
ac_cv_func_vasprintf=yes
ac_cv_func_wcslen=yes
ac_cv_have_decl___fsetlocking=yes
ac_cv_have_decl__snprintf=no
ac_cv_have_decl_fflush_unlocked=yes
ac_cv_have_decl_flockfile=yes
ac_cv_have_decl_fputs_unlocked=yes
ac_cv_have_decl_funlockfile=yes
ac_cv_have_decl_getdelim=yes
ac_cv_have_decl_getenv=yes
ac_cv_have_decl_getline=yes
ac_cv_have_decl_getopt_clip=no
ac_cv_have_decl_getpass=yes
ac_cv_have_decl_optreset=no
ac_cv_have_decl_putc_unlocked=yes
ac_cv_header_float_h=yes
ac_cv_header_getopt_h=yes
ac_cv_header_inttypes_h=yes
ac_cv_header_memory_h=yes
ac_cv_header_minix_config_h=no
ac_cv_header_stdarg_h=yes
ac_cv_header_stdbool_h=yes
ac_cv_header_stdc=yes
ac_cv_header_stdint_h=yes
ac_cv_header_stdio_ext_h=yes
ac_cv_header_stdio_h=yes
ac_cv_header_stdlib_h=yes
ac_cv_header_string_h=yes
ac_cv_header_strings_h=yes
ac_cv_header_sys_socket_h=yes
ac_cv_header_sys_stat_h=yes
ac_cv_header_sys_types_h=yes
ac_cv_header_sysexits_h=yes
ac_cv_header_termios_h=yes
ac_cv_header_unistd_h=yes
ac_cv_header_wchar_h=yes
ac_cv_host=arm-mv5sft-linux-gnueabi
ac_cv_libgnutls=no
ac_cv_libgsasl=no
ac_cv_libidn=no
ac_cv_libssl=yes
ac_cv_objext=o
ac_cv_path_EGREP='/bin/grep -E'
ac_cv_path_GMSGFMT=/usr/bin/msgfmt
ac_cv_path_GREP=/bin/grep
ac_cv_path_MSGFMT=/usr/bin/msgfmt
ac_cv_path_MSGMERGE=/usr/bin/msgmerge
ac_cv_path_XGETTEXT=/usr/bin/xgettext
ac_cv_path_install='/usr/bin/install -c'
ac_cv_path_mkdir=/bin/mkdir
ac_cv_prog_AWK=gawk
ac_cv_prog_CC=arm-mv5sft-linux-gnueabi-gcc
ac_cv_prog_CPP='arm-mv5sft-linux-gnueabi-gcc -E'
ac_cv_prog_RANLIB=arm-mv5sft-linux-gnueabi-ranlib
ac_cv_prog_STRIP=arm-mv5sft-linux-gnueabi-strip
ac_cv_prog_cc_c89=
ac_cv_prog_cc_c99=-std=gnu99
ac_cv_prog_cc_g=yes
ac_cv_prog_cc_stdc=-std=gnu99
ac_cv_prog_make_make_set=yes
ac_cv_safe_to_define___extensions__=yes
ac_cv_search_nanosleep='none required'
ac_cv_sys_file_offset_bits=64
ac_cv_sys_largefile_CC=no
ac_cv_sys_largefile_source=no
ac_cv_target=arm-mv5sft-linux-gnueabi
ac_cv_type__Bool=yes
ac_cv_type_long_long_int=yes
ac_cv_type_ptrdiff_t=yes
ac_cv_type_size_t=yes
ac_cv_type_socklen_t=yes
ac_cv_type_unsigned_long_long_int=yes
ac_cv_working_alloca_h=yes
acl_cv_hardcode_direct=no
acl_cv_hardcode_libdir_flag_spec='${wl}-rpath ${wl}$libdir'
acl_cv_hardcode_libdir_separator=
acl_cv_hardcode_minus_L=no
acl_cv_libext=a
acl_cv_libname_spec='lib$name'
acl_cv_library_names_spec='$libname$shrext'
acl_cv_path_LD=arm-mv5sft-linux-gnueabi-ld
acl_cv_prog_gnu_ld=yes
acl_cv_rpath=done
acl_cv_shlibext=so
acl_cv_wl=-Wl,
am_cv_CC_dependencies_compiler_type=gcc3
am_cv_func_working_getline=yes
gl_cv_c_inline_effective=yes
gl_cv_func_fseeko=yes
gl_cv_func_gnu_getopt=yes
gl_cv_func_lseek_pipe=yes
gl_cv_func_malloc_posix=yes
gl_cv_func_va_copy=yes
gl_cv_have_include_next=yes
gl_cv_header_inttypes_h=yes
gl_cv_header_stdint_h=yes
gl_cv_header_sys_socket_h_selfcontained=yes
gl_cv_header_sys_socket_h_shut=yes
gl_cv_header_wchar_h_standalone=yes
gl_cv_header_working_stdint_h=yes
gl_cv_next_stdint_h='<stdint.h>'
gl_cv_next_stdio_h='<stdio.h>'
gl_cv_next_stdlib_h='<stdlib.h>'
gl_cv_next_sysexits_h='<sysexits.h>'
gl_cv_next_unistd_h='<unistd.h>'
gl_cv_next_wchar_h='<wchar.h>'
gl_cv_rpl_alloca=yes
gl_cv_size_max=yes
gl_cv_var_stdin_large_offset=yes
gt_cv_c_intmax_t=yes
gt_cv_c_wchar_t=yes
gt_cv_c_wint_t=yes
gt_cv_func_CFLocaleCopyCurrent=no
gt_cv_func_CFPreferencesCopyAppValue=no
gt_cv_func_gnugettext1_libc=yes

## ----------------- ##
## Output variables. ##
## ----------------- ##

ACLOCAL='${SHELL} /home/ibuki/cvmod/DNS345/DNS-325_GPL/msmtp-1.4.15/build-aux/missing --run aclocal-1.10'
ALLOCA=''
ALLOCA_H='alloca.h'
AMDEPBACKSLASH='\'
AMDEP_FALSE='#'
AMDEP_TRUE=''
AMTAR='${SHELL} /home/ibuki/cvmod/DNS345/DNS-325_GPL/msmtp-1.4.15/build-aux/missing --run tar'
AUTOCONF='${SHELL} /home/ibuki/cvmod/DNS345/DNS-325_GPL/msmtp-1.4.15/build-aux/missing --run autoconf'
AUTOHEADER='${SHELL} /home/ibuki/cvmod/DNS345/DNS-325_GPL/msmtp-1.4.15/build-aux/missing --run autoheader'
AUTOMAKE='${SHELL} /home/ibuki/cvmod/DNS345/DNS-325_GPL/msmtp-1.4.15/build-aux/missing --run automake-1.10'
AWK='gawk'
BITSIZEOF_PTRDIFF_T=''
BITSIZEOF_SIG_ATOMIC_T=''
BITSIZEOF_SIZE_T=''
BITSIZEOF_WCHAR_T=''
BITSIZEOF_WINT_T=''
CC='arm-mv5sft-linux-gnueabi-gcc -std=gnu99'
CCDEPMODE='depmode=gcc3'
CFLAGS='-g -O2'
CPP='arm-mv5sft-linux-gnueabi-gcc -E'
CPPFLAGS='-I/home/ibuki/cvmod/DNS345/DNS-325_GPL/msmtp-1.4.15/../tmp_install//include'
CYGPATH_W='echo'
DEFS='-DHAVE_CONFIG_H'
DEPDIR='.deps'
ECHO_C=''
ECHO_N='-n'
ECHO_T=''
EGREP='/bin/grep -E'
EOVERFLOW=''
EXEEXT=''
FLOAT_H=''
GETOPT_H=''
GETTEXT_MACRO_VERSION='0.17'
GL_COND_LIBTOOL_FALSE=''
GL_COND_LIBTOOL_TRUE='#'
GMSGFMT='/usr/bin/msgfmt'
GMSGFMT_015='/usr/bin/msgfmt'
GNULIB_CALLOC_POSIX='0'
GNULIB_CHOWN='0'
GNULIB_DUP2='0'
GNULIB_ENVIRON='0'
GNULIB_FCHDIR='0'
GNULIB_FFLUSH='0'
GNULIB_FOPEN='0'
GNULIB_FPRINTF_POSIX='0'
GNULIB_FREOPEN='0'
GNULIB_FSEEK='0'
GNULIB_FSEEKO='1'
GNULIB_FTELL='0'
GNULIB_FTELLO='0'
GNULIB_FTRUNCATE='0'
GNULIB_GETCWD='0'
GNULIB_GETDELIM='1'
GNULIB_GETLINE='1'
GNULIB_GETLOGIN_R='0'
GNULIB_GETPAGESIZE='0'
GNULIB_GETSUBOPT='0'
GNULIB_LCHOWN='0'
GNULIB_LSEEK='1'
GNULIB_MALLOC_POSIX='0'
GNULIB_MKDTEMP='0'
GNULIB_MKSTEMP='0'
GNULIB_PRINTF_POSIX='0'
GNULIB_PUTENV='0'
GNULIB_READLINK='0'
GNULIB_REALLOC_POSIX='1'
GNULIB_RPMATCH='0'
GNULIB_SETENV='0'
GNULIB_SLEEP='0'
GNULIB_SNPRINTF='0'
GNULIB_SPRINTF_POSIX='0'
GNULIB_STRTOD='0'
GNULIB_UNSETENV='0'
GNULIB_VASPRINTF='1'
GNULIB_VFPRINTF_POSIX='0'
GNULIB_VPRINTF_POSIX='0'
GNULIB_VSNPRINTF='0'
GNULIB_VSPRINTF_POSIX='0'
GNULIB_WCWIDTH='0'
GREP='/bin/grep'
HAVE_CALLOC_POSIX='1'
HAVE_DECL_ENVIRON='1'
HAVE_DECL_GETDELIM='1'
HAVE_DECL_GETLINE='1'
HAVE_DECL_GETLOGIN_R='1'
HAVE_DECL_SNPRINTF='1'
HAVE_DECL_VSNPRINTF='1'
HAVE_DECL_WCWIDTH='1'
HAVE_DUP2='1'
HAVE_FSEEKO='1'
HAVE_FTELLO='1'
HAVE_FTRUNCATE='1'
HAVE_GETPAGESIZE='1'
HAVE_GETSUBOPT='1'
HAVE_INTTYPES_H='1'
HAVE_LIBGNUTLS='no'
HAVE_LIBGSASL='no'
HAVE_LIBIDN='no'
HAVE_LIBSSL32=''
HAVE_LIBSSL='yes'
HAVE_LONG_LONG_INT='1'
HAVE_MALLOC_POSIX='1'
HAVE_MKDTEMP='1'
HAVE_OS_H='0'
HAVE_READLINK='1'
HAVE_REALLOC_POSIX='1'
HAVE_RPMATCH='1'
HAVE_SETENV='1'
HAVE_SIGNED_SIG_ATOMIC_T=''
HAVE_SIGNED_WCHAR_T=''
HAVE_SIGNED_WINT_T=''
HAVE_SLEEP='1'
HAVE_STDINT_H='1'
HAVE_STRTOD='1'
HAVE_SYSEXITS_H='1'
HAVE_SYS_BITYPES_H=''
HAVE_SYS_INTTYPES_H=''
HAVE_SYS_PARAM_H='0'
HAVE_SYS_SOCKET_H=''
HAVE_SYS_TYPES_H='1'
HAVE_UNISTD_H='1'
HAVE_UNSETENV='1'
HAVE_UNSIGNED_LONG_LONG_INT='1'
HAVE_VASPRINTF='1'
HAVE_WCHAR_H='1'
HAVE_WINSOCK2_H=''
HAVE_WS2TCPIP_H=''
HAVE__BOOL='1'
INCLUDE_NEXT='include_next'
INSTALL_DATA='${INSTALL} -m 644'
INSTALL_PROGRAM='${INSTALL}'
INSTALL_SCRIPT='${INSTALL}'
INSTALL_STRIP_PROGRAM='$(install_sh) -c -s'
INTLLIBS=''
INTL_MACOSX_LIBS=''
LDFLAGS=''
LIBGNUTLS=''
LIBGNUTLS_PREFIX=''
LIBGNU_LIBDEPS=''
LIBGNU_LTLIBDEPS=''
LIBGSASL=''
LIBGSASL_PREFIX=''
LIBICONV='-liconv'
LIBIDN=''
LIBIDN_PREFIX=''
LIBINTL=''
LIBOBJS=''
LIBS=' /home/ibuki/cvmod/DNS345/DNS-325_GPL/msmtp-1.4.15/../tmp_install//lib/libssl.so /home/ibuki/cvmod/DNS345/DNS-325_GPL/msmtp-1.4.15/../tmp_install//lib/libcrypto.so -Wl,-rpath -Wl,/home/ibuki/cvmod/DNS345/DNS-325_GPL/msmtp-1.4.15/../tmp_install//lib'
LIBSSL32=''
LIBSSL32_PREFIX=''
LIBSSL='/home/ibuki/cvmod/DNS345/DNS-325_GPL/msmtp-1.4.15/../tmp_install//lib/libssl.so /home/ibuki/cvmod/DNS345/DNS-325_GPL/msmtp-1.4.15/../tmp_install//lib/libcrypto.so -Wl,-rpath -Wl,/home/ibuki/cvmod/DNS345/DNS-325_GPL/msmtp-1.4.15/../tmp_install//lib'
LIBSSL_PREFIX='/home/ibuki/cvmod/DNS345/DNS-325_GPL/msmtp-1.4.15/../tmp_install/'
LTLIBGNUTLS=''
LTLIBGSASL=''
LTLIBICONV='-liconv'
LTLIBIDN=''
LTLIBINTL=''
LTLIBOBJS=''
LTLIBSSL32=''
LTLIBSSL='-L/home/ibuki/cvmod/DNS345/DNS-325_GPL/msmtp-1.4.15/../tmp_install//lib -lssl -L/home/ibuki/cvmod/DNS345/DNS-325_GPL/msmtp-1.4.15/../tmp_install//lib -lcrypto -R/home/ibuki/cvmod/DNS345/DNS-325_GPL/msmtp-1.4.15/../tmp_install//lib'
MAKEINFO='${SHELL} /home/ibuki/cvmod/DNS345/DNS-325_GPL/msmtp-1.4.15/build-aux/missing --run makeinfo'
MKDIR_P='/bin/mkdir -p'
MSGFMT='/usr/bin/msgfmt'
MSGFMT_015='/usr/bin/msgfmt'
MSGMERGE='/usr/bin/msgmerge'
NEXT_FLOAT_H=''
NEXT_STDARG_H='<stdarg.h>'
NEXT_STDINT_H='<stdint.h>'
NEXT_STDIO_H='<stdio.h>'
NEXT_STDLIB_H='<stdlib.h>'
NEXT_SYSEXITS_H='<sysexits.h>'
NEXT_SYS_SOCKET_H=''
NEXT_UNISTD_H='<unistd.h>'
NEXT_WCHAR_H='<wchar.h>'
OBJEXT='o'
PACKAGE='msmtp'
PACKAGE_BUGREPORT='marlam@marlam.de'
PACKAGE_NAME='msmtp'
PACKAGE_STRING='msmtp 1.4.15'
PACKAGE_TARNAME='msmtp'
PACKAGE_URL=''
PACKAGE_VERSION='1.4.15'
PATH_SEPARATOR=':'
POSUB='po'
PTRDIFF_T_SUFFIX=''
RANLIB='arm-mv5sft-linux-gnueabi-ranlib'
REPLACE_CHOWN='0'
REPLACE_FCHDIR='0'
REPLACE_FFLUSH='0'
REPLACE_FOPEN='0'
REPLACE_FPRINTF='0'
REPLACE_FREOPEN='0'
REPLACE_FSEEK='0'
REPLACE_FSEEKO='0'
REPLACE_FTELL='0'
REPLACE_FTELLO='0'
REPLACE_GETCWD='0'
REPLACE_GETLINE='0'
REPLACE_GETPAGESIZE='0'
REPLACE_LCHOWN='0'
REPLACE_LSEEK='0'
REPLACE_MKSTEMP='0'
REPLACE_PRINTF='0'
REPLACE_PUTENV='0'
REPLACE_SNPRINTF='0'
REPLACE_SPRINTF='0'
REPLACE_STRTOD='0'
REPLACE_VASPRINTF='0'
REPLACE_VFPRINTF='0'
REPLACE_VPRINTF='0'
REPLACE_VSNPRINTF='0'
REPLACE_VSPRINTF='0'
REPLACE_WCWIDTH='0'
SET_MAKE=''
SHELL='/bin/sh'
SIG_ATOMIC_T_SUFFIX=''
SIZE_T_SUFFIX=''
STDARG_H=''
STDBOOL_H=''
STDINT_H=''
STRIP='arm-mv5sft-linux-gnueabi-strip'
SYSEXITS_H=''
SYS_SOCKET_H=''
USE_NLS='yes'
VERSION='1.4.15'
VOID_UNSETENV='0'
WCHAR_H=''
WCHAR_T_SUFFIX=''
WINT_T_SUFFIX=''
XGETTEXT='/usr/bin/xgettext'
XGETTEXT_015='/usr/bin/xgettext'
XGETTEXT_EXTRA_OPTIONS=' --flag=asprintf:2:c-format --flag=vasprintf:2:c-format --flag=xasprintf:1:c-format'
ac_ct_CC=''
am__fastdepCC_FALSE='#'
am__fastdepCC_TRUE=''
am__include='include'
am__isrc=''
am__leading_dot='.'
am__quote=''
am__tar='${AMTAR} chof - "$$tardir"'
am__untar='${AMTAR} xf -'
bindir='${exec_prefix}/bin'
build='i686-pc-linux-gnu'
build_alias=''
build_cpu='i686'
build_os='linux-gnu'
build_vendor='pc'
datadir='${datarootdir}'
datarootdir='${prefix}/share'
docdir='${datarootdir}/doc/${PACKAGE_TARNAME}'
dvidir='${docdir}'
exec_prefix='${prefix}'
gl_LIBOBJS=' asnprintf.o getpass.o hmac-md5.o md5.o memxor.o printf-args.o printf-parse.o vasnprintf.o xmalloc.o'
gl_LTLIBOBJS=' asnprintf.lo getpass.lo hmac-md5.lo md5.lo memxor.lo printf-args.lo printf-parse.lo vasnprintf.lo xmalloc.lo'
gltests_LIBOBJS=''
gltests_LTLIBOBJS=''
host='arm-mv5sft-linux-gnueabi'
host_alias='arm-mv5sft-linux-gnueabi'
host_cpu='arm'
host_os='linux-gnueabi'
host_vendor='mv5sft'
htmldir='${docdir}'
includedir='${prefix}/include'
infodir='${datarootdir}/info'
install_sh='$(SHELL) /home/ibuki/cvmod/DNS345/DNS-325_GPL/msmtp-1.4.15/build-aux/install-sh'
libdir='${exec_prefix}/lib'
libexecdir='${exec_prefix}/libexec'
localedir='${datarootdir}/locale'
localstatedir='${prefix}/var'
mandir='${datarootdir}/man'
mkdir_p='/bin/mkdir -p'
oldincludedir='/usr/include'
pdfdir='${docdir}'
prefix='/usr/local'
program_transform_name='s,x,x,'
psdir='${docdir}'
sbindir='${exec_prefix}/sbin'
sharedstatedir='${prefix}/com'
sysconfdir='${prefix}/etc'
target='arm-mv5sft-linux-gnueabi'
target_alias=''
target_cpu='arm'
target_os='linux-gnueabi'
target_vendor='mv5sft'
tls_obj='tls.o'

## ----------- ##
## confdefs.h. ##
## ----------- ##

/* confdefs.h */
#define PACKAGE_NAME "msmtp"
#define PACKAGE_TARNAME "msmtp"
#define PACKAGE_VERSION "1.4.15"
#define PACKAGE_STRING "msmtp 1.4.15"
#define PACKAGE_BUGREPORT "marlam@marlam.de"
#define PACKAGE_URL ""
#define PACKAGE "msmtp"
#define VERSION "1.4.15"
#define STDC_HEADERS 1
#define HAVE_SYS_TYPES_H 1
#define HAVE_SYS_STAT_H 1
#define HAVE_STDLIB_H 1
#define HAVE_STRING_H 1
#define HAVE_MEMORY_H 1
#define HAVE_STRINGS_H 1
#define HAVE_INTTYPES_H 1
#define HAVE_STDINT_H 1
#define HAVE_UNISTD_H 1
#define __EXTENSIONS__ 1
#define _ALL_SOURCE 1
#define _GNU_SOURCE 1
#define _POSIX_PTHREAD_SEMANTICS 1
#define _TANDEM_SOURCE 1
#define HAVE_FSEEKO 1
#define _FILE_OFFSET_BITS 64
#define HAVE_ALLOCA_H 1
#define HAVE_ALLOCA 1
#define restrict __restrict
#define HAVE_INCLUDE_NEXT 1
#define HAVE_FLOAT_H 1
#define HAVE_STDIO_EXT_H 1
#define HAVE_TERMIOS_H 1
#define HAVE_SYS_SOCKET_H 1
#define HAVE_STDARG_H 1
#define HAVE_STDINT_H 1
#define HAVE_WCHAR_H 1
#define HAVE_STDIO_H 1
#define HAVE_STDLIB_H 1
#define HAVE_SYSEXITS_H 1
#define HAVE_UNISTD_H 1
#define HAVE_DECL_GETDELIM 1
#define HAVE_DECL_GETLINE 1
#define HAVE_GETOPT_H 1
#define HAVE_GETOPT_LONG_ONLY 1
#define HAVE_DECL_GETENV 1
#define HAVE_DECL_GETPASS 1
#define HAVE___FSETLOCKING 1
#define HAVE_TCGETATTR 1
#define HAVE_TCSETATTR 1
#define HAVE_DECL_FFLUSH_UNLOCKED 1
#define HAVE_DECL_FLOCKFILE 1
#define HAVE_DECL_FPUTS_UNLOCKED 1
#define HAVE_DECL_FUNLOCKFILE 1
#define HAVE_DECL_PUTC_UNLOCKED 1
#define HAVE_SHUTDOWN 1
#define HAVE__BOOL 1
#define HAVE_STDBOOL_H 1
#define HAVE_LONG_LONG_INT 1
#define HAVE_UNSIGNED_LONG_LONG_INT 1
#define HAVE_WCHAR_T 1
#define HAVE_WINT_T 1
#define HAVE_INTTYPES_H_WITH_UINTMAX 1
#define HAVE_STDINT_H_WITH_UINTMAX 1
#define HAVE_INTMAX_T 1
#define HAVE_ALLOCA 1
#define HAVE_GETDELIM 1
#define HAVE_DECL___FSETLOCKING 1
#define getpass gnu_getpass
#define HAVE_INLINE 1
#define HAVE_REALLOC_POSIX 1
#define HAVE_STDINT_H 1
#define HAVE_SHUTDOWN 1
#define HAVE_SNPRINTF 1
#define HAVE_WCSLEN 1
#define HAVE_DECL__SNPRINTF 0
#define HAVE_VASPRINTF 1
#define HAVE_STDINT_H 1
#define ENABLE_NLS 1
#define HAVE_GETTEXT 1
#define HAVE_DCGETTEXT 1
#define HAVE_SYSLOG 1
#define HAVE_GETADDRINFO /**/
#define HAVE_LIBSSL 1
#define HAVE_OPENSSL /**/
#define HAVE_TLS /**/

configure: exit 0
