This file contains any messages produced by compilers while
running configure, to aid debugging if configure makes a mistake.

It was created by configure, which was
generated by GNU Autoconf 2.61.  Invocation command line was

  $ ./configure --host=arm-linux --without-selinux

## --------- ##
## Platform. ##
## --------- ##

hostname = fedora-14
uname -m = i686
uname -r = 2.6.35.6-45.fc14.i686
uname -s = Linux
uname -v = #1 SMP Mon Oct 18 23:56:17 UTC 2010

/usr/bin/uname -p = unknown
/bin/uname -X     = unknown

/bin/arch              = i686
/usr/bin/arch -k       = unknown
/usr/convex/getsysinfo = unknown
/usr/bin/hostinfo      = unknown
/bin/machine           = unknown
/usr/bin/oslevel       = unknown
/bin/universe          = unknown

PATH: /opt_gccarm/arm-mv5sft-linux-gnueabi/bin
PATH: /usr/lib/qt-3.3/bin
PATH: /usr/lib/ccache
PATH: /usr/local/bin
PATH: /bin
PATH: /usr/bin
PATH: /usr/local/sbin
PATH: /usr/sbin
PATH: /sbin
PATH: /home/jack/bin


## ----------- ##
## Core tests. ##
## ----------- ##

configure:2032: checking for a BSD-compatible install
configure:2088: result: /usr/bin/install -c
configure:2099: checking whether build environment is sane
configure:2142: result: yes
configure:2207: checking for gawk
configure:2223: found /bin/gawk
configure:2234: result: gawk
configure:2245: checking whether make sets $(MAKE)
configure:2266: result: yes
configure:2342: checking for arm-linux-strip
configure:2369: result: arm-mv5sft-linux-gnueabi-strip
configure:2513: checking whether to enable maintainer-specific portions of Makefiles
configure:2522: result: no
configure:2546: checking for arm-linux-gcc
configure:2573: result: arm-mv5sft-linux-gnueabi-gcc
configure:2851: checking for C compiler version
configure:2858: arm-mv5sft-linux-gnueabi-gcc --version >&5
arm-mv5sft-linux-gnueabi-gcc (sdk3.2rc1-ct-ng-1.4.1) 4.3.2
Copyright (C) 2008 Free Software Foundation, Inc.
This is free software; see the source for copying conditions.  There is NO
warranty; not even for MERCHANTABILITY or FITNESS FOR A PARTICULAR PURPOSE.

configure:2861: $? = 0
configure:2868: arm-mv5sft-linux-gnueabi-gcc -v >&5
Using built-in specs.
Target: arm-mv5sft-linux-gnueabi
Configured with: /home/seugene/sdk/targets/src/gcc-4.3.2/configure --build=i486-build_pc-linux-gnu --host=i486-build_pc-linux-gnu --target=arm-mv5sft-linux-gnueabi --prefix=/home/seugene/sdk/targets/arm-mv5sft-linux-gnueabi/cross --with-sysroot=/home/seugene/sdk/targets/arm-mv5sft-linux-gnueabi/cross/arm-mv5sft-linux-gnueabi//sys-root --enable-languages=c,c++,fortran,java --disable-multilib --with-arch=armv5te --with-float=soft --with-gmp=/home/seugene/sdk/targets/arm-mv5sft-linux-gnueabi/cross --with-mpfr=/home/seugene/sdk/targets/arm-mv5sft-linux-gnueabi/cross --with-pkgversion=sdk3.2rc1-ct-ng-1.4.1 --disable-sjlj-exceptions --enable-__cxa_atexit --with-local-prefix=/home/seugene/sdk/targets/arm-mv5sft-linux-gnueabi/cross/arm-mv5sft-linux-gnueabi//sys-root --disable-nls --enable-threads=posix --enable-symvers=gnu --enable-c99 --enable-long-long --enable-target-optspace
Thread model: posix
gcc version 4.3.2 (sdk3.2rc1-ct-ng-1.4.1) 
configure:2871: $? = 0
configure:2878: arm-mv5sft-linux-gnueabi-gcc -V >&5
arm-mv5sft-linux-gnueabi-gcc: '-V' option must have argument
configure:2881: $? = 1
configure:2904: checking for C compiler default output file name
configure:2931: arm-mv5sft-linux-gnueabi-gcc    conftest.c  >&5
configure:2934: $? = 0
configure:2972: result: a.out
configure:2989: checking whether the C compiler works
configure:2999: ./a.out
./configure: line 3000: ./a.out: cannot execute binary file
configure:3002: $? = 126
configure:3019: result: yes
configure:3026: checking whether we are cross compiling
configure:3028: result: yes
configure:3031: checking for suffix of executables
configure:3038: arm-mv5sft-linux-gnueabi-gcc -o conftest    conftest.c  >&5
configure:3041: $? = 0
configure:3065: result: 
configure:3071: checking for suffix of object files
configure:3097: arm-mv5sft-linux-gnueabi-gcc -c   conftest.c >&5
configure:3100: $? = 0
configure:3123: result: o
configure:3127: checking whether we are using the GNU C compiler
configure:3156: arm-mv5sft-linux-gnueabi-gcc -c   conftest.c >&5
configure:3162: $? = 0
configure:3179: result: yes
configure:3184: checking whether arm-mv5sft-linux-gnueabi-gcc accepts -g
configure:3214: arm-mv5sft-linux-gnueabi-gcc -c -g  conftest.c >&5
configure:3220: $? = 0
configure:3319: result: yes
configure:3336: checking for arm-mv5sft-linux-gnueabi-gcc option to accept ISO C89
configure:3410: arm-mv5sft-linux-gnueabi-gcc  -c -g -O2  conftest.c >&5
configure:3416: $? = 0
configure:3439: result: none needed
configure:3468: checking for style of include used by make
configure:3496: result: GNU
configure:3524: checking dependency style of arm-mv5sft-linux-gnueabi-gcc
configure:3614: result: gcc3
configure:3632: checking for library containing strerror
configure:3673: arm-mv5sft-linux-gnueabi-gcc -o conftest -g -O2   conftest.c  >&5
configure:3679: $? = 0
configure:3707: result: none required
configure:3715: checking whether ln -s works
configure:3719: result: yes
configure:3730: checking for bison
configure:3746: found /usr/bin/bison
configure:3757: result: bison -y
configure:3769: checking for function prototypes
configure:3772: result: yes
configure:3794: checking how to run the C preprocessor
configure:3834: arm-mv5sft-linux-gnueabi-gcc -E  conftest.c
configure:3840: $? = 0
configure:3871: arm-mv5sft-linux-gnueabi-gcc -E  conftest.c
conftest.c:13:28: error: ac_nonexistent.h: No such file or directory
configure:3877: $? = 1
configure: failed program was:
| /* confdefs.h.  */
| #define PACKAGE_NAME ""
| #define PACKAGE_TARNAME ""
| #define PACKAGE_VERSION ""
| #define PACKAGE_STRING ""
| #define PACKAGE_BUGREPORT ""
| #define PACKAGE "shadow"
| #define VERSION "4.0.18.2"
| #define _GNU_SOURCE 1
| #define PROTOTYPES 1
| #define __PROTOTYPES 1
| /* end confdefs.h.  */
| #include <ac_nonexistent.h>
configure:3910: result: arm-mv5sft-linux-gnueabi-gcc -E
configure:3939: arm-mv5sft-linux-gnueabi-gcc -E  conftest.c
configure:3945: $? = 0
configure:3976: arm-mv5sft-linux-gnueabi-gcc -E  conftest.c
conftest.c:13:28: error: ac_nonexistent.h: No such file or directory
configure:3982: $? = 1
configure: failed program was:
| /* confdefs.h.  */
| #define PACKAGE_NAME ""
| #define PACKAGE_TARNAME ""
| #define PACKAGE_VERSION ""
| #define PACKAGE_STRING ""
| #define PACKAGE_BUGREPORT ""
| #define PACKAGE "shadow"
| #define VERSION "4.0.18.2"
| #define _GNU_SOURCE 1
| #define PROTOTYPES 1
| #define __PROTOTYPES 1
| /* end confdefs.h.  */
| #include <ac_nonexistent.h>
configure:4020: checking for grep that handles long lines and -e
configure:4094: result: /bin/grep
configure:4099: checking for egrep
configure:4177: result: /bin/grep -E
configure:4182: checking for ANSI C header files
configure:4212: arm-mv5sft-linux-gnueabi-gcc -c -g -O2  conftest.c >&5
configure:4218: $? = 0
configure:4346: result: yes
configure:4370: checking for sys/types.h
configure:4391: arm-mv5sft-linux-gnueabi-gcc -c -g -O2  conftest.c >&5
configure:4397: $? = 0
configure:4413: result: yes
configure:4370: checking for sys/stat.h
configure:4391: arm-mv5sft-linux-gnueabi-gcc -c -g -O2  conftest.c >&5
configure:4397: $? = 0
configure:4413: result: yes
configure:4370: checking for stdlib.h
configure:4391: arm-mv5sft-linux-gnueabi-gcc -c -g -O2  conftest.c >&5
configure:4397: $? = 0
configure:4413: result: yes
configure:4370: checking for string.h
configure:4391: arm-mv5sft-linux-gnueabi-gcc -c -g -O2  conftest.c >&5
configure:4397: $? = 0
configure:4413: result: yes
configure:4370: checking for memory.h
configure:4391: arm-mv5sft-linux-gnueabi-gcc -c -g -O2  conftest.c >&5
configure:4397: $? = 0
configure:4413: result: yes
configure:4370: checking for strings.h
configure:4391: arm-mv5sft-linux-gnueabi-gcc -c -g -O2  conftest.c >&5
configure:4397: $? = 0
configure:4413: result: yes
configure:4370: checking for inttypes.h
configure:4391: arm-mv5sft-linux-gnueabi-gcc -c -g -O2  conftest.c >&5
configure:4397: $? = 0
configure:4413: result: yes
configure:4370: checking for stdint.h
configure:4391: arm-mv5sft-linux-gnueabi-gcc -c -g -O2  conftest.c >&5
configure:4397: $? = 0
configure:4413: result: yes
configure:4370: checking for unistd.h
configure:4391: arm-mv5sft-linux-gnueabi-gcc -c -g -O2  conftest.c >&5
configure:4397: $? = 0
configure:4413: result: yes
configure:4438: checking for string.h
configure:4444: result: yes
configure:4604: checking build system type
configure:4622: result: i686-pc-linux-gnu
configure:4644: checking host system type
configure:4659: result: arm-unknown-linux-gnu
configure:4681: checking for a sed that does not truncate output
configure:4737: result: /bin/sed
configure:4751: checking for ld used by arm-mv5sft-linux-gnueabi-gcc
configure:4818: result: arm-mv5sft-linux-gnueabi-ld
configure:4827: checking if the linker (arm-mv5sft-linux-gnueabi-ld) is GNU ld
configure:4842: result: yes
configure:4847: checking for arm-mv5sft-linux-gnueabi-ld option to reload object files
configure:4854: result: -r
configure:4872: checking for BSD-compatible nm
configure:4921: result: nm
configure:4925: checking how to recognize dependent libraries
configure:5111: result: pass_all
configure:5361: checking dlfcn.h usability
configure:5378: arm-mv5sft-linux-gnueabi-gcc -c -g -O2  conftest.c >&5
configure:5384: $? = 0
configure:5398: result: yes
configure:5402: checking dlfcn.h presence
configure:5417: arm-mv5sft-linux-gnueabi-gcc -E  conftest.c
configure:5423: $? = 0
configure:5437: result: yes
configure:5465: checking for dlfcn.h
configure:5473: result: yes
configure:5602: checking for C++ compiler version
configure:5609: arm-mv5sft-linux-gnueabi-g++ --version >&5
arm-mv5sft-linux-gnueabi-g++ (sdk3.2rc1-ct-ng-1.4.1) 4.3.2
Copyright (C) 2008 Free Software Foundation, Inc.
This is free software; see the source for copying conditions.  There is NO
warranty; not even for MERCHANTABILITY or FITNESS FOR A PARTICULAR PURPOSE.

configure:5612: $? = 0
configure:5619: arm-mv5sft-linux-gnueabi-g++ -v >&5
Using built-in specs.
Target: arm-mv5sft-linux-gnueabi
Configured with: /home/seugene/sdk/targets/src/gcc-4.3.2/configure --build=i486-build_pc-linux-gnu --host=i486-build_pc-linux-gnu --target=arm-mv5sft-linux-gnueabi --prefix=/home/seugene/sdk/targets/arm-mv5sft-linux-gnueabi/cross --with-sysroot=/home/seugene/sdk/targets/arm-mv5sft-linux-gnueabi/cross/arm-mv5sft-linux-gnueabi//sys-root --enable-languages=c,c++,fortran,java --disable-multilib --with-arch=armv5te --with-float=soft --with-gmp=/home/seugene/sdk/targets/arm-mv5sft-linux-gnueabi/cross --with-mpfr=/home/seugene/sdk/targets/arm-mv5sft-linux-gnueabi/cross --with-pkgversion=sdk3.2rc1-ct-ng-1.4.1 --disable-sjlj-exceptions --enable-__cxa_atexit --with-local-prefix=/home/seugene/sdk/targets/arm-mv5sft-linux-gnueabi/cross/arm-mv5sft-linux-gnueabi//sys-root --disable-nls --enable-threads=posix --enable-symvers=gnu --enable-c99 --enable-long-long --enable-target-optspace
Thread model: posix
gcc version 4.3.2 (sdk3.2rc1-ct-ng-1.4.1) 
configure:5622: $? = 0
configure:5629: arm-mv5sft-linux-gnueabi-g++ -V >&5
arm-mv5sft-linux-gnueabi-g++: '-V' option must have argument
configure:5632: $? = 1
configure:5635: checking whether we are using the GNU C++ compiler
configure:5664: arm-mv5sft-linux-gnueabi-g++ -c   conftest.cpp >&5
configure:5670: $? = 0
configure:5687: result: yes
configure:5692: checking whether arm-mv5sft-linux-gnueabi-g++ accepts -g
configure:5722: arm-mv5sft-linux-gnueabi-g++ -c -g  conftest.cpp >&5
configure:5728: $? = 0
configure:5827: result: yes
configure:5852: checking dependency style of arm-mv5sft-linux-gnueabi-g++
configure:5942: result: gcc3
configure:5969: checking how to run the C++ preprocessor
configure:6005: arm-mv5sft-linux-gnueabi-g++ -E  conftest.cpp
configure:6011: $? = 0
configure:6042: arm-mv5sft-linux-gnueabi-g++ -E  conftest.cpp
conftest.cpp:25:28: error: ac_nonexistent.h: No such file or directory
configure:6048: $? = 1
configure: failed program was:
| /* confdefs.h.  */
| #define PACKAGE_NAME ""
| #define PACKAGE_TARNAME ""
| #define PACKAGE_VERSION ""
| #define PACKAGE_STRING ""
| #define PACKAGE_BUGREPORT ""
| #define PACKAGE "shadow"
| #define VERSION "4.0.18.2"
| #define _GNU_SOURCE 1
| #define PROTOTYPES 1
| #define __PROTOTYPES 1
| #define STDC_HEADERS 1
| #define HAVE_SYS_TYPES_H 1
| #define HAVE_SYS_STAT_H 1
| #define HAVE_STDLIB_H 1
| #define HAVE_STRING_H 1
| #define HAVE_MEMORY_H 1
| #define HAVE_STRINGS_H 1
| #define HAVE_INTTYPES_H 1
| #define HAVE_STDINT_H 1
| #define HAVE_UNISTD_H 1
| #define HAVE_STRING_H 1
| #define HAVE_DLFCN_H 1
| /* end confdefs.h.  */
| #include <ac_nonexistent.h>
configure:6081: result: arm-mv5sft-linux-gnueabi-g++ -E
configure:6110: arm-mv5sft-linux-gnueabi-g++ -E  conftest.cpp
configure:6116: $? = 0
configure:6147: arm-mv5sft-linux-gnueabi-g++ -E  conftest.cpp
conftest.cpp:25:28: error: ac_nonexistent.h: No such file or directory
configure:6153: $? = 1
configure: failed program was:
| /* confdefs.h.  */
| #define PACKAGE_NAME ""
| #define PACKAGE_TARNAME ""
| #define PACKAGE_VERSION ""
| #define PACKAGE_STRING ""
| #define PACKAGE_BUGREPORT ""
| #define PACKAGE "shadow"
| #define VERSION "4.0.18.2"
| #define _GNU_SOURCE 1
| #define PROTOTYPES 1
| #define __PROTOTYPES 1
| #define STDC_HEADERS 1
| #define HAVE_SYS_TYPES_H 1
| #define HAVE_SYS_STAT_H 1
| #define HAVE_STDLIB_H 1
| #define HAVE_STRING_H 1
| #define HAVE_MEMORY_H 1
| #define HAVE_STRINGS_H 1
| #define HAVE_INTTYPES_H 1
| #define HAVE_STDINT_H 1
| #define HAVE_UNISTD_H 1
| #define HAVE_STRING_H 1
| #define HAVE_DLFCN_H 1
| /* end confdefs.h.  */
| #include <ac_nonexistent.h>
configure:6202: checking for arm-linux-g77
configure:6232: result: no
configure:6202: checking for arm-linux-xlf
configure:6232: result: no
configure:6202: checking for arm-linux-f77
configure:6232: result: no
configure:6202: checking for arm-linux-frt
configure:6232: result: no
configure:6202: checking for arm-linux-pgf77
configure:6232: result: no
configure:6202: checking for arm-linux-cf77
configure:6232: result: no
configure:6202: checking for arm-linux-fort77
configure:6232: result: no
configure:6202: checking for arm-linux-fl32
configure:6232: result: no
configure:6202: checking for arm-linux-af77
configure:6232: result: no
configure:6202: checking for arm-linux-xlf90
configure:6232: result: no
configure:6202: checking for arm-linux-f90
configure:6232: result: no
configure:6202: checking for arm-linux-pgf90
configure:6232: result: no
configure:6202: checking for arm-linux-pghpf
configure:6232: result: no
configure:6202: checking for arm-linux-epcf90
configure:6232: result: no
configure:6202: checking for arm-linux-gfortran
configure:6232: result: no
configure:6202: checking for arm-linux-g95
configure:6232: result: no
configure:6202: checking for arm-linux-xlf95
configure:6232: result: no
configure:6202: checking for arm-linux-f95
configure:6232: result: no
configure:6202: checking for arm-linux-fort
configure:6232: result: no
configure:6202: checking for arm-linux-ifort
configure:6232: result: no
configure:6202: checking for arm-linux-ifc
configure:6232: result: no
configure:6202: checking for arm-linux-efc
configure:6232: result: no
configure:6202: checking for arm-linux-pgf95
configure:6232: result: no
configure:6202: checking for arm-linux-lf95
configure:6232: result: no
configure:6202: checking for arm-linux-ftn
configure:6232: result: no
configure:6246: checking for g77
configure:6276: result: no
configure:6246: checking for xlf
configure:6276: result: no
configure:6246: checking for f77
configure:6276: result: no
configure:6246: checking for frt
configure:6276: result: no
configure:6246: checking for pgf77
configure:6276: result: no
configure:6246: checking for cf77
configure:6276: result: no
configure:6246: checking for fort77
configure:6276: result: no
configure:6246: checking for fl32
configure:6276: result: no
configure:6246: checking for af77
configure:6276: result: no
configure:6246: checking for xlf90
configure:6276: result: no
configure:6246: checking for f90
configure:6276: result: no
configure:6246: checking for pgf90
configure:6276: result: no
configure:6246: checking for pghpf
configure:6276: result: no
configure:6246: checking for epcf90
configure:6276: result: no
configure:6246: checking for gfortran
configure:6262: found /usr/bin/gfortran
configure:6273: result: gfortran
configure:6291: WARNING: In the future, Autoconf will not detect cross-tools
whose name does not start with the host triplet.  If you think this
configuration is useful to you, please write to autoconf@gnu.org.
configure:6303: checking for Fortran 77 compiler version
configure:6310: gfortran --version >&5
GNU Fortran (GCC) 4.5.1 20100924 (Red Hat 4.5.1-4)
Copyright (C) 2010 Free Software Foundation, Inc.

GNU Fortran comes with NO WARRANTY, to the extent permitted by law.
You may redistribute copies of GNU Fortran
under the terms of the GNU General Public License.
For more information about these matters, see the file named COPYING

configure:6313: $? = 0
configure:6320: gfortran -v >&5
Using built-in specs.
COLLECT_GCC=gfortran
COLLECT_LTO_WRAPPER=/usr/libexec/gcc/i686-redhat-linux/4.5.1/lto-wrapper
Target: i686-redhat-linux
Configured with: ../configure --prefix=/usr --mandir=/usr/share/man --infodir=/usr/share/info --with-bugurl=http://bugzilla.redhat.com/bugzilla --enable-bootstrap --enable-shared --enable-threads=posix --enable-checking=release --with-system-zlib --enable-__cxa_atexit --disable-libunwind-exceptions --enable-gnu-unique-object --enable-linker-build-id --enable-languages=c,c++,objc,obj-c++,java,fortran,ada,lto --enable-plugin --enable-java-awt=gtk --disable-dssi --with-java-home=/usr/lib/jvm/java-1.5.0-gcj-1.5.0.0/jre --enable-libgcj-multifile --enable-java-maintainer-mode --with-ecj-jar=/usr/share/java/eclipse-ecj.jar --disable-libjava-multilib --with-ppl --with-cloog --with-tune=generic --with-arch=i686 --build=i686-redhat-linux
Thread model: posix
gcc version 4.5.1 20100924 (Red Hat 4.5.1-4) (GCC) 
configure:6323: $? = 0
configure:6330: gfortran -V >&5
gfortran: '-V' option must have argument
configure:6333: $? = 1
configure:6341: checking whether we are using the GNU Fortran 77 compiler
configure:6360: gfortran -c  conftest.F >&5
configure:6366: $? = 0
configure:6383: result: yes
configure:6389: checking whether gfortran accepts -g
configure:6406: gfortran -c -g conftest.f >&5
configure:6412: $? = 0
configure:6428: result: yes
configure:6458: checking the maximum length of command line arguments
configure:6570: result: 1572864
configure:6582: checking command to parse nm output from arm-mv5sft-linux-gnueabi-gcc object
configure:6687: arm-mv5sft-linux-gnueabi-gcc -c -g -O2  conftest.c >&5
configure:6690: $? = 0
configure:6694: nm conftest.o \| sed -n -e 's/^.*[ 	]\([ABCDGIRSTW][ABCDGIRSTW]*\)[ 	][ 	]*\([_A-Za-z][_A-Za-z0-9]*\)$/\1 \2 \2/p' \> conftest.nm
configure:6697: $? = 0
configure:6749: arm-mv5sft-linux-gnueabi-gcc -o conftest -g -O2   conftest.c conftstm.o >&5
configure:6752: $? = 0
configure:6790: result: ok
configure:6794: checking for objdir
configure:6809: result: .libs
configure:6861: checking for arm-linux-ar
configure:6891: result: no
configure:6901: checking for ar
configure:6917: found /usr/bin/ar
configure:6928: result: ar
configure:6957: checking for arm-linux-ranlib
configure:6984: result: arm-mv5sft-linux-gnueabi-ranlib
configure:7053: checking for arm-linux-strip
configure:7080: result: arm-mv5sft-linux-gnueabi-strip
configure:7406: checking if arm-mv5sft-linux-gnueabi-gcc supports -fno-rtti -fno-exceptions
configure:7424: arm-mv5sft-linux-gnueabi-gcc -c -g -O2  -fno-rtti -fno-exceptions conftest.c >&5
cc1: warning: command line option "-fno-rtti" is valid for C++/ObjC++ but not for C
configure:7428: $? = 0
configure:7441: result: no
configure:7456: checking for arm-mv5sft-linux-gnueabi-gcc option to produce PIC
configure:7688: result: -fPIC
configure:7696: checking if arm-mv5sft-linux-gnueabi-gcc PIC flag -fPIC works
configure:7714: arm-mv5sft-linux-gnueabi-gcc -c -g -O2  -fPIC -DPIC conftest.c >&5
configure:7718: $? = 0
configure:7731: result: yes
configure:7759: checking if arm-mv5sft-linux-gnueabi-gcc static flag -static works
configure:7787: result: yes
configure:7797: checking if arm-mv5sft-linux-gnueabi-gcc supports -c -o file.o
configure:7818: arm-mv5sft-linux-gnueabi-gcc -c -g -O2  -o out/conftest2.o conftest.c >&5
configure:7822: $? = 0
configure:7844: result: yes
configure:7870: checking whether the arm-mv5sft-linux-gnueabi-gcc linker (arm-mv5sft-linux-gnueabi-ld) supports shared libraries
configure:8851: result: yes
configure:8918: checking dynamic linker characteristics
configure:9532: result: GNU/Linux ld.so
configure:9541: checking how to hardcode library paths into programs
configure:9566: result: immediate
configure:9580: checking whether stripping libraries is possible
configure:9585: result: yes
configure:10387: checking if libtool supports shared libraries
configure:10389: result: yes
configure:10392: checking whether to build shared libraries
configure:10413: result: no
configure:10416: checking whether to build static libraries
configure:10420: result: yes
configure:10513: creating libtool
configure:11101: checking for ld used by arm-mv5sft-linux-gnueabi-g++
configure:11168: result: arm-mv5sft-linux-gnueabi-ld
configure:11177: checking if the linker (arm-mv5sft-linux-gnueabi-ld) is GNU ld
configure:11192: result: yes
configure:11243: checking whether the arm-mv5sft-linux-gnueabi-g++ linker (arm-mv5sft-linux-gnueabi-ld) supports shared libraries
configure:12217: result: yes
configure:12235: arm-mv5sft-linux-gnueabi-g++ -c -g -O2  conftest.cpp >&5
configure:12238: $? = 0
configure:12390: checking for arm-mv5sft-linux-gnueabi-g++ option to produce PIC
configure:12674: result: -fPIC
configure:12682: checking if arm-mv5sft-linux-gnueabi-g++ PIC flag -fPIC works
configure:12700: arm-mv5sft-linux-gnueabi-g++ -c -g -O2  -fPIC -DPIC conftest.cpp >&5
configure:12704: $? = 0
configure:12717: result: yes
configure:12745: checking if arm-mv5sft-linux-gnueabi-g++ static flag -static works
configure:12773: result: yes
configure:12783: checking if arm-mv5sft-linux-gnueabi-g++ supports -c -o file.o
configure:12804: arm-mv5sft-linux-gnueabi-g++ -c -g -O2  -o out/conftest2.o conftest.cpp >&5
configure:12808: $? = 0
configure:12830: result: yes
configure:12856: checking whether the arm-mv5sft-linux-gnueabi-g++ linker (arm-mv5sft-linux-gnueabi-ld) supports shared libraries
configure:12884: result: yes
configure:12951: checking dynamic linker characteristics
configure:13513: result: GNU/Linux ld.so
configure:13522: checking how to hardcode library paths into programs
configure:13547: result: immediate
configure:14081: checking if libtool supports shared libraries
configure:14083: result: yes
configure:14086: checking whether to build shared libraries
configure:14106: result: no
configure:14109: checking whether to build static libraries
configure:14113: result: yes
configure:14123: checking for gfortran option to produce PIC
configure:14355: result: -fPIC
configure:14363: checking if gfortran PIC flag -fPIC works
configure:14381: gfortran -c -g -O2 -fPIC conftest.f >&5
configure:14385: $? = 0
configure:14398: result: yes
configure:14426: checking if gfortran static flag -static works
configure:14454: result: no
configure:14464: checking if gfortran supports -c -o file.o
configure:14485: gfortran -c -g -O2 -o out/conftest2.o conftest.f >&5
configure:14489: $? = 0
configure:14511: result: yes
configure:14537: checking whether the gfortran linker (arm-mv5sft-linux-gnueabi-ld) supports shared libraries
configure:15498: result: yes
configure:15565: checking dynamic linker characteristics
configure:16127: result: GNU/Linux ld.so
configure:16136: checking how to hardcode library paths into programs
configure:16161: result: immediate
configure:19754: checking for dirent.h that defines DIR
configure:19783: arm-mv5sft-linux-gnueabi-gcc -c -g -O2  conftest.c >&5
configure:19789: $? = 0
configure:19805: result: yes
configure:19818: checking for library containing opendir
configure:19859: arm-mv5sft-linux-gnueabi-gcc -o conftest -g -O2   conftest.c  >&5
configure:19865: $? = 0
configure:19893: result: none required
configure:19987: checking for ANSI C header files
configure:20151: result: yes
configure:20161: checking for sys/wait.h that is POSIX.1 compatible
configure:20197: arm-mv5sft-linux-gnueabi-gcc -c -g -O2  conftest.c >&5
configure:20203: $? = 0
configure:20218: result: yes
configure:20267: checking errno.h usability
configure:20284: arm-mv5sft-linux-gnueabi-gcc -c -g -O2  conftest.c >&5
configure:20290: $? = 0
configure:20304: result: yes
configure:20308: checking errno.h presence
configure:20323: arm-mv5sft-linux-gnueabi-gcc -E  conftest.c
configure:20329: $? = 0
configure:20343: result: yes
configure:20371: checking for errno.h
configure:20379: result: yes
configure:20267: checking fcntl.h usability
configure:20284: arm-mv5sft-linux-gnueabi-gcc -c -g -O2  conftest.c >&5
configure:20290: $? = 0
configure:20304: result: yes
configure:20308: checking fcntl.h presence
configure:20323: arm-mv5sft-linux-gnueabi-gcc -E  conftest.c
configure:20329: $? = 0
configure:20343: result: yes
configure:20371: checking for fcntl.h
configure:20379: result: yes
configure:20267: checking limits.h usability
configure:20284: arm-mv5sft-linux-gnueabi-gcc -c -g -O2  conftest.c >&5
configure:20290: $? = 0
configure:20304: result: yes
configure:20308: checking limits.h presence
configure:20323: arm-mv5sft-linux-gnueabi-gcc -E  conftest.c
configure:20329: $? = 0
configure:20343: result: yes
configure:20371: checking for limits.h
configure:20379: result: yes
configure:20257: checking for unistd.h
configure:20263: result: yes
configure:20267: checking sys/time.h usability
configure:20284: arm-mv5sft-linux-gnueabi-gcc -c -g -O2  conftest.c >&5
configure:20290: $? = 0
configure:20304: result: yes
configure:20308: checking sys/time.h presence
configure:20323: arm-mv5sft-linux-gnueabi-gcc -E  conftest.c
configure:20329: $? = 0
configure:20343: result: yes
configure:20371: checking for sys/time.h
configure:20379: result: yes
configure:20267: checking utmp.h usability
configure:20284: arm-mv5sft-linux-gnueabi-gcc -c -g -O2  conftest.c >&5
configure:20290: $? = 0
configure:20304: result: yes
configure:20308: checking utmp.h presence
configure:20323: arm-mv5sft-linux-gnueabi-gcc -E  conftest.c
configure:20329: $? = 0
configure:20343: result: yes
configure:20371: checking for utmp.h
configure:20379: result: yes
configure:20267: checking utmpx.h usability
configure:20284: arm-mv5sft-linux-gnueabi-gcc -c -g -O2  conftest.c >&5
configure:20290: $? = 0
configure:20304: result: yes
configure:20308: checking utmpx.h presence
configure:20323: arm-mv5sft-linux-gnueabi-gcc -E  conftest.c
configure:20329: $? = 0
configure:20343: result: yes
configure:20371: checking for utmpx.h
configure:20379: result: yes
configure:20267: checking termios.h usability
configure:20284: arm-mv5sft-linux-gnueabi-gcc -c -g -O2  conftest.c >&5
configure:20290: $? = 0
configure:20304: result: yes
configure:20308: checking termios.h presence
configure:20323: arm-mv5sft-linux-gnueabi-gcc -E  conftest.c
configure:20329: $? = 0
configure:20343: result: yes
configure:20371: checking for termios.h
configure:20379: result: yes
configure:20267: checking termio.h usability
configure:20284: arm-mv5sft-linux-gnueabi-gcc -c -g -O2  conftest.c >&5
configure:20290: $? = 0
configure:20304: result: yes
configure:20308: checking termio.h presence
configure:20323: arm-mv5sft-linux-gnueabi-gcc -E  conftest.c
configure:20329: $? = 0
configure:20343: result: yes
configure:20371: checking for termio.h
configure:20379: result: yes
configure:20267: checking sgtty.h usability
configure:20284: arm-mv5sft-linux-gnueabi-gcc -c -g -O2  conftest.c >&5
configure:20290: $? = 0
configure:20304: result: yes
configure:20308: checking sgtty.h presence
configure:20323: arm-mv5sft-linux-gnueabi-gcc -E  conftest.c
configure:20329: $? = 0
configure:20343: result: yes
configure:20371: checking for sgtty.h
configure:20379: result: yes
configure:20267: checking sys/ioctl.h usability
configure:20284: arm-mv5sft-linux-gnueabi-gcc -c -g -O2  conftest.c >&5
configure:20290: $? = 0
configure:20304: result: yes
configure:20308: checking sys/ioctl.h presence
configure:20323: arm-mv5sft-linux-gnueabi-gcc -E  conftest.c
configure:20329: $? = 0
configure:20343: result: yes
configure:20371: checking for sys/ioctl.h
configure:20379: result: yes
configure:20267: checking syslog.h usability
configure:20284: arm-mv5sft-linux-gnueabi-gcc -c -g -O2  conftest.c >&5
configure:20290: $? = 0
configure:20304: result: yes
configure:20308: checking syslog.h presence
configure:20323: arm-mv5sft-linux-gnueabi-gcc -E  conftest.c
configure:20329: $? = 0
configure:20343: result: yes
configure:20371: checking for syslog.h
configure:20379: result: yes
configure:20267: checking paths.h usability
configure:20284: arm-mv5sft-linux-gnueabi-gcc -c -g -O2  conftest.c >&5
configure:20290: $? = 0
configure:20304: result: yes
configure:20308: checking paths.h presence
configure:20323: arm-mv5sft-linux-gnueabi-gcc -E  conftest.c
configure:20329: $? = 0
configure:20343: result: yes
configure:20371: checking for paths.h
configure:20379: result: yes
configure:20267: checking utime.h usability
configure:20284: arm-mv5sft-linux-gnueabi-gcc -c -g -O2  conftest.c >&5
configure:20290: $? = 0
configure:20304: result: yes
configure:20308: checking utime.h presence
configure:20323: arm-mv5sft-linux-gnueabi-gcc -E  conftest.c
configure:20329: $? = 0
configure:20343: result: yes
configure:20371: checking for utime.h
configure:20379: result: yes
configure:20267: checking ulimit.h usability
configure:20284: arm-mv5sft-linux-gnueabi-gcc -c -g -O2  conftest.c >&5
configure:20290: $? = 0
configure:20304: result: yes
configure:20308: checking ulimit.h presence
configure:20323: arm-mv5sft-linux-gnueabi-gcc -E  conftest.c
configure:20329: $? = 0
configure:20343: result: yes
configure:20371: checking for ulimit.h
configure:20379: result: yes
configure:20267: checking sys/resource.h usability
configure:20284: arm-mv5sft-linux-gnueabi-gcc -c -g -O2  conftest.c >&5
configure:20290: $? = 0
configure:20304: result: yes
configure:20308: checking sys/resource.h presence
configure:20323: arm-mv5sft-linux-gnueabi-gcc -E  conftest.c
configure:20329: $? = 0
configure:20343: result: yes
configure:20371: checking for sys/resource.h
configure:20379: result: yes
configure:20267: checking gshadow.h usability
configure:20284: arm-mv5sft-linux-gnueabi-gcc -c -g -O2  conftest.c >&5
conftest.c:77:21: error: gshadow.h: No such file or directory
configure:20290: $? = 1
configure: failed program was:
| /* confdefs.h.  */
| #define PACKAGE_NAME ""
| #define PACKAGE_TARNAME ""
| #define PACKAGE_VERSION ""
| #define PACKAGE_STRING ""
| #define PACKAGE_BUGREPORT ""
| #define PACKAGE "shadow"
| #define VERSION "4.0.18.2"
| #define _GNU_SOURCE 1
| #define PROTOTYPES 1
| #define __PROTOTYPES 1
| #define STDC_HEADERS 1
| #define HAVE_SYS_TYPES_H 1
| #define HAVE_SYS_STAT_H 1
| #define HAVE_STDLIB_H 1
| #define HAVE_STRING_H 1
| #define HAVE_MEMORY_H 1
| #define HAVE_STRINGS_H 1
| #define HAVE_INTTYPES_H 1
| #define HAVE_STDINT_H 1
| #define HAVE_UNISTD_H 1
| #define HAVE_STRING_H 1
| #define HAVE_DLFCN_H 1
| #define HAVE_DIRENT_H 1
| #define STDC_HEADERS 1
| #define HAVE_SYS_WAIT_H 1
| #define HAVE_ERRNO_H 1
| #define HAVE_FCNTL_H 1
| #define HAVE_LIMITS_H 1
| #define HAVE_UNISTD_H 1
| #define HAVE_SYS_TIME_H 1
| #define HAVE_UTMP_H 1
| #define HAVE_UTMPX_H 1
| #define HAVE_TERMIOS_H 1
| #define HAVE_TERMIO_H 1
| #define HAVE_SGTTY_H 1
| #define HAVE_SYS_IOCTL_H 1
| #define HAVE_SYSLOG_H 1
| #define HAVE_PATHS_H 1
| #define HAVE_UTIME_H 1
| #define HAVE_ULIMIT_H 1
| #define HAVE_SYS_RESOURCE_H 1
| /* end confdefs.h.  */
| #include <stdio.h>
| #ifdef HAVE_SYS_TYPES_H
| # include <sys/types.h>
| #endif
| #ifdef HAVE_SYS_STAT_H
| # include <sys/stat.h>
| #endif
| #ifdef STDC_HEADERS
| # include <stdlib.h>
| # include <stddef.h>
| #else
| # ifdef HAVE_STDLIB_H
| #  include <stdlib.h>
| # endif
| #endif
| #ifdef HAVE_STRING_H
| # if !defined STDC_HEADERS && defined HAVE_MEMORY_H
| #  include <memory.h>
| # endif
| # include <string.h>
| #endif
| #ifdef HAVE_STRINGS_H
| # include <strings.h>
| #endif
| #ifdef HAVE_INTTYPES_H
| # include <inttypes.h>
| #endif
| #ifdef HAVE_STDINT_H
| # include <stdint.h>
| #endif
| #ifdef HAVE_UNISTD_H
| # include <unistd.h>
| #endif
| #include <gshadow.h>
configure:20304: result: no
configure:20308: checking gshadow.h presence
configure:20323: arm-mv5sft-linux-gnueabi-gcc -E  conftest.c
conftest.c:44:21: error: gshadow.h: No such file or directory
configure:20329: $? = 1
configure: failed program was:
| /* confdefs.h.  */
| #define PACKAGE_NAME ""
| #define PACKAGE_TARNAME ""
| #define PACKAGE_VERSION ""
| #define PACKAGE_STRING ""
| #define PACKAGE_BUGREPORT ""
| #define PACKAGE "shadow"
| #define VERSION "4.0.18.2"
| #define _GNU_SOURCE 1
| #define PROTOTYPES 1
| #define __PROTOTYPES 1
| #define STDC_HEADERS 1
| #define HAVE_SYS_TYPES_H 1
| #define HAVE_SYS_STAT_H 1
| #define HAVE_STDLIB_H 1
| #define HAVE_STRING_H 1
| #define HAVE_MEMORY_H 1
| #define HAVE_STRINGS_H 1
| #define HAVE_INTTYPES_H 1
| #define HAVE_STDINT_H 1
| #define HAVE_UNISTD_H 1
| #define HAVE_STRING_H 1
| #define HAVE_DLFCN_H 1
| #define HAVE_DIRENT_H 1
| #define STDC_HEADERS 1
| #define HAVE_SYS_WAIT_H 1
| #define HAVE_ERRNO_H 1
| #define HAVE_FCNTL_H 1
| #define HAVE_LIMITS_H 1
| #define HAVE_UNISTD_H 1
| #define HAVE_SYS_TIME_H 1
| #define HAVE_UTMP_H 1
| #define HAVE_UTMPX_H 1
| #define HAVE_TERMIOS_H 1
| #define HAVE_TERMIO_H 1
| #define HAVE_SGTTY_H 1
| #define HAVE_SYS_IOCTL_H 1
| #define HAVE_SYSLOG_H 1
| #define HAVE_PATHS_H 1
| #define HAVE_UTIME_H 1
| #define HAVE_ULIMIT_H 1
| #define HAVE_SYS_RESOURCE_H 1
| /* end confdefs.h.  */
| #include <gshadow.h>
configure:20343: result: no
configure:20371: checking for gshadow.h
configure:20379: result: no
configure:20267: checking shadow.h usability
configure:20284: arm-mv5sft-linux-gnueabi-gcc -c -g -O2  conftest.c >&5
configure:20290: $? = 0
configure:20304: result: yes
configure:20308: checking shadow.h presence
configure:20323: arm-mv5sft-linux-gnueabi-gcc -E  conftest.c
configure:20329: $? = 0
configure:20343: result: yes
configure:20371: checking for shadow.h
configure:20379: result: yes
configure:20267: checking lastlog.h usability
configure:20284: arm-mv5sft-linux-gnueabi-gcc -c -g -O2  conftest.c >&5
configure:20290: $? = 0
configure:20304: result: yes
configure:20308: checking lastlog.h presence
configure:20323: arm-mv5sft-linux-gnueabi-gcc -E  conftest.c
configure:20329: $? = 0
configure:20343: result: yes
configure:20371: checking for lastlog.h
configure:20379: result: yes
configure:20267: checking locale.h usability
configure:20284: arm-mv5sft-linux-gnueabi-gcc -c -g -O2  conftest.c >&5
configure:20290: $? = 0
configure:20304: result: yes
configure:20308: checking locale.h presence
configure:20323: arm-mv5sft-linux-gnueabi-gcc -E  conftest.c
configure:20329: $? = 0
configure:20343: result: yes
configure:20371: checking for locale.h
configure:20379: result: yes
configure:20267: checking rpc/key_prot.h usability
configure:20284: arm-mv5sft-linux-gnueabi-gcc -c -g -O2  conftest.c >&5
configure:20290: $? = 0
configure:20304: result: yes
configure:20308: checking rpc/key_prot.h presence
configure:20323: arm-mv5sft-linux-gnueabi-gcc -E  conftest.c
configure:20329: $? = 0
configure:20343: result: yes
configure:20371: checking for rpc/key_prot.h
configure:20379: result: yes
configure:20419: checking for a64l
configure:20475: arm-mv5sft-linux-gnueabi-gcc -o conftest -g -O2   conftest.c  >&5
configure:20481: $? = 0
configure:20499: result: yes
configure:20419: checking for fchmod
configure:20475: arm-mv5sft-linux-gnueabi-gcc -o conftest -g -O2   conftest.c  >&5
configure:20481: $? = 0
configure:20499: result: yes
configure:20419: checking for fchown
configure:20475: arm-mv5sft-linux-gnueabi-gcc -o conftest -g -O2   conftest.c  >&5
configure:20481: $? = 0
configure:20499: result: yes
configure:20419: checking for fsync
configure:20475: arm-mv5sft-linux-gnueabi-gcc -o conftest -g -O2   conftest.c  >&5
configure:20481: $? = 0
configure:20499: result: yes
configure:20419: checking for getgroups
configure:20475: arm-mv5sft-linux-gnueabi-gcc -o conftest -g -O2   conftest.c  >&5
configure:20481: $? = 0
configure:20499: result: yes
configure:20419: checking for gethostname
configure:20475: arm-mv5sft-linux-gnueabi-gcc -o conftest -g -O2   conftest.c  >&5
configure:20481: $? = 0
configure:20499: result: yes
configure:20419: checking for getspnam
configure:20475: arm-mv5sft-linux-gnueabi-gcc -o conftest -g -O2   conftest.c  >&5
configure:20481: $? = 0
configure:20499: result: yes
configure:20419: checking for gettimeofday
configure:20475: arm-mv5sft-linux-gnueabi-gcc -o conftest -g -O2   conftest.c  >&5
configure:20481: $? = 0
configure:20499: result: yes
configure:20419: checking for getusershell
configure:20475: arm-mv5sft-linux-gnueabi-gcc -o conftest -g -O2   conftest.c  >&5
configure:20481: $? = 0
configure:20499: result: yes
configure:20419: checking for getutent
configure:20475: arm-mv5sft-linux-gnueabi-gcc -o conftest -g -O2   conftest.c  >&5
configure:20481: $? = 0
configure:20499: result: yes
configure:20419: checking for initgroups
configure:20475: arm-mv5sft-linux-gnueabi-gcc -o conftest -g -O2   conftest.c  >&5
configure:20481: $? = 0
configure:20499: result: yes
configure:20419: checking for lchown
configure:20475: arm-mv5sft-linux-gnueabi-gcc -o conftest -g -O2   conftest.c  >&5
configure:20481: $? = 0
configure:20499: result: yes
configure:20419: checking for lckpwdf
configure:20475: arm-mv5sft-linux-gnueabi-gcc -o conftest -g -O2   conftest.c  >&5
configure:20481: $? = 0
configure:20499: result: yes
configure:20419: checking for lstat
configure:20475: arm-mv5sft-linux-gnueabi-gcc -o conftest -g -O2   conftest.c  >&5
configure:20481: $? = 0
configure:20499: result: yes
configure:20419: checking for memcpy
configure:20475: arm-mv5sft-linux-gnueabi-gcc -o conftest -g -O2   conftest.c  >&5
conftest.c:85: warning: conflicting types for built-in function 'memcpy'
configure:20481: $? = 0
configure:20499: result: yes
configure:20419: checking for memset
configure:20475: arm-mv5sft-linux-gnueabi-gcc -o conftest -g -O2   conftest.c  >&5
conftest.c:86: warning: conflicting types for built-in function 'memset'
configure:20481: $? = 0
configure:20499: result: yes
configure:20419: checking for setgroups
configure:20475: arm-mv5sft-linux-gnueabi-gcc -o conftest -g -O2   conftest.c  >&5
configure:20481: $? = 0
configure:20499: result: yes
configure:20419: checking for sigaction
configure:20475: arm-mv5sft-linux-gnueabi-gcc -o conftest -g -O2   conftest.c  >&5
configure:20481: $? = 0
configure:20499: result: yes
configure:20419: checking for strchr
configure:20475: arm-mv5sft-linux-gnueabi-gcc -o conftest -g -O2   conftest.c  >&5
conftest.c:89: warning: conflicting types for built-in function 'strchr'
configure:20481: $? = 0
configure:20499: result: yes
configure:20419: checking for updwtmp
configure:20475: arm-mv5sft-linux-gnueabi-gcc -o conftest -g -O2   conftest.c  >&5
configure:20481: $? = 0
configure:20499: result: yes
configure:20419: checking for updwtmpx
configure:20475: arm-mv5sft-linux-gnueabi-gcc -o conftest -g -O2   conftest.c  >&5
configure:20481: $? = 0
configure:20499: result: yes
configure:20516: checking for special C compiler options needed for large files
configure:20609: result: no
configure:20615: checking for _FILE_OFFSET_BITS value needed for large files
configure:20650: arm-mv5sft-linux-gnueabi-gcc -c -g -O2  conftest.c >&5
conftest.c:75: warning: left shift count >= width of type
conftest.c:75: warning: left shift count >= width of type
conftest.c:77: error: size of array 'off_t_is_large' is negative
configure:20656: $? = 1
configure: failed program was:
| /* confdefs.h.  */
| #define PACKAGE_NAME ""
| #define PACKAGE_TARNAME ""
| #define PACKAGE_VERSION ""
| #define PACKAGE_STRING ""
| #define PACKAGE_BUGREPORT ""
| #define PACKAGE "shadow"
| #define VERSION "4.0.18.2"
| #define _GNU_SOURCE 1
| #define PROTOTYPES 1
| #define __PROTOTYPES 1
| #define STDC_HEADERS 1
| #define HAVE_SYS_TYPES_H 1
| #define HAVE_SYS_STAT_H 1
| #define HAVE_STDLIB_H 1
| #define HAVE_STRING_H 1
| #define HAVE_MEMORY_H 1
| #define HAVE_STRINGS_H 1
| #define HAVE_INTTYPES_H 1
| #define HAVE_STDINT_H 1
| #define HAVE_UNISTD_H 1
| #define HAVE_STRING_H 1
| #define HAVE_DLFCN_H 1
| #define HAVE_DIRENT_H 1
| #define STDC_HEADERS 1
| #define HAVE_SYS_WAIT_H 1
| #define HAVE_ERRNO_H 1
| #define HAVE_FCNTL_H 1
| #define HAVE_LIMITS_H 1
| #define HAVE_UNISTD_H 1
| #define HAVE_SYS_TIME_H 1
| #define HAVE_UTMP_H 1
| #define HAVE_UTMPX_H 1
| #define HAVE_TERMIOS_H 1
| #define HAVE_TERMIO_H 1
| #define HAVE_SGTTY_H 1
| #define HAVE_SYS_IOCTL_H 1
| #define HAVE_SYSLOG_H 1
| #define HAVE_PATHS_H 1
| #define HAVE_UTIME_H 1
| #define HAVE_ULIMIT_H 1
| #define HAVE_SYS_RESOURCE_H 1
| #define HAVE_SHADOW_H 1
| #define HAVE_LASTLOG_H 1
| #define HAVE_LOCALE_H 1
| #define HAVE_RPC_KEY_PROT_H 1
| #define HAVE_A64L 1
| #define HAVE_FCHMOD 1
| #define HAVE_FCHOWN 1
| #define HAVE_FSYNC 1
| #define HAVE_GETGROUPS 1
| #define HAVE_GETHOSTNAME 1
| #define HAVE_GETSPNAM 1
| #define HAVE_GETTIMEOFDAY 1
| #define HAVE_GETUSERSHELL 1
| #define HAVE_GETUTENT 1
| #define HAVE_INITGROUPS 1
| #define HAVE_LCHOWN 1
| #define HAVE_LCKPWDF 1
| #define HAVE_LSTAT 1
| #define HAVE_MEMCPY 1
| #define HAVE_MEMSET 1
| #define HAVE_SETGROUPS 1
| #define HAVE_SIGACTION 1
| #define HAVE_STRCHR 1
| #define HAVE_UPDWTMP 1
| #define HAVE_UPDWTMPX 1
| /* end confdefs.h.  */
| #include <sys/types.h>
|  /* Check that off_t can represent 2**63 - 1 correctly.
|     We can't simply define LARGE_OFF_T to be 9223372036854775807,
|     since some C++ compilers masquerading as C compilers
|     incorrectly reject 9223372036854775807.  */
| #define LARGE_OFF_T (((off_t) 1 << 62) - 1 + ((off_t) 1 << 62))
|   int off_t_is_large[(LARGE_OFF_T % 2147483629 == 721
| 		       && LARGE_OFF_T % 2147483647 == 1)
| 		      ? 1 : -1];
| int
| main ()
| {
| 
|   ;
|   return 0;
| }
configure:20700: arm-mv5sft-linux-gnueabi-gcc -c -g -O2  conftest.c >&5
configure:20706: $? = 0
configure:20724: result: 64
configure:20860: checking for an ANSI C-conforming const
configure:20935: arm-mv5sft-linux-gnueabi-gcc -c -g -O2  conftest.c >&5
configure:20941: $? = 0
configure:20956: result: yes
configure:20966: checking for uid_t in sys/types.h
configure:20989: result: yes
configure:21004: checking for off_t
configure:21034: arm-mv5sft-linux-gnueabi-gcc -c -g -O2  conftest.c >&5
configure:21040: $? = 0
configure:21055: result: yes
configure:21067: checking for pid_t
configure:21097: arm-mv5sft-linux-gnueabi-gcc -c -g -O2  conftest.c >&5
configure:21103: $? = 0
configure:21118: result: yes
configure:21130: checking for mode_t
configure:21160: arm-mv5sft-linux-gnueabi-gcc -c -g -O2  conftest.c >&5
configure:21166: $? = 0
configure:21181: result: yes
configure:21193: checking whether stat file-mode macros are broken
configure:21230: arm-mv5sft-linux-gnueabi-gcc -c -g -O2  conftest.c >&5
configure:21236: $? = 0
configure:21251: result: no
configure:21261: checking for struct stat.st_rdev
configure:21289: arm-mv5sft-linux-gnueabi-gcc -c -g -O2  conftest.c >&5
configure:21295: $? = 0
configure:21352: result: yes
configure:21363: checking whether time.h and sys/time.h may both be included
configure:21393: arm-mv5sft-linux-gnueabi-gcc -c -g -O2  conftest.c >&5
configure:21399: $? = 0
configure:21414: result: yes
configure:21424: checking whether struct tm is in sys/time.h or time.h
configure:21454: arm-mv5sft-linux-gnueabi-gcc -c -g -O2  conftest.c >&5
configure:21460: $? = 0
configure:21475: result: time.h
configure:21487: checking for ut_host in struct utmp
configure:21514: arm-mv5sft-linux-gnueabi-gcc -c -g -O2  conftest.c >&5
configure:21520: $? = 0
configure:21537: result: yes
configure:21548: checking for ut_user in struct utmp
configure:21575: arm-mv5sft-linux-gnueabi-gcc -c -g -O2  conftest.c >&5
configure:21581: $? = 0
configure:21598: result: yes
configure:21611: checking for ll_host in struct lastlog
configure:21638: arm-mv5sft-linux-gnueabi-gcc -c -g -O2  conftest.c >&5
configure:21644: $? = 0
configure:21661: result: yes
configure:21673: checking type of array argument to getgroups
configure:21764: result: gid_t
configure:21772: checking return type of signal handlers
configure:21800: arm-mv5sft-linux-gnueabi-gcc -c -g -O2  conftest.c >&5
conftest.c: In function 'main':
conftest.c:81: error: void value not ignored as it ought to be
configure:21806: $? = 1
configure: failed program was:
| /* confdefs.h.  */
| #define PACKAGE_NAME ""
| #define PACKAGE_TARNAME ""
| #define PACKAGE_VERSION ""
| #define PACKAGE_STRING ""
| #define PACKAGE_BUGREPORT ""
| #define PACKAGE "shadow"
| #define VERSION "4.0.18.2"
| #define _GNU_SOURCE 1
| #define PROTOTYPES 1
| #define __PROTOTYPES 1
| #define STDC_HEADERS 1
| #define HAVE_SYS_TYPES_H 1
| #define HAVE_SYS_STAT_H 1
| #define HAVE_STDLIB_H 1
| #define HAVE_STRING_H 1
| #define HAVE_MEMORY_H 1
| #define HAVE_STRINGS_H 1
| #define HAVE_INTTYPES_H 1
| #define HAVE_STDINT_H 1
| #define HAVE_UNISTD_H 1
| #define HAVE_STRING_H 1
| #define HAVE_DLFCN_H 1
| #define HAVE_DIRENT_H 1
| #define STDC_HEADERS 1
| #define HAVE_SYS_WAIT_H 1
| #define HAVE_ERRNO_H 1
| #define HAVE_FCNTL_H 1
| #define HAVE_LIMITS_H 1
| #define HAVE_UNISTD_H 1
| #define HAVE_SYS_TIME_H 1
| #define HAVE_UTMP_H 1
| #define HAVE_UTMPX_H 1
| #define HAVE_TERMIOS_H 1
| #define HAVE_TERMIO_H 1
| #define HAVE_SGTTY_H 1
| #define HAVE_SYS_IOCTL_H 1
| #define HAVE_SYSLOG_H 1
| #define HAVE_PATHS_H 1
| #define HAVE_UTIME_H 1
| #define HAVE_ULIMIT_H 1
| #define HAVE_SYS_RESOURCE_H 1
| #define HAVE_SHADOW_H 1
| #define HAVE_LASTLOG_H 1
| #define HAVE_LOCALE_H 1
| #define HAVE_RPC_KEY_PROT_H 1
| #define HAVE_A64L 1
| #define HAVE_FCHMOD 1
| #define HAVE_FCHOWN 1
| #define HAVE_FSYNC 1
| #define HAVE_GETGROUPS 1
| #define HAVE_GETHOSTNAME 1
| #define HAVE_GETSPNAM 1
| #define HAVE_GETTIMEOFDAY 1
| #define HAVE_GETUSERSHELL 1
| #define HAVE_GETUTENT 1
| #define HAVE_INITGROUPS 1
| #define HAVE_LCHOWN 1
| #define HAVE_LCKPWDF 1
| #define HAVE_LSTAT 1
| #define HAVE_MEMCPY 1
| #define HAVE_MEMSET 1
| #define HAVE_SETGROUPS 1
| #define HAVE_SIGACTION 1
| #define HAVE_STRCHR 1
| #define HAVE_UPDWTMP 1
| #define HAVE_UPDWTMPX 1
| #define _FILE_OFFSET_BITS 64
| #define HAVE_STRUCT_STAT_ST_RDEV 1
| #define TIME_WITH_SYS_TIME 1
| #define UT_HOST 1
| #define HAVE_LL_HOST 1
| #define GETGROUPS_T gid_t
| /* end confdefs.h.  */
| #include <sys/types.h>
| #include <signal.h>
| 
| int
| main ()
| {
| return *(signal (0, 0)) (0) == 1;
|   ;
|   return 0;
| }
configure:21821: result: void
configure:21837: checking for utime.h
configure:21843: result: yes
configure:21980: checking whether utime accepts a null argument
configure:22047: result: no
configure:22062: checking for strftime
configure:22118: arm-mv5sft-linux-gnueabi-gcc -o conftest -g -O2   conftest.c  >&5
conftest.c:100: warning: conflicting types for built-in function 'strftime'
configure:22124: $? = 0
configure:22142: result: yes
configure:22232: checking for mkdir
configure:22288: arm-mv5sft-linux-gnueabi-gcc -o conftest -g -O2   conftest.c  >&5
configure:22294: $? = 0
configure:22312: result: yes
configure:22232: checking for putgrent
configure:22288: arm-mv5sft-linux-gnueabi-gcc -o conftest -g -O2   conftest.c  >&5
configure:22294: $? = 0
configure:22312: result: yes
configure:22232: checking for putpwent
configure:22288: arm-mv5sft-linux-gnueabi-gcc -o conftest -g -O2   conftest.c  >&5
configure:22294: $? = 0
configure:22312: result: yes
configure:22232: checking for putspent
configure:22288: arm-mv5sft-linux-gnueabi-gcc -o conftest -g -O2   conftest.c  >&5
configure:22294: $? = 0
configure:22312: result: yes
configure:22232: checking for rename
configure:22288: arm-mv5sft-linux-gnueabi-gcc -o conftest -g -O2   conftest.c  >&5
configure:22294: $? = 0
configure:22312: result: yes
configure:22232: checking for rmdir
configure:22288: arm-mv5sft-linux-gnueabi-gcc -o conftest -g -O2   conftest.c  >&5
configure:22294: $? = 0
configure:22312: result: yes
configure:22336: checking for sgetgrent
configure:22392: arm-mv5sft-linux-gnueabi-gcc -o conftest -g -O2   conftest.c  >&5
/tmp/ccY2ssJO.o: In function `main':
/home/tmp/DNS-345_GPL/shadow-4.0.18.2/conftest.c:118: undefined reference to `sgetgrent'
collect2: ld returned 1 exit status
configure:22398: $? = 1
configure: failed program was:
| /* confdefs.h.  */
| #define PACKAGE_NAME ""
| #define PACKAGE_TARNAME ""
| #define PACKAGE_VERSION ""
| #define PACKAGE_STRING ""
| #define PACKAGE_BUGREPORT ""
| #define PACKAGE "shadow"
| #define VERSION "4.0.18.2"
| #define _GNU_SOURCE 1
| #define PROTOTYPES 1
| #define __PROTOTYPES 1
| #define STDC_HEADERS 1
| #define HAVE_SYS_TYPES_H 1
| #define HAVE_SYS_STAT_H 1
| #define HAVE_STDLIB_H 1
| #define HAVE_STRING_H 1
| #define HAVE_MEMORY_H 1
| #define HAVE_STRINGS_H 1
| #define HAVE_INTTYPES_H 1
| #define HAVE_STDINT_H 1
| #define HAVE_UNISTD_H 1
| #define HAVE_STRING_H 1
| #define HAVE_DLFCN_H 1
| #define HAVE_DIRENT_H 1
| #define STDC_HEADERS 1
| #define HAVE_SYS_WAIT_H 1
| #define HAVE_ERRNO_H 1
| #define HAVE_FCNTL_H 1
| #define HAVE_LIMITS_H 1
| #define HAVE_UNISTD_H 1
| #define HAVE_SYS_TIME_H 1
| #define HAVE_UTMP_H 1
| #define HAVE_UTMPX_H 1
| #define HAVE_TERMIOS_H 1
| #define HAVE_TERMIO_H 1
| #define HAVE_SGTTY_H 1
| #define HAVE_SYS_IOCTL_H 1
| #define HAVE_SYSLOG_H 1
| #define HAVE_PATHS_H 1
| #define HAVE_UTIME_H 1
| #define HAVE_ULIMIT_H 1
| #define HAVE_SYS_RESOURCE_H 1
| #define HAVE_SHADOW_H 1
| #define HAVE_LASTLOG_H 1
| #define HAVE_LOCALE_H 1
| #define HAVE_RPC_KEY_PROT_H 1
| #define HAVE_A64L 1
| #define HAVE_FCHMOD 1
| #define HAVE_FCHOWN 1
| #define HAVE_FSYNC 1
| #define HAVE_GETGROUPS 1
| #define HAVE_GETHOSTNAME 1
| #define HAVE_GETSPNAM 1
| #define HAVE_GETTIMEOFDAY 1
| #define HAVE_GETUSERSHELL 1
| #define HAVE_GETUTENT 1
| #define HAVE_INITGROUPS 1
| #define HAVE_LCHOWN 1
| #define HAVE_LCKPWDF 1
| #define HAVE_LSTAT 1
| #define HAVE_MEMCPY 1
| #define HAVE_MEMSET 1
| #define HAVE_SETGROUPS 1
| #define HAVE_SIGACTION 1
| #define HAVE_STRCHR 1
| #define HAVE_UPDWTMP 1
| #define HAVE_UPDWTMPX 1
| #define _FILE_OFFSET_BITS 64
| #define HAVE_STRUCT_STAT_ST_RDEV 1
| #define TIME_WITH_SYS_TIME 1
| #define UT_HOST 1
| #define HAVE_LL_HOST 1
| #define GETGROUPS_T gid_t
| #define RETSIGTYPE void
| #define HAVE_UTIME_H 1
| #define HAVE_STRFTIME 1
| #define HAVE_MKDIR 1
| #define HAVE_PUTGRENT 1
| #define HAVE_PUTPWENT 1
| #define HAVE_PUTSPENT 1
| #define HAVE_RENAME 1
| #define HAVE_RMDIR 1
| /* end confdefs.h.  */
| /* Define sgetgrent to an innocuous variant, in case <limits.h> declares sgetgrent.
|    For example, HP-UX 11i <limits.h> declares gettimeofday.  */
| #define sgetgrent innocuous_sgetgrent
| 
| /* System header to define __stub macros and hopefully few prototypes,
|     which can conflict with char sgetgrent (); below.
|     Prefer <limits.h> to <assert.h> if __STDC__ is defined, since
|     <limits.h> exists even on freestanding compilers.  */
| 
| #ifdef __STDC__
| # include <limits.h>
| #else
| # include <assert.h>
| #endif
| 
| #undef sgetgrent
| 
| /* Override any GCC internal prototype to avoid an error.
|    Use char because int might match the return type of a GCC
|    builtin and then its argument prototype would still apply.  */
| #ifdef __cplusplus
| extern "C"
| #endif
| char sgetgrent ();
| /* The GNU C library defines this for functions which it implements
|     to always fail with ENOSYS.  Some functions are actually named
|     something starting with __ and the normal name is an alias.  */
| #if defined __stub_sgetgrent || defined __stub___sgetgrent
| choke me
| #endif
| 
| int
| main ()
| {
| return sgetgrent ();
|   ;
|   return 0;
| }
configure:22416: result: no
configure:22336: checking for sgetpwent
configure:22392: arm-mv5sft-linux-gnueabi-gcc -o conftest -g -O2   conftest.c  >&5
/tmp/ccqkcbsY.o: In function `main':
/home/tmp/DNS-345_GPL/shadow-4.0.18.2/conftest.c:118: undefined reference to `sgetpwent'
collect2: ld returned 1 exit status
configure:22398: $? = 1
configure: failed program was:
| /* confdefs.h.  */
| #define PACKAGE_NAME ""
| #define PACKAGE_TARNAME ""
| #define PACKAGE_VERSION ""
| #define PACKAGE_STRING ""
| #define PACKAGE_BUGREPORT ""
| #define PACKAGE "shadow"
| #define VERSION "4.0.18.2"
| #define _GNU_SOURCE 1
| #define PROTOTYPES 1
| #define __PROTOTYPES 1
| #define STDC_HEADERS 1
| #define HAVE_SYS_TYPES_H 1
| #define HAVE_SYS_STAT_H 1
| #define HAVE_STDLIB_H 1
| #define HAVE_STRING_H 1
| #define HAVE_MEMORY_H 1
| #define HAVE_STRINGS_H 1
| #define HAVE_INTTYPES_H 1
| #define HAVE_STDINT_H 1
| #define HAVE_UNISTD_H 1
| #define HAVE_STRING_H 1
| #define HAVE_DLFCN_H 1
| #define HAVE_DIRENT_H 1
| #define STDC_HEADERS 1
| #define HAVE_SYS_WAIT_H 1
| #define HAVE_ERRNO_H 1
| #define HAVE_FCNTL_H 1
| #define HAVE_LIMITS_H 1
| #define HAVE_UNISTD_H 1
| #define HAVE_SYS_TIME_H 1
| #define HAVE_UTMP_H 1
| #define HAVE_UTMPX_H 1
| #define HAVE_TERMIOS_H 1
| #define HAVE_TERMIO_H 1
| #define HAVE_SGTTY_H 1
| #define HAVE_SYS_IOCTL_H 1
| #define HAVE_SYSLOG_H 1
| #define HAVE_PATHS_H 1
| #define HAVE_UTIME_H 1
| #define HAVE_ULIMIT_H 1
| #define HAVE_SYS_RESOURCE_H 1
| #define HAVE_SHADOW_H 1
| #define HAVE_LASTLOG_H 1
| #define HAVE_LOCALE_H 1
| #define HAVE_RPC_KEY_PROT_H 1
| #define HAVE_A64L 1
| #define HAVE_FCHMOD 1
| #define HAVE_FCHOWN 1
| #define HAVE_FSYNC 1
| #define HAVE_GETGROUPS 1
| #define HAVE_GETHOSTNAME 1
| #define HAVE_GETSPNAM 1
| #define HAVE_GETTIMEOFDAY 1
| #define HAVE_GETUSERSHELL 1
| #define HAVE_GETUTENT 1
| #define HAVE_INITGROUPS 1
| #define HAVE_LCHOWN 1
| #define HAVE_LCKPWDF 1
| #define HAVE_LSTAT 1
| #define HAVE_MEMCPY 1
| #define HAVE_MEMSET 1
| #define HAVE_SETGROUPS 1
| #define HAVE_SIGACTION 1
| #define HAVE_STRCHR 1
| #define HAVE_UPDWTMP 1
| #define HAVE_UPDWTMPX 1
| #define _FILE_OFFSET_BITS 64
| #define HAVE_STRUCT_STAT_ST_RDEV 1
| #define TIME_WITH_SYS_TIME 1
| #define UT_HOST 1
| #define HAVE_LL_HOST 1
| #define GETGROUPS_T gid_t
| #define RETSIGTYPE void
| #define HAVE_UTIME_H 1
| #define HAVE_STRFTIME 1
| #define HAVE_MKDIR 1
| #define HAVE_PUTGRENT 1
| #define HAVE_PUTPWENT 1
| #define HAVE_PUTSPENT 1
| #define HAVE_RENAME 1
| #define HAVE_RMDIR 1
| /* end confdefs.h.  */
| /* Define sgetpwent to an innocuous variant, in case <limits.h> declares sgetpwent.
|    For example, HP-UX 11i <limits.h> declares gettimeofday.  */
| #define sgetpwent innocuous_sgetpwent
| 
| /* System header to define __stub macros and hopefully few prototypes,
|     which can conflict with char sgetpwent (); below.
|     Prefer <limits.h> to <assert.h> if __STDC__ is defined, since
|     <limits.h> exists even on freestanding compilers.  */
| 
| #ifdef __STDC__
| # include <limits.h>
| #else
| # include <assert.h>
| #endif
| 
| #undef sgetpwent
| 
| /* Override any GCC internal prototype to avoid an error.
|    Use char because int might match the return type of a GCC
|    builtin and then its argument prototype would still apply.  */
| #ifdef __cplusplus
| extern "C"
| #endif
| char sgetpwent ();
| /* The GNU C library defines this for functions which it implements
|     to always fail with ENOSYS.  Some functions are actually named
|     something starting with __ and the normal name is an alias.  */
| #if defined __stub_sgetpwent || defined __stub___sgetpwent
| choke me
| #endif
| 
| int
| main ()
| {
| return sgetpwent ();
|   ;
|   return 0;
| }
configure:22416: result: no
configure:22336: checking for sgetspent
configure:22392: arm-mv5sft-linux-gnueabi-gcc -o conftest -g -O2   conftest.c  >&5
configure:22398: $? = 0
configure:22416: result: yes
configure:22442: checking for snprintf
configure:22498: arm-mv5sft-linux-gnueabi-gcc -o conftest -g -O2   conftest.c  >&5
conftest.c:108: warning: conflicting types for built-in function 'snprintf'
configure:22504: $? = 0
configure:22522: result: yes
configure:22442: checking for strcasecmp
configure:22498: arm-mv5sft-linux-gnueabi-gcc -o conftest -g -O2   conftest.c  >&5
conftest.c:109: warning: conflicting types for built-in function 'strcasecmp'
configure:22504: $? = 0
configure:22522: result: yes
configure:22442: checking for strdup
configure:22498: arm-mv5sft-linux-gnueabi-gcc -o conftest -g -O2   conftest.c  >&5
conftest.c:110: warning: conflicting types for built-in function 'strdup'
configure:22504: $? = 0
configure:22522: result: yes
configure:22442: checking for strerror
configure:22498: arm-mv5sft-linux-gnueabi-gcc -o conftest -g -O2   conftest.c  >&5
configure:22504: $? = 0
configure:22522: result: yes
configure:22442: checking for strstr
configure:22498: arm-mv5sft-linux-gnueabi-gcc -o conftest -g -O2   conftest.c  >&5
conftest.c:112: warning: conflicting types for built-in function 'strstr'
configure:22504: $? = 0
configure:22522: result: yes
configure:22541: checking for setpgrp
configure:22597: arm-mv5sft-linux-gnueabi-gcc -o conftest -g -O2   conftest.c  >&5
configure:22603: $? = 0
configure:22620: result: yes
configure:22623: checking whether setpgrp takes no argument
configure:22657: arm-mv5sft-linux-gnueabi-gcc -o conftest -g -O2   conftest.c  >&5
conftest.c: In function 'main':
conftest.c:129: error: too many arguments to function 'setpgrp'
configure:22660: $? = 1
configure: program exited with status 1
configure: failed program was:
| /* confdefs.h.  */
| #define PACKAGE_NAME ""
| #define PACKAGE_TARNAME ""
| #define PACKAGE_VERSION ""
| #define PACKAGE_STRING ""
| #define PACKAGE_BUGREPORT ""
| #define PACKAGE "shadow"
| #define VERSION "4.0.18.2"
| #define _GNU_SOURCE 1
| #define PROTOTYPES 1
| #define __PROTOTYPES 1
| #define STDC_HEADERS 1
| #define HAVE_SYS_TYPES_H 1
| #define HAVE_SYS_STAT_H 1
| #define HAVE_STDLIB_H 1
| #define HAVE_STRING_H 1
| #define HAVE_MEMORY_H 1
| #define HAVE_STRINGS_H 1
| #define HAVE_INTTYPES_H 1
| #define HAVE_STDINT_H 1
| #define HAVE_UNISTD_H 1
| #define HAVE_STRING_H 1
| #define HAVE_DLFCN_H 1
| #define HAVE_DIRENT_H 1
| #define STDC_HEADERS 1
| #define HAVE_SYS_WAIT_H 1
| #define HAVE_ERRNO_H 1
| #define HAVE_FCNTL_H 1
| #define HAVE_LIMITS_H 1
| #define HAVE_UNISTD_H 1
| #define HAVE_SYS_TIME_H 1
| #define HAVE_UTMP_H 1
| #define HAVE_UTMPX_H 1
| #define HAVE_TERMIOS_H 1
| #define HAVE_TERMIO_H 1
| #define HAVE_SGTTY_H 1
| #define HAVE_SYS_IOCTL_H 1
| #define HAVE_SYSLOG_H 1
| #define HAVE_PATHS_H 1
| #define HAVE_UTIME_H 1
| #define HAVE_ULIMIT_H 1
| #define HAVE_SYS_RESOURCE_H 1
| #define HAVE_SHADOW_H 1
| #define HAVE_LASTLOG_H 1
| #define HAVE_LOCALE_H 1
| #define HAVE_RPC_KEY_PROT_H 1
| #define HAVE_A64L 1
| #define HAVE_FCHMOD 1
| #define HAVE_FCHOWN 1
| #define HAVE_FSYNC 1
| #define HAVE_GETGROUPS 1
| #define HAVE_GETHOSTNAME 1
| #define HAVE_GETSPNAM 1
| #define HAVE_GETTIMEOFDAY 1
| #define HAVE_GETUSERSHELL 1
| #define HAVE_GETUTENT 1
| #define HAVE_INITGROUPS 1
| #define HAVE_LCHOWN 1
| #define HAVE_LCKPWDF 1
| #define HAVE_LSTAT 1
| #define HAVE_MEMCPY 1
| #define HAVE_MEMSET 1
| #define HAVE_SETGROUPS 1
| #define HAVE_SIGACTION 1
| #define HAVE_STRCHR 1
| #define HAVE_UPDWTMP 1
| #define HAVE_UPDWTMPX 1
| #define _FILE_OFFSET_BITS 64
| #define HAVE_STRUCT_STAT_ST_RDEV 1
| #define TIME_WITH_SYS_TIME 1
| #define UT_HOST 1
| #define HAVE_LL_HOST 1
| #define GETGROUPS_T gid_t
| #define RETSIGTYPE void
| #define HAVE_UTIME_H 1
| #define HAVE_STRFTIME 1
| #define HAVE_MKDIR 1
| #define HAVE_PUTGRENT 1
| #define HAVE_PUTPWENT 1
| #define HAVE_PUTSPENT 1
| #define HAVE_RENAME 1
| #define HAVE_RMDIR 1
| #define HAVE_SGETSPENT 1
| #define HAVE_SNPRINTF 1
| #define HAVE_STRCASECMP 1
| #define HAVE_STRDUP 1
| #define HAVE_STRERROR 1
| #define HAVE_STRSTR 1
| /* end confdefs.h.  */
| #include <stdio.h>
| #ifdef HAVE_SYS_TYPES_H
| # include <sys/types.h>
| #endif
| #ifdef HAVE_SYS_STAT_H
| # include <sys/stat.h>
| #endif
| #ifdef STDC_HEADERS
| # include <stdlib.h>
| # include <stddef.h>
| #else
| # ifdef HAVE_STDLIB_H
| #  include <stdlib.h>
| # endif
| #endif
| #ifdef HAVE_STRING_H
| # if !defined STDC_HEADERS && defined HAVE_MEMORY_H
| #  include <memory.h>
| # endif
| # include <string.h>
| #endif
| #ifdef HAVE_STRINGS_H
| # include <strings.h>
| #endif
| #ifdef HAVE_INTTYPES_H
| # include <inttypes.h>
| #endif
| #ifdef HAVE_STDINT_H
| # include <stdint.h>
| #endif
| #ifdef HAVE_UNISTD_H
| # include <unistd.h>
| #endif
| int
| main ()
| {
| /* If this system has a BSD-style setpgrp which takes arguments,
|   setpgrp(1, 1) will fail with ESRCH and return -1, in that case
|   exit successfully. */
|   return setpgrp (1,1) != -1;
|   ;
|   return 0;
| }
configure:22685: result: yes
configure:22697: checking for working shadow group support
configure:22757: result: no
configure:22769: checking location of shared mail directory
configure:22780: result: /var/mail
configure:22790: checking location of user mail file
configure:22801: result: none
configure:22811: checking location of utmp
configure:22822: result: /var/run
configure:22834: checking location of faillog/lastlog/wtmp
configure:22845: result: /var/log
configure:22863: checking location of the passwd program
configure:22874: result: /usr/bin
configure:22964: checking for library containing inet_ntoa
configure:23005: arm-mv5sft-linux-gnueabi-gcc -o conftest -g -O2   conftest.c  >&5
configure:23011: $? = 0
configure:23039: result: none required
configure:23047: checking for library containing socket
configure:23088: arm-mv5sft-linux-gnueabi-gcc -o conftest -g -O2   conftest.c  >&5
configure:23094: $? = 0
configure:23122: result: none required
configure:23130: checking for library containing gethostbyname
configure:23171: arm-mv5sft-linux-gnueabi-gcc -o conftest -g -O2   conftest.c  >&5
configure:23177: $? = 0
configure:23205: result: none required
configure:23390: checking for crypt in -lcrypt
configure:23425: arm-mv5sft-linux-gnueabi-gcc -o conftest -g -O2   conftest.c -lcrypt   >&5
configure:23431: $? = 0
configure:23449: result: yes
configure:23472: checking libaudit.h usability
configure:23489: arm-mv5sft-linux-gnueabi-gcc -c -g -O2  conftest.c >&5
conftest.c:134:22: error: libaudit.h: No such file or directory
configure:23495: $? = 1
configure: failed program was:
| /* confdefs.h.  */
| #define PACKAGE_NAME ""
| #define PACKAGE_TARNAME ""
| #define PACKAGE_VERSION ""
| #define PACKAGE_STRING ""
| #define PACKAGE_BUGREPORT ""
| #define PACKAGE "shadow"
| #define VERSION "4.0.18.2"
| #define _GNU_SOURCE 1
| #define PROTOTYPES 1
| #define __PROTOTYPES 1
| #define STDC_HEADERS 1
| #define HAVE_SYS_TYPES_H 1
| #define HAVE_SYS_STAT_H 1
| #define HAVE_STDLIB_H 1
| #define HAVE_STRING_H 1
| #define HAVE_MEMORY_H 1
| #define HAVE_STRINGS_H 1
| #define HAVE_INTTYPES_H 1
| #define HAVE_STDINT_H 1
| #define HAVE_UNISTD_H 1
| #define HAVE_STRING_H 1
| #define HAVE_DLFCN_H 1
| #define HAVE_DIRENT_H 1
| #define STDC_HEADERS 1
| #define HAVE_SYS_WAIT_H 1
| #define HAVE_ERRNO_H 1
| #define HAVE_FCNTL_H 1
| #define HAVE_LIMITS_H 1
| #define HAVE_UNISTD_H 1
| #define HAVE_SYS_TIME_H 1
| #define HAVE_UTMP_H 1
| #define HAVE_UTMPX_H 1
| #define HAVE_TERMIOS_H 1
| #define HAVE_TERMIO_H 1
| #define HAVE_SGTTY_H 1
| #define HAVE_SYS_IOCTL_H 1
| #define HAVE_SYSLOG_H 1
| #define HAVE_PATHS_H 1
| #define HAVE_UTIME_H 1
| #define HAVE_ULIMIT_H 1
| #define HAVE_SYS_RESOURCE_H 1
| #define HAVE_SHADOW_H 1
| #define HAVE_LASTLOG_H 1
| #define HAVE_LOCALE_H 1
| #define HAVE_RPC_KEY_PROT_H 1
| #define HAVE_A64L 1
| #define HAVE_FCHMOD 1
| #define HAVE_FCHOWN 1
| #define HAVE_FSYNC 1
| #define HAVE_GETGROUPS 1
| #define HAVE_GETHOSTNAME 1
| #define HAVE_GETSPNAM 1
| #define HAVE_GETTIMEOFDAY 1
| #define HAVE_GETUSERSHELL 1
| #define HAVE_GETUTENT 1
| #define HAVE_INITGROUPS 1
| #define HAVE_LCHOWN 1
| #define HAVE_LCKPWDF 1
| #define HAVE_LSTAT 1
| #define HAVE_MEMCPY 1
| #define HAVE_MEMSET 1
| #define HAVE_SETGROUPS 1
| #define HAVE_SIGACTION 1
| #define HAVE_STRCHR 1
| #define HAVE_UPDWTMP 1
| #define HAVE_UPDWTMPX 1
| #define _FILE_OFFSET_BITS 64
| #define HAVE_STRUCT_STAT_ST_RDEV 1
| #define TIME_WITH_SYS_TIME 1
| #define UT_HOST 1
| #define HAVE_LL_HOST 1
| #define GETGROUPS_T gid_t
| #define RETSIGTYPE void
| #define HAVE_UTIME_H 1
| #define HAVE_STRFTIME 1
| #define HAVE_MKDIR 1
| #define HAVE_PUTGRENT 1
| #define HAVE_PUTPWENT 1
| #define HAVE_PUTSPENT 1
| #define HAVE_RENAME 1
| #define HAVE_RMDIR 1
| #define HAVE_SGETSPENT 1
| #define HAVE_SNPRINTF 1
| #define HAVE_STRCASECMP 1
| #define HAVE_STRDUP 1
| #define HAVE_STRERROR 1
| #define HAVE_STRSTR 1
| #define SETPGRP_VOID 1
| #define MAIL_SPOOL_DIR "/var/mail"
| #define _UTMP_FILE "/var/run/utmp"
| #define _WTMP_FILE "/var/log/wtmp"
| #define LASTLOG_FILE "/var/log/lastlog"
| #define FAILLOG_FILE "/var/log/faillog"
| #define PASSWD_PROGRAM "/usr/bin/passwd"
| #define USE_SYSLOG 1
| #define RLOGIN 1
| #define RUSEROK 0
| #define SHADOWGRP 1
| /* end confdefs.h.  */
| #include <stdio.h>
| #ifdef HAVE_SYS_TYPES_H
| # include <sys/types.h>
| #endif
| #ifdef HAVE_SYS_STAT_H
| # include <sys/stat.h>
| #endif
| #ifdef STDC_HEADERS
| # include <stdlib.h>
| # include <stddef.h>
| #else
| # ifdef HAVE_STDLIB_H
| #  include <stdlib.h>
| # endif
| #endif
| #ifdef HAVE_STRING_H
| # if !defined STDC_HEADERS && defined HAVE_MEMORY_H
| #  include <memory.h>
| # endif
| # include <string.h>
| #endif
| #ifdef HAVE_STRINGS_H
| # include <strings.h>
| #endif
| #ifdef HAVE_INTTYPES_H
| # include <inttypes.h>
| #endif
| #ifdef HAVE_STDINT_H
| # include <stdint.h>
| #endif
| #ifdef HAVE_UNISTD_H
| # include <unistd.h>
| #endif
| #include <libaudit.h>
configure:23509: result: no
configure:23513: checking libaudit.h presence
configure:23528: arm-mv5sft-linux-gnueabi-gcc -E  conftest.c
conftest.c:101:22: error: libaudit.h: No such file or directory
configure:23534: $? = 1
configure: failed program was:
| /* confdefs.h.  */
| #define PACKAGE_NAME ""
| #define PACKAGE_TARNAME ""
| #define PACKAGE_VERSION ""
| #define PACKAGE_STRING ""
| #define PACKAGE_BUGREPORT ""
| #define PACKAGE "shadow"
| #define VERSION "4.0.18.2"
| #define _GNU_SOURCE 1
| #define PROTOTYPES 1
| #define __PROTOTYPES 1
| #define STDC_HEADERS 1
| #define HAVE_SYS_TYPES_H 1
| #define HAVE_SYS_STAT_H 1
| #define HAVE_STDLIB_H 1
| #define HAVE_STRING_H 1
| #define HAVE_MEMORY_H 1
| #define HAVE_STRINGS_H 1
| #define HAVE_INTTYPES_H 1
| #define HAVE_STDINT_H 1
| #define HAVE_UNISTD_H 1
| #define HAVE_STRING_H 1
| #define HAVE_DLFCN_H 1
| #define HAVE_DIRENT_H 1
| #define STDC_HEADERS 1
| #define HAVE_SYS_WAIT_H 1
| #define HAVE_ERRNO_H 1
| #define HAVE_FCNTL_H 1
| #define HAVE_LIMITS_H 1
| #define HAVE_UNISTD_H 1
| #define HAVE_SYS_TIME_H 1
| #define HAVE_UTMP_H 1
| #define HAVE_UTMPX_H 1
| #define HAVE_TERMIOS_H 1
| #define HAVE_TERMIO_H 1
| #define HAVE_SGTTY_H 1
| #define HAVE_SYS_IOCTL_H 1
| #define HAVE_SYSLOG_H 1
| #define HAVE_PATHS_H 1
| #define HAVE_UTIME_H 1
| #define HAVE_ULIMIT_H 1
| #define HAVE_SYS_RESOURCE_H 1
| #define HAVE_SHADOW_H 1
| #define HAVE_LASTLOG_H 1
| #define HAVE_LOCALE_H 1
| #define HAVE_RPC_KEY_PROT_H 1
| #define HAVE_A64L 1
| #define HAVE_FCHMOD 1
| #define HAVE_FCHOWN 1
| #define HAVE_FSYNC 1
| #define HAVE_GETGROUPS 1
| #define HAVE_GETHOSTNAME 1
| #define HAVE_GETSPNAM 1
| #define HAVE_GETTIMEOFDAY 1
| #define HAVE_GETUSERSHELL 1
| #define HAVE_GETUTENT 1
| #define HAVE_INITGROUPS 1
| #define HAVE_LCHOWN 1
| #define HAVE_LCKPWDF 1
| #define HAVE_LSTAT 1
| #define HAVE_MEMCPY 1
| #define HAVE_MEMSET 1
| #define HAVE_SETGROUPS 1
| #define HAVE_SIGACTION 1
| #define HAVE_STRCHR 1
| #define HAVE_UPDWTMP 1
| #define HAVE_UPDWTMPX 1
| #define _FILE_OFFSET_BITS 64
| #define HAVE_STRUCT_STAT_ST_RDEV 1
| #define TIME_WITH_SYS_TIME 1
| #define UT_HOST 1
| #define HAVE_LL_HOST 1
| #define GETGROUPS_T gid_t
| #define RETSIGTYPE void
| #define HAVE_UTIME_H 1
| #define HAVE_STRFTIME 1
| #define HAVE_MKDIR 1
| #define HAVE_PUTGRENT 1
| #define HAVE_PUTPWENT 1
| #define HAVE_PUTSPENT 1
| #define HAVE_RENAME 1
| #define HAVE_RMDIR 1
| #define HAVE_SGETSPENT 1
| #define HAVE_SNPRINTF 1
| #define HAVE_STRCASECMP 1
| #define HAVE_STRDUP 1
| #define HAVE_STRERROR 1
| #define HAVE_STRSTR 1
| #define SETPGRP_VOID 1
| #define MAIL_SPOOL_DIR "/var/mail"
| #define _UTMP_FILE "/var/run/utmp"
| #define _WTMP_FILE "/var/log/wtmp"
| #define LASTLOG_FILE "/var/log/lastlog"
| #define FAILLOG_FILE "/var/log/faillog"
| #define PASSWD_PROGRAM "/usr/bin/passwd"
| #define USE_SYSLOG 1
| #define RLOGIN 1
| #define RUSEROK 0
| #define SHADOWGRP 1
| /* end confdefs.h.  */
| #include <libaudit.h>
configure:23548: result: no
configure:23576: checking for libaudit.h
configure:23583: result: no
configure:24105: checking for pam_start in -lpam
configure:24140: arm-mv5sft-linux-gnueabi-gcc -o conftest -g -O2   conftest.c -lpam   >&5
configure:24146: $? = 0
configure:24164: result: yes
configure:24183: checking for main in -lpam_misc
configure:24212: arm-mv5sft-linux-gnueabi-gcc -o conftest -g -O2   conftest.c -lpam_misc   >&5
configure:24218: $? = 0
configure:24236: result: yes
configure:24265: checking use login and su access checking if PAM not used
configure:24267: result: no
configure:24487: checking whether NLS is requested
configure:24496: result: yes
configure:24534: checking for msgfmt
configure: trying /usr/bin/msgfmt...
0 translated messages.
configure:24566: result: /usr/bin/msgfmt
configure:24575: checking for gmsgfmt
configure:24606: result: /usr/bin/msgfmt
configure:24657: checking for xgettext
configure: trying /usr/bin/xgettext...
/usr/bin/xgettext: warning: file `/dev/null' extension `' is unknown; will try C
configure:24689: result: /usr/bin/xgettext
configure:24735: checking for msgmerge
configure: trying /usr/bin/msgmerge...
configure:24766: result: /usr/bin/msgmerge
configure:24820: checking for ld used by GCC
configure:24884: result: arm-mv5sft-linux-gnueabi-ld
configure:24893: checking if the linker (arm-mv5sft-linux-gnueabi-ld) is GNU ld
configure:24906: result: yes
configure:24913: checking for shared library run path origin
configure:24926: result: done
configure:25383: checking for CFPreferencesCopyAppValue
configure:25411: arm-mv5sft-linux-gnueabi-gcc -o conftest -g -O2   conftest.c  -Wl,-framework -Wl,CoreFoundation >&5
conftest.c:102:42: error: CoreFoundation/CFPreferences.h: No such file or directory
conftest.c: In function 'main':
conftest.c:106: error: 'NULL' undeclared (first use in this function)
conftest.c:106: error: (Each undeclared identifier is reported only once
conftest.c:106: error: for each function it appears in.)
configure:25417: $? = 1
configure: failed program was:
| /* confdefs.h.  */
| #define PACKAGE_NAME ""
| #define PACKAGE_TARNAME ""
| #define PACKAGE_VERSION ""
| #define PACKAGE_STRING ""
| #define PACKAGE_BUGREPORT ""
| #define PACKAGE "shadow"
| #define VERSION "4.0.18.2"
| #define _GNU_SOURCE 1
| #define PROTOTYPES 1
| #define __PROTOTYPES 1
| #define STDC_HEADERS 1
| #define HAVE_SYS_TYPES_H 1
| #define HAVE_SYS_STAT_H 1
| #define HAVE_STDLIB_H 1
| #define HAVE_STRING_H 1
| #define HAVE_MEMORY_H 1
| #define HAVE_STRINGS_H 1
| #define HAVE_INTTYPES_H 1
| #define HAVE_STDINT_H 1
| #define HAVE_UNISTD_H 1
| #define HAVE_STRING_H 1
| #define HAVE_DLFCN_H 1
| #define HAVE_DIRENT_H 1
| #define STDC_HEADERS 1
| #define HAVE_SYS_WAIT_H 1
| #define HAVE_ERRNO_H 1
| #define HAVE_FCNTL_H 1
| #define HAVE_LIMITS_H 1
| #define HAVE_UNISTD_H 1
| #define HAVE_SYS_TIME_H 1
| #define HAVE_UTMP_H 1
| #define HAVE_UTMPX_H 1
| #define HAVE_TERMIOS_H 1
| #define HAVE_TERMIO_H 1
| #define HAVE_SGTTY_H 1
| #define HAVE_SYS_IOCTL_H 1
| #define HAVE_SYSLOG_H 1
| #define HAVE_PATHS_H 1
| #define HAVE_UTIME_H 1
| #define HAVE_ULIMIT_H 1
| #define HAVE_SYS_RESOURCE_H 1
| #define HAVE_SHADOW_H 1
| #define HAVE_LASTLOG_H 1
| #define HAVE_LOCALE_H 1
| #define HAVE_RPC_KEY_PROT_H 1
| #define HAVE_A64L 1
| #define HAVE_FCHMOD 1
| #define HAVE_FCHOWN 1
| #define HAVE_FSYNC 1
| #define HAVE_GETGROUPS 1
| #define HAVE_GETHOSTNAME 1
| #define HAVE_GETSPNAM 1
| #define HAVE_GETTIMEOFDAY 1
| #define HAVE_GETUSERSHELL 1
| #define HAVE_GETUTENT 1
| #define HAVE_INITGROUPS 1
| #define HAVE_LCHOWN 1
| #define HAVE_LCKPWDF 1
| #define HAVE_LSTAT 1
| #define HAVE_MEMCPY 1
| #define HAVE_MEMSET 1
| #define HAVE_SETGROUPS 1
| #define HAVE_SIGACTION 1
| #define HAVE_STRCHR 1
| #define HAVE_UPDWTMP 1
| #define HAVE_UPDWTMPX 1
| #define _FILE_OFFSET_BITS 64
| #define HAVE_STRUCT_STAT_ST_RDEV 1
| #define TIME_WITH_SYS_TIME 1
| #define UT_HOST 1
| #define HAVE_LL_HOST 1
| #define GETGROUPS_T gid_t
| #define RETSIGTYPE void
| #define HAVE_UTIME_H 1
| #define HAVE_STRFTIME 1
| #define HAVE_MKDIR 1
| #define HAVE_PUTGRENT 1
| #define HAVE_PUTPWENT 1
| #define HAVE_PUTSPENT 1
| #define HAVE_RENAME 1
| #define HAVE_RMDIR 1
| #define HAVE_SGETSPENT 1
| #define HAVE_SNPRINTF 1
| #define HAVE_STRCASECMP 1
| #define HAVE_STRDUP 1
| #define HAVE_STRERROR 1
| #define HAVE_STRSTR 1
| #define SETPGRP_VOID 1
| #define MAIL_SPOOL_DIR "/var/mail"
| #define _UTMP_FILE "/var/run/utmp"
| #define _WTMP_FILE "/var/log/wtmp"
| #define LASTLOG_FILE "/var/log/lastlog"
| #define FAILLOG_FILE "/var/log/faillog"
| #define PASSWD_PROGRAM "/usr/bin/passwd"
| #define USE_SYSLOG 1
| #define RLOGIN 1
| #define RUSEROK 0
| #define SHADOWGRP 1
| #define USE_PAM 1
| /* end confdefs.h.  */
| #include <CoreFoundation/CFPreferences.h>
| int
| main ()
| {
| CFPreferencesCopyAppValue(NULL, NULL)
|   ;
|   return 0;
| }
configure:25435: result: no
configure:25444: checking for CFLocaleCopyCurrent
configure:25472: arm-mv5sft-linux-gnueabi-gcc -o conftest -g -O2   conftest.c  -Wl,-framework -Wl,CoreFoundation >&5
conftest.c:102:37: error: CoreFoundation/CFLocale.h: No such file or directory
configure:25478: $? = 1
configure: failed program was:
| /* confdefs.h.  */
| #define PACKAGE_NAME ""
| #define PACKAGE_TARNAME ""
| #define PACKAGE_VERSION ""
| #define PACKAGE_STRING ""
| #define PACKAGE_BUGREPORT ""
| #define PACKAGE "shadow"
| #define VERSION "4.0.18.2"
| #define _GNU_SOURCE 1
| #define PROTOTYPES 1
| #define __PROTOTYPES 1
| #define STDC_HEADERS 1
| #define HAVE_SYS_TYPES_H 1
| #define HAVE_SYS_STAT_H 1
| #define HAVE_STDLIB_H 1
| #define HAVE_STRING_H 1
| #define HAVE_MEMORY_H 1
| #define HAVE_STRINGS_H 1
| #define HAVE_INTTYPES_H 1
| #define HAVE_STDINT_H 1
| #define HAVE_UNISTD_H 1
| #define HAVE_STRING_H 1
| #define HAVE_DLFCN_H 1
| #define HAVE_DIRENT_H 1
| #define STDC_HEADERS 1
| #define HAVE_SYS_WAIT_H 1
| #define HAVE_ERRNO_H 1
| #define HAVE_FCNTL_H 1
| #define HAVE_LIMITS_H 1
| #define HAVE_UNISTD_H 1
| #define HAVE_SYS_TIME_H 1
| #define HAVE_UTMP_H 1
| #define HAVE_UTMPX_H 1
| #define HAVE_TERMIOS_H 1
| #define HAVE_TERMIO_H 1
| #define HAVE_SGTTY_H 1
| #define HAVE_SYS_IOCTL_H 1
| #define HAVE_SYSLOG_H 1
| #define HAVE_PATHS_H 1
| #define HAVE_UTIME_H 1
| #define HAVE_ULIMIT_H 1
| #define HAVE_SYS_RESOURCE_H 1
| #define HAVE_SHADOW_H 1
| #define HAVE_LASTLOG_H 1
| #define HAVE_LOCALE_H 1
| #define HAVE_RPC_KEY_PROT_H 1
| #define HAVE_A64L 1
| #define HAVE_FCHMOD 1
| #define HAVE_FCHOWN 1
| #define HAVE_FSYNC 1
| #define HAVE_GETGROUPS 1
| #define HAVE_GETHOSTNAME 1
| #define HAVE_GETSPNAM 1
| #define HAVE_GETTIMEOFDAY 1
| #define HAVE_GETUSERSHELL 1
| #define HAVE_GETUTENT 1
| #define HAVE_INITGROUPS 1
| #define HAVE_LCHOWN 1
| #define HAVE_LCKPWDF 1
| #define HAVE_LSTAT 1
| #define HAVE_MEMCPY 1
| #define HAVE_MEMSET 1
| #define HAVE_SETGROUPS 1
| #define HAVE_SIGACTION 1
| #define HAVE_STRCHR 1
| #define HAVE_UPDWTMP 1
| #define HAVE_UPDWTMPX 1
| #define _FILE_OFFSET_BITS 64
| #define HAVE_STRUCT_STAT_ST_RDEV 1
| #define TIME_WITH_SYS_TIME 1
| #define UT_HOST 1
| #define HAVE_LL_HOST 1
| #define GETGROUPS_T gid_t
| #define RETSIGTYPE void
| #define HAVE_UTIME_H 1
| #define HAVE_STRFTIME 1
| #define HAVE_MKDIR 1
| #define HAVE_PUTGRENT 1
| #define HAVE_PUTPWENT 1
| #define HAVE_PUTSPENT 1
| #define HAVE_RENAME 1
| #define HAVE_RMDIR 1
| #define HAVE_SGETSPENT 1
| #define HAVE_SNPRINTF 1
| #define HAVE_STRCASECMP 1
| #define HAVE_STRDUP 1
| #define HAVE_STRERROR 1
| #define HAVE_STRSTR 1
| #define SETPGRP_VOID 1
| #define MAIL_SPOOL_DIR "/var/mail"
| #define _UTMP_FILE "/var/run/utmp"
| #define _WTMP_FILE "/var/log/wtmp"
| #define LASTLOG_FILE "/var/log/lastlog"
| #define FAILLOG_FILE "/var/log/faillog"
| #define PASSWD_PROGRAM "/usr/bin/passwd"
| #define USE_SYSLOG 1
| #define RLOGIN 1
| #define RUSEROK 0
| #define SHADOWGRP 1
| #define USE_PAM 1
| /* end confdefs.h.  */
| #include <CoreFoundation/CFLocale.h>
| int
| main ()
| {
| CFLocaleCopyCurrent();
|   ;
|   return 0;
| }
configure:25496: result: no
configure:25547: checking for GNU gettext in libc
configure:25577: arm-mv5sft-linux-gnueabi-gcc -o conftest -g -O2   conftest.c  >&5
configure:25583: $? = 0
configure:25601: result: yes
configure:26317: checking whether to use NLS
configure:26319: result: yes
configure:26322: checking where the gettext function comes from
configure:26333: result: libc
configure:26570: creating ./config.status

## ---------------------- ##
## Running config.status. ##
## ---------------------- ##

This file was extended by config.status, which was
generated by GNU Autoconf 2.61.  Invocation command line was

  CONFIG_FILES    = 
  CONFIG_HEADERS  = 
  CONFIG_LINKS    = 
  CONFIG_COMMANDS = 
  $ ./config.status 

on fedora-14

config.status:733: creating Makefile
config.status:733: creating po/Makefile.in
config.status:733: creating doc/Makefile
config.status:733: creating man/Makefile
config.status:733: creating man/cs/Makefile
config.status:733: creating man/de/Makefile
config.status:733: creating man/es/Makefile
config.status:733: creating man/fi/Makefile
config.status:733: creating man/fr/Makefile
config.status:733: creating man/hu/Makefile
config.status:733: creating man/id/Makefile
config.status:733: creating man/it/Makefile
config.status:733: creating man/ja/Makefile
config.status:733: creating man/ko/Makefile
config.status:733: creating man/pl/Makefile
config.status:733: creating man/pt_BR/Makefile
config.status:733: creating man/ru/Makefile
config.status:733: creating man/sv/Makefile
config.status:733: creating man/tr/Makefile
config.status:733: creating man/zh_CN/Makefile
config.status:733: creating man/zh_TW/Makefile
config.status:733: creating libmisc/Makefile
config.status:733: creating lib/Makefile
config.status:733: creating src/Makefile
config.status:733: creating contrib/Makefile
config.status:733: creating etc/Makefile
config.status:733: creating etc/pam.d/Makefile
config.status:733: creating shadow.spec
config.status:733: creating config.h
config.status:1100: executing depfiles commands
config.status:1100: executing po-directories commands

## ---------------- ##
## Cache variables. ##
## ---------------- ##

ac_cv_build=i686-pc-linux-gnu
ac_cv_c_compiler_gnu=yes
ac_cv_c_const=yes
ac_cv_cxx_compiler_gnu=yes
ac_cv_env_CCC_set=
ac_cv_env_CCC_value=
ac_cv_env_CC_set=set
ac_cv_env_CC_value=arm-mv5sft-linux-gnueabi-gcc
ac_cv_env_CFLAGS_set=
ac_cv_env_CFLAGS_value=
ac_cv_env_CPPFLAGS_set=
ac_cv_env_CPPFLAGS_value=
ac_cv_env_CPP_set=
ac_cv_env_CPP_value=
ac_cv_env_CXXCPP_set=
ac_cv_env_CXXCPP_value=
ac_cv_env_CXXFLAGS_set=
ac_cv_env_CXXFLAGS_value=
ac_cv_env_CXX_set=set
ac_cv_env_CXX_value=arm-mv5sft-linux-gnueabi-g++
ac_cv_env_F77_set=
ac_cv_env_F77_value=
ac_cv_env_FFLAGS_set=
ac_cv_env_FFLAGS_value=
ac_cv_env_LDFLAGS_set=
ac_cv_env_LDFLAGS_value=
ac_cv_env_LIBS_set=
ac_cv_env_LIBS_value=
ac_cv_env_YACC_set=
ac_cv_env_YACC_value=
ac_cv_env_YFLAGS_set=
ac_cv_env_YFLAGS_value=
ac_cv_env_build_alias_set=
ac_cv_env_build_alias_value=
ac_cv_env_host_alias_set=set
ac_cv_env_host_alias_value=arm-linux
ac_cv_env_target_alias_set=
ac_cv_env_target_alias_value=
ac_cv_f77_compiler_gnu=yes
ac_cv_func_a64l=yes
ac_cv_func_fchmod=yes
ac_cv_func_fchown=yes
ac_cv_func_fsync=yes
ac_cv_func_getgroups=yes
ac_cv_func_gethostname=yes
ac_cv_func_getspnam=yes
ac_cv_func_gettimeofday=yes
ac_cv_func_getusershell=yes
ac_cv_func_getutent=yes
ac_cv_func_initgroups=yes
ac_cv_func_lchown=yes
ac_cv_func_lckpwdf=yes
ac_cv_func_lstat=yes
ac_cv_func_memcpy=yes
ac_cv_func_memset=yes
ac_cv_func_mkdir=yes
ac_cv_func_putgrent=yes
ac_cv_func_putpwent=yes
ac_cv_func_putspent=yes
ac_cv_func_rename=yes
ac_cv_func_rmdir=yes
ac_cv_func_setgroups=yes
ac_cv_func_setpgrp=yes
ac_cv_func_setpgrp_void=yes
ac_cv_func_sgetgrent=no
ac_cv_func_sgetpwent=no
ac_cv_func_sgetspent=yes
ac_cv_func_sigaction=yes
ac_cv_func_snprintf=yes
ac_cv_func_strcasecmp=yes
ac_cv_func_strchr=yes
ac_cv_func_strdup=yes
ac_cv_func_strerror=yes
ac_cv_func_strftime=yes
ac_cv_func_strstr=yes
ac_cv_func_updwtmp=yes
ac_cv_func_updwtmpx=yes
ac_cv_func_utime_null=no
ac_cv_header_dirent_dirent_h=yes
ac_cv_header_dlfcn_h=yes
ac_cv_header_errno_h=yes
ac_cv_header_fcntl_h=yes
ac_cv_header_gshadow_h=no
ac_cv_header_inttypes_h=yes
ac_cv_header_lastlog_h=yes
ac_cv_header_libaudit_h=no
ac_cv_header_limits_h=yes
ac_cv_header_locale_h=yes
ac_cv_header_memory_h=yes
ac_cv_header_paths_h=yes
ac_cv_header_rpc_key_prot_h=yes
ac_cv_header_sgtty_h=yes
ac_cv_header_shadow_h=yes
ac_cv_header_stat_broken=no
ac_cv_header_stdc=yes
ac_cv_header_stdint_h=yes
ac_cv_header_stdlib_h=yes
ac_cv_header_string_h=yes
ac_cv_header_strings_h=yes
ac_cv_header_sys_ioctl_h=yes
ac_cv_header_sys_resource_h=yes
ac_cv_header_sys_stat_h=yes
ac_cv_header_sys_time_h=yes
ac_cv_header_sys_types_h=yes
ac_cv_header_sys_wait_h=yes
ac_cv_header_syslog_h=yes
ac_cv_header_termio_h=yes
ac_cv_header_termios_h=yes
ac_cv_header_time=yes
ac_cv_header_ulimit_h=yes
ac_cv_header_unistd_h=yes
ac_cv_header_utime_h=yes
ac_cv_header_utmp_h=yes
ac_cv_header_utmpx_h=yes
ac_cv_host=arm-unknown-linux-gnu
ac_cv_lib_crypt_crypt=yes
ac_cv_lib_pam_misc_main=yes
ac_cv_lib_pam_pam_start=yes
ac_cv_libc_shadowgrp=no
ac_cv_member_struct_stat_st_rdev=yes
ac_cv_objext=o
ac_cv_path_EGREP='/bin/grep -E'
ac_cv_path_GMSGFMT=/usr/bin/msgfmt
ac_cv_path_GREP=/bin/grep
ac_cv_path_MSGFMT=/usr/bin/msgfmt
ac_cv_path_MSGMERGE=/usr/bin/msgmerge
ac_cv_path_XGETTEXT=/usr/bin/xgettext
ac_cv_path_install='/usr/bin/install -c'
ac_cv_prog_AWK=gawk
ac_cv_prog_CC=arm-mv5sft-linux-gnueabi-gcc
ac_cv_prog_CPP='arm-mv5sft-linux-gnueabi-gcc -E'
ac_cv_prog_CXXCPP='arm-mv5sft-linux-gnueabi-g++ -E'
ac_cv_prog_RANLIB=arm-mv5sft-linux-gnueabi-ranlib
ac_cv_prog_STRIP=arm-mv5sft-linux-gnueabi-strip
ac_cv_prog_YACC='bison -y'
ac_cv_prog_ac_ct_AR=ar
ac_cv_prog_ac_ct_F77=gfortran
ac_cv_prog_cc_c89=
ac_cv_prog_cc_g=yes
ac_cv_prog_cxx_g=yes
ac_cv_prog_f77_g=yes
ac_cv_prog_make_make_set=yes
ac_cv_search_gethostbyname='none required'
ac_cv_search_inet_ntoa='none required'
ac_cv_search_opendir='none required'
ac_cv_search_socket='none required'
ac_cv_search_strerror='none required'
ac_cv_struct_lastlog_ll_host=yes
ac_cv_struct_tm=time.h
ac_cv_struct_utmp_ut_host=yes
ac_cv_struct_utmp_ut_user=yes
ac_cv_sys_file_offset_bits=64
ac_cv_sys_largefile_CC=no
ac_cv_type_getgroups=gid_t
ac_cv_type_mode_t=yes
ac_cv_type_off_t=yes
ac_cv_type_pid_t=yes
ac_cv_type_signal=void
ac_cv_type_uid_t=yes
acl_cv_hardcode_direct=no
acl_cv_hardcode_libdir_flag_spec='${wl}-rpath ${wl}$libdir'
acl_cv_hardcode_libdir_separator=
acl_cv_hardcode_minus_L=no
acl_cv_libext=a
acl_cv_path_LD=arm-mv5sft-linux-gnueabi-ld
acl_cv_prog_gnu_ld=yes
acl_cv_rpath=done
acl_cv_shlibext=so
acl_cv_wl=-Wl,
am_cv_CC_dependencies_compiler_type=gcc3
am_cv_CXX_dependencies_compiler_type=gcc3
gt_cv_func_CFLocaleCopyCurrent=no
gt_cv_func_CFPreferencesCopyAppValue=no
gt_cv_func_gnugettext2_libc=yes
lt_cv_deplibs_check_method=pass_all
lt_cv_file_magic_cmd='$MAGIC_CMD'
lt_cv_file_magic_test_file=
lt_cv_ld_reload_flag=-r
lt_cv_objdir=.libs
lt_cv_path_LD=arm-mv5sft-linux-gnueabi-ld
lt_cv_path_LDCXX=arm-mv5sft-linux-gnueabi-ld
lt_cv_path_NM=nm
lt_cv_path_SED=/bin/sed
lt_cv_prog_compiler_c_o=yes
lt_cv_prog_compiler_c_o_CXX=yes
lt_cv_prog_compiler_c_o_F77=yes
lt_cv_prog_compiler_rtti_exceptions=no
lt_cv_prog_gnu_ld=yes
lt_cv_prog_gnu_ldcxx=yes
lt_cv_sys_global_symbol_pipe='sed -n -e '\''s/^.*[ 	]\([ABCDGIRSTW][ABCDGIRSTW]*\)[ 	][ 	]*\([_A-Za-z][_A-Za-z0-9]*\)$/\1 \2 \2/p'\'''
lt_cv_sys_global_symbol_to_c_name_address='sed -n -e '\''s/^: \([^ ]*\) $/  {\"\1\", (lt_ptr) 0},/p'\'' -e '\''s/^[BCDEGRST] \([^ ]*\) \([^ ]*\)$/  {"\2", (lt_ptr) \&\2},/p'\'''
lt_cv_sys_global_symbol_to_cdecl='sed -n -e '\''s/^. .* \(.*\)$/extern int \1;/p'\'''
lt_cv_sys_max_cmd_len=1572864
lt_lt_cv_prog_compiler_c_o='"yes"'
lt_lt_cv_prog_compiler_c_o_CXX='"yes"'
lt_lt_cv_prog_compiler_c_o_F77='"yes"'
lt_lt_cv_sys_global_symbol_pipe='"sed -n -e '\''s/^.*[ 	]\\([ABCDGIRSTW][ABCDGIRSTW]*\\)[ 	][ 	]*\\([_A-Za-z][_A-Za-z0-9]*\\)\$/\\1 \\2 \\2/p'\''"'
lt_lt_cv_sys_global_symbol_to_c_name_address='"sed -n -e '\''s/^: \\([^ ]*\\) \$/  {\\\"\\1\\\", (lt_ptr) 0},/p'\'' -e '\''s/^[BCDEGRST] \\([^ ]*\\) \\([^ ]*\\)\$/  {\"\\2\", (lt_ptr) \\&\\2},/p'\''"'
lt_lt_cv_sys_global_symbol_to_cdecl='"sed -n -e '\''s/^. .* \\(.*\\)\$/extern int \\1;/p'\''"'
shadow_cv_logdir=/var/log
shadow_cv_maildir=/var/mail
shadow_cv_mailfile=none
shadow_cv_passwd_dir=/usr/bin
shadow_cv_utmpdir=/var/run

## ----------------- ##
## Output variables. ##
## ----------------- ##

ACLOCAL='${SHELL} /home/tmp/DNS-345_GPL/shadow-4.0.18.2/missing --run aclocal-1.9'
AMDEPBACKSLASH='\'
AMDEP_FALSE='#'
AMDEP_TRUE=''
AMTAR='${SHELL} /home/tmp/DNS-345_GPL/shadow-4.0.18.2/missing --run tar'
ANSI2KNR=''
AR='ar'
AUTOCONF='${SHELL} /home/tmp/DNS-345_GPL/shadow-4.0.18.2/missing --run autoconf'
AUTOHEADER='${SHELL} /home/tmp/DNS-345_GPL/shadow-4.0.18.2/missing --run autoheader'
AUTOMAKE='${SHELL} /home/tmp/DNS-345_GPL/shadow-4.0.18.2/missing --run automake-1.9'
AWK='gawk'
CC='arm-mv5sft-linux-gnueabi-gcc'
CCDEPMODE='depmode=gcc3'
CFLAGS='-g -O2'
CPP='arm-mv5sft-linux-gnueabi-gcc -E'
CPPFLAGS=''
CXX='arm-mv5sft-linux-gnueabi-g++'
CXXCPP='arm-mv5sft-linux-gnueabi-g++ -E'
CXXDEPMODE='depmode=gcc3'
CXXFLAGS='-g -O2'
CYGPATH_W='echo'
DEFS='-DHAVE_CONFIG_H'
DEPDIR='.deps'
ECHO='echo'
ECHO_C=''
ECHO_N='-n'
ECHO_T=''
EGREP='/bin/grep -E'
ENABLE_REGENERATE_MAN_FALSE=''
ENABLE_REGENERATE_MAN_TRUE='#'
EXEEXT=''
F77='gfortran'
FFLAGS='-g -O2'
GMSGFMT='/usr/bin/msgfmt'
GMSGFMT_015='/usr/bin/msgfmt'
GREP='/bin/grep'
INSTALL_DATA='${INSTALL} -m 644'
INSTALL_PROGRAM='${INSTALL}'
INSTALL_SCRIPT='${INSTALL}'
INSTALL_STRIP_PROGRAM='${SHELL} $(install_sh) -c -s'
INTLLIBS=''
INTL_MACOSX_LIBS=''
LDFLAGS=''
LIBAUDIT=''
LIBCRACK=''
LIBCRYPT='-lcrypt'
LIBICONV='-liconv'
LIBINTL=''
LIBMD=''
LIBOBJS=' ${LIBOBJDIR}sgetgrent$U.o ${LIBOBJDIR}sgetpwent$U.o'
LIBPAM='-lpam -lpam_misc'
LIBS=''
LIBSELINUX=''
LIBSKEY=''
LIBTOOL='$(SHELL) $(top_builddir)/libtool'
LN_S='ln -s'
LTLIBICONV='-liconv'
LTLIBINTL=''
LTLIBOBJS=' ${LIBOBJDIR}sgetgrent$U.lo ${LIBOBJDIR}sgetpwent$U.lo'
MAINT='#'
MAINTAINER_MODE_FALSE=''
MAINTAINER_MODE_TRUE='#'
MAKEINFO='${SHELL} /home/tmp/DNS-345_GPL/shadow-4.0.18.2/missing --run makeinfo'
MSGFMT='/usr/bin/msgfmt'
MSGFMT_015='/usr/bin/msgfmt'
MSGMERGE='/usr/bin/msgmerge'
OBJEXT='o'
PACKAGE='shadow'
PACKAGE_BUGREPORT=''
PACKAGE_NAME=''
PACKAGE_STRING=''
PACKAGE_TARNAME=''
PACKAGE_VERSION=''
PATH_SEPARATOR=':'
POSUB='po'
RANLIB='arm-mv5sft-linux-gnueabi-ranlib'
SED='/bin/sed'
SET_MAKE=''
SHELL='/bin/sh'
STRIP='arm-mv5sft-linux-gnueabi-strip'
U=''
USE_NLS='yes'
USE_NLS_FALSE='#'
USE_NLS_TRUE=''
USE_PAM_FALSE='#'
USE_PAM_TRUE=''
VERSION='4.0.18.2'
XGETTEXT='/usr/bin/xgettext'
XGETTEXT_015='/usr/bin/xgettext'
XMLCATALOG=''
XML_CATALOG_FILE=''
XSLTPROC=''
YACC='bison -y'
YFLAGS=''
ac_ct_CC=''
ac_ct_CXX=''
ac_ct_F77='gfortran'
am__fastdepCC_FALSE='#'
am__fastdepCC_TRUE=''
am__fastdepCXX_FALSE='#'
am__fastdepCXX_TRUE=''
am__include='include'
am__leading_dot='.'
am__quote=''
am__tar='${AMTAR} chof - "$$tardir"'
am__untar='${AMTAR} xf -'
bindir='${exec_prefix}/bin'
build='i686-pc-linux-gnu'
build_alias=''
build_cpu='i686'
build_os='linux-gnu'
build_vendor='pc'
datadir='${datarootdir}'
datarootdir='${prefix}/share'
docdir='${datarootdir}/doc/${PACKAGE}'
dvidir='${docdir}'
exec_prefix=''
host='arm-unknown-linux-gnu'
host_alias='arm-linux'
host_cpu='arm'
host_os='linux-gnu'
host_vendor='unknown'
htmldir='${docdir}'
includedir='${prefix}/include'
infodir='${datarootdir}/info'
install_sh='/home/tmp/DNS-345_GPL/shadow-4.0.18.2/install-sh'
libdir='${exec_prefix}/lib'
libexecdir='${exec_prefix}/libexec'
localedir='${datarootdir}/locale'
localstatedir='${prefix}/var'
mandir='${datarootdir}/man'
mkdir_p='mkdir -p --'
oldincludedir='/usr/include'
pdfdir='${docdir}'
prefix='/usr'
program_transform_name='s,x,x,'
psdir='${docdir}'
sbindir='${exec_prefix}/sbin'
sharedstatedir='${prefix}/com'
sysconfdir='${prefix}/etc'
target_alias=''

## ----------- ##
## confdefs.h. ##
## ----------- ##

#define PACKAGE_NAME ""
#define PACKAGE_TARNAME ""
#define PACKAGE_VERSION ""
#define PACKAGE_STRING ""
#define PACKAGE_BUGREPORT ""
#define PACKAGE "shadow"
#define VERSION "4.0.18.2"
#define _GNU_SOURCE 1
#define PROTOTYPES 1
#define __PROTOTYPES 1
#define STDC_HEADERS 1
#define HAVE_SYS_TYPES_H 1
#define HAVE_SYS_STAT_H 1
#define HAVE_STDLIB_H 1
#define HAVE_STRING_H 1
#define HAVE_MEMORY_H 1
#define HAVE_STRINGS_H 1
#define HAVE_INTTYPES_H 1
#define HAVE_STDINT_H 1
#define HAVE_UNISTD_H 1
#define HAVE_STRING_H 1
#define HAVE_DLFCN_H 1
#define HAVE_DIRENT_H 1
#define STDC_HEADERS 1
#define HAVE_SYS_WAIT_H 1
#define HAVE_ERRNO_H 1
#define HAVE_FCNTL_H 1
#define HAVE_LIMITS_H 1
#define HAVE_UNISTD_H 1
#define HAVE_SYS_TIME_H 1
#define HAVE_UTMP_H 1
#define HAVE_UTMPX_H 1
#define HAVE_TERMIOS_H 1
#define HAVE_TERMIO_H 1
#define HAVE_SGTTY_H 1
#define HAVE_SYS_IOCTL_H 1
#define HAVE_SYSLOG_H 1
#define HAVE_PATHS_H 1
#define HAVE_UTIME_H 1
#define HAVE_ULIMIT_H 1
#define HAVE_SYS_RESOURCE_H 1
#define HAVE_SHADOW_H 1
#define HAVE_LASTLOG_H 1
#define HAVE_LOCALE_H 1
#define HAVE_RPC_KEY_PROT_H 1
#define HAVE_A64L 1
#define HAVE_FCHMOD 1
#define HAVE_FCHOWN 1
#define HAVE_FSYNC 1
#define HAVE_GETGROUPS 1
#define HAVE_GETHOSTNAME 1
#define HAVE_GETSPNAM 1
#define HAVE_GETTIMEOFDAY 1
#define HAVE_GETUSERSHELL 1
#define HAVE_GETUTENT 1
#define HAVE_INITGROUPS 1
#define HAVE_LCHOWN 1
#define HAVE_LCKPWDF 1
#define HAVE_LSTAT 1
#define HAVE_MEMCPY 1
#define HAVE_MEMSET 1
#define HAVE_SETGROUPS 1
#define HAVE_SIGACTION 1
#define HAVE_STRCHR 1
#define HAVE_UPDWTMP 1
#define HAVE_UPDWTMPX 1
#define _FILE_OFFSET_BITS 64
#define HAVE_STRUCT_STAT_ST_RDEV 1
#define TIME_WITH_SYS_TIME 1
#define UT_HOST 1
#define HAVE_LL_HOST 1
#define GETGROUPS_T gid_t
#define RETSIGTYPE void
#define HAVE_UTIME_H 1
#define HAVE_STRFTIME 1
#define HAVE_MKDIR 1
#define HAVE_PUTGRENT 1
#define HAVE_PUTPWENT 1
#define HAVE_PUTSPENT 1
#define HAVE_RENAME 1
#define HAVE_RMDIR 1
#define HAVE_SGETSPENT 1
#define HAVE_SNPRINTF 1
#define HAVE_STRCASECMP 1
#define HAVE_STRDUP 1
#define HAVE_STRERROR 1
#define HAVE_STRSTR 1
#define SETPGRP_VOID 1
#define MAIL_SPOOL_DIR "/var/mail"
#define _UTMP_FILE "/var/run/utmp"
#define _WTMP_FILE "/var/log/wtmp"
#define LASTLOG_FILE "/var/log/lastlog"
#define FAILLOG_FILE "/var/log/faillog"
#define PASSWD_PROGRAM "/usr/bin/passwd"
#define USE_SYSLOG 1
#define RLOGIN 1
#define RUSEROK 0
#define SHADOWGRP 1
#define USE_PAM 1
#define ENABLE_NLS 1
#define HAVE_GETTEXT 1
#define HAVE_DCGETTEXT 1

configure: exit 0
